[Setup] Input  data_fixed  size=150528 h=224 w=224
[Setup] Output fc1000_fixed  size=1000
[DDR4] Instructions: reg_val=0x1BD00  phys=0x000000001BD00000  size=742492 B
[DDR4] Weights:      phys=0x000000001BE00000  size=25726976 B
[DDR4] Input tensor: phys=0x000000001BA80000  total=152608 B  pixel_start=+2080 B
[Baseline] Accuracy: 75/100 = 75.00%

──── target=weights ────
  [MSEFI-ctrl-reset] SEFI-block  phys=0x000000001CC801DC  start=15204828  size=2572697 B  bits~10332312
[Reset][SW] Recreating runner...
[Reset][SW] OK
  [MSEFI-ctrl-reset] SEFI-block  phys=0x000000001C9E9B70  start=12491632  size=2572697 B  bits~10331601
[Reset][SW] Recreating runner...
[Reset][SW] OK
  [MSEFI-ctrl-reset] SEFI-block  phys=0x000000001C3684ED  start=5670125  size=2572697 B  bits~10327520
[Reset][SW] Recreating runner...
[Reset][SW] OK
  [MSEFI-ctrl-reset] SEFI-block  phys=0x000000001D258E36  start=21335606  size=2572697 B  bits~10334423
[Reset][SW] Recreating runner...
[Reset][SW] OK
  [MSEFI-ctrl-reset] SEFI-block  phys=0x000000001BE20408  start=132104  size=2572697 B  bits~10334740
[Reset][SW] Recreating runner...
[Reset][SW] OK
  [MSEFI-ctrl-reset] SEFI-block  phys=0x000000001C9178B8  start=11630776  size=2572697 B  bits~10335003
[Reset][SW] Recreating runner...
[Reset][SW] OK
  [MSEFI-ctrl-reset] SEFI-block  phys=0x000000001C07C7E0  start=2607072  size=2572697 B  bits~10330157
[Reset][SW] Recreating runner...
[Reset][SW] OK
  [MSEFI-ctrl-reset] SEFI-block  phys=0x000000001C535353  start=7557971  size=2572697 B  bits~10329204
[Reset][SW] Recreating runner...
[Reset][SW] OK
  [MSEFI-ctrl-reset] SEFI-block  phys=0x000000001C1B6E41  start=3894849  size=2572697 B  bits~10334197
[Reset][SW] Recreating runner...
[Reset][SW] OK
  [MSEFI-ctrl-reset] SEFI-block  phys=0x000000001BE8492D  start=543021  size=2572697 B  bits~10334166
[Reset][SW] Recreating runner...
[Reset][SW] OK
  [MSEFI-ctrl-reset] SEFI-block  phys=0x000000001D127A90  start=20085392  size=2572697 B  bits~10331985
[Reset][SW] Recreating runner...
[Reset][SW] OK
  [MSEFI-ctrl-reset] SEFI-block  phys=0x000000001D2F2B59  start=21965657  size=2572697 B  bits~10327661
[Reset][SW] Recreating runner...
[Reset][SW] OK
  [MSEFI-ctrl-reset] SEFI-block  phys=0x000000001CDB91DB  start=16486875  size=2572697 B  bits~10333859
[Reset][SW] Recreating runner...
[Reset][SW] OK
  [MSEFI-ctrl-reset] SEFI-block  phys=0x000000001D098D1E  start=19500318  size=2572697 B  bits~10330643
[Reset][SW] Recreating runner...
[Reset][SW] OK
  [MSEFI-ctrl-reset] SEFI-block  phys=0x000000001D074868  start=19351656  size=2572697 B  bits~10333962
[Reset][SW] Recreating runner...
[Reset][SW] OK
  [MSEFI-ctrl-reset] SEFI-block  phys=0x000000001C41DB1C  start=6413084  size=2572697 B  bits~10333910
[Reset][SW] Recreating runner...
[Reset][SW] OK
  [MSEFI-ctrl-reset] SEFI-block  phys=0x000000001C05B690  start=2471568  size=2572697 B  bits~10332949
[Reset][SW] Recreating runner...
[Reset][SW] OK
  [MSEFI-ctrl-reset] SEFI-block  phys=0x000000001CF736A6  start=18298534  size=2572697 B  bits~10329256
[Reset][SW] Recreating runner...
[Reset][SW] OK
  [MSEFI-ctrl-reset] SEFI-block  phys=0x000000001CC58947  start=15042887  size=2572697 B  bits~10333262
[Reset][SW] Recreating runner...
[Reset][SW] OK
  [MSEFI-ctrl-reset] SEFI-block  phys=0x000000001BFEB053  start=2011219  size=2572697 B  bits~10328723
[Reset][SW] Recreating runner...
[Reset][SW] OK
  [MSEFI-ctrl-reset] SEFI-block  phys=0x000000001D23D6EE  start=21223150  size=2572697 B  bits~10332192
[Reset][SW] Recreating runner...
[Reset][SW] OK
  [MSEFI-ctrl-reset] SEFI-block  phys=0x000000001C8E99FF  start=11442687  size=2572697 B  bits~10331544
[Reset][SW] Recreating runner...
[Reset][SW] OK
  [MSEFI-ctrl-reset] SEFI-block  phys=0x000000001C529BAB  start=7510955  size=2572697 B  bits~10332532
[Reset][SW] Recreating runner...
[Reset][SW] OK
  [MSEFI-ctrl-reset] SEFI-block  phys=0x000000001BEC85C1  start=820673  size=2572697 B  bits~10330932
[Reset][SW] Recreating runner...
[Reset][SW] OK
  [MSEFI-ctrl-reset] SEFI-block  phys=0x000000001C9FD4EB  start=12571883  size=2572697 B  bits~10331049
[Reset][SW] Recreating runner...
[Reset][SW] OK
  [MSEFI-ctrl-reset] SEFI-block  phys=0x000000001CC835C1  start=15218113  size=2572697 B  bits~10330861
[Reset][SW] Recreating runner...
[Reset][SW] OK
  [MSEFI-ctrl-reset] SEFI-block  phys=0x000000001C966B1C  start=11954972  size=2572697 B  bits~10329098
[Reset][SW] Recreating runner...
[Reset][SW] OK
  [MSEFI-ctrl-reset] SEFI-block  phys=0x000000001C7624D3  start=9839827  size=2572697 B  bits~10332954
[Reset][SW] Recreating runner...
[Reset][SW] OK
  [MSEFI-ctrl-reset] SEFI-block  phys=0x000000001C7E5DCA  start=10378698  size=2572697 B  bits~10334813
[Reset][SW] Recreating runner...
[Reset][SW] OK
  [MSEFI-ctrl-reset] SEFI-block  phys=0x000000001D2568C8  start=21326024  size=2572697 B  bits~10330775
[Reset][SW] Recreating runner...
[Reset][SW] OK
  [MSEFI-ctrl-reset] SEFI-block  phys=0x000000001D078E31  start=19369521  size=2572697 B  bits~10336567
[Reset][SW] Recreating runner...
[Reset][SW] OK
  [MSEFI-ctrl-reset] SEFI-block  phys=0x000000001CF512C0  start=18158272  size=2572697 B  bits~10330137
[Reset][SW] Recreating runner...
[Reset][SW] OK
  [MSEFI-ctrl-reset] SEFI-block  phys=0x000000001C7093F1  start=9475057  size=2572697 B  bits~10328940
[Reset][SW] Recreating runner...
[Reset][SW] OK
  [MSEFI-ctrl-reset] SEFI-block  phys=0x000000001C70527E  start=9458302  size=2572697 B  bits~10326927
[Reset][SW] Recreating runner...
[Reset][SW] OK
  [MSEFI-ctrl-reset] SEFI-block  phys=0x000000001CEE3536  start=17708342  size=2572697 B  bits~10330945
[Reset][SW] Recreating runner...
[Reset][SW] OK
  [MSEFI-ctrl-reset] SEFI-block  phys=0x000000001CA0E91F  start=12642591  size=2572697 B  bits~10331760
[Reset][SW] Recreating runner...
[Reset][SW] OK
  [MSEFI-ctrl-reset] SEFI-block  phys=0x000000001C287746  start=4749126  size=2572697 B  bits~10330086
[Reset][SW] Recreating runner...
[Reset][SW] OK
  [MSEFI-ctrl-reset] SEFI-block  phys=0x000000001C66C879  start=8833145  size=2572697 B  bits~10325629
[Reset][SW] Recreating runner...
[Reset][SW] OK
  [MSEFI-ctrl-reset] SEFI-block  phys=0x000000001C7608DA  start=9832666  size=2572697 B  bits~10330157
[Reset][SW] Recreating runner...
[Reset][SW] OK
  [MSEFI-ctrl-reset] SEFI-block  phys=0x000000001D1436E5  start=20199141  size=2572697 B  bits~10326615
[Reset][SW] Recreating runner...
[Reset][SW] OK
  [MSEFI-ctrl-reset] SEFI-block  phys=0x000000001C768C93  start=9866387  size=2572697 B  bits~10333617
[Reset][SW] Recreating runner...
[Reset][SW] OK
  [MSEFI-ctrl-reset] SEFI-block  phys=0x000000001C5D153D  start=8197437  size=2572697 B  bits~10330894
[Reset][SW] Recreating runner...
[Reset][SW] OK
  [MSEFI-ctrl-reset] SEFI-block  phys=0x000000001C1486D1  start=3442385  size=2572697 B  bits~10333289
[Reset][SW] Recreating runner...
[Reset][SW] OK
  [MSEFI-ctrl-reset] SEFI-block  phys=0x000000001CA1A39A  start=12690330  size=2572697 B  bits~10330565
[Reset][SW] Recreating runner...
[Reset][SW] OK
  [MSEFI-ctrl-reset] SEFI-block  phys=0x000000001C746EEF  start=9727727  size=2572697 B  bits~10335585
[Reset][SW] Recreating runner...
[Reset][SW] OK
  [MSEFI-ctrl-reset] SEFI-block  phys=0x000000001C18EC78  start=3730552  size=2572697 B  bits~10326407
[Reset][SW] Recreating runner...
[Reset][SW] OK
  [MSEFI-ctrl-reset] SEFI-block  phys=0x000000001C7D46E4  start=10307300  size=2572697 B  bits~10330727
[Reset][SW] Recreating runner...
[Reset][SW] OK
  [MSEFI-ctrl-reset] SEFI-block  phys=0x000000001BF33224  start=1258020  size=2572697 B  bits~10333574
[Reset][SW] Recreating runner...
[Reset][SW] OK
  [MSEFI-ctrl-reset] SEFI-block  phys=0x000000001CA982DA  start=13206234  size=2572697 B  bits~10331395
[Reset][SW] Recreating runner...
[Reset][SW] OK
  [MSEFI-ctrl-reset] SEFI-block  phys=0x000000001CE52FBF  start=17117119  size=2572697 B  bits~10332418
[Reset][SW] Recreating runner...
[Reset][SW] OK
  [MSEFI-ctrl-reset] SEFI-block  phys=0x000000001D08CAC9  start=19450569  size=2572697 B  bits~10326234
[Reset][SW] Recreating runner...
[Reset][SW] OK
  [MSEFI-ctrl-reset] SEFI-block  phys=0x000000001D2DE161  start=21881185  size=2572697 B  bits~10332035
[Reset][SW] Recreating runner...
[Reset][SW] OK
  [MSEFI-ctrl-reset] SEFI-block  phys=0x000000001D0350CB  start=19091659  size=2572697 B  bits~10332233
[Reset][SW] Recreating runner...
[Reset][SW] OK
  [MSEFI-ctrl-reset] SEFI-block  phys=0x000000001BEFCEC6  start=1035974  size=2572697 B  bits~10329299
[Reset][SW] Recreating runner...
[Reset][SW] OK
  [MSEFI-ctrl-reset] SEFI-block  phys=0x000000001CE9704D  start=17395789  size=2572697 B  bits~10331996
[Reset][SW] Recreating runner...
[Reset][SW] OK
  [MSEFI-ctrl-reset] SEFI-block  phys=0x000000001C7BD186  start=10211718  size=2572697 B  bits~10336548
[Reset][SW] Recreating runner...
[Reset][SW] OK
  [MSEFI-ctrl-reset] SEFI-block  phys=0x000000001C9C4592  start=12338578  size=2572697 B  bits~10328508
[Reset][SW] Recreating runner...
[Reset][SW] OK
  [MSEFI-ctrl-reset] SEFI-block  phys=0x000000001C32E977  start=5433719  size=2572697 B  bits~10326252
[Reset][SW] Recreating runner...
[Reset][SW] OK
  [MSEFI-ctrl-reset] SEFI-block  phys=0x000000001C7D0AF9  start=10291961  size=2572697 B  bits~10329324
[Reset][SW] Recreating runner...
[Reset][SW] OK
  [MSEFI-ctrl-reset] SEFI-block  phys=0x000000001CFA25B4  start=18490804  size=2572697 B  bits~10335605
[Reset][SW] Recreating runner...
[Reset][SW] OK
  [MSEFI-ctrl-reset] SEFI-block  phys=0x000000001CC11C82  start=14752898  size=2572697 B  bits~10333616
[Reset][SW] Recreating runner...
[Reset][SW] OK
  [MSEFI-ctrl-reset] SEFI-block  phys=0x000000001CF4BEDF  start=18136799  size=2572697 B  bits~10331660
[Reset][SW] Recreating runner...
[Reset][SW] OK
  [MSEFI-ctrl-reset] SEFI-block  phys=0x000000001C3B485D  start=5982301  size=2572697 B  bits~10330494
[Reset][SW] Recreating runner...
[Reset][SW] OK
  [MSEFI-ctrl-reset] SEFI-block  phys=0x000000001CE49DC1  start=17079745  size=2572697 B  bits~10329784
[Reset][SW] Recreating runner...
[Reset][SW] OK
  [MSEFI-ctrl-reset] SEFI-block  phys=0x000000001CA6E1DE  start=13033950  size=2572697 B  bits~10333340
[Reset][SW] Recreating runner...
[Reset][SW] OK
  [MSEFI-ctrl-reset] SEFI-block  phys=0x000000001C6EC707  start=9357063  size=2572697 B  bits~10331333
[Reset][SW] Recreating runner...
[Reset][SW] OK
  [MSEFI-ctrl-reset] SEFI-block  phys=0x000000001CF99131  start=18452785  size=2572697 B  bits~10330099
[Reset][SW] Recreating runner...
[Reset][SW] OK
  [MSEFI-ctrl-reset] SEFI-block  phys=0x000000001CC7EDC7  start=15199687  size=2572697 B  bits~10327939
[Reset][SW] Recreating runner...
[Reset][SW] OK
  [MSEFI-ctrl-reset] SEFI-block  phys=0x000000001C9712CF  start=11997903  size=2572697 B  bits~10330425
[Reset][SW] Recreating runner...
[Reset][SW] OK
  [MSEFI-ctrl-reset] SEFI-block  phys=0x000000001CEA7A70  start=17463920  size=2572697 B  bits~10334502
[Reset][SW] Recreating runner...
[Reset][SW] OK
  [MSEFI-ctrl-reset] SEFI-block  phys=0x000000001CF065FF  start=17851903  size=2572697 B  bits~10328837
[Reset][SW] Recreating runner...
[Reset][SW] OK
  [MSEFI-ctrl-reset] SEFI-block  phys=0x000000001D284E32  start=21515826  size=2572697 B  bits~10331265
[Reset][SW] Recreating runner...
[Reset][SW] OK
  [MSEFI-ctrl-reset] SEFI-block  phys=0x000000001CBCF8BD  start=14481597  size=2572697 B  bits~10329149
[Reset][SW] Recreating runner...
[Reset][SW] OK
  [MSEFI-ctrl-reset] SEFI-block  phys=0x000000001C9D237A  start=12395386  size=2572697 B  bits~10329482
[Reset][SW] Recreating runner...
[Reset][SW] OK
  [MSEFI-ctrl-reset] SEFI-block  phys=0x000000001CC26D92  start=14839186  size=2572697 B  bits~10333620
[Reset][SW] Recreating runner...
[Reset][SW] OK
  [MSEFI-ctrl-reset] SEFI-block  phys=0x000000001C7C42CB  start=10240715  size=2572697 B  bits~10328190
[Reset][SW] Recreating runner...
[Reset][SW] OK
  [MSEFI-ctrl-reset] SEFI-block  phys=0x000000001CC5B0E7  start=15053031  size=2572697 B  bits~10327704
[Reset][SW] Recreating runner...
[Reset][SW] OK
  [MSEFI-ctrl-reset] SEFI-block  phys=0x000000001CC924FC  start=15279356  size=2572697 B  bits~10332223
[Reset][SW] Recreating runner...
[Reset][SW] OK
  [MSEFI-ctrl-reset] SEFI-block  phys=0x000000001CA01570  start=12588400  size=2572697 B  bits~10336860
[Reset][SW] Recreating runner...
[Reset][SW] OK
  [MSEFI-ctrl-reset] SEFI-block  phys=0x000000001CB06D2F  start=13659439  size=2572697 B  bits~10331946
[Reset][SW] Recreating runner...
[Reset][SW] OK
  [MSEFI-ctrl-reset] SEFI-block  phys=0x000000001C6DBF21  start=9289505  size=2572697 B  bits~10330916
[Reset][SW] Recreating runner...
[Reset][SW] OK
  [MSEFI-ctrl-reset] SEFI-block  phys=0x000000001CBC664B  start=14444107  size=2572697 B  bits~10329279
[Reset][SW] Recreating runner...
[Reset][SW] OK
  [MSEFI-ctrl-reset] SEFI-block  phys=0x000000001D2BA15C  start=21733724  size=2572697 B  bits~10331125
[Reset][SW] Recreating runner...
[Reset][SW] OK
  [MSEFI-ctrl-reset] SEFI-block  phys=0x000000001C933AB0  start=11745968  size=2572697 B  bits~10332952
[Reset][SW] Recreating runner...
[Reset][SW] OK
  [MSEFI-ctrl-reset] SEFI-block  phys=0x000000001C0D81DE  start=2982366  size=2572697 B  bits~10335253
[Reset][SW] Recreating runner...
[Reset][SW] OK
  [MSEFI-ctrl-reset] SEFI-block  phys=0x000000001CE3F0D3  start=17035475  size=2572697 B  bits~10331970
[Reset][SW] Recreating runner...
[Reset][SW] OK
  [MSEFI-ctrl-reset] SEFI-block  phys=0x000000001D3B2334  start=22750004  size=2572697 B  bits~10329190
[Reset][SW] Recreating runner...
[Reset][SW] OK
  [MSEFI-ctrl-reset] SEFI-block  phys=0x000000001CFD15E6  start=18683366  size=2572697 B  bits~10330011
[Reset][SW] Recreating runner...
[Reset][SW] OK
  [MSEFI-ctrl-reset] SEFI-block  phys=0x000000001C79A321  start=10068769  size=2572697 B  bits~10329050
[Reset][SW] Recreating runner...
[Reset][SW] OK
  [MSEFI-ctrl-reset] SEFI-block  phys=0x000000001C3EADF2  start=6204914  size=2572697 B  bits~10330929
[Reset][SW] Recreating runner...
[Reset][SW] OK
  [MSEFI-ctrl-reset] SEFI-block  phys=0x000000001D1D094D  start=20777293  size=2572697 B  bits~10330077
[Reset][SW] Recreating runner...
[Reset][SW] OK
  [MSEFI-ctrl-reset] SEFI-block  phys=0x000000001D143FCA  start=20201418  size=2572697 B  bits~10330565
[Reset][SW] Recreating runner...
[Reset][SW] OK
  [MSEFI-ctrl-reset] SEFI-block  phys=0x000000001D3FC15E  start=23052638  size=2572697 B  bits~10331813
[Reset][SW] Recreating runner...
[Reset][SW] OK
  [MSEFI-ctrl-reset] SEFI-block  phys=0x000000001CE037C8  start=16791496  size=2572697 B  bits~10330954
[Reset][SW] Recreating runner...
[Reset][SW] OK
  [MSEFI-ctrl-reset] SEFI-block  phys=0x000000001C83D01F  start=10735647  size=2572697 B  bits~10329601
[Reset][SW] Recreating runner...
[Reset][SW] OK
  [MSEFI-ctrl-reset] SEFI-block  phys=0x000000001C57031D  start=7799581  size=2572697 B  bits~10332424
[Reset][SW] Recreating runner...
[Reset][SW] OK
  [MSEFI-ctrl-reset] SEFI-block  phys=0x000000001CA4F8AE  start=12908718  size=2572697 B  bits~10333015
[Reset][SW] Recreating runner...
[Reset][SW] OK
  [MSEFI-ctrl-reset] SEFI-block  phys=0x000000001C76793B  start=9861435  size=2572697 B  bits~10327583
[Reset][SW] Recreating runner...
[Reset][SW] OK
  [MSEFI-ctrl-reset] SEFI-block  phys=0x000000001C120E79  start=3280505  size=2572697 B  bits~10331633
[Reset][SW] Recreating runner...
[Reset][SW] OK
  [MSEFI-ctrl-reset] SEFI-block  phys=0x000000001C0EE800  start=3074048  size=2572697 B  bits~10333039
[Reset][SW] Recreating runner...
[Reset][SW] OK
[Summary] target=weights  baseline=75.00%  faulty=0.00%  recovery=75.00%

──── target=input_tensor ────
  [MSEFI-ctrl-reset] SEFI-block  phys=0x000000001CDAD103  start=16437507  size=2572697 B  bits~10331086
[Reset][SW] Recreating runner...
[Reset][SW] OK
  [MSEFI-ctrl-reset] SEFI-block  phys=0x000000001C3C2490  start=6038672  size=2572697 B  bits~10336299
[Reset][SW] Recreating runner...
[Reset][SW] OK
  [MSEFI-ctrl-reset] SEFI-block  phys=0x000000001CCC4D8C  start=15486348  size=2572697 B  bits~10332313
[Reset][SW] Recreating runner...
[Reset][SW] OK
  [MSEFI-ctrl-reset] SEFI-block  phys=0x000000001C399221  start=5870113  size=2572697 B  bits~10331804
[Reset][SW] Recreating runner...
[Reset][SW] OK
  [MSEFI-ctrl-reset] SEFI-block  phys=0x000000001C05C727  start=2475815  size=2572697 B  bits~10332790
[Reset][SW] Recreating runner...
[Reset][SW] OK
  [MSEFI-ctrl-reset] SEFI-block  phys=0x000000001C800538  start=10487096  size=2572697 B  bits~10332516
[Reset][SW] Recreating runner...
[Reset][SW] OK
  [MSEFI-ctrl-reset] SEFI-block  phys=0x000000001D33F1DA  start=22278618  size=2572697 B  bits~10331557
[Reset][SW] Recreating runner...
[Reset][SW] OK
  [MSEFI-ctrl-reset] SEFI-block  phys=0x000000001C9A456F  start=12207471  size=2572697 B  bits~10333379
[Reset][SW] Recreating runner...
[Reset][SW] OK
  [MSEFI-ctrl-reset] SEFI-block  phys=0x000000001D2B3661  start=21706337  size=2572697 B  bits~10333396
[Reset][SW] Recreating runner...
[Reset][SW] OK
  [MSEFI-ctrl-reset] SEFI-block  phys=0x000000001CEBDC10  start=17554448  size=2572697 B  bits~10329345
[Reset][SW] Recreating runner...
[Reset][SW] OK
  [MSEFI-ctrl-reset] SEFI-block  phys=0x000000001CD39583  start=15963523  size=2572697 B  bits~10326403
[Reset][SW] Recreating runner...
[Reset][SW] OK
  [MSEFI-ctrl-reset] SEFI-block  phys=0x000000001CD9BF58  start=16367448  size=2572697 B  bits~10328457
[Reset][SW] Recreating runner...
[Reset][SW] OK
  [MSEFI-ctrl-reset] SEFI-block  phys=0x000000001D32BCE0  start=22199520  size=2572697 B  bits~10330853
[Reset][SW] Recreating runner...
[Reset][SW] OK
  [MSEFI-ctrl-reset] SEFI-block  phys=0x000000001C2B8231  start=4948529  size=2572697 B  bits~10331137
[Reset][SW] Recreating runner...
[Reset][SW] OK
  [MSEFI-ctrl-reset] SEFI-block  phys=0x000000001C04B523  start=2405667  size=2572697 B  bits~10332049
[Reset][SW] Recreating runner...
[Reset][SW] OK
  [MSEFI-ctrl-reset] SEFI-block  phys=0x000000001C413326  start=6370086  size=2572697 B  bits~10333830
[Reset][SW] Recreating runner...
[Reset][SW] OK
  [MSEFI-ctrl-reset] SEFI-block  phys=0x000000001BED508A  start=872586  size=2572697 B  bits~10333411
[Reset][SW] Recreating runner...
[Reset][SW] OK
  [MSEFI-ctrl-reset] SEFI-block  phys=0x000000001C0B0FCC  start=2822092  size=2572697 B  bits~10330231
[Reset][SW] Recreating runner...
[Reset][SW] OK
  [MSEFI-ctrl-reset] SEFI-block  phys=0x000000001D09D751  start=19519313  size=2572697 B  bits~10334803
[Reset][SW] Recreating runner...
[Reset][SW] OK
  [MSEFI-ctrl-reset] SEFI-block  phys=0x000000001CEE2E52  start=17706578  size=2572697 B  bits~10331460
[Reset][SW] Recreating runner...
[Reset][SW] OK
  [MSEFI-ctrl-reset] SEFI-block  phys=0x000000001CE150AE  start=16863406  size=2572697 B  bits~10332194
[Reset][SW] Recreating runner...
[Reset][SW] OK
  [MSEFI-ctrl-reset] SEFI-block  phys=0x000000001C62068B  start=8521355  size=2572697 B  bits~10329121
[Reset][SW] Recreating runner...
[Reset][SW] OK
  [MSEFI-ctrl-reset] SEFI-block  phys=0x000000001C810D09  start=10554633  size=2572697 B  bits~10335024
[Reset][SW] Recreating runner...
[Reset][SW] OK
  [MSEFI-ctrl-reset] SEFI-block  phys=0x000000001CC17BF4  start=14777332  size=2572697 B  bits~10327496
[Reset][SW] Recreating runner...
[Reset][SW] OK
  [MSEFI-ctrl-reset] SEFI-block  phys=0x000000001CF76595  start=18310549  size=2572697 B  bits~10329944
[Reset][SW] Recreating runner...
[Reset][SW] OK
  [MSEFI-ctrl-reset] SEFI-block  phys=0x000000001D20A6AB  start=21014187  size=2572697 B  bits~10328949
[Reset][SW] Recreating runner...
[Reset][SW] OK
  [MSEFI-ctrl-reset] SEFI-block  phys=0x000000001C8D343E  start=11351102  size=2572697 B  bits~10334173
[Reset][SW] Recreating runner...
[Reset][SW] OK
  [MSEFI-ctrl-reset] SEFI-block  phys=0x000000001CD1DD82  start=15850882  size=2572697 B  bits~10332843
[Reset][SW] Recreating runner...
[Reset][SW] OK
  [MSEFI-ctrl-reset] SEFI-block  phys=0x000000001C192625  start=3745317  size=2572697 B  bits~10331497
[Reset][SW] Recreating runner...
[Reset][SW] OK
  [MSEFI-ctrl-reset] SEFI-block  phys=0x000000001CE7D61D  start=17290781  size=2572697 B  bits~10331693
[Reset][SW] Recreating runner...
[Reset][SW] OK
  [MSEFI-ctrl-reset] SEFI-block  phys=0x000000001C6C569E  start=9197214  size=2572697 B  bits~10330664
[Reset][SW] Recreating runner...
[Reset][SW] OK
  [MSEFI-ctrl-reset] SEFI-block  phys=0x000000001C02DA21  start=2284065  size=2572697 B  bits~10333362
[Reset][SW] Recreating runner...
[Reset][SW] OK
  [MSEFI-ctrl-reset] SEFI-block  phys=0x000000001BFA13C5  start=1708997  size=2572697 B  bits~10330893
[Reset][SW] Recreating runner...
[Reset][SW] OK
  [MSEFI-ctrl-reset] SEFI-block  phys=0x000000001C2A64ED  start=4875501  size=2572697 B  bits~10332716
[Reset][SW] Recreating runner...
[Reset][SW] OK
  [MSEFI-ctrl-reset] SEFI-block  phys=0x000000001CC2C845  start=14862405  size=2572697 B  bits~10332616
[Reset][SW] Recreating runner...
[Reset][SW] OK
  [MSEFI-ctrl-reset] SEFI-block  phys=0x000000001C348D5B  start=5541211  size=2572697 B  bits~10331780
[Reset][SW] Recreating runner...
[Reset][SW] OK
  [MSEFI-ctrl-reset] SEFI-block  phys=0x000000001CBC181E  start=14424094  size=2572697 B  bits~10326550
[Reset][SW] Recreating runner...
[Reset][SW] OK
  [MSEFI-ctrl-reset] SEFI-block  phys=0x000000001C0DEFFB  start=3010555  size=2572697 B  bits~10327329
[Reset][SW] Recreating runner...
[Reset][SW] OK
  [MSEFI-ctrl-reset] SEFI-block  phys=0x000000001CD3E657  start=15984215  size=2572697 B  bits~10326797
[Reset][SW] Recreating runner...
[Reset][SW] OK
  [MSEFI-ctrl-reset] SEFI-block  phys=0x000000001CFDA0A1  start=18718881  size=2572697 B  bits~10329488
[Reset][SW] Recreating runner...
[Reset][SW] OK
  [MSEFI-ctrl-reset] SEFI-block  phys=0x000000001C8F57CC  start=11491276  size=2572697 B  bits~10329196
[Reset][SW] Recreating runner...
[Reset][SW] OK
  [MSEFI-ctrl-reset] SEFI-block  phys=0x000000001CE5A31E  start=17146654  size=2572697 B  bits~10328789
[Reset][SW] Recreating runner...
[Reset][SW] OK
  [MSEFI-ctrl-reset] SEFI-block  phys=0x000000001C3811FF  start=5771775  size=2572697 B  bits~10333578
[Reset][SW] Recreating runner...
[Reset][SW] OK
  [MSEFI-ctrl-reset] SEFI-block  phys=0x000000001CDE2C67  start=16657511  size=2572697 B  bits~10332841
[Reset][SW] Recreating runner...
[Reset][SW] OK
  [MSEFI-ctrl-reset] SEFI-block  phys=0x000000001D21C87C  start=21088380  size=2572697 B  bits~10331490
[Reset][SW] Recreating runner...
[Reset][SW] OK
  [MSEFI-ctrl-reset] SEFI-block  phys=0x000000001C2680A5  start=4620453  size=2572697 B  bits~10330342
[Reset][SW] Recreating runner...
[Reset][SW] OK
  [MSEFI-ctrl-reset] SEFI-block  phys=0x000000001BFE18D8  start=1972440  size=2572697 B  bits~10329456
[Reset][SW] Recreating runner...
[Reset][SW] OK
  [MSEFI-ctrl-reset] SEFI-block  phys=0x000000001C662BCB  start=8793035  size=2572697 B  bits~10331950
[Reset][SW] Recreating runner...
[Reset][SW] OK
  [MSEFI-ctrl-reset] SEFI-block  phys=0x000000001D2D62AC  start=21848748  size=2572697 B  bits~10329710
[Reset][SW] Recreating runner...
[Reset][SW] OK
  [MSEFI-ctrl-reset] SEFI-block  phys=0x000000001C4BAA99  start=7056025  size=2572697 B  bits~10331743
[Reset][SW] Recreating runner...
[Reset][SW] OK
  [MSEFI-ctrl-reset] SEFI-block  phys=0x000000001CCF5809  start=15685641  size=2572697 B  bits~10330984
[Reset][SW] Recreating runner...
[Reset][SW] OK
  [MSEFI-ctrl-reset] SEFI-block  phys=0x000000001C22E9B0  start=4385200  size=2572697 B  bits~10327677
[Reset][SW] Recreating runner...
[Reset][SW] OK
  [MSEFI-ctrl-reset] SEFI-block  phys=0x000000001CEF8F65  start=17796965  size=2572697 B  bits~10330572
[Reset][SW] Recreating runner...
[Reset][SW] OK
  [MSEFI-ctrl-reset] SEFI-block  phys=0x000000001C02CEF0  start=2281200  size=2572697 B  bits~10332520
[Reset][SW] Recreating runner...
[Reset][SW] OK
  [MSEFI-ctrl-reset] SEFI-block  phys=0x000000001C207AAB  start=4225707  size=2572697 B  bits~10330563
[Reset][SW] Recreating runner...
[Reset][SW] OK
  [MSEFI-ctrl-reset] SEFI-block  phys=0x000000001D23CE95  start=21221013  size=2572697 B  bits~10330554
[Reset][SW] Recreating runner...
[Reset][SW] OK
  [MSEFI-ctrl-reset] SEFI-block  phys=0x000000001BF1AF77  start=1159031  size=2572697 B  bits~10335298
[Reset][SW] Recreating runner...
[Reset][SW] OK
  [MSEFI-ctrl-reset] SEFI-block  phys=0x000000001CCC2FD7  start=15478743  size=2572697 B  bits~10327450
[Reset][SW] Recreating runner...
[Reset][SW] OK
  [MSEFI-ctrl-reset] SEFI-block  phys=0x000000001CD07614  start=15758868  size=2572697 B  bits~10331673
[Reset][SW] Recreating runner...
[Reset][SW] OK
  [MSEFI-ctrl-reset] SEFI-block  phys=0x000000001C79627D  start=10052221  size=2572697 B  bits~10331514
[Reset][SW] Recreating runner...
[Reset][SW] OK
  [MSEFI-ctrl-reset] SEFI-block  phys=0x000000001D07501A  start=19353626  size=2572697 B  bits~10332595
[Reset][SW] Recreating runner...
[Reset][SW] OK
  [MSEFI-ctrl-reset] SEFI-block  phys=0x000000001C95187D  start=11868285  size=2572697 B  bits~10330891
[Reset][SW] Recreating runner...
[Reset][SW] OK
  [MSEFI-ctrl-reset] SEFI-block  phys=0x000000001C8C7A2A  start=11303466  size=2572697 B  bits~10332511
[Reset][SW] Recreating runner...
[Reset][SW] OK
  [MSEFI-ctrl-reset] SEFI-block  phys=0x000000001C6B8FD4  start=9146324  size=2572697 B  bits~10328463
[Reset][SW] Recreating runner...
[Reset][SW] OK
  [MSEFI-ctrl-reset] SEFI-block  phys=0x000000001BFCDC16  start=1891350  size=2572697 B  bits~10328589
[Reset][SW] Recreating runner...
[Reset][SW] OK
  [MSEFI-ctrl-reset] SEFI-block  phys=0x000000001C0D3657  start=2963031  size=2572697 B  bits~10328032
[Reset][SW] Recreating runner...
[Reset][SW] OK
  [MSEFI-ctrl-reset] SEFI-block  phys=0x000000001C779656  start=9934422  size=2572697 B  bits~10331929
[Reset][SW] Recreating runner...
[Reset][SW] OK
  [MSEFI-ctrl-reset] SEFI-block  phys=0x000000001CE9F22D  start=17429037  size=2572697 B  bits~10333735
[Reset][SW] Recreating runner...
[Reset][SW] OK
  [MSEFI-ctrl-reset] SEFI-block  phys=0x000000001CDF180B  start=16717835  size=2572697 B  bits~10329153
[Reset][SW] Recreating runner...
[Reset][SW] OK
  [MSEFI-ctrl-reset] SEFI-block  phys=0x000000001D085961  start=19421537  size=2572697 B  bits~10332041
[Reset][SW] Recreating runner...
[Reset][SW] OK
  [MSEFI-ctrl-reset] SEFI-block  phys=0x000000001CB03604  start=13645316  size=2572697 B  bits~10329579
[Reset][SW] Recreating runner...
[Reset][SW] OK
  [MSEFI-ctrl-reset] SEFI-block  phys=0x000000001D2EB110  start=21934352  size=2572697 B  bits~10333225
[Reset][SW] Recreating runner...
[Reset][SW] OK
  [MSEFI-ctrl-reset] SEFI-block  phys=0x000000001CECE895  start=17623189  size=2572697 B  bits~10330214
[Reset][SW] Recreating runner...
[Reset][SW] OK
  [MSEFI-ctrl-reset] SEFI-block  phys=0x000000001C9A1C49  start=12196937  size=2572697 B  bits~10330659
[Reset][SW] Recreating runner...
[Reset][SW] OK
  [MSEFI-ctrl-reset] SEFI-block  phys=0x000000001CECD308  start=17617672  size=2572697 B  bits~10332855
[Reset][SW] Recreating runner...
[Reset][SW] OK
  [MSEFI-ctrl-reset] SEFI-block  phys=0x000000001C169F79  start=3579769  size=2572697 B  bits~10329703
[Reset][SW] Recreating runner...
[Reset][SW] OK
  [MSEFI-ctrl-reset] SEFI-block  phys=0x000000001D1B30E8  start=20656360  size=2572697 B  bits~10332566
[Reset][SW] Recreating runner...
[Reset][SW] OK
  [MSEFI-ctrl-reset] SEFI-block  phys=0x000000001C9D8937  start=12421431  size=2572697 B  bits~10332251
[Reset][SW] Recreating runner...
[Reset][SW] OK
  [MSEFI-ctrl-reset] SEFI-block  phys=0x000000001C3040CE  start=5259470  size=2572697 B  bits~10331605
[Reset][SW] Recreating runner...
[Reset][SW] OK
  [MSEFI-ctrl-reset] SEFI-block  phys=0x000000001CE1073D  start=16844605  size=2572697 B  bits~10327562
[Reset][SW] Recreating runner...
[Reset][SW] OK
  [MSEFI-ctrl-reset] SEFI-block  phys=0x000000001C948822  start=11831330  size=2572697 B  bits~10332827
[Reset][SW] Recreating runner...
[Reset][SW] OK
  [MSEFI-ctrl-reset] SEFI-block  phys=0x000000001C1EDE5A  start=4120154  size=2572697 B  bits~10328428
[Reset][SW] Recreating runner...
[Reset][SW] OK
  [MSEFI-ctrl-reset] SEFI-block  phys=0x000000001C461A31  start=6691377  size=2572697 B  bits~10330971
[Reset][SW] Recreating runner...
[Reset][SW] OK
  [MSEFI-ctrl-reset] SEFI-block  phys=0x000000001CA3B856  start=12826710  size=2572697 B  bits~10333937
[Reset][SW] Recreating runner...
[Reset][SW] OK
  [MSEFI-ctrl-reset] SEFI-block  phys=0x000000001D18F422  start=20509730  size=2572697 B  bits~10328442
[Reset][SW] Recreating runner...
[Reset][SW] OK
  [MSEFI-ctrl-reset] SEFI-block  phys=0x000000001C40C5F3  start=6342131  size=2572697 B  bits~10330820
[Reset][SW] Recreating runner...
[Reset][SW] OK
  [MSEFI-ctrl-reset] SEFI-block  phys=0x000000001CC21F0E  start=14819086  size=2572697 B  bits~10330067
[Reset][SW] Recreating runner...
[Reset][SW] OK
  [MSEFI-ctrl-reset] SEFI-block  phys=0x000000001D033D25  start=19086629  size=2572697 B  bits~10330612
[Reset][SW] Recreating runner...
[Reset][SW] OK
  [MSEFI-ctrl-reset] SEFI-block  phys=0x000000001D3CE1DC  start=22864348  size=2572697 B  bits~10331676
[Reset][SW] Recreating runner...
[Reset][SW] OK
  [MSEFI-ctrl-reset] SEFI-block  phys=0x000000001C3ABFFF  start=5947391  size=2572697 B  bits~10331055
[Reset][SW] Recreating runner...
[Reset][SW] OK
  [MSEFI-ctrl-reset] SEFI-block  phys=0x000000001BE0D3EA  start=54250  size=2572697 B  bits~10331448
[Reset][SW] Recreating runner...
[Reset][SW] OK
  [MSEFI-ctrl-reset] SEFI-block  phys=0x000000001D2D7C27  start=21855271  size=2572697 B  bits~10335053
[Reset][SW] Recreating runner...
[Reset][SW] OK
  [MSEFI-ctrl-reset] SEFI-block  phys=0x000000001C714DD3  start=9522643  size=2572697 B  bits~10326406
[Reset][SW] Recreating runner...
[Reset][SW] OK
  [MSEFI-ctrl-reset] SEFI-block  phys=0x000000001CAB7942  start=13334850  size=2572697 B  bits~10326104
[Reset][SW] Recreating runner...
[Reset][SW] OK
  [MSEFI-ctrl-reset] SEFI-block  phys=0x000000001D33901E  start=22253598  size=2572697 B  bits~10332703
[Reset][SW] Recreating runner...
[Reset][SW] OK
  [MSEFI-ctrl-reset] SEFI-block  phys=0x000000001C1F8126  start=4161830  size=2572697 B  bits~10332406
[Reset][SW] Recreating runner...
[Reset][SW] OK
  [MSEFI-ctrl-reset] SEFI-block  phys=0x000000001C1AFBC0  start=3865536  size=2572697 B  bits~10331833
[Reset][SW] Recreating runner...
[Reset][SW] OK
  [MSEFI-ctrl-reset] SEFI-block  phys=0x000000001CF89E43  start=18390595  size=2572697 B  bits~10337689
[Reset][SW] Recreating runner...
[Reset][SW] OK
  [MSEFI-ctrl-reset] SEFI-block  phys=0x000000001D11B4D7  start=20034775  size=2572697 B  bits~10332884
[Reset][SW] Recreating runner...
[Reset][SW] OK
  [MSEFI-ctrl-reset] SEFI-block  phys=0x000000001C836065  start=10707045  size=2572697 B  bits~10333931
[Reset][SW] Recreating runner...
[Reset][SW] OK
[Summary] target=input_tensor  baseline=75.00%  faulty=0.00%  recovery=75.00%

──── target=buffers ────
  [MSEFI-ctrl-reset] SEFI-block  phys=0x000000001BF01412  start=1053714  size=2572697 B  bits~10327636
[Reset][SW] Recreating runner...
[Reset][SW] OK
  [MSEFI-ctrl-reset] SEFI-block  phys=0x000000001CB50A18  start=13961752  size=2572697 B  bits~10325320
[Reset][SW] Recreating runner...
[Reset][SW] OK
  [MSEFI-ctrl-reset] SEFI-block  phys=0x000000001D07D3ED  start=19387373  size=2572697 B  bits~10330148
[Reset][SW] Recreating runner...
[Reset][SW] OK
  [MSEFI-ctrl-reset] SEFI-block  phys=0x000000001C116BF3  start=3238899  size=2572697 B  bits~10329852
[Reset][SW] Recreating runner...
[Reset][SW] OK
  [MSEFI-ctrl-reset] SEFI-block  phys=0x000000001C3A4FC5  start=5918661  size=2572697 B  bits~10331395
[Reset][SW] Recreating runner...
[Reset][SW] OK
  [MSEFI-ctrl-reset] SEFI-block  phys=0x000000001BE9BE66  start=638566  size=2572697 B  bits~10331226
[Reset][SW] Recreating runner...
[Reset][SW] OK
  [MSEFI-ctrl-reset] SEFI-block  phys=0x000000001C5B42D6  start=8078038  size=2572697 B  bits~10333198
[Reset][SW] Recreating runner...
[Reset][SW] OK
  [MSEFI-ctrl-reset] SEFI-block  phys=0x000000001CCEF11F  start=15659295  size=2572697 B  bits~10332143
[Reset][SW] Recreating runner...
[Reset][SW] OK
  [MSEFI-ctrl-reset] SEFI-block  phys=0x000000001C22A8B1  start=4368561  size=2572697 B  bits~10333245
[Reset][SW] Recreating runner...
[Reset][SW] OK
  [MSEFI-ctrl-reset] SEFI-block  phys=0x000000001D1B38B0  start=20658352  size=2572697 B  bits~10334542
[Reset][SW] Recreating runner...
[Reset][SW] OK
  [MSEFI-ctrl-reset] SEFI-block  phys=0x000000001CA3A994  start=12822932  size=2572697 B  bits~10330449
[Reset][SW] Recreating runner...
[Reset][SW] OK
  [MSEFI-ctrl-reset] SEFI-block  phys=0x000000001C6099FE  start=8428030  size=2572697 B  bits~10331914
[Reset][SW] Recreating runner...
[Reset][SW] OK
  [MSEFI-ctrl-reset] SEFI-block  phys=0x000000001BFA8933  start=1739059  size=2572697 B  bits~10335999
[Reset][SW] Recreating runner...
[Reset][SW] OK
  [MSEFI-ctrl-reset] SEFI-block  phys=0x000000001C60A934  start=8431924  size=2572697 B  bits~10335085
[Reset][SW] Recreating runner...
[Reset][SW] OK
  [MSEFI-ctrl-reset] SEFI-block  phys=0x000000001BEA8399  start=689049  size=2572697 B  bits~10332032
[Reset][SW] Recreating runner...
[Reset][SW] OK
  [MSEFI-ctrl-reset] SEFI-block  phys=0x000000001C184F1D  start=3690269  size=2572697 B  bits~10331772
[Reset][SW] Recreating runner...
[Reset][SW] OK
  [MSEFI-ctrl-reset] SEFI-block  phys=0x000000001CEA565F  start=17454687  size=2572697 B  bits~10327872
[Reset][SW] Recreating runner...
[Reset][SW] OK
  [MSEFI-ctrl-reset] SEFI-block  phys=0x000000001D2930BA  start=21573818  size=2572697 B  bits~10331426
[Reset][SW] Recreating runner...
[Reset][SW] OK
  [MSEFI-ctrl-reset] SEFI-block  phys=0x000000001C70916C  start=9474412  size=2572697 B  bits~10332675
[Reset][SW] Recreating runner...
[Reset][SW] OK
  [MSEFI-ctrl-reset] SEFI-block  phys=0x000000001CA7EC63  start=13102179  size=2572697 B  bits~10331818
[Reset][SW] Recreating runner...
[Reset][SW] OK
  [MSEFI-ctrl-reset] SEFI-block  phys=0x000000001C1F2C01  start=4140033  size=2572697 B  bits~10330108
[Reset][SW] Recreating runner...
[Reset][SW] OK
  [MSEFI-ctrl-reset] SEFI-block  phys=0x000000001CE9E6A9  start=17426089  size=2572697 B  bits~10333961
[Reset][SW] Recreating runner...
[Reset][SW] OK
  [MSEFI-ctrl-reset] SEFI-block  phys=0x000000001C5D27CC  start=8202188  size=2572697 B  bits~10331541
[Reset][SW] Recreating runner...
[Reset][SW] OK
  [MSEFI-ctrl-reset] SEFI-block  phys=0x000000001BE183F2  start=99314  size=2572697 B  bits~10333544
[Reset][SW] Recreating runner...
[Reset][SW] OK
  [MSEFI-ctrl-reset] SEFI-block  phys=0x000000001D325314  start=22172436  size=2572697 B  bits~10335340
[Reset][SW] Recreating runner...
[Reset][SW] OK
  [MSEFI-ctrl-reset] SEFI-block  phys=0x000000001D0EAD3C  start=19836220  size=2572697 B  bits~10334007
[Reset][SW] Recreating runner...
[Reset][SW] OK
  [MSEFI-ctrl-reset] SEFI-block  phys=0x000000001D392CB1  start=22621361  size=2572697 B  bits~10328667
[Reset][SW] Recreating runner...
[Reset][SW] OK
  [MSEFI-ctrl-reset] SEFI-block  phys=0x000000001CD1EEC6  start=15855302  size=2572697 B  bits~10331129
[Reset][SW] Recreating runner...
[Reset][SW] OK
  [MSEFI-ctrl-reset] SEFI-block  phys=0x000000001CC9AB01  start=15313665  size=2572697 B  bits~10335757
[Reset][SW] Recreating runner...
[Reset][SW] OK
  [MSEFI-ctrl-reset] SEFI-block  phys=0x000000001C246E28  start=4484648  size=2572697 B  bits~10330261
[Reset][SW] Recreating runner...
[Reset][SW] OK
  [MSEFI-ctrl-reset] SEFI-block  phys=0x000000001C3BD9E1  start=6019553  size=2572697 B  bits~10335264
[Reset][SW] Recreating runner...
[Reset][SW] OK
  [MSEFI-ctrl-reset] SEFI-block  phys=0x000000001D35A858  start=22390872  size=2572697 B  bits~10334257
[Reset][SW] Recreating runner...
[Reset][SW] OK
  [MSEFI-ctrl-reset] SEFI-block  phys=0x000000001D1212A2  start=20058786  size=2572697 B  bits~10329709
[Reset][SW] Recreating runner...
[Reset][SW] OK
  [MSEFI-ctrl-reset] SEFI-block  phys=0x000000001C6D35EF  start=9254383  size=2572697 B  bits~10332224
[Reset][SW] Recreating runner...
[Reset][SW] OK
  [MSEFI-ctrl-reset] SEFI-block  phys=0x000000001D3EE790  start=22996880  size=2572697 B  bits~10329683
[Reset][SW] Recreating runner...
[Reset][SW] OK
  [MSEFI-ctrl-reset] SEFI-block  phys=0x000000001C563AEF  start=7748335  size=2572697 B  bits~10328705
[Reset][SW] Recreating runner...
[Reset][SW] OK
  [MSEFI-ctrl-reset] SEFI-block  phys=0x000000001BFCF987  start=1898887  size=2572697 B  bits~10331140
[Reset][SW] Recreating runner...
[Reset][SW] OK
  [MSEFI-ctrl-reset] SEFI-block  phys=0x000000001C81380D  start=10565645  size=2572697 B  bits~10332427
[Reset][SW] Recreating runner...
[Reset][SW] OK
  [MSEFI-ctrl-reset] SEFI-block  phys=0x000000001CAED49A  start=13554842  size=2572697 B  bits~10333112
[Reset][SW] Recreating runner...
[Reset][SW] OK
  [MSEFI-ctrl-reset] SEFI-block  phys=0x000000001CC857B7  start=15226807  size=2572697 B  bits~10331039
[Reset][SW] Recreating runner...
[Reset][SW] OK
  [MSEFI-ctrl-reset] SEFI-block  phys=0x000000001CCF26A7  start=15672999  size=2572697 B  bits~10331330
[Reset][SW] Recreating runner...
[Reset][SW] OK
  [MSEFI-ctrl-reset] SEFI-block  phys=0x000000001C28A060  start=4759648  size=2572697 B  bits~10331919
[Reset][SW] Recreating runner...
[Reset][SW] OK
  [MSEFI-ctrl-reset] SEFI-block  phys=0x000000001CD6C69B  start=16172699  size=2572697 B  bits~10331568
[Reset][SW] Recreating runner...
[Reset][SW] OK
  [MSEFI-ctrl-reset] SEFI-block  phys=0x000000001CC45AF4  start=14965492  size=2572697 B  bits~10328835
[Reset][SW] Recreating runner...
[Reset][SW] OK
  [MSEFI-ctrl-reset] SEFI-block  phys=0x000000001C083882  start=2635906  size=2572697 B  bits~10329156
[Reset][SW] Recreating runner...
[Reset][SW] OK
  [MSEFI-ctrl-reset] SEFI-block  phys=0x000000001CBD3AA1  start=14498465  size=2572697 B  bits~10331853
[Reset][SW] Recreating runner...
[Reset][SW] OK
  [MSEFI-ctrl-reset] SEFI-block  phys=0x000000001CEBE906  start=17557766  size=2572697 B  bits~10331086
[Reset][SW] Recreating runner...
[Reset][SW] OK
  [MSEFI-ctrl-reset] SEFI-block  phys=0x000000001CC02284  start=14688900  size=2572697 B  bits~10331925
[Reset][SW] Recreating runner...
[Reset][SW] OK
  [MSEFI-ctrl-reset] SEFI-block  phys=0x000000001C71E9F7  start=9562615  size=2572697 B  bits~10329381
[Reset][SW] Recreating runner...
[Reset][SW] OK
  [MSEFI-ctrl-reset] SEFI-block  phys=0x000000001CA6F507  start=13038855  size=2572697 B  bits~10329389
[Reset][SW] Recreating runner...
[Reset][SW] OK
  [MSEFI-ctrl-reset] SEFI-block  phys=0x000000001C70D5F3  start=9491955  size=2572697 B  bits~10329303
[Reset][SW] Recreating runner...
[Reset][SW] OK
  [MSEFI-ctrl-reset] SEFI-block  phys=0x000000001C9DDFC5  start=12443589  size=2572697 B  bits~10332400
[Reset][SW] Recreating runner...
[Reset][SW] OK
  [MSEFI-ctrl-reset] SEFI-block  phys=0x000000001D39CB87  start=22662023  size=2572697 B  bits~10330325
[Reset][SW] Recreating runner...
[Reset][SW] OK
  [MSEFI-ctrl-reset] SEFI-block  phys=0x000000001C6D74EE  start=9270510  size=2572697 B  bits~10333250
[Reset][SW] Recreating runner...
[Reset][SW] OK
  [MSEFI-ctrl-reset] SEFI-block  phys=0x000000001C25D648  start=4576840  size=2572697 B  bits~10330355
[Reset][SW] Recreating runner...
[Reset][SW] OK
  [MSEFI-ctrl-reset] SEFI-block  phys=0x000000001C18D8CA  start=3725514  size=2572697 B  bits~10329018
[Reset][SW] Recreating runner...
[Reset][SW] OK
  [MSEFI-ctrl-reset] SEFI-block  phys=0x000000001C4829A4  start=6826404  size=2572697 B  bits~10332174
[Reset][SW] Recreating runner...
[Reset][SW] OK
  [MSEFI-ctrl-reset] SEFI-block  phys=0x000000001D0C27AD  start=19670957  size=2572697 B  bits~10330007
[Reset][SW] Recreating runner...
[Reset][SW] OK
  [MSEFI-ctrl-reset] SEFI-block  phys=0x000000001C32DB14  start=5430036  size=2572697 B  bits~10331922
[Reset][SW] Recreating runner...
[Reset][SW] OK
  [MSEFI-ctrl-reset] SEFI-block  phys=0x000000001C44EF79  start=6614905  size=2572697 B  bits~10332580
[Reset][SW] Recreating runner...
[Reset][SW] OK
  [MSEFI-ctrl-reset] SEFI-block  phys=0x000000001C42A3C3  start=6464451  size=2572697 B  bits~10331371
[Reset][SW] Recreating runner...
[Reset][SW] OK
  [MSEFI-ctrl-reset] SEFI-block  phys=0x000000001C939C78  start=11771000  size=2572697 B  bits~10330822
[Reset][SW] Recreating runner...
[Reset][SW] OK
  [MSEFI-ctrl-reset] SEFI-block  phys=0x000000001C06AC75  start=2534517  size=2572697 B  bits~10329822
[Reset][SW] Recreating runner...
[Reset][SW] OK
  [MSEFI-ctrl-reset] SEFI-block  phys=0x000000001C1C798B  start=3963275  size=2572697 B  bits~10332673
[Reset][SW] Recreating runner...
[Reset][SW] OK
  [MSEFI-ctrl-reset] SEFI-block  phys=0x000000001C451B1E  start=6626078  size=2572697 B  bits~10328279
[Reset][SW] Recreating runner...
[Reset][SW] OK
  [MSEFI-ctrl-reset] SEFI-block  phys=0x000000001C2BF9EB  start=4979179  size=2572697 B  bits~10332773
[Reset][SW] Recreating runner...
[Reset][SW] OK
  [MSEFI-ctrl-reset] SEFI-block  phys=0x000000001C4BAFC8  start=7057352  size=2572697 B  bits~10329995
[Reset][SW] Recreating runner...
[Reset][SW] OK
  [MSEFI-ctrl-reset] SEFI-block  phys=0x000000001C0082DB  start=2130651  size=2572697 B  bits~10330882
[Reset][SW] Recreating runner...
[Reset][SW] OK
  [MSEFI-ctrl-reset] SEFI-block  phys=0x000000001C008199  start=2130329  size=2572697 B  bits~10327671
[Reset][SW] Recreating runner...
[Reset][SW] OK
  [MSEFI-ctrl-reset] SEFI-block  phys=0x000000001CF03A5D  start=17840733  size=2572697 B  bits~10329595
[Reset][SW] Recreating runner...
[Reset][SW] OK
  [MSEFI-ctrl-reset] SEFI-block  phys=0x000000001CFE1AAC  start=18750124  size=2572697 B  bits~10332985
[Reset][SW] Recreating runner...
[Reset][SW] OK
  [MSEFI-ctrl-reset] SEFI-block  phys=0x000000001CE9D8E5  start=17422565  size=2572697 B  bits~10330591
[Reset][SW] Recreating runner...
[Reset][SW] OK
  [MSEFI-ctrl-reset] SEFI-block  phys=0x000000001D19D8D4  start=20568276  size=2572697 B  bits~10329680
[Reset][SW] Recreating runner...
[Reset][SW] OK
  [MSEFI-ctrl-reset] SEFI-block  phys=0x000000001C426502  start=6448386  size=2572697 B  bits~10331302
[Reset][SW] Recreating runner...
[Reset][SW] OK
  [MSEFI-ctrl-reset] SEFI-block  phys=0x000000001D036F41  start=19099457  size=2572697 B  bits~10334265
[Reset][SW] Recreating runner...
[Reset][SW] OK
  [MSEFI-ctrl-reset] SEFI-block  phys=0x000000001D3E3D59  start=22953305  size=2572697 B  bits~10332788
[Reset][SW] Recreating runner...
[Reset][SW] OK
  [MSEFI-ctrl-reset] SEFI-block  phys=0x000000001BEDDDDA  start=908762  size=2572697 B  bits~10330671
[Reset][SW] Recreating runner...
[Reset][SW] OK
  [MSEFI-ctrl-reset] SEFI-block  phys=0x000000001D2D830C  start=21857036  size=2572697 B  bits~10326758
[Reset][SW] Recreating runner...
[Reset][SW] OK
  [MSEFI-ctrl-reset] SEFI-block  phys=0x000000001C8B2E6D  start=11218541  size=2572697 B  bits~10332101
[Reset][SW] Recreating runner...
[Reset][SW] OK
  [MSEFI-ctrl-reset] SEFI-block  phys=0x000000001D2995EE  start=21599726  size=2572697 B  bits~10325846
[Reset][SW] Recreating runner...
[Reset][SW] OK
  [MSEFI-ctrl-reset] SEFI-block  phys=0x000000001CBD3679  start=14497401  size=2572697 B  bits~10332088
[Reset][SW] Recreating runner...
[Reset][SW] OK
  [MSEFI-ctrl-reset] SEFI-block  phys=0x000000001CE3CDB4  start=17026484  size=2572697 B  bits~10332988
[Reset][SW] Recreating runner...
[Reset][SW] OK
  [MSEFI-ctrl-reset] SEFI-block  phys=0x000000001CBE997C  start=14588284  size=2572697 B  bits~10330367
[Reset][SW] Recreating runner...
[Reset][SW] OK
  [MSEFI-ctrl-reset] SEFI-block  phys=0x000000001CA3B3A2  start=12825506  size=2572697 B  bits~10332290
[Reset][SW] Recreating runner...
[Reset][SW] OK
  [MSEFI-ctrl-reset] SEFI-block  phys=0x000000001D23CA66  start=21219942  size=2572697 B  bits~10333994
[Reset][SW] Recreating runner...
[Reset][SW] OK
  [MSEFI-ctrl-reset] SEFI-block  phys=0x000000001C3FFD4D  start=6290765  size=2572697 B  bits~10333904
[Reset][SW] Recreating runner...
[Reset][SW] OK
  [MSEFI-ctrl-reset] SEFI-block  phys=0x000000001C71CF8A  start=9555850  size=2572697 B  bits~10330895
[Reset][SW] Recreating runner...
[Reset][SW] OK
  [MSEFI-ctrl-reset] SEFI-block  phys=0x000000001C80CAC5  start=10537669  size=2572697 B  bits~10331834
[Reset][SW] Recreating runner...
[Reset][SW] OK
  [MSEFI-ctrl-reset] SEFI-block  phys=0x000000001D3B74C6  start=22770886  size=2572697 B  bits~10333441
[Reset][SW] Recreating runner...
[Reset][SW] OK
  [MSEFI-ctrl-reset] SEFI-block  phys=0x000000001D1636A2  start=20330146  size=2572697 B  bits~10332309
[Reset][SW] Recreating runner...
[Reset][SW] OK
  [MSEFI-ctrl-reset] SEFI-block  phys=0x000000001C0C511F  start=2904351  size=2572697 B  bits~10327656
[Reset][SW] Recreating runner...
[Reset][SW] OK
  [MSEFI-ctrl-reset] SEFI-block  phys=0x000000001D331900  start=22223104  size=2572697 B  bits~10331693
[Reset][SW] Recreating runner...
[Reset][SW] OK
  [MSEFI-ctrl-reset] SEFI-block  phys=0x000000001CBFB55A  start=14660954  size=2572697 B  bits~10332377
[Reset][SW] Recreating runner...
[Reset][SW] OK
  [MSEFI-ctrl-reset] SEFI-block  phys=0x000000001D1BFAF7  start=20708087  size=2572697 B  bits~10327673
[Reset][SW] Recreating runner...
[Reset][SW] OK
  [MSEFI-ctrl-reset] SEFI-block  phys=0x000000001CEEFCE4  start=17759460  size=2572697 B  bits~10327336
[Reset][SW] Recreating runner...
[Reset][SW] OK
  [MSEFI-ctrl-reset] SEFI-block  phys=0x000000001C5FF146  start=8384838  size=2572697 B  bits~10327860
[Reset][SW] Recreating runner...
[Reset][SW] OK
  [MSEFI-ctrl-reset] SEFI-block  phys=0x000000001D051976  start=19208566  size=2572697 B  bits~10333374
[Reset][SW] Recreating runner...
[Reset][SW] OK
  [MSEFI-ctrl-reset] SEFI-block  phys=0x000000001D1B7F8A  start=20676490  size=2572697 B  bits~10333964
[Reset][SW] Recreating runner...
[Reset][SW] OK
  [MSEFI-ctrl-reset] SEFI-block  phys=0x000000001BEA6836  start=682038  size=2572697 B  bits~10334795
[Reset][SW] Recreating runner...
[Reset][SW] OK
  [MSEFI-ctrl-reset] SEFI-block  phys=0x000000001D11E4A1  start=20047009  size=2572697 B  bits~10331564
[Reset][SW] Recreating runner...
[Reset][SW] OK
[Summary] target=buffers  baseline=75.00%  faulty=0.00%  recovery=75.00%
