[Setup] Input  data_fixed  size=150528 h=224 w=224
[Setup] Output fc1000_fixed  size=1000
[DDR4] Instructions: reg_val=0x1BD00  phys=0x000000001BD00000  size=742492 B
[DDR4] Weights:      phys=0x000000001BE00000  size=25726976 B
[DDR4] Input tensor: phys=0x000000001BA80000  total=152608 B  pixel_start=+2080 B
[Baseline] Accuracy: 75/100 = 75.00%

──── target=weights ────
  [SEFI-column] SEFI-col  col_start=4899  col_w=8  stride=8192  rows=3140  bits~101238
  [SEFI-column] SEFI-col  col_start=2484  col_w=8  stride=8192  rows=3140  bits~101129
  [SEFI-column] SEFI-col  col_start=1448  col_w=8  stride=8192  rows=3140  bits~101006
  [SEFI-column] SEFI-col  col_start=4171  col_w=8  stride=8192  rows=3140  bits~100752
  [SEFI-column] SEFI-col  col_start=5041  col_w=8  stride=8192  rows=3140  bits~100542
  [SEFI-column] SEFI-col  col_start=6037  col_w=8  stride=8192  rows=3140  bits~100887
  [SEFI-column] SEFI-col  col_start=2619  col_w=8  stride=8192  rows=3140  bits~100749
  [SEFI-column] SEFI-col  col_start=2810  col_w=8  stride=8192  rows=3140  bits~101023
  [SEFI-column] SEFI-col  col_start=6664  col_w=8  stride=8192  rows=3140  bits~100780
  [SEFI-column] SEFI-col  col_start=1270  col_w=8  stride=8192  rows=3140  bits~100447
  [SEFI-column] SEFI-col  col_start=1198  col_w=8  stride=8192  rows=3140  bits~101192
  [SEFI-column] SEFI-col  col_start=2935  col_w=8  stride=8192  rows=3140  bits~100858
  [SEFI-column] SEFI-col  col_start=5088  col_w=8  stride=8192  rows=3140  bits~100853
  [SEFI-column] SEFI-col  col_start=1569  col_w=8  stride=8192  rows=3140  bits~101106
  [SEFI-column] SEFI-col  col_start=3245  col_w=8  stride=8192  rows=3140  bits~100720
  [SEFI-column] SEFI-col  col_start=549  col_w=8  stride=8192  rows=3140  bits~100868
  [SEFI-column] SEFI-col  col_start=5003  col_w=8  stride=8192  rows=3140  bits~100580
  [SEFI-column] SEFI-col  col_start=976  col_w=8  stride=8192  rows=3140  bits~101217
  [SEFI-column] SEFI-col  col_start=2864  col_w=8  stride=8192  rows=3140  bits~100642
  [SEFI-column] SEFI-col  col_start=6711  col_w=8  stride=8192  rows=3140  bits~101400
  [SEFI-column] SEFI-col  col_start=4530  col_w=8  stride=8192  rows=3140  bits~101113
  [SEFI-column] SEFI-col  col_start=2659  col_w=8  stride=8192  rows=3140  bits~100758
  [SEFI-column] SEFI-col  col_start=5090  col_w=8  stride=8192  rows=3140  bits~100645
  [SEFI-column] SEFI-col  col_start=2089  col_w=8  stride=8192  rows=3140  bits~100855
  [SEFI-column] SEFI-col  col_start=6445  col_w=8  stride=8192  rows=3140  bits~100703
  [SEFI-column] SEFI-col  col_start=1941  col_w=8  stride=8192  rows=3140  bits~100816
  [SEFI-column] SEFI-col  col_start=4240  col_w=8  stride=8192  rows=3140  bits~100722
  [SEFI-column] SEFI-col  col_start=3264  col_w=8  stride=8192  rows=3140  bits~101102
  [SEFI-column] SEFI-col  col_start=4350  col_w=8  stride=8192  rows=3140  bits~101030
  [SEFI-column] SEFI-col  col_start=480  col_w=8  stride=8192  rows=3140  bits~100897
  [SEFI-column] SEFI-col  col_start=6146  col_w=8  stride=8192  rows=3140  bits~100803
  [SEFI-column] SEFI-col  col_start=3858  col_w=8  stride=8192  rows=3140  bits~100809
  [SEFI-column] SEFI-col  col_start=4774  col_w=8  stride=8192  rows=3140  bits~100740
  [SEFI-column] SEFI-col  col_start=7282  col_w=8  stride=8192  rows=3140  bits~100723
  [SEFI-column] SEFI-col  col_start=277  col_w=8  stride=8192  rows=3140  bits~100600
  [SEFI-column] SEFI-col  col_start=6916  col_w=8  stride=8192  rows=3140  bits~100748
  [SEFI-column] SEFI-col  col_start=1554  col_w=8  stride=8192  rows=3140  bits~100356
  [SEFI-column] SEFI-col  col_start=4966  col_w=8  stride=8192  rows=3140  bits~100730
  [SEFI-column] SEFI-col  col_start=7853  col_w=8  stride=8192  rows=3140  bits~100993
  [SEFI-column] SEFI-col  col_start=4278  col_w=8  stride=8192  rows=3140  bits~100786
  [SEFI-column] SEFI-col  col_start=6396  col_w=8  stride=8192  rows=3140  bits~101112
  [SEFI-column] SEFI-col  col_start=2741  col_w=8  stride=8192  rows=3140  bits~100861
  [SEFI-column] SEFI-col  col_start=4612  col_w=8  stride=8192  rows=3140  bits~100762
  [SEFI-column] SEFI-col  col_start=1749  col_w=8  stride=8192  rows=3140  bits~100694
  [SEFI-column] SEFI-col  col_start=5968  col_w=8  stride=8192  rows=3140  bits~101032
  [SEFI-column] SEFI-col  col_start=8144  col_w=8  stride=8192  rows=3140  bits~100918
  [SEFI-column] SEFI-col  col_start=6930  col_w=8  stride=8192  rows=3140  bits~100715
  [SEFI-column] SEFI-col  col_start=7324  col_w=8  stride=8192  rows=3140  bits~100950
  [SEFI-column] SEFI-col  col_start=93  col_w=8  stride=8192  rows=3140  bits~101098
  [SEFI-column] SEFI-col  col_start=2729  col_w=8  stride=8192  rows=3140  bits~101004
  [SEFI-column] SEFI-col  col_start=3498  col_w=8  stride=8192  rows=3140  bits~100785
  [SEFI-column] SEFI-col  col_start=1228  col_w=8  stride=8192  rows=3140  bits~100749
  [SEFI-column] SEFI-col  col_start=7502  col_w=8  stride=8192  rows=3140  bits~100769
  [SEFI-column] SEFI-col  col_start=6024  col_w=8  stride=8192  rows=3140  bits~100773
  [SEFI-column] SEFI-col  col_start=4739  col_w=8  stride=8192  rows=3140  bits~100942
  [SEFI-column] SEFI-col  col_start=2395  col_w=8  stride=8192  rows=3140  bits~101273
  [SEFI-column] SEFI-col  col_start=4731  col_w=8  stride=8192  rows=3140  bits~100617
  [SEFI-column] SEFI-col  col_start=1499  col_w=8  stride=8192  rows=3140  bits~101014
  [SEFI-column] SEFI-col  col_start=2717  col_w=8  stride=8192  rows=3140  bits~101002
  [SEFI-column] SEFI-col  col_start=1958  col_w=8  stride=8192  rows=3140  bits~100674
  [SEFI-column] SEFI-col  col_start=6103  col_w=8  stride=8192  rows=3140  bits~100838
  [SEFI-column] SEFI-col  col_start=5208  col_w=8  stride=8192  rows=3140  bits~100931
  [SEFI-column] SEFI-col  col_start=2604  col_w=8  stride=8192  rows=3140  bits~101358
  [SEFI-column] SEFI-col  col_start=1030  col_w=8  stride=8192  rows=3140  bits~100741
  [SEFI-column] SEFI-col  col_start=1166  col_w=8  stride=8192  rows=3140  bits~100978
  [SEFI-column] SEFI-col  col_start=4671  col_w=8  stride=8192  rows=3140  bits~101128
  [SEFI-column] SEFI-col  col_start=6604  col_w=8  stride=8192  rows=3140  bits~100633
  [SEFI-column] SEFI-col  col_start=2384  col_w=8  stride=8192  rows=3140  bits~100924
  [SEFI-column] SEFI-col  col_start=331  col_w=8  stride=8192  rows=3140  bits~101002
  [SEFI-column] SEFI-col  col_start=2677  col_w=8  stride=8192  rows=3140  bits~100871
  [SEFI-column] SEFI-col  col_start=7038  col_w=8  stride=8192  rows=3140  bits~100602
  [SEFI-column] SEFI-col  col_start=3167  col_w=8  stride=8192  rows=3140  bits~100867
  [SEFI-column] SEFI-col  col_start=7135  col_w=8  stride=8192  rows=3140  bits~101114
  [SEFI-column] SEFI-col  col_start=4632  col_w=8  stride=8192  rows=3140  bits~100962
  [SEFI-column] SEFI-col  col_start=7117  col_w=8  stride=8192  rows=3140  bits~101019
  [SEFI-column] SEFI-col  col_start=4490  col_w=8  stride=8192  rows=3140  bits~100874
  [SEFI-column] SEFI-col  col_start=5756  col_w=8  stride=8192  rows=3140  bits~101153
  [SEFI-column] SEFI-col  col_start=3762  col_w=8  stride=8192  rows=3140  bits~100484
  [SEFI-column] SEFI-col  col_start=5300  col_w=8  stride=8192  rows=3140  bits~100745
  [SEFI-column] SEFI-col  col_start=4723  col_w=8  stride=8192  rows=3140  bits~100678
  [SEFI-column] SEFI-col  col_start=1083  col_w=8  stride=8192  rows=3140  bits~101128
  [SEFI-column] SEFI-col  col_start=7378  col_w=8  stride=8192  rows=3140  bits~100843
  [SEFI-column] SEFI-col  col_start=6024  col_w=8  stride=8192  rows=3140  bits~100711
  [SEFI-column] SEFI-col  col_start=7800  col_w=8  stride=8192  rows=3140  bits~100821
  [SEFI-column] SEFI-col  col_start=6511  col_w=8  stride=8192  rows=3140  bits~100608
  [SEFI-column] SEFI-col  col_start=8055  col_w=8  stride=8192  rows=3140  bits~100961
  [SEFI-column] SEFI-col  col_start=3284  col_w=8  stride=8192  rows=3140  bits~101125
  [SEFI-column] SEFI-col  col_start=6180  col_w=8  stride=8192  rows=3140  bits~100835
  [SEFI-column] SEFI-col  col_start=5020  col_w=8  stride=8192  rows=3140  bits~101009
  [SEFI-column] SEFI-col  col_start=7863  col_w=8  stride=8192  rows=3140  bits~100959
  [SEFI-column] SEFI-col  col_start=7493  col_w=8  stride=8192  rows=3140  bits~100962
  [SEFI-column] SEFI-col  col_start=1774  col_w=8  stride=8192  rows=3140  bits~100897
  [SEFI-column] SEFI-col  col_start=4567  col_w=8  stride=8192  rows=3140  bits~100633
  [SEFI-column] SEFI-col  col_start=4461  col_w=8  stride=8192  rows=3140  bits~100876
  [SEFI-column] SEFI-col  col_start=6209  col_w=8  stride=8192  rows=3140  bits~100763
  [SEFI-column] SEFI-col  col_start=5043  col_w=8  stride=8192  rows=3140  bits~101041
  [SEFI-column] SEFI-col  col_start=1956  col_w=8  stride=8192  rows=3140  bits~100833
  [SEFI-column] SEFI-col  col_start=7625  col_w=8  stride=8192  rows=3140  bits~100503
  [SEFI-column] SEFI-col  col_start=3764  col_w=8  stride=8192  rows=3140  bits~100854
  [SEFI-column] SEFI-col  col_start=2371  col_w=8  stride=8192  rows=3140  bits~100905
[Summary] target=weights  baseline=75.00%  faulty=0.00%  recovery=0.00%

──── target=input_tensor ────
  [SEFI-column] SEFI-col  col_start=2331  col_w=8  stride=8192  rows=18  bits~576
  [SEFI-column] SEFI-col  col_start=7288  col_w=8  stride=8192  rows=18  bits~562
  [SEFI-column] SEFI-col  col_start=6705  col_w=8  stride=8192  rows=18  bits~585
  [SEFI-column] SEFI-col  col_start=165  col_w=8  stride=8192  rows=18  bits~564
  [SEFI-column] SEFI-col  col_start=1891  col_w=8  stride=8192  rows=18  bits~607
  [SEFI-column] SEFI-col  col_start=3110  col_w=8  stride=8192  rows=18  bits~606
  [SEFI-column] SEFI-col  col_start=5898  col_w=8  stride=8192  rows=18  bits~571
  [SEFI-column] SEFI-col  col_start=4615  col_w=8  stride=8192  rows=18  bits~567
  [SEFI-column] SEFI-col  col_start=4896  col_w=8  stride=8192  rows=18  bits~585
  [SEFI-column] SEFI-col  col_start=6156  col_w=8  stride=8192  rows=18  bits~584
  [SEFI-column] SEFI-col  col_start=2466  col_w=8  stride=8192  rows=18  bits~576
  [SEFI-column] SEFI-col  col_start=278  col_w=8  stride=8192  rows=18  bits~567
  [SEFI-column] SEFI-col  col_start=4708  col_w=8  stride=8192  rows=18  bits~560
  [SEFI-column] SEFI-col  col_start=7022  col_w=8  stride=8192  rows=18  bits~585
  [SEFI-column] SEFI-col  col_start=2599  col_w=8  stride=8192  rows=18  bits~545
  [SEFI-column] SEFI-col  col_start=551  col_w=8  stride=8192  rows=18  bits~554
  [SEFI-column] SEFI-col  col_start=6847  col_w=8  stride=8192  rows=18  bits~566
  [SEFI-column] SEFI-col  col_start=2089  col_w=8  stride=8192  rows=18  bits~560
  [SEFI-column] SEFI-col  col_start=2411  col_w=8  stride=8192  rows=18  bits~578
  [SEFI-column] SEFI-col  col_start=204  col_w=8  stride=8192  rows=18  bits~596
  [SEFI-column] SEFI-col  col_start=5459  col_w=8  stride=8192  rows=18  bits~563
  [SEFI-column] SEFI-col  col_start=5659  col_w=8  stride=8192  rows=18  bits~569
  [SEFI-column] SEFI-col  col_start=87  col_w=8  stride=8192  rows=18  bits~576
  [SEFI-column] SEFI-col  col_start=1661  col_w=8  stride=8192  rows=18  bits~588
  [SEFI-column] SEFI-col  col_start=2686  col_w=8  stride=8192  rows=18  bits~576
  [SEFI-column] SEFI-col  col_start=5984  col_w=8  stride=8192  rows=18  bits~588
  [SEFI-column] SEFI-col  col_start=3066  col_w=8  stride=8192  rows=18  bits~583
  [SEFI-column] SEFI-col  col_start=6074  col_w=8  stride=8192  rows=18  bits~548
  [SEFI-column] SEFI-col  col_start=3820  col_w=8  stride=8192  rows=18  bits~576
  [SEFI-column] SEFI-col  col_start=6180  col_w=8  stride=8192  rows=18  bits~558
  [SEFI-column] SEFI-col  col_start=6729  col_w=8  stride=8192  rows=18  bits~585
  [SEFI-column] SEFI-col  col_start=5277  col_w=8  stride=8192  rows=18  bits~567
  [SEFI-column] SEFI-col  col_start=6117  col_w=8  stride=8192  rows=18  bits~585
  [SEFI-column] SEFI-col  col_start=3216  col_w=8  stride=8192  rows=18  bits~558
  [SEFI-column] SEFI-col  col_start=8042  col_w=8  stride=8192  rows=18  bits~554
  [SEFI-column] SEFI-col  col_start=7560  col_w=8  stride=8192  rows=18  bits~563
  [SEFI-column] SEFI-col  col_start=2232  col_w=8  stride=8192  rows=18  bits~551
  [SEFI-column] SEFI-col  col_start=2675  col_w=8  stride=8192  rows=18  bits~591
  [SEFI-column] SEFI-col  col_start=4260  col_w=8  stride=8192  rows=18  bits~585
  [SEFI-column] SEFI-col  col_start=1043  col_w=8  stride=8192  rows=18  bits~556
  [SEFI-column] SEFI-col  col_start=7906  col_w=8  stride=8192  rows=18  bits~576
  [SEFI-column] SEFI-col  col_start=2396  col_w=8  stride=8192  rows=18  bits~556
  [SEFI-column] SEFI-col  col_start=5785  col_w=8  stride=8192  rows=18  bits~576
  [SEFI-column] SEFI-col  col_start=3291  col_w=8  stride=8192  rows=18  bits~571
  [SEFI-column] SEFI-col  col_start=3316  col_w=8  stride=8192  rows=18  bits~569
  [SEFI-column] SEFI-col  col_start=5047  col_w=8  stride=8192  rows=18  bits~596
  [SEFI-column] SEFI-col  col_start=474  col_w=8  stride=8192  rows=18  bits~589
  [SEFI-column] SEFI-col  col_start=271  col_w=8  stride=8192  rows=18  bits~566
  [SEFI-column] SEFI-col  col_start=2863  col_w=8  stride=8192  rows=18  bits~539
  [SEFI-column] SEFI-col  col_start=1990  col_w=8  stride=8192  rows=18  bits~556
  [SEFI-column] SEFI-col  col_start=1302  col_w=8  stride=8192  rows=18  bits~550
  [SEFI-column] SEFI-col  col_start=912  col_w=8  stride=8192  rows=18  bits~610
  [SEFI-column] SEFI-col  col_start=7658  col_w=8  stride=8192  rows=18  bits~569
  [SEFI-column] SEFI-col  col_start=5254  col_w=8  stride=8192  rows=18  bits~571
  [SEFI-column] SEFI-col  col_start=6824  col_w=8  stride=8192  rows=18  bits~574
  [SEFI-column] SEFI-col  col_start=6873  col_w=8  stride=8192  rows=18  bits~559
  [SEFI-column] SEFI-col  col_start=3531  col_w=8  stride=8192  rows=18  bits~589
  [SEFI-column] SEFI-col  col_start=6191  col_w=8  stride=8192  rows=18  bits~587
  [SEFI-column] SEFI-col  col_start=4150  col_w=8  stride=8192  rows=18  bits~586
  [SEFI-column] SEFI-col  col_start=5667  col_w=8  stride=8192  rows=18  bits~543
  [SEFI-column] SEFI-col  col_start=4824  col_w=8  stride=8192  rows=18  bits~556
  [SEFI-column] SEFI-col  col_start=5186  col_w=8  stride=8192  rows=18  bits~596
  [SEFI-column] SEFI-col  col_start=4817  col_w=8  stride=8192  rows=18  bits~601
  [SEFI-column] SEFI-col  col_start=895  col_w=8  stride=8192  rows=18  bits~566
  [SEFI-column] SEFI-col  col_start=7481  col_w=8  stride=8192  rows=18  bits~559
  [SEFI-column] SEFI-col  col_start=2391  col_w=8  stride=8192  rows=18  bits~573
  [SEFI-column] SEFI-col  col_start=7892  col_w=8  stride=8192  rows=18  bits~562
  [SEFI-column] SEFI-col  col_start=5470  col_w=8  stride=8192  rows=18  bits~569
  [SEFI-column] SEFI-col  col_start=4437  col_w=8  stride=8192  rows=18  bits~559
  [SEFI-column] SEFI-col  col_start=556  col_w=8  stride=8192  rows=18  bits~562
  [SEFI-column] SEFI-col  col_start=7160  col_w=8  stride=8192  rows=18  bits~577
  [SEFI-column] SEFI-col  col_start=9  col_w=8  stride=8192  rows=18  bits~564
  [SEFI-column] SEFI-col  col_start=1768  col_w=8  stride=8192  rows=18  bits~564
  [SEFI-column] SEFI-col  col_start=361  col_w=8  stride=8192  rows=18  bits~588
  [SEFI-column] SEFI-col  col_start=790  col_w=8  stride=8192  rows=18  bits~594
  [SEFI-column] SEFI-col  col_start=2178  col_w=8  stride=8192  rows=18  bits~550
  [SEFI-column] SEFI-col  col_start=3195  col_w=8  stride=8192  rows=18  bits~597
  [SEFI-column] SEFI-col  col_start=3099  col_w=8  stride=8192  rows=18  bits~541
  [SEFI-column] SEFI-col  col_start=6654  col_w=8  stride=8192  rows=18  bits~597
  [SEFI-column] SEFI-col  col_start=7032  col_w=8  stride=8192  rows=18  bits~599
  [SEFI-column] SEFI-col  col_start=4922  col_w=8  stride=8192  rows=18  bits~576
  [SEFI-column] SEFI-col  col_start=1523  col_w=8  stride=8192  rows=18  bits~573
  [SEFI-column] SEFI-col  col_start=779  col_w=8  stride=8192  rows=18  bits~601
  [SEFI-column] SEFI-col  col_start=7355  col_w=8  stride=8192  rows=18  bits~563
  [SEFI-column] SEFI-col  col_start=2690  col_w=8  stride=8192  rows=18  bits~604
  [SEFI-column] SEFI-col  col_start=3670  col_w=8  stride=8192  rows=18  bits~575
  [SEFI-column] SEFI-col  col_start=5659  col_w=8  stride=8192  rows=18  bits~581
  [SEFI-column] SEFI-col  col_start=3096  col_w=8  stride=8192  rows=18  bits~592
  [SEFI-column] SEFI-col  col_start=6782  col_w=8  stride=8192  rows=18  bits~572
  [SEFI-column] SEFI-col  col_start=2558  col_w=8  stride=8192  rows=18  bits~578
  [SEFI-column] SEFI-col  col_start=2354  col_w=8  stride=8192  rows=18  bits~570
  [SEFI-column] SEFI-col  col_start=5405  col_w=8  stride=8192  rows=18  bits~578
  [SEFI-column] SEFI-col  col_start=83  col_w=8  stride=8192  rows=18  bits~567
  [SEFI-column] SEFI-col  col_start=6695  col_w=8  stride=8192  rows=18  bits~570
  [SEFI-column] SEFI-col  col_start=4912  col_w=8  stride=8192  rows=18  bits~576
  [SEFI-column] SEFI-col  col_start=3531  col_w=8  stride=8192  rows=18  bits~576
  [SEFI-column] SEFI-col  col_start=1636  col_w=8  stride=8192  rows=18  bits~567
  [SEFI-column] SEFI-col  col_start=350  col_w=8  stride=8192  rows=18  bits~565
  [SEFI-column] SEFI-col  col_start=7721  col_w=8  stride=8192  rows=18  bits~605
  [SEFI-column] SEFI-col  col_start=3533  col_w=8  stride=8192  rows=18  bits~572
[Summary] target=input_tensor  baseline=75.00%  faulty=0.00%  recovery=0.00%

──── target=buffers ────
  [buffers_post] SEFI-block  phys=0x0000000002E54000  start=0  size=1008 B  bits~3947
  [buffers_post] SEFI-block  phys=0x0000000002E54000  start=0  size=1008 B  bits~4061
  [buffers_post] SEFI-block  phys=0x0000000002E54000  start=0  size=1008 B  bits~4054
  [buffers_post] SEFI-block  phys=0x0000000002E54000  start=0  size=1008 B  bits~4063
  [buffers_post] SEFI-block  phys=0x0000000002E54000  start=0  size=1008 B  bits~4027
  [buffers_post] SEFI-block  phys=0x0000000002E54000  start=0  size=1008 B  bits~4020
  [buffers_post] SEFI-block  phys=0x0000000002E54000  start=0  size=1008 B  bits~4032
  [buffers_post] SEFI-block  phys=0x0000000002E54000  start=0  size=1008 B  bits~3994
  [buffers_post] SEFI-block  phys=0x0000000002E54000  start=0  size=1008 B  bits~4050
  [buffers_post] SEFI-block  phys=0x0000000002E54000  start=0  size=1008 B  bits~4046
  [buffers_post] SEFI-block  phys=0x0000000002E54000  start=0  size=1008 B  bits~4046
  [buffers_post] SEFI-block  phys=0x0000000002E54000  start=0  size=1008 B  bits~4032
  [buffers_post] SEFI-block  phys=0x0000000002E54000  start=0  size=1008 B  bits~4046
  [buffers_post] SEFI-block  phys=0x0000000002E54000  start=0  size=1008 B  bits~4053
  [buffers_post] SEFI-block  phys=0x0000000002E54000  start=0  size=1008 B  bits~4050
  [buffers_post] SEFI-block  phys=0x0000000002E54000  start=0  size=1008 B  bits~4143
  [buffers_post] SEFI-block  phys=0x0000000002E54000  start=0  size=1008 B  bits~4122
  [buffers_post] SEFI-block  phys=0x0000000002E54000  start=0  size=1008 B  bits~4104
  [buffers_post] SEFI-block  phys=0x0000000002E54000  start=0  size=1008 B  bits~4064
  [buffers_post] SEFI-block  phys=0x0000000002E54000  start=0  size=1008 B  bits~4090
  [buffers_post] SEFI-block  phys=0x0000000002E54000  start=0  size=1008 B  bits~4071
  [buffers_post] SEFI-block  phys=0x0000000002E54000  start=0  size=1008 B  bits~4008
  [buffers_post] SEFI-block  phys=0x0000000002E54000  start=0  size=1008 B  bits~4055
  [buffers_post] SEFI-block  phys=0x0000000002E54000  start=0  size=1008 B  bits~4033
  [buffers_post] SEFI-block  phys=0x0000000002E54000  start=0  size=1008 B  bits~4048
  [buffers_post] SEFI-block  phys=0x0000000002E54000  start=0  size=1008 B  bits~4073
  [buffers_post] SEFI-block  phys=0x0000000002E54000  start=0  size=1008 B  bits~4037
  [buffers_post] SEFI-block  phys=0x0000000002E54000  start=0  size=1008 B  bits~4009
  [buffers_post] SEFI-block  phys=0x0000000002E54000  start=0  size=1008 B  bits~4097
  [buffers_post] SEFI-block  phys=0x0000000002E54000  start=0  size=1008 B  bits~4080
  [buffers_post] SEFI-block  phys=0x0000000002E54000  start=0  size=1008 B  bits~4093
  [buffers_post] SEFI-block  phys=0x0000000002E54000  start=0  size=1008 B  bits~4031
  [buffers_post] SEFI-block  phys=0x0000000002E54000  start=0  size=1008 B  bits~4095
  [buffers_post] SEFI-block  phys=0x0000000002E54000  start=0  size=1008 B  bits~4011
  [buffers_post] SEFI-block  phys=0x0000000002E54000  start=0  size=1008 B  bits~4071
  [buffers_post] SEFI-block  phys=0x0000000002E54000  start=0  size=1008 B  bits~4071
  [buffers_post] SEFI-block  phys=0x0000000002E54000  start=0  size=1008 B  bits~4013
  [buffers_post] SEFI-block  phys=0x0000000002E54000  start=0  size=1008 B  bits~4110
  [buffers_post] SEFI-block  phys=0x0000000002E54000  start=0  size=1008 B  bits~4046
  [buffers_post] SEFI-block  phys=0x0000000002E54000  start=0  size=1008 B  bits~4022
  [buffers_post] SEFI-block  phys=0x0000000002E54000  start=0  size=1008 B  bits~4043
  [buffers_post] SEFI-block  phys=0x0000000002E54000  start=0  size=1008 B  bits~3996
  [buffers_post] SEFI-block  phys=0x0000000002E54000  start=0  size=1008 B  bits~4068
  [buffers_post] SEFI-block  phys=0x0000000002E54000  start=0  size=1008 B  bits~4032
  [buffers_post] SEFI-block  phys=0x0000000002E54000  start=0  size=1008 B  bits~4110
  [buffers_post] SEFI-block  phys=0x0000000002E54000  start=0  size=1008 B  bits~4026
  [buffers_post] SEFI-block  phys=0x0000000002E54000  start=0  size=1008 B  bits~4069
  [buffers_post] SEFI-block  phys=0x0000000002E54000  start=0  size=1008 B  bits~4076
  [buffers_post] SEFI-block  phys=0x0000000002E54000  start=0  size=1008 B  bits~4076
  [buffers_post] SEFI-block  phys=0x0000000002E54000  start=0  size=1008 B  bits~4065
  [buffers_post] SEFI-block  phys=0x0000000002E54000  start=0  size=1008 B  bits~4052
  [buffers_post] SEFI-block  phys=0x0000000002E54000  start=0  size=1008 B  bits~4007
  [buffers_post] SEFI-block  phys=0x0000000002E54000  start=0  size=1008 B  bits~4050
  [buffers_post] SEFI-block  phys=0x0000000002E54000  start=0  size=1008 B  bits~4095
  [buffers_post] SEFI-block  phys=0x0000000002E54000  start=0  size=1008 B  bits~4057
  [buffers_post] SEFI-block  phys=0x0000000002E54000  start=0  size=1008 B  bits~3987
  [buffers_post] SEFI-block  phys=0x0000000002E54000  start=0  size=1008 B  bits~3961
  [buffers_post] SEFI-block  phys=0x0000000002E54000  start=0  size=1008 B  bits~4026
  [buffers_post] SEFI-block  phys=0x0000000002E54000  start=0  size=1008 B  bits~3993
  [buffers_post] SEFI-block  phys=0x0000000002E54000  start=0  size=1008 B  bits~4046
  [buffers_post] SEFI-block  phys=0x0000000002E54000  start=0  size=1008 B  bits~4006
  [buffers_post] SEFI-block  phys=0x0000000002E54000  start=0  size=1008 B  bits~3996
  [buffers_post] SEFI-block  phys=0x0000000002E54000  start=0  size=1008 B  bits~4061
  [buffers_post] SEFI-block  phys=0x0000000002E54000  start=0  size=1008 B  bits~4055
  [buffers_post] SEFI-block  phys=0x0000000002E54000  start=0  size=1008 B  bits~4014
  [buffers_post] SEFI-block  phys=0x0000000002E54000  start=0  size=1008 B  bits~4015
  [buffers_post] SEFI-block  phys=0x0000000002E54000  start=0  size=1008 B  bits~4064
  [buffers_post] SEFI-block  phys=0x0000000002E54000  start=0  size=1008 B  bits~3950
  [buffers_post] SEFI-block  phys=0x0000000002E54000  start=0  size=1008 B  bits~4077
  [buffers_post] SEFI-block  phys=0x0000000002E54000  start=0  size=1008 B  bits~4035
  [buffers_post] SEFI-block  phys=0x0000000002E54000  start=0  size=1008 B  bits~4062
  [buffers_post] SEFI-block  phys=0x0000000002E54000  start=0  size=1008 B  bits~4114
  [buffers_post] SEFI-block  phys=0x0000000002E54000  start=0  size=1008 B  bits~4070
  [buffers_post] SEFI-block  phys=0x0000000002E54000  start=0  size=1008 B  bits~3946
  [buffers_post] SEFI-block  phys=0x0000000002E54000  start=0  size=1008 B  bits~4083
  [buffers_post] SEFI-block  phys=0x0000000002E54000  start=0  size=1008 B  bits~4088
  [buffers_post] SEFI-block  phys=0x0000000002E54000  start=0  size=1008 B  bits~4092
  [buffers_post] SEFI-block  phys=0x0000000002E54000  start=0  size=1008 B  bits~4085
  [buffers_post] SEFI-block  phys=0x0000000002E54000  start=0  size=1008 B  bits~4021
  [buffers_post] SEFI-block  phys=0x0000000002E54000  start=0  size=1008 B  bits~3987
  [buffers_post] SEFI-block  phys=0x0000000002E54000  start=0  size=1008 B  bits~3958
  [buffers_post] SEFI-block  phys=0x0000000002E54000  start=0  size=1008 B  bits~4060
  [buffers_post] SEFI-block  phys=0x0000000002E54000  start=0  size=1008 B  bits~4074
  [buffers_post] SEFI-block  phys=0x0000000002E54000  start=0  size=1008 B  bits~4049
  [buffers_post] SEFI-block  phys=0x0000000002E54000  start=0  size=1008 B  bits~4046
  [buffers_post] SEFI-block  phys=0x0000000002E54000  start=0  size=1008 B  bits~4060
  [buffers_post] SEFI-block  phys=0x0000000002E54000  start=0  size=1008 B  bits~4047
  [buffers_post] SEFI-block  phys=0x0000000002E54000  start=0  size=1008 B  bits~3982
  [buffers_post] SEFI-block  phys=0x0000000002E54000  start=0  size=1008 B  bits~4084
  [buffers_post] SEFI-block  phys=0x0000000002E54000  start=0  size=1008 B  bits~4054
  [buffers_post] SEFI-block  phys=0x0000000002E54000  start=0  size=1008 B  bits~4060
  [buffers_post] SEFI-block  phys=0x0000000002E54000  start=0  size=1008 B  bits~4047
  [buffers_post] SEFI-block  phys=0x0000000002E54000  start=0  size=1008 B  bits~4021
  [buffers_post] SEFI-block  phys=0x0000000002E54000  start=0  size=1008 B  bits~4077
  [buffers_post] SEFI-block  phys=0x0000000002E54000  start=0  size=1008 B  bits~4062
  [buffers_post] SEFI-block  phys=0x0000000002E54000  start=0  size=1008 B  bits~4050
  [buffers_post] SEFI-block  phys=0x0000000002E54000  start=0  size=1008 B  bits~4081
  [buffers_post] SEFI-block  phys=0x0000000002E54000  start=0  size=1008 B  bits~4001
  [buffers_post] SEFI-block  phys=0x0000000002E54000  start=0  size=1008 B  bits~4056
  [buffers_post] SEFI-block  phys=0x0000000002E54000  start=0  size=1008 B  bits~4065
[Summary] target=buffers  baseline=75.00%  faulty=0.00%  recovery=0.00%
