[Setup] Input  data_fixed  size=150528 h=224 w=224
[Setup] Output fc1000_fixed  size=1000
[DDR4] Instructions: reg_val=0x1BD00  phys=0x000000001BD00000  size=742492 B
[DDR4] Weights:      phys=0x000000001BE00000  size=25726976 B
[DDR4] Input tensor: phys=0x000000001BA80000  total=152608 B  pixel_start=+2080 B
[Baseline] Accuracy: 75/100 = 75.00%

──── target=weights ────
  [transient-SEFI-col] SEFI-col  col_start=6961  col_w=8  stride=8192  rows=3140  bits~100943
  [transient-SEFI-col] SEFI-col  col_start=1443  col_w=8  stride=8192  rows=3140  bits~101170
  [transient-SEFI-col] SEFI-col  col_start=2926  col_w=8  stride=8192  rows=3140  bits~101225
  [transient-SEFI-col] SEFI-col  col_start=2038  col_w=8  stride=8192  rows=3140  bits~100890
  [transient-SEFI-col] SEFI-col  col_start=7821  col_w=8  stride=8192  rows=3140  bits~100548
  [transient-SEFI-col] SEFI-col  col_start=4893  col_w=8  stride=8192  rows=3140  bits~100815
  [transient-SEFI-col] SEFI-col  col_start=101  col_w=8  stride=8192  rows=3140  bits~100573
  [transient-SEFI-col] SEFI-col  col_start=2523  col_w=8  stride=8192  rows=3140  bits~100959
  [transient-SEFI-col] SEFI-col  col_start=2732  col_w=8  stride=8192  rows=3140  bits~100561
  [transient-SEFI-col] SEFI-col  col_start=144  col_w=8  stride=8192  rows=3140  bits~100618
  [transient-SEFI-col] SEFI-col  col_start=4005  col_w=8  stride=8192  rows=3140  bits~101080
  [transient-SEFI-col] SEFI-col  col_start=2209  col_w=8  stride=8192  rows=3140  bits~100318
  [transient-SEFI-col] SEFI-col  col_start=2868  col_w=8  stride=8192  rows=3140  bits~100689
  [transient-SEFI-col] SEFI-col  col_start=2282  col_w=8  stride=8192  rows=3140  bits~100698
  [transient-SEFI-col] SEFI-col  col_start=2329  col_w=8  stride=8192  rows=3140  bits~100784
  [transient-SEFI-col] SEFI-col  col_start=4943  col_w=8  stride=8192  rows=3140  bits~100786
  [transient-SEFI-col] SEFI-col  col_start=5875  col_w=8  stride=8192  rows=3140  bits~100803
  [transient-SEFI-col] SEFI-col  col_start=3813  col_w=8  stride=8192  rows=3140  bits~100904
  [transient-SEFI-col] SEFI-col  col_start=4873  col_w=8  stride=8192  rows=3140  bits~100773
  [transient-SEFI-col] SEFI-col  col_start=5245  col_w=8  stride=8192  rows=3140  bits~100624
  [transient-SEFI-col] SEFI-col  col_start=5030  col_w=8  stride=8192  rows=3140  bits~100791
  [transient-SEFI-col] SEFI-col  col_start=7554  col_w=8  stride=8192  rows=3140  bits~100530
  [transient-SEFI-col] SEFI-col  col_start=340  col_w=8  stride=8192  rows=3140  bits~100765
  [transient-SEFI-col] SEFI-col  col_start=2580  col_w=8  stride=8192  rows=3140  bits~100787
  [transient-SEFI-col] SEFI-col  col_start=6695  col_w=8  stride=8192  rows=3140  bits~100941
  [transient-SEFI-col] SEFI-col  col_start=7166  col_w=8  stride=8192  rows=3140  bits~101044
  [transient-SEFI-col] SEFI-col  col_start=749  col_w=8  stride=8192  rows=3140  bits~100922
  [transient-SEFI-col] SEFI-col  col_start=3176  col_w=8  stride=8192  rows=3140  bits~100778
  [transient-SEFI-col] SEFI-col  col_start=2526  col_w=8  stride=8192  rows=3140  bits~101138
  [transient-SEFI-col] SEFI-col  col_start=3696  col_w=8  stride=8192  rows=3140  bits~100400
  [transient-SEFI-col] SEFI-col  col_start=6772  col_w=8  stride=8192  rows=3140  bits~100734
  [transient-SEFI-col] SEFI-col  col_start=1514  col_w=8  stride=8192  rows=3140  bits~101033
  [transient-SEFI-col] SEFI-col  col_start=3608  col_w=8  stride=8192  rows=3140  bits~100786
  [transient-SEFI-col] SEFI-col  col_start=7280  col_w=8  stride=8192  rows=3140  bits~100860
  [transient-SEFI-col] SEFI-col  col_start=1123  col_w=8  stride=8192  rows=3140  bits~100795
  [transient-SEFI-col] SEFI-col  col_start=8135  col_w=8  stride=8192  rows=3140  bits~100992
  [transient-SEFI-col] SEFI-col  col_start=6068  col_w=8  stride=8192  rows=3140  bits~100865
  [transient-SEFI-col] SEFI-col  col_start=5098  col_w=8  stride=8192  rows=3140  bits~101000
  [transient-SEFI-col] SEFI-col  col_start=3574  col_w=8  stride=8192  rows=3140  bits~101119
  [transient-SEFI-col] SEFI-col  col_start=4130  col_w=8  stride=8192  rows=3140  bits~100725
  [transient-SEFI-col] SEFI-col  col_start=2113  col_w=8  stride=8192  rows=3140  bits~100835
  [transient-SEFI-col] SEFI-col  col_start=727  col_w=8  stride=8192  rows=3140  bits~100813
  [transient-SEFI-col] SEFI-col  col_start=6030  col_w=8  stride=8192  rows=3140  bits~100857
  [transient-SEFI-col] SEFI-col  col_start=2588  col_w=8  stride=8192  rows=3140  bits~100843
  [transient-SEFI-col] SEFI-col  col_start=2461  col_w=8  stride=8192  rows=3140  bits~101014
  [transient-SEFI-col] SEFI-col  col_start=757  col_w=8  stride=8192  rows=3140  bits~101229
  [transient-SEFI-col] SEFI-col  col_start=618  col_w=8  stride=8192  rows=3140  bits~100749
  [transient-SEFI-col] SEFI-col  col_start=3000  col_w=8  stride=8192  rows=3140  bits~100883
  [transient-SEFI-col] SEFI-col  col_start=6784  col_w=8  stride=8192  rows=3140  bits~100876
  [transient-SEFI-col] SEFI-col  col_start=5813  col_w=8  stride=8192  rows=3140  bits~100348
  [transient-SEFI-col] SEFI-col  col_start=4698  col_w=8  stride=8192  rows=3140  bits~101107
  [transient-SEFI-col] SEFI-col  col_start=3429  col_w=8  stride=8192  rows=3140  bits~101119
  [transient-SEFI-col] SEFI-col  col_start=2410  col_w=8  stride=8192  rows=3140  bits~100865
  [transient-SEFI-col] SEFI-col  col_start=6491  col_w=8  stride=8192  rows=3140  bits~101116
  [transient-SEFI-col] SEFI-col  col_start=7277  col_w=8  stride=8192  rows=3140  bits~101083
  [transient-SEFI-col] SEFI-col  col_start=54  col_w=8  stride=8192  rows=3140  bits~100977
  [transient-SEFI-col] SEFI-col  col_start=6204  col_w=8  stride=8192  rows=3140  bits~101158
  [transient-SEFI-col] SEFI-col  col_start=7605  col_w=8  stride=8192  rows=3140  bits~100690
  [transient-SEFI-col] SEFI-col  col_start=730  col_w=8  stride=8192  rows=3140  bits~100605
  [transient-SEFI-col] SEFI-col  col_start=2242  col_w=8  stride=8192  rows=3140  bits~100587
  [transient-SEFI-col] SEFI-col  col_start=480  col_w=8  stride=8192  rows=3140  bits~100782
  [transient-SEFI-col] SEFI-col  col_start=5593  col_w=8  stride=8192  rows=3140  bits~100751
  [transient-SEFI-col] SEFI-col  col_start=2045  col_w=8  stride=8192  rows=3140  bits~101076
  [transient-SEFI-col] SEFI-col  col_start=6042  col_w=8  stride=8192  rows=3140  bits~100838
  [transient-SEFI-col] SEFI-col  col_start=5222  col_w=8  stride=8192  rows=3140  bits~100437
  [transient-SEFI-col] SEFI-col  col_start=5093  col_w=8  stride=8192  rows=3140  bits~100879
  [transient-SEFI-col] SEFI-col  col_start=6849  col_w=8  stride=8192  rows=3140  bits~100265
  [transient-SEFI-col] SEFI-col  col_start=4319  col_w=8  stride=8192  rows=3140  bits~100957
  [transient-SEFI-col] SEFI-col  col_start=705  col_w=8  stride=8192  rows=3140  bits~100381
  [transient-SEFI-col] SEFI-col  col_start=5265  col_w=8  stride=8192  rows=3140  bits~100633
  [transient-SEFI-col] SEFI-col  col_start=1987  col_w=8  stride=8192  rows=3140  bits~100902
  [transient-SEFI-col] SEFI-col  col_start=1725  col_w=8  stride=8192  rows=3140  bits~101288
  [transient-SEFI-col] SEFI-col  col_start=1769  col_w=8  stride=8192  rows=3140  bits~100494
  [transient-SEFI-col] SEFI-col  col_start=2463  col_w=8  stride=8192  rows=3140  bits~101209
  [transient-SEFI-col] SEFI-col  col_start=7294  col_w=8  stride=8192  rows=3140  bits~101102
  [transient-SEFI-col] SEFI-col  col_start=7419  col_w=8  stride=8192  rows=3140  bits~100449
  [transient-SEFI-col] SEFI-col  col_start=4376  col_w=8  stride=8192  rows=3140  bits~101223
  [transient-SEFI-col] SEFI-col  col_start=130  col_w=8  stride=8192  rows=3140  bits~100731
  [transient-SEFI-col] SEFI-col  col_start=3822  col_w=8  stride=8192  rows=3140  bits~101160
  [transient-SEFI-col] SEFI-col  col_start=6298  col_w=8  stride=8192  rows=3140  bits~100883
  [transient-SEFI-col] SEFI-col  col_start=7612  col_w=8  stride=8192  rows=3140  bits~101209
  [transient-SEFI-col] SEFI-col  col_start=4678  col_w=8  stride=8192  rows=3140  bits~100630
  [transient-SEFI-col] SEFI-col  col_start=1992  col_w=8  stride=8192  rows=3140  bits~100602
  [transient-SEFI-col] SEFI-col  col_start=2389  col_w=8  stride=8192  rows=3140  bits~100279
  [transient-SEFI-col] SEFI-col  col_start=7690  col_w=8  stride=8192  rows=3140  bits~100453
  [transient-SEFI-col] SEFI-col  col_start=3933  col_w=8  stride=8192  rows=3140  bits~101027
  [transient-SEFI-col] SEFI-col  col_start=4955  col_w=8  stride=8192  rows=3140  bits~100828
  [transient-SEFI-col] SEFI-col  col_start=2285  col_w=8  stride=8192  rows=3140  bits~100618
  [transient-SEFI-col] SEFI-col  col_start=5048  col_w=8  stride=8192  rows=3140  bits~101131
  [transient-SEFI-col] SEFI-col  col_start=2518  col_w=8  stride=8192  rows=3140  bits~100956
  [transient-SEFI-col] SEFI-col  col_start=3125  col_w=8  stride=8192  rows=3140  bits~100797
  [transient-SEFI-col] SEFI-col  col_start=2999  col_w=8  stride=8192  rows=3140  bits~101154
  [transient-SEFI-col] SEFI-col  col_start=6936  col_w=8  stride=8192  rows=3140  bits~100709
  [transient-SEFI-col] SEFI-col  col_start=2959  col_w=8  stride=8192  rows=3140  bits~100528
  [transient-SEFI-col] SEFI-col  col_start=6709  col_w=8  stride=8192  rows=3140  bits~100934
  [transient-SEFI-col] SEFI-col  col_start=1894  col_w=8  stride=8192  rows=3140  bits~101123
  [transient-SEFI-col] SEFI-col  col_start=6400  col_w=8  stride=8192  rows=3140  bits~100872
  [transient-SEFI-col] SEFI-col  col_start=6773  col_w=8  stride=8192  rows=3140  bits~101021
  [transient-SEFI-col] SEFI-col  col_start=895  col_w=8  stride=8192  rows=3140  bits~100849
  [transient-SEFI-col] SEFI-col  col_start=6305  col_w=8  stride=8192  rows=3140  bits~100950
[Summary] target=weights  baseline=75.00%  faulty=44.00%  recovery=0.00%

──── target=input_tensor ────
  [transient-SEFI-col] SEFI-col  col_start=5295  col_w=8  stride=8192  rows=18  bits~566
  [transient-SEFI-col] SEFI-col  col_start=3352  col_w=8  stride=8192  rows=18  bits~592
  [transient-SEFI-col] SEFI-col  col_start=1034  col_w=8  stride=8192  rows=18  bits~616
  [transient-SEFI-col] SEFI-col  col_start=2567  col_w=8  stride=8192  rows=18  bits~543
  [transient-SEFI-col] SEFI-col  col_start=2473  col_w=8  stride=8192  rows=18  bits~562
  [transient-SEFI-col] SEFI-col  col_start=4294  col_w=8  stride=8192  rows=18  bits~580
  [transient-SEFI-col] SEFI-col  col_start=4678  col_w=8  stride=8192  rows=18  bits~593
  [transient-SEFI-col] SEFI-col  col_start=984  col_w=8  stride=8192  rows=18  bits~609
  [transient-SEFI-col] SEFI-col  col_start=640  col_w=8  stride=8192  rows=18  bits~602
  [transient-SEFI-col] SEFI-col  col_start=4423  col_w=8  stride=8192  rows=18  bits~574
  [transient-SEFI-col] SEFI-col  col_start=3209  col_w=8  stride=8192  rows=18  bits~589
  [transient-SEFI-col] SEFI-col  col_start=7479  col_w=8  stride=8192  rows=18  bits~621
  [transient-SEFI-col] SEFI-col  col_start=7252  col_w=8  stride=8192  rows=18  bits~561
  [transient-SEFI-col] SEFI-col  col_start=7407  col_w=8  stride=8192  rows=18  bits~580
  [transient-SEFI-col] SEFI-col  col_start=6022  col_w=8  stride=8192  rows=18  bits~585
  [transient-SEFI-col] SEFI-col  col_start=2250  col_w=8  stride=8192  rows=18  bits~575
  [transient-SEFI-col] SEFI-col  col_start=760  col_w=8  stride=8192  rows=18  bits~574
  [transient-SEFI-col] SEFI-col  col_start=6407  col_w=8  stride=8192  rows=18  bits~563
  [transient-SEFI-col] SEFI-col  col_start=5545  col_w=8  stride=8192  rows=18  bits~580
  [transient-SEFI-col] SEFI-col  col_start=2954  col_w=8  stride=8192  rows=18  bits~584
  [transient-SEFI-col] SEFI-col  col_start=8140  col_w=8  stride=8192  rows=18  bits~580
  [transient-SEFI-col] SEFI-col  col_start=960  col_w=8  stride=8192  rows=18  bits~603
  [transient-SEFI-col] SEFI-col  col_start=3647  col_w=8  stride=8192  rows=18  bits~546
  [transient-SEFI-col] SEFI-col  col_start=7508  col_w=8  stride=8192  rows=18  bits~571
  [transient-SEFI-col] SEFI-col  col_start=6672  col_w=8  stride=8192  rows=18  bits~581
  [transient-SEFI-col] SEFI-col  col_start=3583  col_w=8  stride=8192  rows=18  bits~561
  [transient-SEFI-col] SEFI-col  col_start=2772  col_w=8  stride=8192  rows=18  bits~570
  [transient-SEFI-col] SEFI-col  col_start=4658  col_w=8  stride=8192  rows=18  bits~575
  [transient-SEFI-col] SEFI-col  col_start=7057  col_w=8  stride=8192  rows=18  bits~601
  [transient-SEFI-col] SEFI-col  col_start=5870  col_w=8  stride=8192  rows=18  bits~565
  [transient-SEFI-col] SEFI-col  col_start=249  col_w=8  stride=8192  rows=18  bits~572
  [transient-SEFI-col] SEFI-col  col_start=5780  col_w=8  stride=8192  rows=18  bits~609
  [transient-SEFI-col] SEFI-col  col_start=6384  col_w=8  stride=8192  rows=18  bits~570
  [transient-SEFI-col] SEFI-col  col_start=5883  col_w=8  stride=8192  rows=18  bits~588
  [transient-SEFI-col] SEFI-col  col_start=6153  col_w=8  stride=8192  rows=18  bits~592
  [transient-SEFI-col] SEFI-col  col_start=4283  col_w=8  stride=8192  rows=18  bits~582
  [transient-SEFI-col] SEFI-col  col_start=2829  col_w=8  stride=8192  rows=18  bits~582
  [transient-SEFI-col] SEFI-col  col_start=79  col_w=8  stride=8192  rows=18  bits~554
  [transient-SEFI-col] SEFI-col  col_start=6793  col_w=8  stride=8192  rows=18  bits~595
  [transient-SEFI-col] SEFI-col  col_start=442  col_w=8  stride=8192  rows=18  bits~602
  [transient-SEFI-col] SEFI-col  col_start=5994  col_w=8  stride=8192  rows=18  bits~568
  [transient-SEFI-col] SEFI-col  col_start=6713  col_w=8  stride=8192  rows=18  bits~574
  [transient-SEFI-col] SEFI-col  col_start=7084  col_w=8  stride=8192  rows=18  bits~592
  [transient-SEFI-col] SEFI-col  col_start=7790  col_w=8  stride=8192  rows=18  bits~556
  [transient-SEFI-col] SEFI-col  col_start=8036  col_w=8  stride=8192  rows=18  bits~566
  [transient-SEFI-col] SEFI-col  col_start=2086  col_w=8  stride=8192  rows=18  bits~584
  [transient-SEFI-col] SEFI-col  col_start=3619  col_w=8  stride=8192  rows=18  bits~595
  [transient-SEFI-col] SEFI-col  col_start=5797  col_w=8  stride=8192  rows=18  bits~578
  [transient-SEFI-col] SEFI-col  col_start=3776  col_w=8  stride=8192  rows=18  bits~593
  [transient-SEFI-col] SEFI-col  col_start=5213  col_w=8  stride=8192  rows=18  bits~622
  [transient-SEFI-col] SEFI-col  col_start=616  col_w=8  stride=8192  rows=18  bits~578
  [transient-SEFI-col] SEFI-col  col_start=6048  col_w=8  stride=8192  rows=18  bits~592
  [transient-SEFI-col] SEFI-col  col_start=6809  col_w=8  stride=8192  rows=18  bits~595
  [transient-SEFI-col] SEFI-col  col_start=6993  col_w=8  stride=8192  rows=18  bits~591
  [transient-SEFI-col] SEFI-col  col_start=3647  col_w=8  stride=8192  rows=18  bits~562
  [transient-SEFI-col] SEFI-col  col_start=1621  col_w=8  stride=8192  rows=18  bits~611
  [transient-SEFI-col] SEFI-col  col_start=2510  col_w=8  stride=8192  rows=18  bits~574
  [transient-SEFI-col] SEFI-col  col_start=2696  col_w=8  stride=8192  rows=18  bits~560
  [transient-SEFI-col] SEFI-col  col_start=2205  col_w=8  stride=8192  rows=18  bits~568
  [transient-SEFI-col] SEFI-col  col_start=4326  col_w=8  stride=8192  rows=18  bits~604
  [transient-SEFI-col] SEFI-col  col_start=5099  col_w=8  stride=8192  rows=18  bits~576
  [transient-SEFI-col] SEFI-col  col_start=1494  col_w=8  stride=8192  rows=18  bits~526
  [transient-SEFI-col] SEFI-col  col_start=2434  col_w=8  stride=8192  rows=18  bits~568
  [transient-SEFI-col] SEFI-col  col_start=1340  col_w=8  stride=8192  rows=18  bits~580
  [transient-SEFI-col] SEFI-col  col_start=7724  col_w=8  stride=8192  rows=18  bits~567
  [transient-SEFI-col] SEFI-col  col_start=1647  col_w=8  stride=8192  rows=18  bits~606
  [transient-SEFI-col] SEFI-col  col_start=7301  col_w=8  stride=8192  rows=18  bits~575
  [transient-SEFI-col] SEFI-col  col_start=5289  col_w=8  stride=8192  rows=18  bits~606
  [transient-SEFI-col] SEFI-col  col_start=3181  col_w=8  stride=8192  rows=18  bits~592
  [transient-SEFI-col] SEFI-col  col_start=203  col_w=8  stride=8192  rows=18  bits~549
  [transient-SEFI-col] SEFI-col  col_start=7531  col_w=8  stride=8192  rows=18  bits~601
  [transient-SEFI-col] SEFI-col  col_start=4640  col_w=8  stride=8192  rows=18  bits~562
  [transient-SEFI-col] SEFI-col  col_start=4434  col_w=8  stride=8192  rows=18  bits~588
  [transient-SEFI-col] SEFI-col  col_start=2652  col_w=8  stride=8192  rows=18  bits~565
  [transient-SEFI-col] SEFI-col  col_start=3894  col_w=8  stride=8192  rows=18  bits~577
  [transient-SEFI-col] SEFI-col  col_start=623  col_w=8  stride=8192  rows=18  bits~548
  [transient-SEFI-col] SEFI-col  col_start=4323  col_w=8  stride=8192  rows=18  bits~594
  [transient-SEFI-col] SEFI-col  col_start=3383  col_w=8  stride=8192  rows=18  bits~584
  [transient-SEFI-col] SEFI-col  col_start=6465  col_w=8  stride=8192  rows=18  bits~557
  [transient-SEFI-col] SEFI-col  col_start=5061  col_w=8  stride=8192  rows=18  bits~566
  [transient-SEFI-col] SEFI-col  col_start=3900  col_w=8  stride=8192  rows=18  bits~557
  [transient-SEFI-col] SEFI-col  col_start=6201  col_w=8  stride=8192  rows=18  bits~570
  [transient-SEFI-col] SEFI-col  col_start=1267  col_w=8  stride=8192  rows=18  bits~580
  [transient-SEFI-col] SEFI-col  col_start=1484  col_w=8  stride=8192  rows=18  bits~568
  [transient-SEFI-col] SEFI-col  col_start=7639  col_w=8  stride=8192  rows=18  bits~575
  [transient-SEFI-col] SEFI-col  col_start=7216  col_w=8  stride=8192  rows=18  bits~576
  [transient-SEFI-col] SEFI-col  col_start=2073  col_w=8  stride=8192  rows=18  bits~566
  [transient-SEFI-col] SEFI-col  col_start=769  col_w=8  stride=8192  rows=18  bits~568
  [transient-SEFI-col] SEFI-col  col_start=6718  col_w=8  stride=8192  rows=18  bits~595
  [transient-SEFI-col] SEFI-col  col_start=1307  col_w=8  stride=8192  rows=18  bits~582
  [transient-SEFI-col] SEFI-col  col_start=327  col_w=8  stride=8192  rows=18  bits~611
  [transient-SEFI-col] SEFI-col  col_start=2898  col_w=8  stride=8192  rows=18  bits~600
  [transient-SEFI-col] SEFI-col  col_start=5750  col_w=8  stride=8192  rows=18  bits~566
  [transient-SEFI-col] SEFI-col  col_start=3690  col_w=8  stride=8192  rows=18  bits~565
  [transient-SEFI-col] SEFI-col  col_start=3209  col_w=8  stride=8192  rows=18  bits~568
  [transient-SEFI-col] SEFI-col  col_start=6296  col_w=8  stride=8192  rows=18  bits~555
  [transient-SEFI-col] SEFI-col  col_start=7359  col_w=8  stride=8192  rows=18  bits~590
  [transient-SEFI-col] SEFI-col  col_start=8146  col_w=8  stride=8192  rows=18  bits~582
  [transient-SEFI-col] SEFI-col  col_start=2059  col_w=8  stride=8192  rows=18  bits~581
  [transient-SEFI-col] SEFI-col  col_start=6514  col_w=8  stride=8192  rows=18  bits~583
[Summary] target=input_tensor  baseline=75.00%  faulty=75.00%  recovery=0.00%

──── target=buffers ────
  [buffers_post] SEFI-block  phys=0x0000000003BF3000  start=0  size=1008 B  bits~4058
  [buffers_post] SEFI-block  phys=0x0000000003BF3000  start=0  size=1008 B  bits~4034
  [buffers_post] SEFI-block  phys=0x0000000003BF3000  start=0  size=1008 B  bits~3992
  [buffers_post] SEFI-block  phys=0x0000000003BF3000  start=0  size=1008 B  bits~4135
  [buffers_post] SEFI-block  phys=0x0000000003BF3000  start=0  size=1008 B  bits~4051
  [buffers_post] SEFI-block  phys=0x0000000003BF3000  start=0  size=1008 B  bits~4098
  [buffers_post] SEFI-block  phys=0x0000000003BF3000  start=0  size=1008 B  bits~4024
  [buffers_post] SEFI-block  phys=0x0000000003BF3000  start=0  size=1008 B  bits~4070
  [buffers_post] SEFI-block  phys=0x0000000003BF3000  start=0  size=1008 B  bits~4011
  [buffers_post] SEFI-block  phys=0x0000000003BF3000  start=0  size=1008 B  bits~3978
  [buffers_post] SEFI-block  phys=0x0000000003BF3000  start=0  size=1008 B  bits~4064
  [buffers_post] SEFI-block  phys=0x0000000003BF3000  start=0  size=1008 B  bits~3994
  [buffers_post] SEFI-block  phys=0x0000000003BF3000  start=0  size=1008 B  bits~4082
  [buffers_post] SEFI-block  phys=0x0000000003BF3000  start=0  size=1008 B  bits~4082
  [buffers_post] SEFI-block  phys=0x0000000003BF3000  start=0  size=1008 B  bits~4061
  [buffers_post] SEFI-block  phys=0x0000000003BF3000  start=0  size=1008 B  bits~4102
  [buffers_post] SEFI-block  phys=0x0000000003BF3000  start=0  size=1008 B  bits~4040
  [buffers_post] SEFI-block  phys=0x0000000003BF3000  start=0  size=1008 B  bits~4140
  [buffers_post] SEFI-block  phys=0x0000000003BF3000  start=0  size=1008 B  bits~4105
  [buffers_post] SEFI-block  phys=0x0000000003BF3000  start=0  size=1008 B  bits~4032
  [buffers_post] SEFI-block  phys=0x0000000003BF3000  start=0  size=1008 B  bits~4037
  [buffers_post] SEFI-block  phys=0x0000000003BF3000  start=0  size=1008 B  bits~3975
  [buffers_post] SEFI-block  phys=0x0000000003BF3000  start=0  size=1008 B  bits~4048
  [buffers_post] SEFI-block  phys=0x0000000003BF3000  start=0  size=1008 B  bits~4025
  [buffers_post] SEFI-block  phys=0x0000000003BF3000  start=0  size=1008 B  bits~4052
  [buffers_post] SEFI-block  phys=0x0000000003BF3000  start=0  size=1008 B  bits~4043
  [buffers_post] SEFI-block  phys=0x0000000003BF3000  start=0  size=1008 B  bits~4080
  [buffers_post] SEFI-block  phys=0x0000000003BF3000  start=0  size=1008 B  bits~4040
  [buffers_post] SEFI-block  phys=0x0000000003BF3000  start=0  size=1008 B  bits~4132
  [buffers_post] SEFI-block  phys=0x0000000003BF3000  start=0  size=1008 B  bits~4069
  [buffers_post] SEFI-block  phys=0x0000000003BF3000  start=0  size=1008 B  bits~4077
  [buffers_post] SEFI-block  phys=0x0000000003BF3000  start=0  size=1008 B  bits~4001
  [buffers_post] SEFI-block  phys=0x0000000003BF3000  start=0  size=1008 B  bits~4098
  [buffers_post] SEFI-block  phys=0x0000000003BF3000  start=0  size=1008 B  bits~4063
  [buffers_post] SEFI-block  phys=0x0000000003BF3000  start=0  size=1008 B  bits~3972
  [buffers_post] SEFI-block  phys=0x0000000003BF3000  start=0  size=1008 B  bits~4052
  [buffers_post] SEFI-block  phys=0x0000000003BF3000  start=0  size=1008 B  bits~4030
  [buffers_post] SEFI-block  phys=0x0000000003BF3000  start=0  size=1008 B  bits~4050
  [buffers_post] SEFI-block  phys=0x0000000003BF3000  start=0  size=1008 B  bits~4084
  [buffers_post] SEFI-block  phys=0x0000000003BF3000  start=0  size=1008 B  bits~4036
  [buffers_post] SEFI-block  phys=0x0000000003BF3000  start=0  size=1008 B  bits~4078
  [buffers_post] SEFI-block  phys=0x0000000003BF3000  start=0  size=1008 B  bits~4009
  [buffers_post] SEFI-block  phys=0x0000000003BF3000  start=0  size=1008 B  bits~4159
  [buffers_post] SEFI-block  phys=0x0000000003BF3000  start=0  size=1008 B  bits~4122
  [buffers_post] SEFI-block  phys=0x0000000003BF3000  start=0  size=1008 B  bits~4102
  [buffers_post] SEFI-block  phys=0x0000000003BF3000  start=0  size=1008 B  bits~4038
  [buffers_post] SEFI-block  phys=0x0000000003BF3000  start=0  size=1008 B  bits~4038
  [buffers_post] SEFI-block  phys=0x0000000003BF3000  start=0  size=1008 B  bits~3974
  [buffers_post] SEFI-block  phys=0x0000000003BF3000  start=0  size=1008 B  bits~4061
  [buffers_post] SEFI-block  phys=0x0000000003BF3000  start=0  size=1008 B  bits~4061
  [buffers_post] SEFI-block  phys=0x0000000003BF3000  start=0  size=1008 B  bits~4136
  [buffers_post] SEFI-block  phys=0x0000000003BF3000  start=0  size=1008 B  bits~4069
  [buffers_post] SEFI-block  phys=0x0000000003BF3000  start=0  size=1008 B  bits~4131
  [buffers_post] SEFI-block  phys=0x0000000003BF3000  start=0  size=1008 B  bits~3963
  [buffers_post] SEFI-block  phys=0x0000000003BF3000  start=0  size=1008 B  bits~4015
  [buffers_post] SEFI-block  phys=0x0000000003BF3000  start=0  size=1008 B  bits~4007
  [buffers_post] SEFI-block  phys=0x0000000003BF3000  start=0  size=1008 B  bits~4019
  [buffers_post] SEFI-block  phys=0x0000000003BF3000  start=0  size=1008 B  bits~4064
  [buffers_post] SEFI-block  phys=0x0000000003BF3000  start=0  size=1008 B  bits~4047
  [buffers_post] SEFI-block  phys=0x0000000003BF3000  start=0  size=1008 B  bits~4023
  [buffers_post] SEFI-block  phys=0x0000000003BF3000  start=0  size=1008 B  bits~4035
  [buffers_post] SEFI-block  phys=0x0000000003BF3000  start=0  size=1008 B  bits~4015
  [buffers_post] SEFI-block  phys=0x0000000003BF3000  start=0  size=1008 B  bits~4043
  [buffers_post] SEFI-block  phys=0x0000000003BF3000  start=0  size=1008 B  bits~4083
  [buffers_post] SEFI-block  phys=0x0000000003BF3000  start=0  size=1008 B  bits~4030
  [buffers_post] SEFI-block  phys=0x0000000003BF3000  start=0  size=1008 B  bits~4051
  [buffers_post] SEFI-block  phys=0x0000000003BF3000  start=0  size=1008 B  bits~4035
  [buffers_post] SEFI-block  phys=0x0000000003BF3000  start=0  size=1008 B  bits~4080
  [buffers_post] SEFI-block  phys=0x0000000003BF3000  start=0  size=1008 B  bits~4084
  [buffers_post] SEFI-block  phys=0x0000000003BF3000  start=0  size=1008 B  bits~3995
  [buffers_post] SEFI-block  phys=0x0000000003BF3000  start=0  size=1008 B  bits~4082
  [buffers_post] SEFI-block  phys=0x0000000003BF3000  start=0  size=1008 B  bits~4065
  [buffers_post] SEFI-block  phys=0x0000000003BF3000  start=0  size=1008 B  bits~3946
  [buffers_post] SEFI-block  phys=0x0000000003BF3000  start=0  size=1008 B  bits~4115
  [buffers_post] SEFI-block  phys=0x0000000003BF3000  start=0  size=1008 B  bits~4039
  [buffers_post] SEFI-block  phys=0x0000000003BF3000  start=0  size=1008 B  bits~4070
  [buffers_post] SEFI-block  phys=0x0000000003BF3000  start=0  size=1008 B  bits~4146
  [buffers_post] SEFI-block  phys=0x0000000003BF3000  start=0  size=1008 B  bits~4068
  [buffers_post] SEFI-block  phys=0x0000000003BF3000  start=0  size=1008 B  bits~4000
  [buffers_post] SEFI-block  phys=0x0000000003BF3000  start=0  size=1008 B  bits~4088
  [buffers_post] SEFI-block  phys=0x0000000003BF3000  start=0  size=1008 B  bits~3990
  [buffers_post] SEFI-block  phys=0x0000000003BF3000  start=0  size=1008 B  bits~4077
  [buffers_post] SEFI-block  phys=0x0000000003BF3000  start=0  size=1008 B  bits~4021
  [buffers_post] SEFI-block  phys=0x0000000003BF3000  start=0  size=1008 B  bits~4054
  [buffers_post] SEFI-block  phys=0x0000000003BF3000  start=0  size=1008 B  bits~4029
  [buffers_post] SEFI-block  phys=0x0000000003BF3000  start=0  size=1008 B  bits~4029
  [buffers_post] SEFI-block  phys=0x0000000003BF3000  start=0  size=1008 B  bits~4031
  [buffers_post] SEFI-block  phys=0x0000000003BF3000  start=0  size=1008 B  bits~4062
  [buffers_post] SEFI-block  phys=0x0000000003BF3000  start=0  size=1008 B  bits~4092
  [buffers_post] SEFI-block  phys=0x0000000003BF3000  start=0  size=1008 B  bits~4047
  [buffers_post] SEFI-block  phys=0x0000000003BF3000  start=0  size=1008 B  bits~4083
  [buffers_post] SEFI-block  phys=0x0000000003BF3000  start=0  size=1008 B  bits~4092
  [buffers_post] SEFI-block  phys=0x0000000003BF3000  start=0  size=1008 B  bits~4099
  [buffers_post] SEFI-block  phys=0x0000000003BF3000  start=0  size=1008 B  bits~4059
  [buffers_post] SEFI-block  phys=0x0000000003BF3000  start=0  size=1008 B  bits~3960
  [buffers_post] SEFI-block  phys=0x0000000003BF3000  start=0  size=1008 B  bits~4039
  [buffers_post] SEFI-block  phys=0x0000000003BF3000  start=0  size=1008 B  bits~4029
  [buffers_post] SEFI-block  phys=0x0000000003BF3000  start=0  size=1008 B  bits~4026
  [buffers_post] SEFI-block  phys=0x0000000003BF3000  start=0  size=1008 B  bits~4123
  [buffers_post] SEFI-block  phys=0x0000000003BF3000  start=0  size=1008 B  bits~4045
[Summary] target=buffers  baseline=75.00%  faulty=0.00%  recovery=0.00%
