[Setup] Input  data_fixed  size=150528 h=224 w=224
[Setup] Output fc1000_fixed  size=1000
[DDR4] Instructions: reg_val=0x1BD00  phys=0x000000001BD00000  size=742492 B
[DDR4] Weights:      phys=0x000000001BE00000  size=25726976 B
[DDR4] Input region: phys=0x000000001BA80000  total=152608 B  pixel_start=+2080 B
[Baseline] Accuracy: 75/100 = 75.00%

──── target=weights ────
  [SEFI-block] SEFI-block  phys=0x000000001BE50362  start=328546  size=4096 B  bits~16468
  [SEFI-block] SEFI-block  phys=0x000000001CDFAC32  start=16755762  size=4096 B  bits~16198
  [SEFI-block] SEFI-block  phys=0x000000001CCCE904  start=15526148  size=4096 B  bits~16243
  [SEFI-block] SEFI-block  phys=0x000000001BF502E6  start=1376998  size=4096 B  bits~16434
  [SEFI-block] SEFI-block  phys=0x000000001C1309C8  start=3344840  size=4096 B  bits~16328
  [SEFI-block] SEFI-block  phys=0x000000001C0C394F  start=2898255  size=4096 B  bits~16419
  [SEFI-block] SEFI-block  phys=0x000000001C445E5A  start=6577754  size=4096 B  bits~16464
  [SEFI-block] SEFI-block  phys=0x000000001C24D2EA  start=4510442  size=4096 B  bits~16448
  [SEFI-block] SEFI-block  phys=0x000000001CFC2B4E  start=18623310  size=4096 B  bits~16384
  [SEFI-block] SEFI-block  phys=0x000000001C5FF5CC  start=8385996  size=4096 B  bits~16324
  [SEFI-block] SEFI-block  phys=0x000000001C51D28B  start=7459467  size=4096 B  bits~16392
  [SEFI-block] SEFI-block  phys=0x000000001C498538  start=6915384  size=4096 B  bits~16637
  [SEFI-block] SEFI-block  phys=0x000000001D01483D  start=18958397  size=4096 B  bits~16524
  [SEFI-block] SEFI-block  phys=0x000000001C93C48D  start=11781261  size=4096 B  bits~16382
  [SEFI-block] SEFI-block  phys=0x000000001CE4DD11  start=17095953  size=4096 B  bits~16483
  [SEFI-block] SEFI-block  phys=0x000000001CA4FAEE  start=12909294  size=4096 B  bits~16493
  [SEFI-block] SEFI-block  phys=0x000000001C2B991F  start=4954399  size=4096 B  bits~16492
  [SEFI-block] SEFI-block  phys=0x000000001C245DB4  start=4480436  size=4096 B  bits~16443
  [SEFI-block] SEFI-block  phys=0x000000001D3010D6  start=22024406  size=4096 B  bits~16410
  [SEFI-block] SEFI-block  phys=0x000000001C77066D  start=9897581  size=4096 B  bits~16466
  [SEFI-block] SEFI-block  phys=0x000000001C455845  start=6641733  size=4096 B  bits~16321
  [SEFI-block] SEFI-block  phys=0x000000001C571E19  start=7806489  size=4096 B  bits~16559
  [SEFI-block] SEFI-block  phys=0x000000001C46ECFA  start=6745338  size=4096 B  bits~16287
  [SEFI-block] SEFI-block  phys=0x000000001C2FF95F  start=5241183  size=4096 B  bits~16614
  [SEFI-block] SEFI-block  phys=0x000000001C4E4F76  start=7229302  size=4096 B  bits~16518
  [SEFI-block] SEFI-block  phys=0x000000001C377C70  start=5733488  size=4096 B  bits~16402
  [SEFI-block] SEFI-block  phys=0x000000001C7E2EDC  start=10366684  size=4096 B  bits~16383
  [SEFI-block] SEFI-block  phys=0x000000001C1D9773  start=4036467  size=4096 B  bits~16443
  [SEFI-block] SEFI-block  phys=0x000000001C6D6C5C  start=9268316  size=4096 B  bits~16473
  [SEFI-block] SEFI-block  phys=0x000000001C9771B2  start=12022194  size=4096 B  bits~16503
  [SEFI-block] SEFI-block  phys=0x000000001BF71486  start=1512582  size=4096 B  bits~16417
  [SEFI-block] SEFI-block  phys=0x000000001C6952D8  start=8999640  size=4096 B  bits~16411
  [SEFI-block] SEFI-block  phys=0x000000001D5D45B1  start=24987057  size=4096 B  bits~16406
  [SEFI-block] SEFI-block  phys=0x000000001C6129F9  start=8464889  size=4096 B  bits~16386
  [SEFI-block] SEFI-block  phys=0x000000001D6045AB  start=25183659  size=4096 B  bits~16484
  [SEFI-block] SEFI-block  phys=0x000000001C85F5BD  start=10876349  size=4096 B  bits~16365
  [SEFI-block] SEFI-block  phys=0x000000001CEACFE5  start=17485797  size=4096 B  bits~16420
  [SEFI-block] SEFI-block  phys=0x000000001C7E4152  start=10371410  size=4096 B  bits~16484
  [SEFI-block] SEFI-block  phys=0x000000001D281EB3  start=21503667  size=4096 B  bits~16498
  [SEFI-block] SEFI-block  phys=0x000000001C05FA03  start=2488835  size=4096 B  bits~16511
  [SEFI-block] SEFI-block  phys=0x000000001CC0BEB0  start=14728880  size=4096 B  bits~16442
  [SEFI-block] SEFI-block  phys=0x000000001C4DBF16  start=7192342  size=4096 B  bits~16421
  [SEFI-block] SEFI-block  phys=0x000000001D037F9D  start=19103645  size=4096 B  bits~16539
  [SEFI-block] SEFI-block  phys=0x000000001CFE9A40  start=18782784  size=4096 B  bits~16415
  [SEFI-block] SEFI-block  phys=0x000000001CDBD64A  start=16504394  size=4096 B  bits~16344
  [SEFI-block] SEFI-block  phys=0x000000001BF8CB19  start=1624857  size=4096 B  bits~16487
  [SEFI-block] SEFI-block  phys=0x000000001CA92846  start=13183046  size=4096 B  bits~16471
  [SEFI-block] SEFI-block  phys=0x000000001D24ED45  start=21294405  size=4096 B  bits~16467
  [SEFI-block] SEFI-block  phys=0x000000001CC28EDC  start=14847708  size=4096 B  bits~16379
  [SEFI-block] SEFI-block  phys=0x000000001C0E7813  start=3045395  size=4096 B  bits~16455
  [SEFI-block] SEFI-block  phys=0x000000001C8AAC32  start=11185202  size=4096 B  bits~16404
  [SEFI-block] SEFI-block  phys=0x000000001C9FA7B6  start=12560310  size=4096 B  bits~16472
  [SEFI-block] SEFI-block  phys=0x000000001D2DE550  start=21882192  size=4096 B  bits~16351
  [SEFI-block] SEFI-block  phys=0x000000001C5643FE  start=7750654  size=4096 B  bits~16388
  [SEFI-block] SEFI-block  phys=0x000000001CF958D1  start=18438353  size=4096 B  bits~16435
  [SEFI-block] SEFI-block  phys=0x000000001CF2A0E9  start=17998057  size=4096 B  bits~16516
  [SEFI-block] SEFI-block  phys=0x000000001D23B1D8  start=21213656  size=4096 B  bits~16514
  [SEFI-block] SEFI-block  phys=0x000000001C385E83  start=5791363  size=4096 B  bits~16487
  [SEFI-block] SEFI-block  phys=0x000000001D0BDD16  start=19651862  size=4096 B  bits~16410
  [SEFI-block] SEFI-block  phys=0x000000001C21FF16  start=4325142  size=4096 B  bits~16494
  [SEFI-block] SEFI-block  phys=0x000000001BEEF2BC  start=979644  size=4096 B  bits~16478
  [SEFI-block] SEFI-block  phys=0x000000001CDFB170  start=16757104  size=4096 B  bits~16474
  [SEFI-block] SEFI-block  phys=0x000000001BFE0B90  start=1969040  size=4096 B  bits~16504
  [SEFI-block] SEFI-block  phys=0x000000001C5EF033  start=8319027  size=4096 B  bits~16512
  [SEFI-block] SEFI-block  phys=0x000000001C0543E6  start=2442214  size=4096 B  bits~16674
  [SEFI-block] SEFI-block  phys=0x000000001D1FFBAE  start=20970414  size=4096 B  bits~16383
  [SEFI-block] SEFI-block  phys=0x000000001C0851DE  start=2642398  size=4096 B  bits~16350
  [SEFI-block] SEFI-block  phys=0x000000001C374CA3  start=5721251  size=4096 B  bits~16411
  [SEFI-block] SEFI-block  phys=0x000000001C771B64  start=9902948  size=4096 B  bits~16345
  [SEFI-block] SEFI-block  phys=0x000000001CD19502  start=15832322  size=4096 B  bits~16331
  [SEFI-block] SEFI-block  phys=0x000000001D4A0624  start=23725604  size=4096 B  bits~16406
  [SEFI-block] SEFI-block  phys=0x000000001C5A3F12  start=8011538  size=4096 B  bits~16593
  [SEFI-block] SEFI-block  phys=0x000000001C126793  start=3303315  size=4096 B  bits~16220
  [SEFI-block] SEFI-block  phys=0x000000001C881AA7  start=11016871  size=4096 B  bits~16493
  [SEFI-block] SEFI-block  phys=0x000000001D198752  start=20547410  size=4096 B  bits~16572
  [SEFI-block] SEFI-block  phys=0x000000001C556636  start=7693878  size=4096 B  bits~16441
  [SEFI-block] SEFI-block  phys=0x000000001C04C80D  start=2410509  size=4096 B  bits~16483
  [SEFI-block] SEFI-block  phys=0x000000001D34A34C  start=22324044  size=4096 B  bits~16497
  [SEFI-block] SEFI-block  phys=0x000000001CAAD875  start=13293685  size=4096 B  bits~16266
  [SEFI-block] SEFI-block  phys=0x000000001CF3AD6E  start=18066798  size=4096 B  bits~16502
  [SEFI-block] SEFI-block  phys=0x000000001C6D63E5  start=9266149  size=4096 B  bits~16468
  [SEFI-block] SEFI-block  phys=0x000000001C5E305B  start=8269915  size=4096 B  bits~16591
  [SEFI-block] SEFI-block  phys=0x000000001D687344  start=25719620  size=4096 B  bits~16284
  [SEFI-block] SEFI-block  phys=0x000000001C87B651  start=10991185  size=4096 B  bits~16485
  [SEFI-block] SEFI-block  phys=0x000000001BEAFA7D  start=719485  size=4096 B  bits~16444
  [SEFI-block] SEFI-block  phys=0x000000001C6501F4  start=8716788  size=4096 B  bits~16449
  [SEFI-block] SEFI-block  phys=0x000000001CC9D4C8  start=15324360  size=4096 B  bits~16392
  [SEFI-block] SEFI-block  phys=0x000000001CC4C11A  start=14991642  size=4096 B  bits~16348
  [SEFI-block] SEFI-block  phys=0x000000001D1A7446  start=20608070  size=4096 B  bits~16346
  [SEFI-block] SEFI-block  phys=0x000000001CB5EDD8  start=14020056  size=4096 B  bits~16562
  [SEFI-block] SEFI-block  phys=0x000000001C123B32  start=3291954  size=4096 B  bits~16333
  [SEFI-block] SEFI-block  phys=0x000000001D30E672  start=22079090  size=4096 B  bits~16388
  [SEFI-block] SEFI-block  phys=0x000000001D444BE4  start=23350244  size=4096 B  bits~16620
  [SEFI-block] SEFI-block  phys=0x000000001D57C213  start=24625683  size=4096 B  bits~16431
  [SEFI-block] SEFI-block  phys=0x000000001BFD9271  start=1938033  size=4096 B  bits~16698
  [SEFI-block] SEFI-block  phys=0x000000001C91BCFA  start=11648250  size=4096 B  bits~16551
  [SEFI-block] SEFI-block  phys=0x000000001CEF9127  start=17797415  size=4096 B  bits~16566
  [SEFI-block] SEFI-block  phys=0x000000001CEC8F5C  start=17600348  size=4096 B  bits~16492
  [SEFI-block] SEFI-block  phys=0x000000001CC583B7  start=15041463  size=4096 B  bits~16363
  [SEFI-block] SEFI-block  phys=0x000000001C36C264  start=5685860  size=4096 B  bits~16393
[Summary] target=weights  baseline=75.00%  faulty=11.00%  recovery=0.00%

──── target=input_tensor ────
  [SEFI-block] SEFI-block  phys=0x000000001BA933EF  start=76751  size=4096 B  bits~16271
  [SEFI-block] SEFI-block  phys=0x000000001BAA28A8  start=139400  size=4096 B  bits~16375
  [SEFI-block] SEFI-block  phys=0x000000001BA87B4C  start=29484  size=4096 B  bits~16323
  [SEFI-block] SEFI-block  phys=0x000000001BA9F0A1  start=125057  size=4096 B  bits~16574
  [SEFI-block] SEFI-block  phys=0x000000001BA97588  start=93544  size=4096 B  bits~16356
  [SEFI-block] SEFI-block  phys=0x000000001BA87FAF  start=30607  size=4096 B  bits~16421
  [SEFI-block] SEFI-block  phys=0x000000001BAA42E9  start=146121  size=4096 B  bits~16410
  [SEFI-block] SEFI-block  phys=0x000000001BA9EEC3  start=124579  size=4096 B  bits~16524
  [SEFI-block] SEFI-block  phys=0x000000001BA85FA2  start=22402  size=4096 B  bits~16433
  [SEFI-block] SEFI-block  phys=0x000000001BA9954F  start=101679  size=4096 B  bits~16413
  [SEFI-block] SEFI-block  phys=0x000000001BA90E5D  start=67133  size=4096 B  bits~16401
  [SEFI-block] SEFI-block  phys=0x000000001BAA170A  start=134890  size=4096 B  bits~16433
  [SEFI-block] SEFI-block  phys=0x000000001BA9BEB3  start=112275  size=4096 B  bits~16469
  [SEFI-block] SEFI-block  phys=0x000000001BAA1034  start=133140  size=4096 B  bits~16381
  [SEFI-block] SEFI-block  phys=0x000000001BA90DED  start=67021  size=4096 B  bits~16479
  [SEFI-block] SEFI-block  phys=0x000000001BA9D005  start=116709  size=4096 B  bits~16364
  [SEFI-block] SEFI-block  phys=0x000000001BA94731  start=81681  size=4096 B  bits~16331
  [SEFI-block] SEFI-block  phys=0x000000001BA97C73  start=95315  size=4096 B  bits~16443
  [SEFI-block] SEFI-block  phys=0x000000001BA91AD1  start=70321  size=4096 B  bits~16536
  [SEFI-block] SEFI-block  phys=0x000000001BA9FE60  start=128576  size=4096 B  bits~16308
  [SEFI-block] SEFI-block  phys=0x000000001BA8DFE3  start=55235  size=4096 B  bits~16410
  [SEFI-block] SEFI-block  phys=0x000000001BA93520  start=77056  size=4096 B  bits~16358
  [SEFI-block] SEFI-block  phys=0x000000001BA9E091  start=120945  size=4096 B  bits~16414
  [SEFI-block] SEFI-block  phys=0x000000001BA82C7E  start=9310  size=4096 B  bits~16461
  [SEFI-block] SEFI-block  phys=0x000000001BAA1A33  start=135699  size=4096 B  bits~16644
  [SEFI-block] SEFI-block  phys=0x000000001BAA0398  start=129912  size=4096 B  bits~16389
  [SEFI-block] SEFI-block  phys=0x000000001BA8F05C  start=59452  size=4096 B  bits~16367
  [SEFI-block] SEFI-block  phys=0x000000001BAA3C8D  start=144493  size=4096 B  bits~16495
  [SEFI-block] SEFI-block  phys=0x000000001BA8A89A  start=41082  size=4096 B  bits~16529
  [SEFI-block] SEFI-block  phys=0x000000001BA9EB6D  start=123725  size=4096 B  bits~16474
  [SEFI-block] SEFI-block  phys=0x000000001BA92713  start=73459  size=4096 B  bits~16469
  [SEFI-block] SEFI-block  phys=0x000000001BA8B72D  start=44813  size=4096 B  bits~16476
  [SEFI-block] SEFI-block  phys=0x000000001BA87886  start=28774  size=4096 B  bits~16411
  [SEFI-block] SEFI-block  phys=0x000000001BA9A0B1  start=104593  size=4096 B  bits~16510
  [SEFI-block] SEFI-block  phys=0x000000001BA9FB03  start=127715  size=4096 B  bits~16529
  [SEFI-block] SEFI-block  phys=0x000000001BA8F538  start=60696  size=4096 B  bits~16359
  [SEFI-block] SEFI-block  phys=0x000000001BA8F4B1  start=60561  size=4096 B  bits~16417
  [SEFI-block] SEFI-block  phys=0x000000001BA8C2D9  start=47801  size=4096 B  bits~16505
  [SEFI-block] SEFI-block  phys=0x000000001BA8D2FC  start=51932  size=4096 B  bits~16412
  [SEFI-block] SEFI-block  phys=0x000000001BA83783  start=12131  size=4096 B  bits~16431
  [SEFI-block] SEFI-block  phys=0x000000001BA92094  start=71796  size=4096 B  bits~16542
  [SEFI-block] SEFI-block  phys=0x000000001BA851B2  start=18834  size=4096 B  bits~16275
  [SEFI-block] SEFI-block  phys=0x000000001BA9E40B  start=121835  size=4096 B  bits~16539
  [SEFI-block] SEFI-block  phys=0x000000001BA9B938  start=110872  size=4096 B  bits~16553
  [SEFI-block] SEFI-block  phys=0x000000001BA92DCE  start=75182  size=4096 B  bits~16587
  [SEFI-block] SEFI-block  phys=0x000000001BA8FC1D  start=62461  size=4096 B  bits~16434
  [SEFI-block] SEFI-block  phys=0x000000001BA81DFC  start=5596  size=4096 B  bits~16354
  [SEFI-block] SEFI-block  phys=0x000000001BA8C26B  start=47691  size=4096 B  bits~16318
  [SEFI-block] SEFI-block  phys=0x000000001BA9CBDD  start=115645  size=4096 B  bits~16461
  [SEFI-block] SEFI-block  phys=0x000000001BA84BBC  start=17308  size=4096 B  bits~16450
  [SEFI-block] SEFI-block  phys=0x000000001BA8CE57  start=50743  size=4096 B  bits~16343
  [SEFI-block] SEFI-block  phys=0x000000001BA8846E  start=31822  size=4096 B  bits~16552
  [SEFI-block] SEFI-block  phys=0x000000001BAA052E  start=130318  size=4096 B  bits~16362
  [SEFI-block] SEFI-block  phys=0x000000001BAA24A4  start=138372  size=4096 B  bits~16499
  [SEFI-block] SEFI-block  phys=0x000000001BA8CC3F  start=50207  size=4096 B  bits~16359
  [SEFI-block] SEFI-block  phys=0x000000001BA92E6E  start=75342  size=4096 B  bits~16529
  [SEFI-block] SEFI-block  phys=0x000000001BA9F8CC  start=127148  size=4096 B  bits~16486
  [SEFI-block] SEFI-block  phys=0x000000001BA86166  start=22854  size=4096 B  bits~16305
  [SEFI-block] SEFI-block  phys=0x000000001BA8876D  start=32589  size=4096 B  bits~16423
  [SEFI-block] SEFI-block  phys=0x000000001BA830AE  start=10382  size=4096 B  bits~16485
  [SEFI-block] SEFI-block  phys=0x000000001BA9D7B7  start=118679  size=4096 B  bits~16603
  [SEFI-block] SEFI-block  phys=0x000000001BAA223E  start=137758  size=4096 B  bits~16471
  [SEFI-block] SEFI-block  phys=0x000000001BAA1AFA  start=135898  size=4096 B  bits~16339
  [SEFI-block] SEFI-block  phys=0x000000001BA95471  start=85073  size=4096 B  bits~16564
  [SEFI-block] SEFI-block  phys=0x000000001BA9E315  start=121589  size=4096 B  bits~16405
  [SEFI-block] SEFI-block  phys=0x000000001BA80DF8  start=1496  size=4096 B  bits~16419
  [SEFI-block] SEFI-block  phys=0x000000001BA93D48  start=79144  size=4096 B  bits~16558
  [SEFI-block] SEFI-block  phys=0x000000001BA97193  start=92531  size=4096 B  bits~16514
  [SEFI-block] SEFI-block  phys=0x000000001BA92B6F  start=74575  size=4096 B  bits~16428
  [SEFI-block] SEFI-block  phys=0x000000001BA97D2B  start=95499  size=4096 B  bits~16527
  [SEFI-block] SEFI-block  phys=0x000000001BA8B71F  start=44799  size=4096 B  bits~16248
  [SEFI-block] SEFI-block  phys=0x000000001BA84488  start=15464  size=4096 B  bits~16382
  [SEFI-block] SEFI-block  phys=0x000000001BA9E8FE  start=123102  size=4096 B  bits~16469
  [SEFI-block] SEFI-block  phys=0x000000001BA911D0  start=68016  size=4096 B  bits~16381
  [SEFI-block] SEFI-block  phys=0x000000001BA9539C  start=84860  size=4096 B  bits~16405
  [SEFI-block] SEFI-block  phys=0x000000001BA95735  start=85781  size=4096 B  bits~16487
  [SEFI-block] SEFI-block  phys=0x000000001BA9526D  start=84557  size=4096 B  bits~16535
  [SEFI-block] SEFI-block  phys=0x000000001BA85FF5  start=22485  size=4096 B  bits~16366
  [SEFI-block] SEFI-block  phys=0x000000001BA99CBE  start=103582  size=4096 B  bits~16388
  [SEFI-block] SEFI-block  phys=0x000000001BA9A661  start=106049  size=4096 B  bits~16479
  [SEFI-block] SEFI-block  phys=0x000000001BA8642D  start=23565  size=4096 B  bits~16427
  [SEFI-block] SEFI-block  phys=0x000000001BA8A28C  start=39532  size=4096 B  bits~16418
  [SEFI-block] SEFI-block  phys=0x000000001BA8D810  start=53232  size=4096 B  bits~16544
  [SEFI-block] SEFI-block  phys=0x000000001BA90606  start=64998  size=4096 B  bits~16437
  [SEFI-block] SEFI-block  phys=0x000000001BA80B46  start=806  size=4096 B  bits~16339
  [SEFI-block] SEFI-block  phys=0x000000001BA8C9A8  start=49544  size=4096 B  bits~16615
  [SEFI-block] SEFI-block  phys=0x000000001BA99E6E  start=104014  size=4096 B  bits~16436
  [SEFI-block] SEFI-block  phys=0x000000001BA84629  start=15881  size=4096 B  bits~16420
  [SEFI-block] SEFI-block  phys=0x000000001BA856C8  start=20136  size=4096 B  bits~16433
  [SEFI-block] SEFI-block  phys=0x000000001BA992B6  start=101014  size=4096 B  bits~16540
  [SEFI-block] SEFI-block  phys=0x000000001BA9919F  start=100735  size=4096 B  bits~16397
  [SEFI-block] SEFI-block  phys=0x000000001BA8F57A  start=60762  size=4096 B  bits~16295
  [SEFI-block] SEFI-block  phys=0x000000001BA9A0E0  start=104640  size=4096 B  bits~16501
  [SEFI-block] SEFI-block  phys=0x000000001BA9962F  start=101903  size=4096 B  bits~16304
  [SEFI-block] SEFI-block  phys=0x000000001BAA0BD4  start=132020  size=4096 B  bits~16297
  [SEFI-block] SEFI-block  phys=0x000000001BA88C3D  start=33821  size=4096 B  bits~16410
  [SEFI-block] SEFI-block  phys=0x000000001BAA0E8F  start=132719  size=4096 B  bits~16407
  [SEFI-block] SEFI-block  phys=0x000000001BA85C7A  start=21594  size=4096 B  bits~16397
  [SEFI-block] SEFI-block  phys=0x000000001BA9AA89  start=107113  size=4096 B  bits~16413
  [SEFI-block] SEFI-block  phys=0x000000001BA9A8A7  start=106631  size=4096 B  bits~16459
[Summary] target=input_tensor  baseline=75.00%  faulty=0.00%  recovery=0.00%

──── target=buffers ────
  [buffers_post] SEFI-block  phys=0x0000000002B37000  start=0  size=1008 B  bits~4065
  [buffers_post] SEFI-block  phys=0x0000000002B37000  start=0  size=1008 B  bits~4145
  [buffers_post] SEFI-block  phys=0x0000000002B37000  start=0  size=1008 B  bits~4100
  [buffers_post] SEFI-block  phys=0x0000000002B37000  start=0  size=1008 B  bits~4009
  [buffers_post] SEFI-block  phys=0x0000000002B37000  start=0  size=1008 B  bits~4052
  [buffers_post] SEFI-block  phys=0x0000000002B37000  start=0  size=1008 B  bits~4073
  [buffers_post] SEFI-block  phys=0x0000000002B37000  start=0  size=1008 B  bits~4044
  [buffers_post] SEFI-block  phys=0x0000000002B37000  start=0  size=1008 B  bits~4048
  [buffers_post] SEFI-block  phys=0x0000000002B37000  start=0  size=1008 B  bits~4022
  [buffers_post] SEFI-block  phys=0x0000000002B37000  start=0  size=1008 B  bits~4040
  [buffers_post] SEFI-block  phys=0x0000000002B37000  start=0  size=1008 B  bits~4119
  [buffers_post] SEFI-block  phys=0x0000000002B37000  start=0  size=1008 B  bits~4004
  [buffers_post] SEFI-block  phys=0x0000000002B37000  start=0  size=1008 B  bits~4045
  [buffers_post] SEFI-block  phys=0x0000000002B37000  start=0  size=1008 B  bits~4016
  [buffers_post] SEFI-block  phys=0x0000000002B37000  start=0  size=1008 B  bits~4051
  [buffers_post] SEFI-block  phys=0x0000000002B37000  start=0  size=1008 B  bits~4111
  [buffers_post] SEFI-block  phys=0x0000000002B37000  start=0  size=1008 B  bits~4007
  [buffers_post] SEFI-block  phys=0x0000000002B37000  start=0  size=1008 B  bits~4066
  [buffers_post] SEFI-block  phys=0x0000000002B37000  start=0  size=1008 B  bits~4082
  [buffers_post] SEFI-block  phys=0x0000000002B37000  start=0  size=1008 B  bits~4034
  [buffers_post] SEFI-block  phys=0x0000000002B37000  start=0  size=1008 B  bits~4094
  [buffers_post] SEFI-block  phys=0x0000000002B37000  start=0  size=1008 B  bits~3902
  [buffers_post] SEFI-block  phys=0x0000000002B37000  start=0  size=1008 B  bits~4099
  [buffers_post] SEFI-block  phys=0x0000000002B37000  start=0  size=1008 B  bits~3989
  [buffers_post] SEFI-block  phys=0x0000000002B37000  start=0  size=1008 B  bits~4072
  [buffers_post] SEFI-block  phys=0x0000000002B37000  start=0  size=1008 B  bits~3993
  [buffers_post] SEFI-block  phys=0x0000000002B37000  start=0  size=1008 B  bits~4056
  [buffers_post] SEFI-block  phys=0x0000000002B37000  start=0  size=1008 B  bits~4008
  [buffers_post] SEFI-block  phys=0x0000000002B37000  start=0  size=1008 B  bits~3979
  [buffers_post] SEFI-block  phys=0x0000000002B37000  start=0  size=1008 B  bits~4010
  [buffers_post] SEFI-block  phys=0x0000000002B37000  start=0  size=1008 B  bits~4055
  [buffers_post] SEFI-block  phys=0x0000000002B37000  start=0  size=1008 B  bits~4066
  [buffers_post] SEFI-block  phys=0x0000000002B37000  start=0  size=1008 B  bits~4024
  [buffers_post] SEFI-block  phys=0x0000000002B37000  start=0  size=1008 B  bits~4097
  [buffers_post] SEFI-block  phys=0x0000000002B37000  start=0  size=1008 B  bits~4016
  [buffers_post] SEFI-block  phys=0x0000000002B37000  start=0  size=1008 B  bits~4065
  [buffers_post] SEFI-block  phys=0x0000000002B37000  start=0  size=1008 B  bits~4074
  [buffers_post] SEFI-block  phys=0x0000000002B37000  start=0  size=1008 B  bits~4063
  [buffers_post] SEFI-block  phys=0x0000000002B37000  start=0  size=1008 B  bits~4067
  [buffers_post] SEFI-block  phys=0x0000000002B37000  start=0  size=1008 B  bits~4022
  [buffers_post] SEFI-block  phys=0x0000000002B37000  start=0  size=1008 B  bits~3967
  [buffers_post] SEFI-block  phys=0x0000000002B37000  start=0  size=1008 B  bits~4133
  [buffers_post] SEFI-block  phys=0x0000000002B37000  start=0  size=1008 B  bits~4016
  [buffers_post] SEFI-block  phys=0x0000000002B37000  start=0  size=1008 B  bits~4095
  [buffers_post] SEFI-block  phys=0x0000000002B37000  start=0  size=1008 B  bits~4030
  [buffers_post] SEFI-block  phys=0x0000000002B37000  start=0  size=1008 B  bits~4102
  [buffers_post] SEFI-block  phys=0x0000000002B37000  start=0  size=1008 B  bits~4014
  [buffers_post] SEFI-block  phys=0x0000000002B37000  start=0  size=1008 B  bits~4039
  [buffers_post] SEFI-block  phys=0x0000000002B37000  start=0  size=1008 B  bits~3944
  [buffers_post] SEFI-block  phys=0x0000000002B37000  start=0  size=1008 B  bits~3940
  [buffers_post] SEFI-block  phys=0x0000000002B37000  start=0  size=1008 B  bits~4012
  [buffers_post] SEFI-block  phys=0x0000000002B37000  start=0  size=1008 B  bits~4047
  [buffers_post] SEFI-block  phys=0x0000000002B37000  start=0  size=1008 B  bits~3993
  [buffers_post] SEFI-block  phys=0x0000000002B37000  start=0  size=1008 B  bits~4050
  [buffers_post] SEFI-block  phys=0x0000000002B37000  start=0  size=1008 B  bits~4068
  [buffers_post] SEFI-block  phys=0x0000000002B37000  start=0  size=1008 B  bits~4097
  [buffers_post] SEFI-block  phys=0x0000000002B37000  start=0  size=1008 B  bits~4044
  [buffers_post] SEFI-block  phys=0x0000000002B37000  start=0  size=1008 B  bits~4095
  [buffers_post] SEFI-block  phys=0x0000000002B37000  start=0  size=1008 B  bits~4080
  [buffers_post] SEFI-block  phys=0x0000000002B37000  start=0  size=1008 B  bits~4099
  [buffers_post] SEFI-block  phys=0x0000000002B37000  start=0  size=1008 B  bits~4119
  [buffers_post] SEFI-block  phys=0x0000000002B37000  start=0  size=1008 B  bits~4016
  [buffers_post] SEFI-block  phys=0x0000000002B37000  start=0  size=1008 B  bits~4103
  [buffers_post] SEFI-block  phys=0x0000000002B37000  start=0  size=1008 B  bits~4130
  [buffers_post] SEFI-block  phys=0x0000000002B37000  start=0  size=1008 B  bits~4035
  [buffers_post] SEFI-block  phys=0x0000000002B37000  start=0  size=1008 B  bits~3994
  [buffers_post] SEFI-block  phys=0x0000000002B37000  start=0  size=1008 B  bits~4085
  [buffers_post] SEFI-block  phys=0x0000000002B37000  start=0  size=1008 B  bits~3986
  [buffers_post] SEFI-block  phys=0x0000000002B37000  start=0  size=1008 B  bits~4012
  [buffers_post] SEFI-block  phys=0x0000000002B37000  start=0  size=1008 B  bits~4023
  [buffers_post] SEFI-block  phys=0x0000000002B37000  start=0  size=1008 B  bits~4055
  [buffers_post] SEFI-block  phys=0x0000000002B37000  start=0  size=1008 B  bits~4080
  [buffers_post] SEFI-block  phys=0x0000000002B37000  start=0  size=1008 B  bits~4099
  [buffers_post] SEFI-block  phys=0x0000000002B37000  start=0  size=1008 B  bits~4034
  [buffers_post] SEFI-block  phys=0x0000000002B37000  start=0  size=1008 B  bits~4001
  [buffers_post] SEFI-block  phys=0x0000000002B37000  start=0  size=1008 B  bits~4073
  [buffers_post] SEFI-block  phys=0x0000000002B37000  start=0  size=1008 B  bits~4036
  [buffers_post] SEFI-block  phys=0x0000000002B37000  start=0  size=1008 B  bits~4085
  [buffers_post] SEFI-block  phys=0x0000000002B37000  start=0  size=1008 B  bits~4094
  [buffers_post] SEFI-block  phys=0x0000000002B37000  start=0  size=1008 B  bits~4010
  [buffers_post] SEFI-block  phys=0x0000000002B37000  start=0  size=1008 B  bits~4109
  [buffers_post] SEFI-block  phys=0x0000000002B37000  start=0  size=1008 B  bits~4047
  [buffers_post] SEFI-block  phys=0x0000000002B37000  start=0  size=1008 B  bits~3981
  [buffers_post] SEFI-block  phys=0x0000000002B37000  start=0  size=1008 B  bits~4037
  [buffers_post] SEFI-block  phys=0x0000000002B37000  start=0  size=1008 B  bits~3990
  [buffers_post] SEFI-block  phys=0x0000000002B37000  start=0  size=1008 B  bits~4124
  [buffers_post] SEFI-block  phys=0x0000000002B37000  start=0  size=1008 B  bits~4013
  [buffers_post] SEFI-block  phys=0x0000000002B37000  start=0  size=1008 B  bits~4045
  [buffers_post] SEFI-block  phys=0x0000000002B37000  start=0  size=1008 B  bits~4021
  [buffers_post] SEFI-block  phys=0x0000000002B37000  start=0  size=1008 B  bits~4073
  [buffers_post] SEFI-block  phys=0x0000000002B37000  start=0  size=1008 B  bits~4029
  [buffers_post] SEFI-block  phys=0x0000000002B37000  start=0  size=1008 B  bits~4008
  [buffers_post] SEFI-block  phys=0x0000000002B37000  start=0  size=1008 B  bits~4081
  [buffers_post] SEFI-block  phys=0x0000000002B37000  start=0  size=1008 B  bits~4053
  [buffers_post] SEFI-block  phys=0x0000000002B37000  start=0  size=1008 B  bits~4083
  [buffers_post] SEFI-block  phys=0x0000000002B37000  start=0  size=1008 B  bits~4010
  [buffers_post] SEFI-block  phys=0x0000000002B37000  start=0  size=1008 B  bits~4081
  [buffers_post] SEFI-block  phys=0x0000000002B37000  start=0  size=1008 B  bits~4111
  [buffers_post] SEFI-block  phys=0x0000000002B37000  start=0  size=1008 B  bits~4031
  [buffers_post] SEFI-block  phys=0x0000000002B37000  start=0  size=1008 B  bits~4029
[Summary] target=buffers  baseline=75.00%  faulty=0.00%  recovery=0.00%
