[Setup] Input  data_fixed  size=150528 h=224 w=224
[Setup] Output fc1000_fixed  size=1000
[DDR4] Instructions: reg_val=0x1BD00  phys=0x000000001BD00000  size=742492 B
[DDR4] Weights:      phys=0x000000001BE00000  size=25726976 B
[DDR4] Input region: phys=0x000000001BA80000  total=152608 B  pixel_start=+2080 B
[Baseline] Accuracy: 75/100 = 75.00%

──── target=weights ────
  [MSEFI-DDR-reset] SEFI-block  phys=0x000000001BE89742  start=563010  size=2572697 B  bits~10331347
[Reset][SW] Recreating runner...
[Reset][SW] OK
  [MSEFI-DDR-reset] SEFI-block  phys=0x000000001C735483  start=9655427  size=2572697 B  bits~10332350
[Reset][SW] Recreating runner...
[Reset][SW] OK
  [MSEFI-DDR-reset] SEFI-block  phys=0x000000001CA90B93  start=13175699  size=2572697 B  bits~10332301
[Reset][SW] Recreating runner...
[Reset][SW] OK
  [MSEFI-DDR-reset] SEFI-block  phys=0x000000001CA787B5  start=13076405  size=2572697 B  bits~10330775
[Reset][SW] Recreating runner...
[Reset][SW] OK
  [MSEFI-DDR-reset] SEFI-block  phys=0x000000001CD0D9DC  start=15784412  size=2572697 B  bits~10328673
[Reset][SW] Recreating runner...
[Reset][SW] OK
  [MSEFI-DDR-reset] SEFI-block  phys=0x000000001C97512A  start=12013866  size=2572697 B  bits~10330901
[Reset][SW] Recreating runner...
[Reset][SW] OK
  [MSEFI-DDR-reset] SEFI-block  phys=0x000000001C2BFA4E  start=4979278  size=2572697 B  bits~10331870
[Reset][SW] Recreating runner...
[Reset][SW] OK
  [MSEFI-DDR-reset] SEFI-block  phys=0x000000001C2AFC27  start=4914215  size=2572697 B  bits~10325366
[Reset][SW] Recreating runner...
[Reset][SW] OK
  [MSEFI-DDR-reset] SEFI-block  phys=0x000000001C026448  start=2253896  size=2572697 B  bits~10330785
[Reset][SW] Recreating runner...
[Reset][SW] OK
  [MSEFI-DDR-reset] SEFI-block  phys=0x000000001CA210D7  start=12718295  size=2572697 B  bits~10329209
[Reset][SW] Recreating runner...
[Reset][SW] OK
  [MSEFI-DDR-reset] SEFI-block  phys=0x000000001CE66A6D  start=17197677  size=2572697 B  bits~10328176
[Reset][SW] Recreating runner...
[Reset][SW] OK
  [MSEFI-DDR-reset] SEFI-block  phys=0x000000001C885EBD  start=11034301  size=2572697 B  bits~10329595
[Reset][SW] Recreating runner...
[Reset][SW] OK
  [MSEFI-DDR-reset] SEFI-block  phys=0x000000001CBBEF77  start=14413687  size=2572697 B  bits~10328729
[Reset][SW] Recreating runner...
[Reset][SW] OK
  [MSEFI-DDR-reset] SEFI-block  phys=0x000000001C364B6F  start=5655407  size=2572697 B  bits~10329187
[Reset][SW] Recreating runner...
[Reset][SW] OK
  [MSEFI-DDR-reset] SEFI-block  phys=0x000000001CA5E555  start=12969301  size=2572697 B  bits~10332872
[Reset][SW] Recreating runner...
[Reset][SW] OK
  [MSEFI-DDR-reset] SEFI-block  phys=0x000000001CB0E4B6  start=13690038  size=2572697 B  bits~10328680
[Reset][SW] Recreating runner...
[Reset][SW] OK
  [MSEFI-DDR-reset] SEFI-block  phys=0x000000001CFE5F89  start=18767753  size=2572697 B  bits~10327747
[Reset][SW] Recreating runner...
[Reset][SW] OK
  [MSEFI-DDR-reset] SEFI-block  phys=0x000000001D40A2B7  start=23110327  size=2572697 B  bits~10327580
[Reset][SW] Recreating runner...
[Reset][SW] OK
  [MSEFI-DDR-reset] SEFI-block  phys=0x000000001CCBEED3  start=15462099  size=2572697 B  bits~10331908
[Reset][SW] Recreating runner...
[Reset][SW] OK
  [MSEFI-DDR-reset] SEFI-block  phys=0x000000001C3637F9  start=5650425  size=2572697 B  bits~10333184
[Reset][SW] Recreating runner...
[Reset][SW] OK
  [MSEFI-DDR-reset] SEFI-block  phys=0x000000001CC70AAA  start=15141546  size=2572697 B  bits~10333119
[Reset][SW] Recreating runner...
[Reset][SW] OK
  [MSEFI-DDR-reset] SEFI-block  phys=0x000000001C2C5513  start=5002515  size=2572697 B  bits~10336595
[Reset][SW] Recreating runner...
[Reset][SW] OK
  [MSEFI-DDR-reset] SEFI-block  phys=0x000000001C09B7B6  start=2734006  size=2572697 B  bits~10329387
[Reset][SW] Recreating runner...
[Reset][SW] OK
  [MSEFI-DDR-reset] SEFI-block  phys=0x000000001BFED0B4  start=2019508  size=2572697 B  bits~10327116
[Reset][SW] Recreating runner...
[Reset][SW] OK
  [MSEFI-DDR-reset] SEFI-block  phys=0x000000001C59FE3D  start=7994941  size=2572697 B  bits~10331625
[Reset][SW] Recreating runner...
[Reset][SW] OK
  [MSEFI-DDR-reset] SEFI-block  phys=0x000000001CABE945  start=13363525  size=2572697 B  bits~10333472
[Reset][SW] Recreating runner...
[Reset][SW] OK
  [MSEFI-DDR-reset] SEFI-block  phys=0x000000001CEDFFED  start=17694701  size=2572697 B  bits~10331620
[Reset][SW] Recreating runner...
[Reset][SW] OK
  [MSEFI-DDR-reset] SEFI-block  phys=0x000000001BF64C02  start=1461250  size=2572697 B  bits~10329395
[Reset][SW] Recreating runner...
[Reset][SW] OK
  [MSEFI-DDR-reset] SEFI-block  phys=0x000000001CFBEC6D  start=18607213  size=2572697 B  bits~10330317
[Reset][SW] Recreating runner...
[Reset][SW] OK
  [MSEFI-DDR-reset] SEFI-block  phys=0x000000001CCBC3F4  start=15451124  size=2572697 B  bits~10331847
[Reset][SW] Recreating runner...
[Reset][SW] OK
  [MSEFI-DDR-reset] SEFI-block  phys=0x000000001C5F8743  start=8357699  size=2572697 B  bits~10332248
[Reset][SW] Recreating runner...
[Reset][SW] OK
  [MSEFI-DDR-reset] SEFI-block  phys=0x000000001BECF4DE  start=849118  size=2572697 B  bits~10328935
[Reset][SW] Recreating runner...
[Reset][SW] OK
  [MSEFI-DDR-reset] SEFI-block  phys=0x000000001CAE02D0  start=13501136  size=2572697 B  bits~10331928
[Reset][SW] Recreating runner...
[Reset][SW] OK
  [MSEFI-DDR-reset] SEFI-block  phys=0x000000001D1CC49A  start=20759706  size=2572697 B  bits~10332470
[Reset][SW] Recreating runner...
[Reset][SW] OK
  [MSEFI-DDR-reset] SEFI-block  phys=0x000000001CB49FE5  start=13934565  size=2572697 B  bits~10330667
[Reset][SW] Recreating runner...
[Reset][SW] OK
  [MSEFI-DDR-reset] SEFI-block  phys=0x000000001D1E30B6  start=20852918  size=2572697 B  bits~10331517
[Reset][SW] Recreating runner...
[Reset][SW] OK
  [MSEFI-DDR-reset] SEFI-block  phys=0x000000001C37BE07  start=5750279  size=2572697 B  bits~10329077
[Reset][SW] Recreating runner...
[Reset][SW] OK
  [MSEFI-DDR-reset] SEFI-block  phys=0x000000001D0AF1CE  start=19591630  size=2572697 B  bits~10330895
[Reset][SW] Recreating runner...
[Reset][SW] OK
  [MSEFI-DDR-reset] SEFI-block  phys=0x000000001C44C074  start=6602868  size=2572697 B  bits~10328899
[Reset][SW] Recreating runner...
[Reset][SW] OK
  [MSEFI-DDR-reset] SEFI-block  phys=0x000000001D2553E0  start=21320672  size=2572697 B  bits~10329701
[Reset][SW] Recreating runner...
[Reset][SW] OK
  [MSEFI-DDR-reset] SEFI-block  phys=0x000000001CFDA011  start=18718737  size=2572697 B  bits~10331887
[Reset][SW] Recreating runner...
[Reset][SW] OK
  [MSEFI-DDR-reset] SEFI-block  phys=0x000000001D40F050  start=23130192  size=2572697 B  bits~10330579
[Reset][SW] Recreating runner...
[Reset][SW] OK
  [MSEFI-DDR-reset] SEFI-block  phys=0x000000001C0C417D  start=2900349  size=2572697 B  bits~10328788
[Reset][SW] Recreating runner...
[Reset][SW] OK
  [MSEFI-DDR-reset] SEFI-block  phys=0x000000001C427BFF  start=6454271  size=2572697 B  bits~10330726
[Reset][SW] Recreating runner...
[Reset][SW] OK
  [MSEFI-DDR-reset] SEFI-block  phys=0x000000001C50EEB4  start=7401140  size=2572697 B  bits~10333995
[Reset][SW] Recreating runner...
[Reset][SW] OK
  [MSEFI-DDR-reset] SEFI-block  phys=0x000000001C83973B  start=10721083  size=2572697 B  bits~10328510
[Reset][SW] Recreating runner...
[Reset][SW] OK
  [MSEFI-DDR-reset] SEFI-block  phys=0x000000001C10DD6C  start=3202412  size=2572697 B  bits~10326926
[Reset][SW] Recreating runner...
[Reset][SW] OK
  [MSEFI-DDR-reset] SEFI-block  phys=0x000000001D3B8606  start=22775302  size=2572697 B  bits~10322773
[Reset][SW] Recreating runner...
[Reset][SW] OK
  [MSEFI-DDR-reset] SEFI-block  phys=0x000000001D09DC9C  start=19520668  size=2572697 B  bits~10331438
[Reset][SW] Recreating runner...
[Reset][SW] OK
  [MSEFI-DDR-reset] SEFI-block  phys=0x000000001C0FBD59  start=3128665  size=2572697 B  bits~10328673
[Reset][SW] Recreating runner...
[Reset][SW] OK
  [MSEFI-DDR-reset] SEFI-block  phys=0x000000001C4CE337  start=7136055  size=2572697 B  bits~10330563
[Reset][SW] Recreating runner...
[Reset][SW] OK
  [MSEFI-DDR-reset] SEFI-block  phys=0x000000001C089A56  start=2660950  size=2572697 B  bits~10328308
[Reset][SW] Recreating runner...
[Reset][SW] OK
  [MSEFI-DDR-reset] SEFI-block  phys=0x000000001BFDF611  start=1963537  size=2572697 B  bits~10330263
[Reset][SW] Recreating runner...
[Reset][SW] OK
  [MSEFI-DDR-reset] SEFI-block  phys=0x000000001D3E2F3B  start=22949691  size=2572697 B  bits~10330483
[Reset][SW] Recreating runner...
[Reset][SW] OK
  [MSEFI-DDR-reset] SEFI-block  phys=0x000000001C57416D  start=7815533  size=2572697 B  bits~10329198
[Reset][SW] Recreating runner...
[Reset][SW] OK
  [MSEFI-DDR-reset] SEFI-block  phys=0x000000001D06B923  start=19314979  size=2572697 B  bits~10330567
[Reset][SW] Recreating runner...
[Reset][SW] OK
  [MSEFI-DDR-reset] SEFI-block  phys=0x000000001CBC6E7E  start=14446206  size=2572697 B  bits~10329062
[Reset][SW] Recreating runner...
[Reset][SW] OK
  [MSEFI-DDR-reset] SEFI-block  phys=0x000000001C50A5FC  start=7382524  size=2572697 B  bits~10328909
[Reset][SW] Recreating runner...
[Reset][SW] OK
  [MSEFI-DDR-reset] SEFI-block  phys=0x000000001C1F391A  start=4143386  size=2572697 B  bits~10331599
[Reset][SW] Recreating runner...
[Reset][SW] OK
  [MSEFI-DDR-reset] SEFI-block  phys=0x000000001C4B55FA  start=7034362  size=2572697 B  bits~10332441
[Reset][SW] Recreating runner...
[Reset][SW] OK
  [MSEFI-DDR-reset] SEFI-block  phys=0x000000001BE2600E  start=155662  size=2572697 B  bits~10331442
[Reset][SW] Recreating runner...
[Reset][SW] OK
  [MSEFI-DDR-reset] SEFI-block  phys=0x000000001C7E5096  start=10375318  size=2572697 B  bits~10326680
[Reset][SW] Recreating runner...
[Reset][SW] OK
  [MSEFI-DDR-reset] SEFI-block  phys=0x000000001C6ED710  start=9361168  size=2572697 B  bits~10334400
[Reset][SW] Recreating runner...
[Reset][SW] OK
  [MSEFI-DDR-reset] SEFI-block  phys=0x000000001C6E019A  start=9306522  size=2572697 B  bits~10330898
[Reset][SW] Recreating runner...
[Reset][SW] OK
  [MSEFI-DDR-reset] SEFI-block  phys=0x000000001C12B9D4  start=3324372  size=2572697 B  bits~10330206
[Reset][SW] Recreating runner...
[Reset][SW] OK
  [MSEFI-DDR-reset] SEFI-block  phys=0x000000001C6A0334  start=9044788  size=2572697 B  bits~10330188
[Reset][SW] Recreating runner...
[Reset][SW] OK
  [MSEFI-DDR-reset] SEFI-block  phys=0x000000001D0055E6  start=18896358  size=2572697 B  bits~10327117
[Reset][SW] Recreating runner...
[Reset][SW] OK
  [MSEFI-DDR-reset] SEFI-block  phys=0x000000001D1B2AE6  start=20654822  size=2572697 B  bits~10330536
[Reset][SW] Recreating runner...
[Reset][SW] OK
  [MSEFI-DDR-reset] SEFI-block  phys=0x000000001C37181F  start=5707807  size=2572697 B  bits~10334216
[Reset][SW] Recreating runner...
[Reset][SW] OK
  [MSEFI-DDR-reset] SEFI-block  phys=0x000000001CF18962  start=17926498  size=2572697 B  bits~10331255
[Reset][SW] Recreating runner...
[Reset][SW] OK
  [MSEFI-DDR-reset] SEFI-block  phys=0x000000001C9D2580  start=12395904  size=2572697 B  bits~10332122
[Reset][SW] Recreating runner...
[Reset][SW] OK
  [MSEFI-DDR-reset] SEFI-block  phys=0x000000001C723541  start=9581889  size=2572697 B  bits~10331233
[Reset][SW] Recreating runner...
[Reset][SW] OK
  [MSEFI-DDR-reset] SEFI-block  phys=0x000000001BEFB672  start=1029746  size=2572697 B  bits~10329627
[Reset][SW] Recreating runner...
[Reset][SW] OK
  [MSEFI-DDR-reset] SEFI-block  phys=0x000000001C75C829  start=9816105  size=2572697 B  bits~10335259
[Reset][SW] Recreating runner...
[Reset][SW] OK
  [MSEFI-DDR-reset] SEFI-block  phys=0x000000001CD7AF62  start=16232290  size=2572697 B  bits~10330756
[Reset][SW] Recreating runner...
[Reset][SW] OK
  [MSEFI-DDR-reset] SEFI-block  phys=0x000000001C9BF60F  start=12318223  size=2572697 B  bits~10327869
[Reset][SW] Recreating runner...
[Reset][SW] OK
  [MSEFI-DDR-reset] SEFI-block  phys=0x000000001D26A911  start=21408017  size=2572697 B  bits~10331011
[Reset][SW] Recreating runner...
[Reset][SW] OK
  [MSEFI-DDR-reset] SEFI-block  phys=0x000000001BEF6C74  start=1010804  size=2572697 B  bits~10331264
[Reset][SW] Recreating runner...
[Reset][SW] OK
  [MSEFI-DDR-reset] SEFI-block  phys=0x000000001C14B1FA  start=3453434  size=2572697 B  bits~10333472
[Reset][SW] Recreating runner...
[Reset][SW] OK
  [MSEFI-DDR-reset] SEFI-block  phys=0x000000001CBC2F9D  start=14430109  size=2572697 B  bits~10334062
[Reset][SW] Recreating runner...
[Reset][SW] OK
  [MSEFI-DDR-reset] SEFI-block  phys=0x000000001C240C8C  start=4459660  size=2572697 B  bits~10328258
[Reset][SW] Recreating runner...
[Reset][SW] OK
  [MSEFI-DDR-reset] SEFI-block  phys=0x000000001CE8376E  start=17315694  size=2572697 B  bits~10331424
[Reset][SW] Recreating runner...
[Reset][SW] OK
  [MSEFI-DDR-reset] SEFI-block  phys=0x000000001CD227D0  start=15869904  size=2572697 B  bits~10328360
[Reset][SW] Recreating runner...
[Reset][SW] OK
  [MSEFI-DDR-reset] SEFI-block  phys=0x000000001C06DE15  start=2547221  size=2572697 B  bits~10329481
[Reset][SW] Recreating runner...
[Reset][SW] OK
  [MSEFI-DDR-reset] SEFI-block  phys=0x000000001BFF097B  start=2034043  size=2572697 B  bits~10329632
[Reset][SW] Recreating runner...
[Reset][SW] OK
  [MSEFI-DDR-reset] SEFI-block  phys=0x000000001BF13650  start=1128016  size=2572697 B  bits~10331656
[Reset][SW] Recreating runner...
[Reset][SW] OK
  [MSEFI-DDR-reset] SEFI-block  phys=0x000000001BECEC9A  start=847002  size=2572697 B  bits~10335041
[Reset][SW] Recreating runner...
[Reset][SW] OK
  [MSEFI-DDR-reset] SEFI-block  phys=0x000000001CB7297B  start=14100859  size=2572697 B  bits~10330476
[Reset][SW] Recreating runner...
[Reset][SW] OK
  [MSEFI-DDR-reset] SEFI-block  phys=0x000000001C57F4BA  start=7861434  size=2572697 B  bits~10330782
[Reset][SW] Recreating runner...
[Reset][SW] OK
  [MSEFI-DDR-reset] SEFI-block  phys=0x000000001CEB3AFC  start=17513212  size=2572697 B  bits~10330931
[Reset][SW] Recreating runner...
[Reset][SW] OK
  [MSEFI-DDR-reset] SEFI-block  phys=0x000000001CAA2703  start=13248259  size=2572697 B  bits~10329262
[Reset][SW] Recreating runner...
[Reset][SW] OK
  [MSEFI-DDR-reset] SEFI-block  phys=0x000000001C6BE275  start=9167477  size=2572697 B  bits~10334524
[Reset][SW] Recreating runner...
[Reset][SW] OK
  [MSEFI-DDR-reset] SEFI-block  phys=0x000000001D1CA130  start=20750640  size=2572697 B  bits~10330185
[Reset][SW] Recreating runner...
[Reset][SW] OK
  [MSEFI-DDR-reset] SEFI-block  phys=0x000000001BE8ABA1  start=568225  size=2572697 B  bits~10333548
[Reset][SW] Recreating runner...
[Reset][SW] OK
  [MSEFI-DDR-reset] SEFI-block  phys=0x000000001C3E31C9  start=6173129  size=2572697 B  bits~10331066
[Reset][SW] Recreating runner...
[Reset][SW] OK
  [MSEFI-DDR-reset] SEFI-block  phys=0x000000001C0E11FE  start=3019262  size=2572697 B  bits~10328287
[Reset][SW] Recreating runner...
[Reset][SW] OK
  [MSEFI-DDR-reset] SEFI-block  phys=0x000000001C063C12  start=2505746  size=2572697 B  bits~10330844
[Reset][SW] Recreating runner...
[Reset][SW] OK
  [MSEFI-DDR-reset] SEFI-block  phys=0x000000001CFAB6AF  start=18527919  size=2572697 B  bits~10330365
[Reset][SW] Recreating runner...
[Reset][SW] OK
  [MSEFI-DDR-reset] SEFI-block  phys=0x000000001C0C08D0  start=2885840  size=2572697 B  bits~10327285
[Reset][SW] Recreating runner...
[Reset][SW] OK
  [MSEFI-DDR-reset] SEFI-block  phys=0x000000001CCBA055  start=15442005  size=2572697 B  bits~10330211
[Reset][SW] Recreating runner...
[Reset][SW] OK
[Summary] target=weights  baseline=75.00%  faulty=0.00%  recovery=75.00%

──── target=input_tensor ────
  [MSEFI-DDR-reset] SEFI-block  phys=0x000000001BF5AE9A  start=1420954  size=2572697 B  bits~10336797
[Reset][SW] Recreating runner...
[Reset][SW] OK
  [MSEFI-DDR-reset] SEFI-block  phys=0x000000001C6DC991  start=9292177  size=2572697 B  bits~10331935
[Reset][SW] Recreating runner...
[Reset][SW] OK
  [MSEFI-DDR-reset] SEFI-block  phys=0x000000001D1D9FA6  start=20815782  size=2572697 B  bits~10330718
[Reset][SW] Recreating runner...
[Reset][SW] OK
  [MSEFI-DDR-reset] SEFI-block  phys=0x000000001C6CFFBB  start=9240507  size=2572697 B  bits~10330232
[Reset][SW] Recreating runner...
[Reset][SW] OK
  [MSEFI-DDR-reset] SEFI-block  phys=0x000000001BF9DB6B  start=1694571  size=2572697 B  bits~10332521
[Reset][SW] Recreating runner...
[Reset][SW] OK
  [MSEFI-DDR-reset] SEFI-block  phys=0x000000001CDCF0F9  start=16576761  size=2572697 B  bits~10330920
[Reset][SW] Recreating runner...
[Reset][SW] OK
  [MSEFI-DDR-reset] SEFI-block  phys=0x000000001C29ADA0  start=4828576  size=2572697 B  bits~10333597
[Reset][SW] Recreating runner...
[Reset][SW] OK
  [MSEFI-DDR-reset] SEFI-block  phys=0x000000001C154FDB  start=3493851  size=2572697 B  bits~10330842
[Reset][SW] Recreating runner...
[Reset][SW] OK
  [MSEFI-DDR-reset] SEFI-block  phys=0x000000001CD1F9B0  start=15858096  size=2572697 B  bits~10330390
[Reset][SW] Recreating runner...
[Reset][SW] OK
  [MSEFI-DDR-reset] SEFI-block  phys=0x000000001C94B931  start=11843889  size=2572697 B  bits~10331644
[Reset][SW] Recreating runner...
[Reset][SW] OK
  [MSEFI-DDR-reset] SEFI-block  phys=0x000000001D031DFE  start=19078654  size=2572697 B  bits~10329406
[Reset][SW] Recreating runner...
[Reset][SW] OK
  [MSEFI-DDR-reset] SEFI-block  phys=0x000000001C7DDB49  start=10345289  size=2572697 B  bits~10328333
[Reset][SW] Recreating runner...
[Reset][SW] OK
  [MSEFI-DDR-reset] SEFI-block  phys=0x000000001C63F4C6  start=8647878  size=2572697 B  bits~10332964
[Reset][SW] Recreating runner...
[Reset][SW] OK
  [MSEFI-DDR-reset] SEFI-block  phys=0x000000001C8D9DC7  start=11378119  size=2572697 B  bits~10334352
[Reset][SW] Recreating runner...
[Reset][SW] OK
  [MSEFI-DDR-reset] SEFI-block  phys=0x000000001CF1E3C9  start=17949641  size=2572697 B  bits~10328729
[Reset][SW] Recreating runner...
[Reset][SW] OK
  [MSEFI-DDR-reset] SEFI-block  phys=0x000000001C32B1F6  start=5419510  size=2572697 B  bits~10331513
[Reset][SW] Recreating runner...
[Reset][SW] OK
  [MSEFI-DDR-reset] SEFI-block  phys=0x000000001CFF3613  start=18822675  size=2572697 B  bits~10329355
[Reset][SW] Recreating runner...
[Reset][SW] OK
  [MSEFI-DDR-reset] SEFI-block  phys=0x000000001C7E22C8  start=10363592  size=2572697 B  bits~10327558
[Reset][SW] Recreating runner...
[Reset][SW] OK
  [MSEFI-DDR-reset] SEFI-block  phys=0x000000001C62382D  start=8534061  size=2572697 B  bits~10325504
[Reset][SW] Recreating runner...
[Reset][SW] OK
  [MSEFI-DDR-reset] SEFI-block  phys=0x000000001CD5162D  start=16061997  size=2572697 B  bits~10331764
[Reset][SW] Recreating runner...
[Reset][SW] OK
  [MSEFI-DDR-reset] SEFI-block  phys=0x000000001CDCC8C3  start=16566467  size=2572697 B  bits~10328013
[Reset][SW] Recreating runner...
[Reset][SW] OK
  [MSEFI-DDR-reset] SEFI-block  phys=0x000000001D1FB08A  start=20951178  size=2572697 B  bits~10327928
[Reset][SW] Recreating runner...
[Reset][SW] OK
  [MSEFI-DDR-reset] SEFI-block  phys=0x000000001C163986  start=3553670  size=2572697 B  bits~10337049
[Reset][SW] Recreating runner...
[Reset][SW] OK
  [MSEFI-DDR-reset] SEFI-block  phys=0x000000001C99FF94  start=12189588  size=2572697 B  bits~10334867
[Reset][SW] Recreating runner...
[Reset][SW] OK
  [MSEFI-DDR-reset] SEFI-block  phys=0x000000001C40A0ED  start=6332653  size=2572697 B  bits~10329596
[Reset][SW] Recreating runner...
[Reset][SW] OK
  [MSEFI-DDR-reset] SEFI-block  phys=0x000000001C2724BC  start=4662460  size=2572697 B  bits~10332616
[Reset][SW] Recreating runner...
[Reset][SW] OK
  [MSEFI-DDR-reset] SEFI-block  phys=0x000000001CC5A139  start=15049017  size=2572697 B  bits~10329598
[Reset][SW] Recreating runner...
[Reset][SW] OK
  [MSEFI-DDR-reset] SEFI-block  phys=0x000000001C65CF55  start=8769365  size=2572697 B  bits~10332191
[Reset][SW] Recreating runner...
[Reset][SW] OK
  [MSEFI-DDR-reset] SEFI-block  phys=0x000000001D182067  start=20455527  size=2572697 B  bits~10332104
[Reset][SW] Recreating runner...
[Reset][SW] OK
  [MSEFI-DDR-reset] SEFI-block  phys=0x000000001D1D1E5E  start=20782686  size=2572697 B  bits~10329803
[Reset][SW] Recreating runner...
[Reset][SW] OK
  [MSEFI-DDR-reset] SEFI-block  phys=0x000000001C5E25EE  start=8267246  size=2572697 B  bits~10334003
[Reset][SW] Recreating runner...
[Reset][SW] OK
  [MSEFI-DDR-reset] SEFI-block  phys=0x000000001C7E15FB  start=10360315  size=2572697 B  bits~10331734
[Reset][SW] Recreating runner...
[Reset][SW] OK
  [MSEFI-DDR-reset] SEFI-block  phys=0x000000001CEC0C6E  start=17566830  size=2572697 B  bits~10330037
[Reset][SW] Recreating runner...
[Reset][SW] OK
  [MSEFI-DDR-reset] SEFI-block  phys=0x000000001C949E3D  start=11836989  size=2572697 B  bits~10331184
[Reset][SW] Recreating runner...
[Reset][SW] OK
  [MSEFI-DDR-reset] SEFI-block  phys=0x000000001CEDD472  start=17683570  size=2572697 B  bits~10334914
[Reset][SW] Recreating runner...
[Reset][SW] OK
  [MSEFI-DDR-reset] SEFI-block  phys=0x000000001CBC1592  start=14423442  size=2572697 B  bits~10331065
[Reset][SW] Recreating runner...
[Reset][SW] OK
  [MSEFI-DDR-reset] SEFI-block  phys=0x000000001D2414AD  start=21238957  size=2572697 B  bits~10331769
[Reset][SW] Recreating runner...
[Reset][SW] OK
  [MSEFI-DDR-reset] SEFI-block  phys=0x000000001C303A4A  start=5257802  size=2572697 B  bits~10330906
[Reset][SW] Recreating runner...
[Reset][SW] OK
  [MSEFI-DDR-reset] SEFI-block  phys=0x000000001CBBCF0A  start=14405386  size=2572697 B  bits~10329957
[Reset][SW] Recreating runner...
[Reset][SW] OK
  [MSEFI-DDR-reset] SEFI-block  phys=0x000000001C6E90A6  start=9343142  size=2572697 B  bits~10330196
[Reset][SW] Recreating runner...
[Reset][SW] OK
  [MSEFI-DDR-reset] SEFI-block  phys=0x000000001BEAC2F5  start=705269  size=2572697 B  bits~10337318
[Reset][SW] Recreating runner...
[Reset][SW] OK
  [MSEFI-DDR-reset] SEFI-block  phys=0x000000001C373C6D  start=5717101  size=2572697 B  bits~10329311
[Reset][SW] Recreating runner...
[Reset][SW] OK
  [MSEFI-DDR-reset] SEFI-block  phys=0x000000001CC06265  start=14705253  size=2572697 B  bits~10334498
[Reset][SW] Recreating runner...
[Reset][SW] OK
  [MSEFI-DDR-reset] SEFI-block  phys=0x000000001C524379  start=7488377  size=2572697 B  bits~10330475
[Reset][SW] Recreating runner...
[Reset][SW] OK
  [MSEFI-DDR-reset] SEFI-block  phys=0x000000001CD3F51C  start=15987996  size=2572697 B  bits~10330708
[Reset][SW] Recreating runner...
[Reset][SW] OK
  [MSEFI-DDR-reset] SEFI-block  phys=0x000000001C272CFB  start=4664571  size=2572697 B  bits~10328515
[Reset][SW] Recreating runner...
[Reset][SW] OK
  [MSEFI-DDR-reset] SEFI-block  phys=0x000000001D25D44E  start=21353550  size=2572697 B  bits~10335568
[Reset][SW] Recreating runner...
[Reset][SW] OK
  [MSEFI-DDR-reset] SEFI-block  phys=0x000000001CD783AA  start=16221098  size=2572697 B  bits~10335345
[Reset][SW] Recreating runner...
[Reset][SW] OK
  [MSEFI-DDR-reset] SEFI-block  phys=0x000000001C8B5B29  start=11229993  size=2572697 B  bits~10330751
[Reset][SW] Recreating runner...
[Reset][SW] OK
  [MSEFI-DDR-reset] SEFI-block  phys=0x000000001CA0EF76  start=12644214  size=2572697 B  bits~10327692
[Reset][SW] Recreating runner...
[Reset][SW] OK
  [MSEFI-DDR-reset] SEFI-block  phys=0x000000001D0DAF10  start=19771152  size=2572697 B  bits~10332310
[Reset][SW] Recreating runner...
[Reset][SW] OK
  [MSEFI-DDR-reset] SEFI-block  phys=0x000000001C28DB09  start=4774665  size=2572697 B  bits~10336148
[Reset][SW] Recreating runner...
[Reset][SW] OK
  [MSEFI-DDR-reset] SEFI-block  phys=0x000000001C74C9CB  start=9750987  size=2572697 B  bits~10332438
[Reset][SW] Recreating runner...
[Reset][SW] OK
  [MSEFI-DDR-reset] SEFI-block  phys=0x000000001C657DF2  start=8748530  size=2572697 B  bits~10328851
[Reset][SW] Recreating runner...
[Reset][SW] OK
  [MSEFI-DDR-reset] SEFI-block  phys=0x000000001CDF97B9  start=16750521  size=2572697 B  bits~10333653
[Reset][SW] Recreating runner...
[Reset][SW] OK
  [MSEFI-DDR-reset] SEFI-block  phys=0x000000001D1438D2  start=20199634  size=2572697 B  bits~10330319
[Reset][SW] Recreating runner...
[Reset][SW] OK
  [MSEFI-DDR-reset] SEFI-block  phys=0x000000001CB88992  start=14190994  size=2572697 B  bits~10328099
[Reset][SW] Recreating runner...
[Reset][SW] OK
  [MSEFI-DDR-reset] SEFI-block  phys=0x000000001D09111E  start=19468574  size=2572697 B  bits~10327067
[Reset][SW] Recreating runner...
[Reset][SW] OK
  [MSEFI-DDR-reset] SEFI-block  phys=0x000000001C2E325B  start=5124699  size=2572697 B  bits~10331833
[Reset][SW] Recreating runner...
[Reset][SW] OK
  [MSEFI-DDR-reset] SEFI-block  phys=0x000000001C815DE1  start=10575329  size=2572697 B  bits~10334638
[Reset][SW] Recreating runner...
[Reset][SW] OK
  [MSEFI-DDR-reset] SEFI-block  phys=0x000000001CBF045B  start=14615643  size=2572697 B  bits~10331672
[Reset][SW] Recreating runner...
[Reset][SW] OK
  [MSEFI-DDR-reset] SEFI-block  phys=0x000000001C49CAF5  start=6933237  size=2572697 B  bits~10332628
[Reset][SW] Recreating runner...
[Reset][SW] OK
  [MSEFI-DDR-reset] SEFI-block  phys=0x000000001C681B0C  start=8919820  size=2572697 B  bits~10333089
[Reset][SW] Recreating runner...
[Reset][SW] OK
  [MSEFI-DDR-reset] SEFI-block  phys=0x000000001C59254F  start=7939407  size=2572697 B  bits~10329060
[Reset][SW] Recreating runner...
[Reset][SW] OK
  [MSEFI-DDR-reset] SEFI-block  phys=0x000000001CAA4500  start=13255936  size=2572697 B  bits~10329755
[Reset][SW] Recreating runner...
[Reset][SW] OK
  [MSEFI-DDR-reset] SEFI-block  phys=0x000000001CFAA562  start=18523490  size=2572697 B  bits~10326491
[Reset][SW] Recreating runner...
[Reset][SW] OK
  [MSEFI-DDR-reset] SEFI-block  phys=0x000000001C4E904F  start=7245903  size=2572697 B  bits~10334284
[Reset][SW] Recreating runner...
[Reset][SW] OK
  [MSEFI-DDR-reset] SEFI-block  phys=0x000000001CAA36A2  start=13252258  size=2572697 B  bits~10328163
[Reset][SW] Recreating runner...
[Reset][SW] OK
  [MSEFI-DDR-reset] SEFI-block  phys=0x000000001D1BAD59  start=20688217  size=2572697 B  bits~10331648
[Reset][SW] Recreating runner...
[Reset][SW] OK
  [MSEFI-DDR-reset] SEFI-block  phys=0x000000001C1CF617  start=3995159  size=2572697 B  bits~10327518
[Reset][SW] Recreating runner...
[Reset][SW] OK
  [MSEFI-DDR-reset] SEFI-block  phys=0x000000001D0D2519  start=19735833  size=2572697 B  bits~10329493
[Reset][SW] Recreating runner...
[Reset][SW] OK
  [MSEFI-DDR-reset] SEFI-block  phys=0x000000001D03D109  start=19124489  size=2572697 B  bits~10329016
[Reset][SW] Recreating runner...
[Reset][SW] OK
  [MSEFI-DDR-reset] SEFI-block  phys=0x000000001C371F11  start=5709585  size=2572697 B  bits~10329472
[Reset][SW] Recreating runner...
[Reset][SW] OK
  [MSEFI-DDR-reset] SEFI-block  phys=0x000000001D2BDF8E  start=21749646  size=2572697 B  bits~10332076
[Reset][SW] Recreating runner...
[Reset][SW] OK
  [MSEFI-DDR-reset] SEFI-block  phys=0x000000001C63DAB2  start=8641202  size=2572697 B  bits~10331431
[Reset][SW] Recreating runner...
[Reset][SW] OK
  [MSEFI-DDR-reset] SEFI-block  phys=0x000000001D3FDE79  start=23060089  size=2572697 B  bits~10330935
[Reset][SW] Recreating runner...
[Reset][SW] OK
  [MSEFI-DDR-reset] SEFI-block  phys=0x000000001C8855EB  start=11032043  size=2572697 B  bits~10329241
[Reset][SW] Recreating runner...
[Reset][SW] OK
  [MSEFI-DDR-reset] SEFI-block  phys=0x000000001BEF21DB  start=991707  size=2572697 B  bits~10332498
[Reset][SW] Recreating runner...
[Reset][SW] OK
  [MSEFI-DDR-reset] SEFI-block  phys=0x000000001CF27115  start=17985813  size=2572697 B  bits~10335905
[Reset][SW] Recreating runner...
[Reset][SW] OK
  [MSEFI-DDR-reset] SEFI-block  phys=0x000000001C6627DF  start=8792031  size=2572697 B  bits~10326810
[Reset][SW] Recreating runner...
[Reset][SW] OK
  [MSEFI-DDR-reset] SEFI-block  phys=0x000000001CCB0439  start=15402041  size=2572697 B  bits~10332048
[Reset][SW] Recreating runner...
[Reset][SW] OK
  [MSEFI-DDR-reset] SEFI-block  phys=0x000000001C976D9C  start=12021148  size=2572697 B  bits~10333117
[Reset][SW] Recreating runner...
[Reset][SW] OK
  [MSEFI-DDR-reset] SEFI-block  phys=0x000000001CA8160D  start=13112845  size=2572697 B  bits~10324412
[Reset][SW] Recreating runner...
[Reset][SW] OK
  [MSEFI-DDR-reset] SEFI-block  phys=0x000000001D1EE621  start=20899361  size=2572697 B  bits~10329721
[Reset][SW] Recreating runner...
[Reset][SW] OK
  [MSEFI-DDR-reset] SEFI-block  phys=0x000000001C94D323  start=11850531  size=2572697 B  bits~10331628
[Reset][SW] Recreating runner...
[Reset][SW] OK
  [MSEFI-DDR-reset] SEFI-block  phys=0x000000001C632A2F  start=8596015  size=2572697 B  bits~10332368
[Reset][SW] Recreating runner...
[Reset][SW] OK
  [MSEFI-DDR-reset] SEFI-block  phys=0x000000001CABDAB0  start=13359792  size=2572697 B  bits~10331726
[Reset][SW] Recreating runner...
[Reset][SW] OK
  [MSEFI-DDR-reset] SEFI-block  phys=0x000000001C944237  start=11813431  size=2572697 B  bits~10326840
[Reset][SW] Recreating runner...
[Reset][SW] OK
  [MSEFI-DDR-reset] SEFI-block  phys=0x000000001C567473  start=7763059  size=2572697 B  bits~10331518
[Reset][SW] Recreating runner...
[Reset][SW] OK
  [MSEFI-DDR-reset] SEFI-block  phys=0x000000001CFEE980  start=18803072  size=2572697 B  bits~10330778
[Reset][SW] Recreating runner...
[Reset][SW] OK
  [MSEFI-DDR-reset] SEFI-block  phys=0x000000001CDCFEC0  start=16580288  size=2572697 B  bits~10333633
[Reset][SW] Recreating runner...
[Reset][SW] OK
  [MSEFI-DDR-reset] SEFI-block  phys=0x000000001D245B93  start=21257107  size=2572697 B  bits~10332650
[Reset][SW] Recreating runner...
[Reset][SW] OK
  [MSEFI-DDR-reset] SEFI-block  phys=0x000000001CDF6D28  start=16739624  size=2572697 B  bits~10331186
[Reset][SW] Recreating runner...
[Reset][SW] OK
  [MSEFI-DDR-reset] SEFI-block  phys=0x000000001D286C30  start=21523504  size=2572697 B  bits~10330243
[Reset][SW] Recreating runner...
[Reset][SW] OK
  [MSEFI-DDR-reset] SEFI-block  phys=0x000000001CF53BE1  start=18168801  size=2572697 B  bits~10330841
[Reset][SW] Recreating runner...
[Reset][SW] OK
  [MSEFI-DDR-reset] SEFI-block  phys=0x000000001BE731ED  start=471533  size=2572697 B  bits~10330896
[Reset][SW] Recreating runner...
[Reset][SW] OK
  [MSEFI-DDR-reset] SEFI-block  phys=0x000000001C108A20  start=3181088  size=2572697 B  bits~10328983
[Reset][SW] Recreating runner...
[Reset][SW] OK
  [MSEFI-DDR-reset] SEFI-block  phys=0x000000001C5D6227  start=8217127  size=2572697 B  bits~10328152
[Reset][SW] Recreating runner...
[Reset][SW] OK
  [MSEFI-DDR-reset] SEFI-block  phys=0x000000001CA4CAA4  start=12896932  size=2572697 B  bits~10332281
[Reset][SW] Recreating runner...
[Reset][SW] OK
  [MSEFI-DDR-reset] SEFI-block  phys=0x000000001CF5FF23  start=18218787  size=2572697 B  bits~10331496
[Reset][SW] Recreating runner...
[Reset][SW] OK
[Summary] target=input_tensor  baseline=75.00%  faulty=0.00%  recovery=75.00%

──── target=buffers ────
  [MSEFI-DDR-reset] SEFI-block  phys=0x000000001D12CFE6  start=20107238  size=2572697 B  bits~10330645
[Reset][SW] Recreating runner...
[Reset][SW] OK
  [MSEFI-DDR-reset] SEFI-block  phys=0x000000001CBFBE54  start=14663252  size=2572697 B  bits~10327460
[Reset][SW] Recreating runner...
[Reset][SW] OK
  [MSEFI-DDR-reset] SEFI-block  phys=0x000000001C545728  start=7624488  size=2572697 B  bits~10331085
[Reset][SW] Recreating runner...
[Reset][SW] OK
  [MSEFI-DDR-reset] SEFI-block  phys=0x000000001C56A1DC  start=7774684  size=2572697 B  bits~10329477
[Reset][SW] Recreating runner...
[Reset][SW] OK
  [MSEFI-DDR-reset] SEFI-block  phys=0x000000001C516332  start=7430962  size=2572697 B  bits~10334234
[Reset][SW] Recreating runner...
[Reset][SW] OK
  [MSEFI-DDR-reset] SEFI-block  phys=0x000000001C04D983  start=2414979  size=2572697 B  bits~10330044
[Reset][SW] Recreating runner...
[Reset][SW] OK
  [MSEFI-DDR-reset] SEFI-block  phys=0x000000001CCEC94F  start=15649103  size=2572697 B  bits~10329518
[Reset][SW] Recreating runner...
[Reset][SW] OK
  [MSEFI-DDR-reset] SEFI-block  phys=0x000000001C207D0A  start=4226314  size=2572697 B  bits~10332743
[Reset][SW] Recreating runner...
[Reset][SW] OK
  [MSEFI-DDR-reset] SEFI-block  phys=0x000000001C934E0A  start=11750922  size=2572697 B  bits~10329857
[Reset][SW] Recreating runner...
[Reset][SW] OK
  [MSEFI-DDR-reset] SEFI-block  phys=0x000000001C6E3A29  start=9321001  size=2572697 B  bits~10330098
[Reset][SW] Recreating runner...
[Reset][SW] OK
  [MSEFI-DDR-reset] SEFI-block  phys=0x000000001CA37326  start=12808998  size=2572697 B  bits~10327676
[Reset][SW] Recreating runner...
[Reset][SW] OK
  [MSEFI-DDR-reset] SEFI-block  phys=0x000000001BEB7523  start=750883  size=2572697 B  bits~10328833
[Reset][SW] Recreating runner...
[Reset][SW] OK
  [MSEFI-DDR-reset] SEFI-block  phys=0x000000001CBC57E1  start=14440417  size=2572697 B  bits~10328361
[Reset][SW] Recreating runner...
[Reset][SW] OK
  [MSEFI-DDR-reset] SEFI-block  phys=0x000000001C6D0176  start=9240950  size=2572697 B  bits~10327105
[Reset][SW] Recreating runner...
[Reset][SW] OK
  [MSEFI-DDR-reset] SEFI-block  phys=0x000000001CB8C1FF  start=14205439  size=2572697 B  bits~10329698
[Reset][SW] Recreating runner...
[Reset][SW] OK
  [MSEFI-DDR-reset] SEFI-block  phys=0x000000001C9D1944  start=12392772  size=2572697 B  bits~10330519
[Reset][SW] Recreating runner...
[Reset][SW] OK
  [MSEFI-DDR-reset] SEFI-block  phys=0x000000001C2EC362  start=5161826  size=2572697 B  bits~10331674
[Reset][SW] Recreating runner...
[Reset][SW] OK
  [MSEFI-DDR-reset] SEFI-block  phys=0x000000001CEB2497  start=17507479  size=2572697 B  bits~10329272
[Reset][SW] Recreating runner...
[Reset][SW] OK
  [MSEFI-DDR-reset] SEFI-block  phys=0x000000001C513A00  start=7420416  size=2572697 B  bits~10328813
[Reset][SW] Recreating runner...
[Reset][SW] OK
  [MSEFI-DDR-reset] SEFI-block  phys=0x000000001C2460FC  start=4481276  size=2572697 B  bits~10331302
[Reset][SW] Recreating runner...
[Reset][SW] OK
  [MSEFI-DDR-reset] SEFI-block  phys=0x000000001CE27ACF  start=16939727  size=2572697 B  bits~10332353
[Reset][SW] Recreating runner...
[Reset][SW] OK
  [MSEFI-DDR-reset] SEFI-block  phys=0x000000001C55E5CD  start=7726541  size=2572697 B  bits~10329909
[Reset][SW] Recreating runner...
[Reset][SW] OK
  [MSEFI-DDR-reset] SEFI-block  phys=0x000000001CC914DC  start=15275228  size=2572697 B  bits~10333664
[Reset][SW] Recreating runner...
[Reset][SW] OK
  [MSEFI-DDR-reset] SEFI-block  phys=0x000000001D1E5E92  start=20864658  size=2572697 B  bits~10330837
[Reset][SW] Recreating runner...
[Reset][SW] OK
  [MSEFI-DDR-reset] SEFI-block  phys=0x000000001BF8B0B6  start=1618102  size=2572697 B  bits~10330017
[Reset][SW] Recreating runner...
[Reset][SW] OK
  [MSEFI-DDR-reset] SEFI-block  phys=0x000000001CD6F0A3  start=16183459  size=2572697 B  bits~10331100
[Reset][SW] Recreating runner...
[Reset][SW] OK
  [MSEFI-DDR-reset] SEFI-block  phys=0x000000001C6BA327  start=9151271  size=2572697 B  bits~10332629
[Reset][SW] Recreating runner...
[Reset][SW] OK
  [MSEFI-DDR-reset] SEFI-block  phys=0x000000001D07E250  start=19391056  size=2572697 B  bits~10329618
[Reset][SW] Recreating runner...
[Reset][SW] OK
  [MSEFI-DDR-reset] SEFI-block  phys=0x000000001BEB6BD5  start=748501  size=2572697 B  bits~10332207
[Reset][SW] Recreating runner...
[Reset][SW] OK
  [MSEFI-DDR-reset] SEFI-block  phys=0x000000001C728CD8  start=9604312  size=2572697 B  bits~10334434
[Reset][SW] Recreating runner...
[Reset][SW] OK
  [MSEFI-DDR-reset] SEFI-block  phys=0x000000001C3B2AE4  start=5974756  size=2572697 B  bits~10329012
[Reset][SW] Recreating runner...
[Reset][SW] OK
  [MSEFI-DDR-reset] SEFI-block  phys=0x000000001C45EFBD  start=6680509  size=2572697 B  bits~10330031
[Reset][SW] Recreating runner...
[Reset][SW] OK
  [MSEFI-DDR-reset] SEFI-block  phys=0x000000001C1CE0C0  start=3989696  size=2572697 B  bits~10334454
[Reset][SW] Recreating runner...
[Reset][SW] OK
  [MSEFI-DDR-reset] SEFI-block  phys=0x000000001C509BE3  start=7379939  size=2572697 B  bits~10332755
[Reset][SW] Recreating runner...
[Reset][SW] OK
  [MSEFI-DDR-reset] SEFI-block  phys=0x000000001D11F257  start=20050519  size=2572697 B  bits~10334070
[Reset][SW] Recreating runner...
[Reset][SW] OK
  [MSEFI-DDR-reset] SEFI-block  phys=0x000000001CE31810  start=16979984  size=2572697 B  bits~10333501
[Reset][SW] Recreating runner...
[Reset][SW] OK
  [MSEFI-DDR-reset] SEFI-block  phys=0x000000001C9BC69E  start=12306078  size=2572697 B  bits~10330623
[Reset][SW] Recreating runner...
[Reset][SW] OK
  [MSEFI-DDR-reset] SEFI-block  phys=0x000000001C39400A  start=5849098  size=2572697 B  bits~10332419
[Reset][SW] Recreating runner...
[Reset][SW] OK
  [MSEFI-DDR-reset] SEFI-block  phys=0x000000001C3FE6EE  start=6285038  size=2572697 B  bits~10330510
[Reset][SW] Recreating runner...
[Reset][SW] OK
  [MSEFI-DDR-reset] SEFI-block  phys=0x000000001C7C3077  start=10236023  size=2572697 B  bits~10330981
[Reset][SW] Recreating runner...
[Reset][SW] OK
  [MSEFI-DDR-reset] SEFI-block  phys=0x000000001C2B1896  start=4921494  size=2572697 B  bits~10331788
[Reset][SW] Recreating runner...
[Reset][SW] OK
  [MSEFI-DDR-reset] SEFI-block  phys=0x000000001CDA0A77  start=16386679  size=2572697 B  bits~10333947
[Reset][SW] Recreating runner...
[Reset][SW] OK
  [MSEFI-DDR-reset] SEFI-block  phys=0x000000001D3FCC50  start=23055440  size=2572697 B  bits~10327491
[Reset][SW] Recreating runner...
[Reset][SW] OK
  [MSEFI-DDR-reset] SEFI-block  phys=0x000000001C968312  start=11961106  size=2572697 B  bits~10326719
[Reset][SW] Recreating runner...
[Reset][SW] OK
  [MSEFI-DDR-reset] SEFI-block  phys=0x000000001C56C248  start=7782984  size=2572697 B  bits~10332945
[Reset][SW] Recreating runner...
[Reset][SW] OK
  [MSEFI-DDR-reset] SEFI-block  phys=0x000000001D2B4E18  start=21712408  size=2572697 B  bits~10329253
[Reset][SW] Recreating runner...
[Reset][SW] OK
  [MSEFI-DDR-reset] SEFI-block  phys=0x000000001C996EA2  start=12152482  size=2572697 B  bits~10328626
[Reset][SW] Recreating runner...
[Reset][SW] OK
  [MSEFI-DDR-reset] SEFI-block  phys=0x000000001CB815CD  start=14161357  size=2572697 B  bits~10334287
[Reset][SW] Recreating runner...
[Reset][SW] OK
  [MSEFI-DDR-reset] SEFI-block  phys=0x000000001CC69A80  start=15112832  size=2572697 B  bits~10329184
[Reset][SW] Recreating runner...
[Reset][SW] OK
  [MSEFI-DDR-reset] SEFI-block  phys=0x000000001C124860  start=3295328  size=2572697 B  bits~10331682
[Reset][SW] Recreating runner...
[Reset][SW] OK
  [MSEFI-DDR-reset] SEFI-block  phys=0x000000001C789F8C  start=10002316  size=2572697 B  bits~10332695
[Reset][SW] Recreating runner...
[Reset][SW] OK
  [MSEFI-DDR-reset] SEFI-block  phys=0x000000001C23E7A9  start=4450217  size=2572697 B  bits~10333068
[Reset][SW] Recreating runner...
[Reset][SW] OK
  [MSEFI-DDR-reset] SEFI-block  phys=0x000000001BE0898D  start=35213  size=2572697 B  bits~10326812
[Reset][SW] Recreating runner...
[Reset][SW] OK
  [MSEFI-DDR-reset] SEFI-block  phys=0x000000001D35D645  start=22402629  size=2572697 B  bits~10332018
[Reset][SW] Recreating runner...
[Reset][SW] OK
  [MSEFI-DDR-reset] SEFI-block  phys=0x000000001C9EA4C1  start=12494017  size=2572697 B  bits~10330414
[Reset][SW] Recreating runner...
[Reset][SW] OK
  [MSEFI-DDR-reset] SEFI-block  phys=0x000000001D3BA366  start=22782822  size=2572697 B  bits~10335156
[Reset][SW] Recreating runner...
[Reset][SW] OK
  [MSEFI-DDR-reset] SEFI-block  phys=0x000000001C14C31F  start=3457823  size=2572697 B  bits~10331661
[Reset][SW] Recreating runner...
[Reset][SW] OK
  [MSEFI-DDR-reset] SEFI-block  phys=0x000000001C6C4855  start=9193557  size=2572697 B  bits~10334286
[Reset][SW] Recreating runner...
[Reset][SW] OK
  [MSEFI-DDR-reset] SEFI-block  phys=0x000000001C4521FC  start=6627836  size=2572697 B  bits~10331835
[Reset][SW] Recreating runner...
[Reset][SW] OK
  [MSEFI-DDR-reset] SEFI-block  phys=0x000000001C2644B0  start=4605104  size=2572697 B  bits~10336144
[Reset][SW] Recreating runner...
[Reset][SW] OK
  [MSEFI-DDR-reset] SEFI-block  phys=0x000000001CD77B9A  start=16219034  size=2572697 B  bits~10330709
[Reset][SW] Recreating runner...
[Reset][SW] OK
  [MSEFI-DDR-reset] SEFI-block  phys=0x000000001C5932AB  start=7942827  size=2572697 B  bits~10329821
[Reset][SW] Recreating runner...
[Reset][SW] OK
  [MSEFI-DDR-reset] SEFI-block  phys=0x000000001BF3C6BE  start=1296062  size=2572697 B  bits~10328201
[Reset][SW] Recreating runner...
[Reset][SW] OK
  [MSEFI-DDR-reset] SEFI-block  phys=0x000000001C3BC571  start=6014321  size=2572697 B  bits~10332102
[Reset][SW] Recreating runner...
[Reset][SW] OK
  [MSEFI-DDR-reset] SEFI-block  phys=0x000000001D3D5D5A  start=22895962  size=2572697 B  bits~10327206
[Reset][SW] Recreating runner...
[Reset][SW] OK
  [MSEFI-DDR-reset] SEFI-block  phys=0x000000001C5A830A  start=8028938  size=2572697 B  bits~10329357
[Reset][SW] Recreating runner...
[Reset][SW] OK
  [MSEFI-DDR-reset] SEFI-block  phys=0x000000001CD5340F  start=16069647  size=2572697 B  bits~10330071
[Reset][SW] Recreating runner...
[Reset][SW] OK
  [MSEFI-DDR-reset] SEFI-block  phys=0x000000001D11A995  start=20031893  size=2572697 B  bits~10330164
[Reset][SW] Recreating runner...
[Reset][SW] OK
  [MSEFI-DDR-reset] SEFI-block  phys=0x000000001C1C19BC  start=3938748  size=2572697 B  bits~10330065
[Reset][SW] Recreating runner...
[Reset][SW] OK
  [MSEFI-DDR-reset] SEFI-block  phys=0x000000001CDA0E25  start=16387621  size=2572697 B  bits~10329820
[Reset][SW] Recreating runner...
[Reset][SW] OK
  [MSEFI-DDR-reset] SEFI-block  phys=0x000000001D18BDE0  start=20495840  size=2572697 B  bits~10332296
[Reset][SW] Recreating runner...
[Reset][SW] OK
  [MSEFI-DDR-reset] SEFI-block  phys=0x000000001CD44AA3  start=16009891  size=2572697 B  bits~10329231
[Reset][SW] Recreating runner...
[Reset][SW] OK
  [MSEFI-DDR-reset] SEFI-block  phys=0x000000001D38AE78  start=22589048  size=2572697 B  bits~10331213
[Reset][SW] Recreating runner...
[Reset][SW] OK
  [MSEFI-DDR-reset] SEFI-block  phys=0x000000001C22732B  start=4354859  size=2572697 B  bits~10328076
[Reset][SW] Recreating runner...
[Reset][SW] OK
  [MSEFI-DDR-reset] SEFI-block  phys=0x000000001C8164B9  start=10577081  size=2572697 B  bits~10331474
[Reset][SW] Recreating runner...
[Reset][SW] OK
  [MSEFI-DDR-reset] SEFI-block  phys=0x000000001CA8F94A  start=13171018  size=2572697 B  bits~10333173
[Reset][SW] Recreating runner...
[Reset][SW] OK
  [MSEFI-DDR-reset] SEFI-block  phys=0x000000001CFC0CAC  start=18615468  size=2572697 B  bits~10338473
[Reset][SW] Recreating runner...
[Reset][SW] OK
  [MSEFI-DDR-reset] SEFI-block  phys=0x000000001C88C6E2  start=11060962  size=2572697 B  bits~10332965
[Reset][SW] Recreating runner...
[Reset][SW] OK
  [MSEFI-DDR-reset] SEFI-block  phys=0x000000001C54CC19  start=7654425  size=2572697 B  bits~10332249
[Reset][SW] Recreating runner...
[Reset][SW] OK
  [MSEFI-DDR-reset] SEFI-block  phys=0x000000001C603501  start=8402177  size=2572697 B  bits~10330324
[Reset][SW] Recreating runner...
[Reset][SW] OK
  [MSEFI-DDR-reset] SEFI-block  phys=0x000000001C0EF7C0  start=3078080  size=2572697 B  bits~10333703
[Reset][SW] Recreating runner...
[Reset][SW] OK
  [MSEFI-DDR-reset] SEFI-block  phys=0x000000001BEE83ED  start=951277  size=2572697 B  bits~10329185
[Reset][SW] Recreating runner...
[Reset][SW] OK
  [MSEFI-DDR-reset] SEFI-block  phys=0x000000001BEA8367  start=688999  size=2572697 B  bits~10334059
[Reset][SW] Recreating runner...
[Reset][SW] OK
  [MSEFI-DDR-reset] SEFI-block  phys=0x000000001BE5F3BD  start=390077  size=2572697 B  bits~10332605
[Reset][SW] Recreating runner...
[Reset][SW] OK
  [MSEFI-DDR-reset] SEFI-block  phys=0x000000001BF1943A  start=1152058  size=2572697 B  bits~10331322
[Reset][SW] Recreating runner...
[Reset][SW] OK
  [MSEFI-DDR-reset] SEFI-block  phys=0x000000001CCC1CF8  start=15473912  size=2572697 B  bits~10332424
[Reset][SW] Recreating runner...
[Reset][SW] OK
  [MSEFI-DDR-reset] SEFI-block  phys=0x000000001C824C2F  start=10636335  size=2572697 B  bits~10325793
[Reset][SW] Recreating runner...
[Reset][SW] OK
  [MSEFI-DDR-reset] SEFI-block  phys=0x000000001CD7AE8D  start=16232077  size=2572697 B  bits~10325610
[Reset][SW] Recreating runner...
[Reset][SW] OK
  [MSEFI-DDR-reset] SEFI-block  phys=0x000000001BF82395  start=1581973  size=2572697 B  bits~10331256
[Reset][SW] Recreating runner...
[Reset][SW] OK
  [MSEFI-DDR-reset] SEFI-block  phys=0x000000001D3C67EE  start=22833134  size=2572697 B  bits~10331703
[Reset][SW] Recreating runner...
[Reset][SW] OK
  [MSEFI-DDR-reset] SEFI-block  phys=0x000000001D1C5321  start=20730657  size=2572697 B  bits~10330299
[Reset][SW] Recreating runner...
[Reset][SW] OK
  [MSEFI-DDR-reset] SEFI-block  phys=0x000000001C0AA0AC  start=2793644  size=2572697 B  bits~10323721
[Reset][SW] Recreating runner...
[Reset][SW] OK
  [MSEFI-DDR-reset] SEFI-block  phys=0x000000001D1CBF7B  start=20758395  size=2572697 B  bits~10330894
[Reset][SW] Recreating runner...
[Reset][SW] OK
  [MSEFI-DDR-reset] SEFI-block  phys=0x000000001C672CEB  start=8858859  size=2572697 B  bits~10328684
[Reset][SW] Recreating runner...
[Reset][SW] OK
  [MSEFI-DDR-reset] SEFI-block  phys=0x000000001C633957  start=8599895  size=2572697 B  bits~10332089
[Reset][SW] Recreating runner...
[Reset][SW] OK
  [MSEFI-DDR-reset] SEFI-block  phys=0x000000001CD3C370  start=15975280  size=2572697 B  bits~10329997
[Reset][SW] Recreating runner...
[Reset][SW] OK
  [MSEFI-DDR-reset] SEFI-block  phys=0x000000001C429BC0  start=6462400  size=2572697 B  bits~10330012
[Reset][SW] Recreating runner...
[Reset][SW] OK
  [MSEFI-DDR-reset] SEFI-block  phys=0x000000001C43BEB5  start=6536885  size=2572697 B  bits~10329686
[Reset][SW] Recreating runner...
[Reset][SW] OK
  [MSEFI-DDR-reset] SEFI-block  phys=0x000000001C09F886  start=2750598  size=2572697 B  bits~10329497
[Reset][SW] Recreating runner...
[Reset][SW] OK
  [MSEFI-DDR-reset] SEFI-block  phys=0x000000001C887859  start=11040857  size=2572697 B  bits~10328192
[Reset][SW] Recreating runner...
[Reset][SW] OK
[Summary] target=buffers  baseline=75.00%  faulty=0.00%  recovery=75.00%
