[Setup] Input  data_fixed  size=150528 h=224 w=224
[Setup] Output fc1000_fixed  size=1000
[DDR4] Instructions: reg_val=0x1BD00  phys=0x000000001BD00000  size=742492 B
[DDR4] Weights:      phys=0x000000001BE00000  size=25726976 B
[DDR4] Input region: phys=0x000000001BA80000  total=152608 B  pixel_start=+2080 B
[Baseline] Accuracy: 75/100 = 75.00%

──── target=weights ────
  [MSEFI-ctrl-reset] SEFI-block  phys=0x000000001C62976F  start=8558447  size=2572697 B  bits~10332527
[Reset][SW] Recreating runner...
[Reset][SW] OK
  [MSEFI-ctrl-reset] SEFI-block  phys=0x000000001C596933  start=7956787  size=2572697 B  bits~10331453
[Reset][SW] Recreating runner...
[Reset][SW] OK
  [MSEFI-ctrl-reset] SEFI-block  phys=0x000000001C96267A  start=11937402  size=2572697 B  bits~10331783
[Reset][SW] Recreating runner...
[Reset][SW] OK
  [MSEFI-ctrl-reset] SEFI-block  phys=0x000000001CA776FA  start=13072122  size=2572697 B  bits~10330708
[Reset][SW] Recreating runner...
[Reset][SW] OK
  [MSEFI-ctrl-reset] SEFI-block  phys=0x000000001C4E836B  start=7242603  size=2572697 B  bits~10333692
[Reset][SW] Recreating runner...
[Reset][SW] OK
  [MSEFI-ctrl-reset] SEFI-block  phys=0x000000001C47A1DA  start=6791642  size=2572697 B  bits~10331788
[Reset][SW] Recreating runner...
[Reset][SW] OK
  [MSEFI-ctrl-reset] SEFI-block  phys=0x000000001CF43054  start=18100308  size=2572697 B  bits~10332361
[Reset][SW] Recreating runner...
[Reset][SW] OK
  [MSEFI-ctrl-reset] SEFI-block  phys=0x000000001C96E3D9  start=11985881  size=2572697 B  bits~10328300
[Reset][SW] Recreating runner...
[Reset][SW] OK
  [MSEFI-ctrl-reset] SEFI-block  phys=0x000000001BF5FCE1  start=1440993  size=2572697 B  bits~10331403
[Reset][SW] Recreating runner...
[Reset][SW] OK
  [MSEFI-ctrl-reset] SEFI-block  phys=0x000000001C793F70  start=10043248  size=2572697 B  bits~10328783
[Reset][SW] Recreating runner...
[Reset][SW] OK
  [MSEFI-ctrl-reset] SEFI-block  phys=0x000000001CF78E11  start=18320913  size=2572697 B  bits~10330061
[Reset][SW] Recreating runner...
[Reset][SW] OK
  [MSEFI-ctrl-reset] SEFI-block  phys=0x000000001C0BAE30  start=2862640  size=2572697 B  bits~10332752
[Reset][SW] Recreating runner...
[Reset][SW] OK
  [MSEFI-ctrl-reset] SEFI-block  phys=0x000000001C50E2ED  start=7398125  size=2572697 B  bits~10328893
[Reset][SW] Recreating runner...
[Reset][SW] OK
  [MSEFI-ctrl-reset] SEFI-block  phys=0x000000001C29735F  start=4813663  size=2572697 B  bits~10332963
[Reset][SW] Recreating runner...
[Reset][SW] OK
  [MSEFI-ctrl-reset] SEFI-block  phys=0x000000001D1F5910  start=20928784  size=2572697 B  bits~10333041
[Reset][SW] Recreating runner...
[Reset][SW] OK
  [MSEFI-ctrl-reset] SEFI-block  phys=0x000000001C0D7C0C  start=2980876  size=2572697 B  bits~10330031
[Reset][SW] Recreating runner...
[Reset][SW] OK
  [MSEFI-ctrl-reset] SEFI-block  phys=0x000000001D32EDF7  start=22212087  size=2572697 B  bits~10327159
[Reset][SW] Recreating runner...
[Reset][SW] OK
  [MSEFI-ctrl-reset] SEFI-block  phys=0x000000001C4307EC  start=6490092  size=2572697 B  bits~10332172
[Reset][SW] Recreating runner...
[Reset][SW] OK
  [MSEFI-ctrl-reset] SEFI-block  phys=0x000000001C89D27A  start=11129466  size=2572697 B  bits~10330569
[Reset][SW] Recreating runner...
[Reset][SW] OK
  [MSEFI-ctrl-reset] SEFI-block  phys=0x000000001C8A7EC7  start=11173575  size=2572697 B  bits~10328520
[Reset][SW] Recreating runner...
[Reset][SW] OK
  [MSEFI-ctrl-reset] SEFI-block  phys=0x000000001C99B5DF  start=12170719  size=2572697 B  bits~10326659
[Reset][SW] Recreating runner...
[Reset][SW] OK
  [MSEFI-ctrl-reset] SEFI-block  phys=0x000000001C89AD9B  start=11120027  size=2572697 B  bits~10330195
[Reset][SW] Recreating runner...
[Reset][SW] OK
  [MSEFI-ctrl-reset] SEFI-block  phys=0x000000001CBD66CA  start=14509770  size=2572697 B  bits~10328444
[Reset][SW] Recreating runner...
[Reset][SW] OK
  [MSEFI-ctrl-reset] SEFI-block  phys=0x000000001C497573  start=6911347  size=2572697 B  bits~10331898
[Reset][SW] Recreating runner...
[Reset][SW] OK
  [MSEFI-ctrl-reset] SEFI-block  phys=0x000000001C6BC43A  start=9159738  size=2572697 B  bits~10333817
[Reset][SW] Recreating runner...
[Reset][SW] OK
  [MSEFI-ctrl-reset] SEFI-block  phys=0x000000001D3877B6  start=22575030  size=2572697 B  bits~10327319
[Reset][SW] Recreating runner...
[Reset][SW] OK
  [MSEFI-ctrl-reset] SEFI-block  phys=0x000000001CDF05A3  start=16713123  size=2572697 B  bits~10326419
[Reset][SW] Recreating runner...
[Reset][SW] OK
  [MSEFI-ctrl-reset] SEFI-block  phys=0x000000001D3CAA10  start=22850064  size=2572697 B  bits~10331477
[Reset][SW] Recreating runner...
[Reset][SW] OK
  [MSEFI-ctrl-reset] SEFI-block  phys=0x000000001D0C396F  start=19675503  size=2572697 B  bits~10331121
[Reset][SW] Recreating runner...
[Reset][SW] OK
  [MSEFI-ctrl-reset] SEFI-block  phys=0x000000001C7A6E70  start=10120816  size=2572697 B  bits~10333621
[Reset][SW] Recreating runner...
[Reset][SW] OK
  [MSEFI-ctrl-reset] SEFI-block  phys=0x000000001CE39DC8  start=17014216  size=2572697 B  bits~10328990
[Reset][SW] Recreating runner...
[Reset][SW] OK
  [MSEFI-ctrl-reset] SEFI-block  phys=0x000000001CBB6DB5  start=14380469  size=2572697 B  bits~10331217
[Reset][SW] Recreating runner...
[Reset][SW] OK
  [MSEFI-ctrl-reset] SEFI-block  phys=0x000000001C52EA0C  start=7531020  size=2572697 B  bits~10328606
[Reset][SW] Recreating runner...
[Reset][SW] OK
  [MSEFI-ctrl-reset] SEFI-block  phys=0x000000001CEEAEB7  start=17739447  size=2572697 B  bits~10328497
[Reset][SW] Recreating runner...
[Reset][SW] OK
  [MSEFI-ctrl-reset] SEFI-block  phys=0x000000001D377B8B  start=22510475  size=2572697 B  bits~10329012
[Reset][SW] Recreating runner...
[Reset][SW] OK
  [MSEFI-ctrl-reset] SEFI-block  phys=0x000000001C400C6B  start=6294635  size=2572697 B  bits~10330467
[Reset][SW] Recreating runner...
[Reset][SW] OK
  [MSEFI-ctrl-reset] SEFI-block  phys=0x000000001D22F1CA  start=21164490  size=2572697 B  bits~10332024
[Reset][SW] Recreating runner...
[Reset][SW] OK
  [MSEFI-ctrl-reset] SEFI-block  phys=0x000000001C5EE8FB  start=8317179  size=2572697 B  bits~10331726
[Reset][SW] Recreating runner...
[Reset][SW] OK
  [MSEFI-ctrl-reset] SEFI-block  phys=0x000000001CF0C975  start=17877365  size=2572697 B  bits~10332118
[Reset][SW] Recreating runner...
[Reset][SW] OK
  [MSEFI-ctrl-reset] SEFI-block  phys=0x000000001D172267  start=20390503  size=2572697 B  bits~10334810
[Reset][SW] Recreating runner...
[Reset][SW] OK
  [MSEFI-ctrl-reset] SEFI-block  phys=0x000000001C019B10  start=2202384  size=2572697 B  bits~10331372
[Reset][SW] Recreating runner...
[Reset][SW] OK
  [MSEFI-ctrl-reset] SEFI-block  phys=0x000000001C50F7F2  start=7403506  size=2572697 B  bits~10329061
[Reset][SW] Recreating runner...
[Reset][SW] OK
  [MSEFI-ctrl-reset] SEFI-block  phys=0x000000001C450944  start=6621508  size=2572697 B  bits~10331471
[Reset][SW] Recreating runner...
[Reset][SW] OK
  [MSEFI-ctrl-reset] SEFI-block  phys=0x000000001CA0AADB  start=12626651  size=2572697 B  bits~10331589
[Reset][SW] Recreating runner...
[Reset][SW] OK
  [MSEFI-ctrl-reset] SEFI-block  phys=0x000000001D3C691F  start=22833439  size=2572697 B  bits~10332969
[Reset][SW] Recreating runner...
[Reset][SW] OK
  [MSEFI-ctrl-reset] SEFI-block  phys=0x000000001D215361  start=21058401  size=2572697 B  bits~10333024
[Reset][SW] Recreating runner...
[Reset][SW] OK
  [MSEFI-ctrl-reset] SEFI-block  phys=0x000000001C1AAC2F  start=3845167  size=2572697 B  bits~10333263
[Reset][SW] Recreating runner...
[Reset][SW] OK
  [MSEFI-ctrl-reset] SEFI-block  phys=0x000000001C189007  start=3706887  size=2572697 B  bits~10328103
[Reset][SW] Recreating runner...
[Reset][SW] OK
  [MSEFI-ctrl-reset] SEFI-block  phys=0x000000001BE50399  start=328601  size=2572697 B  bits~10329219
[Reset][SW] Recreating runner...
[Reset][SW] OK
  [MSEFI-ctrl-reset] SEFI-block  phys=0x000000001D3512FD  start=22352637  size=2572697 B  bits~10330164
[Reset][SW] Recreating runner...
[Reset][SW] OK
  [MSEFI-ctrl-reset] SEFI-block  phys=0x000000001CA12769  start=12658537  size=2572697 B  bits~10331548
[Reset][SW] Recreating runner...
[Reset][SW] OK
  [MSEFI-ctrl-reset] SEFI-block  phys=0x000000001BF61C0C  start=1448972  size=2572697 B  bits~10327700
[Reset][SW] Recreating runner...
[Reset][SW] OK
  [MSEFI-ctrl-reset] SEFI-block  phys=0x000000001D0E8B11  start=19827473  size=2572697 B  bits~10334032
[Reset][SW] Recreating runner...
[Reset][SW] OK
  [MSEFI-ctrl-reset] SEFI-block  phys=0x000000001CC9DCF5  start=15326453  size=2572697 B  bits~10331880
[Reset][SW] Recreating runner...
[Reset][SW] OK
  [MSEFI-ctrl-reset] SEFI-block  phys=0x000000001C0D3B10  start=2964240  size=2572697 B  bits~10326824
[Reset][SW] Recreating runner...
[Reset][SW] OK
  [MSEFI-ctrl-reset] SEFI-block  phys=0x000000001D347EAA  start=22314666  size=2572697 B  bits~10331631
[Reset][SW] Recreating runner...
[Reset][SW] OK
  [MSEFI-ctrl-reset] SEFI-block  phys=0x000000001D19519A  start=20533658  size=2572697 B  bits~10331301
[Reset][SW] Recreating runner...
[Reset][SW] OK
  [MSEFI-ctrl-reset] SEFI-block  phys=0x000000001CCE65F2  start=15623666  size=2572697 B  bits~10328442
[Reset][SW] Recreating runner...
[Reset][SW] OK
  [MSEFI-ctrl-reset] SEFI-block  phys=0x000000001BF034E2  start=1062114  size=2572697 B  bits~10328990
[Reset][SW] Recreating runner...
[Reset][SW] OK
  [MSEFI-ctrl-reset] SEFI-block  phys=0x000000001C71040F  start=9503759  size=2572697 B  bits~10331367
[Reset][SW] Recreating runner...
[Reset][SW] OK
  [MSEFI-ctrl-reset] SEFI-block  phys=0x000000001C867583  start=10909059  size=2572697 B  bits~10328360
[Reset][SW] Recreating runner...
[Reset][SW] OK
  [MSEFI-ctrl-reset] SEFI-block  phys=0x000000001D410DCB  start=23137739  size=2572697 B  bits~10329366
[Reset][SW] Recreating runner...
[Reset][SW] OK
  [MSEFI-ctrl-reset] SEFI-block  phys=0x000000001C2C2EC5  start=4992709  size=2572697 B  bits~10334123
[Reset][SW] Recreating runner...
[Reset][SW] OK
  [MSEFI-ctrl-reset] SEFI-block  phys=0x000000001C339DC5  start=5479877  size=2572697 B  bits~10332434
[Reset][SW] Recreating runner...
[Reset][SW] OK
  [MSEFI-ctrl-reset] SEFI-block  phys=0x000000001C3662D6  start=5661398  size=2572697 B  bits~10331925
[Reset][SW] Recreating runner...
[Reset][SW] OK
  [MSEFI-ctrl-reset] SEFI-block  phys=0x000000001C1B9693  start=3905171  size=2572697 B  bits~10330387
[Reset][SW] Recreating runner...
[Reset][SW] OK
  [MSEFI-ctrl-reset] SEFI-block  phys=0x000000001C07D0A1  start=2609313  size=2572697 B  bits~10331698
[Reset][SW] Recreating runner...
[Reset][SW] OK
  [MSEFI-ctrl-reset] SEFI-block  phys=0x000000001C194AA0  start=3754656  size=2572697 B  bits~10331552
[Reset][SW] Recreating runner...
[Reset][SW] OK
  [MSEFI-ctrl-reset] SEFI-block  phys=0x000000001C0B12B2  start=2822834  size=2572697 B  bits~10331192
[Reset][SW] Recreating runner...
[Reset][SW] OK
  [MSEFI-ctrl-reset] SEFI-block  phys=0x000000001CEDDBCC  start=17685452  size=2572697 B  bits~10332877
[Reset][SW] Recreating runner...
[Reset][SW] OK
  [MSEFI-ctrl-reset] SEFI-block  phys=0x000000001D062B0E  start=19278606  size=2572697 B  bits~10334788
[Reset][SW] Recreating runner...
[Reset][SW] OK
  [MSEFI-ctrl-reset] SEFI-block  phys=0x000000001C3E533D  start=6181693  size=2572697 B  bits~10332967
[Reset][SW] Recreating runner...
[Reset][SW] OK
  [MSEFI-ctrl-reset] SEFI-block  phys=0x000000001D2A94ED  start=21665005  size=2572697 B  bits~10332042
[Reset][SW] Recreating runner...
[Reset][SW] OK
  [MSEFI-ctrl-reset] SEFI-block  phys=0x000000001CCE0E35  start=15601205  size=2572697 B  bits~10330911
[Reset][SW] Recreating runner...
[Reset][SW] OK
  [MSEFI-ctrl-reset] SEFI-block  phys=0x000000001CB80A9C  start=14158492  size=2572697 B  bits~10330338
[Reset][SW] Recreating runner...
[Reset][SW] OK
  [MSEFI-ctrl-reset] SEFI-block  phys=0x000000001C4758FD  start=6772989  size=2572697 B  bits~10330791
[Reset][SW] Recreating runner...
[Reset][SW] OK
  [MSEFI-ctrl-reset] SEFI-block  phys=0x000000001D37F876  start=22542454  size=2572697 B  bits~10328964
[Reset][SW] Recreating runner...
[Reset][SW] OK
  [MSEFI-ctrl-reset] SEFI-block  phys=0x000000001D16AD7E  start=20360574  size=2572697 B  bits~10332461
[Reset][SW] Recreating runner...
[Reset][SW] OK
  [MSEFI-ctrl-reset] SEFI-block  phys=0x000000001D1C157F  start=20714879  size=2572697 B  bits~10329152
[Reset][SW] Recreating runner...
[Reset][SW] OK
  [MSEFI-ctrl-reset] SEFI-block  phys=0x000000001C56F7D9  start=7796697  size=2572697 B  bits~10329559
[Reset][SW] Recreating runner...
[Reset][SW] OK
  [MSEFI-ctrl-reset] SEFI-block  phys=0x000000001BF19ECB  start=1154763  size=2572697 B  bits~10331440
[Reset][SW] Recreating runner...
[Reset][SW] OK
  [MSEFI-ctrl-reset] SEFI-block  phys=0x000000001CFB94D8  start=18584792  size=2572697 B  bits~10336361
[Reset][SW] Recreating runner...
[Reset][SW] OK
  [MSEFI-ctrl-reset] SEFI-block  phys=0x000000001D213193  start=21049747  size=2572697 B  bits~10327929
[Reset][SW] Recreating runner...
[Reset][SW] OK
  [MSEFI-ctrl-reset] SEFI-block  phys=0x000000001C849FF9  start=10788857  size=2572697 B  bits~10330742
[Reset][SW] Recreating runner...
[Reset][SW] OK
  [MSEFI-ctrl-reset] SEFI-block  phys=0x000000001D000717  start=18876183  size=2572697 B  bits~10330338
[Reset][SW] Recreating runner...
[Reset][SW] OK
  [MSEFI-ctrl-reset] SEFI-block  phys=0x000000001D121CF9  start=20061433  size=2572697 B  bits~10331243
[Reset][SW] Recreating runner...
[Reset][SW] OK
  [MSEFI-ctrl-reset] SEFI-block  phys=0x000000001C5521F0  start=7676400  size=2572697 B  bits~10331392
[Reset][SW] Recreating runner...
[Reset][SW] OK
  [MSEFI-ctrl-reset] SEFI-block  phys=0x000000001CFF74EC  start=18838764  size=2572697 B  bits~10331601
[Reset][SW] Recreating runner...
[Reset][SW] OK
  [MSEFI-ctrl-reset] SEFI-block  phys=0x000000001C95925D  start=11899485  size=2572697 B  bits~10334045
[Reset][SW] Recreating runner...
[Reset][SW] OK
  [MSEFI-ctrl-reset] SEFI-block  phys=0x000000001C3EBCEC  start=6208748  size=2572697 B  bits~10332619
[Reset][SW] Recreating runner...
[Reset][SW] OK
  [MSEFI-ctrl-reset] SEFI-block  phys=0x000000001D1A65AB  start=20604331  size=2572697 B  bits~10330614
[Reset][SW] Recreating runner...
[Reset][SW] OK
  [MSEFI-ctrl-reset] SEFI-block  phys=0x000000001C9F00E0  start=12517600  size=2572697 B  bits~10328190
[Reset][SW] Recreating runner...
[Reset][SW] OK
  [MSEFI-ctrl-reset] SEFI-block  phys=0x000000001D0DD869  start=19781737  size=2572697 B  bits~10331304
[Reset][SW] Recreating runner...
[Reset][SW] OK
  [MSEFI-ctrl-reset] SEFI-block  phys=0x000000001CDCA19D  start=16556445  size=2572697 B  bits~10329819
[Reset][SW] Recreating runner...
[Reset][SW] OK
  [MSEFI-ctrl-reset] SEFI-block  phys=0x000000001CA281E5  start=12747237  size=2572697 B  bits~10331576
[Reset][SW] Recreating runner...
[Reset][SW] OK
  [MSEFI-ctrl-reset] SEFI-block  phys=0x000000001C193CB8  start=3751096  size=2572697 B  bits~10328428
[Reset][SW] Recreating runner...
[Reset][SW] OK
  [MSEFI-ctrl-reset] SEFI-block  phys=0x000000001D1A9E69  start=20618857  size=2572697 B  bits~10335403
[Reset][SW] Recreating runner...
[Reset][SW] OK
  [MSEFI-ctrl-reset] SEFI-block  phys=0x000000001C4813F6  start=6820854  size=2572697 B  bits~10331792
[Reset][SW] Recreating runner...
[Reset][SW] OK
  [MSEFI-ctrl-reset] SEFI-block  phys=0x000000001C9BD9A0  start=12310944  size=2572697 B  bits~10330668
[Reset][SW] Recreating runner...
[Reset][SW] OK
  [MSEFI-ctrl-reset] SEFI-block  phys=0x000000001D0C8434  start=19694644  size=2572697 B  bits~10333616
[Reset][SW] Recreating runner...
[Reset][SW] OK
[Summary] target=weights  baseline=75.00%  faulty=0.00%  recovery=75.00%

──── target=input_tensor ────
  [MSEFI-ctrl-reset] SEFI-block  phys=0x000000001C1AF31D  start=3863325  size=2572697 B  bits~10332090
[Reset][SW] Recreating runner...
[Reset][SW] OK
  [MSEFI-ctrl-reset] SEFI-block  phys=0x000000001C43B214  start=6533652  size=2572697 B  bits~10329170
[Reset][SW] Recreating runner...
[Reset][SW] OK
  [MSEFI-ctrl-reset] SEFI-block  phys=0x000000001C297871  start=4814961  size=2572697 B  bits~10332496
[Reset][SW] Recreating runner...
[Reset][SW] OK
  [MSEFI-ctrl-reset] SEFI-block  phys=0x000000001C26144C  start=4592716  size=2572697 B  bits~10331285
[Reset][SW] Recreating runner...
[Reset][SW] OK
  [MSEFI-ctrl-reset] SEFI-block  phys=0x000000001CB020F8  start=13639928  size=2572697 B  bits~10331978
[Reset][SW] Recreating runner...
[Reset][SW] OK
  [MSEFI-ctrl-reset] SEFI-block  phys=0x000000001CF31904  start=18028804  size=2572697 B  bits~10330849
[Reset][SW] Recreating runner...
[Reset][SW] OK
  [MSEFI-ctrl-reset] SEFI-block  phys=0x000000001D328A17  start=22186519  size=2572697 B  bits~10331215
[Reset][SW] Recreating runner...
[Reset][SW] OK
  [MSEFI-ctrl-reset] SEFI-block  phys=0x000000001C483B47  start=6830919  size=2572697 B  bits~10329615
[Reset][SW] Recreating runner...
[Reset][SW] OK
  [MSEFI-ctrl-reset] SEFI-block  phys=0x000000001D00CEE6  start=18927334  size=2572697 B  bits~10331282
[Reset][SW] Recreating runner...
[Reset][SW] OK
  [MSEFI-ctrl-reset] SEFI-block  phys=0x000000001D1F219B  start=20914587  size=2572697 B  bits~10333615
[Reset][SW] Recreating runner...
[Reset][SW] OK
  [MSEFI-ctrl-reset] SEFI-block  phys=0x000000001BED1AE2  start=858850  size=2572697 B  bits~10330646
[Reset][SW] Recreating runner...
[Reset][SW] OK
  [MSEFI-ctrl-reset] SEFI-block  phys=0x000000001BE8F15B  start=586075  size=2572697 B  bits~10329996
[Reset][SW] Recreating runner...
[Reset][SW] OK
  [MSEFI-ctrl-reset] SEFI-block  phys=0x000000001CDD6287  start=16605831  size=2572697 B  bits~10334726
[Reset][SW] Recreating runner...
[Reset][SW] OK
  [MSEFI-ctrl-reset] SEFI-block  phys=0x000000001C428782  start=6457218  size=2572697 B  bits~10332370
[Reset][SW] Recreating runner...
[Reset][SW] OK
  [MSEFI-ctrl-reset] SEFI-block  phys=0x000000001C0A4B98  start=2771864  size=2572697 B  bits~10330934
[Reset][SW] Recreating runner...
[Reset][SW] OK
  [MSEFI-ctrl-reset] SEFI-block  phys=0x000000001BFCCFAF  start=1888175  size=2572697 B  bits~10333556
[Reset][SW] Recreating runner...
[Reset][SW] OK
  [MSEFI-ctrl-reset] SEFI-block  phys=0x000000001CB716A8  start=14096040  size=2572697 B  bits~10332548
[Reset][SW] Recreating runner...
[Reset][SW] OK
  [MSEFI-ctrl-reset] SEFI-block  phys=0x000000001C833B20  start=10697504  size=2572697 B  bits~10327994
[Reset][SW] Recreating runner...
[Reset][SW] OK
  [MSEFI-ctrl-reset] SEFI-block  phys=0x000000001C30F165  start=5304677  size=2572697 B  bits~10330310
[Reset][SW] Recreating runner...
[Reset][SW] OK
  [MSEFI-ctrl-reset] SEFI-block  phys=0x000000001D3987A9  start=22644649  size=2572697 B  bits~10330209
[Reset][SW] Recreating runner...
[Reset][SW] OK
  [MSEFI-ctrl-reset] SEFI-block  phys=0x000000001BF08F23  start=1085219  size=2572697 B  bits~10333837
[Reset][SW] Recreating runner...
[Reset][SW] OK
  [MSEFI-ctrl-reset] SEFI-block  phys=0x000000001CD89BCA  start=16292810  size=2572697 B  bits~10330829
[Reset][SW] Recreating runner...
[Reset][SW] OK
  [MSEFI-ctrl-reset] SEFI-block  phys=0x000000001D24928E  start=21271182  size=2572697 B  bits~10328952
[Reset][SW] Recreating runner...
[Reset][SW] OK
  [MSEFI-ctrl-reset] SEFI-block  phys=0x000000001C0D9520  start=2987296  size=2572697 B  bits~10330646
[Reset][SW] Recreating runner...
[Reset][SW] OK
  [MSEFI-ctrl-reset] SEFI-block  phys=0x000000001CF85E6F  start=18374255  size=2572697 B  bits~10333262
[Reset][SW] Recreating runner...
[Reset][SW] OK
  [MSEFI-ctrl-reset] SEFI-block  phys=0x000000001CB678FA  start=14055674  size=2572697 B  bits~10330257
[Reset][SW] Recreating runner...
[Reset][SW] OK
  [MSEFI-ctrl-reset] SEFI-block  phys=0x000000001D00EBB3  start=18934707  size=2572697 B  bits~10335543
[Reset][SW] Recreating runner...
[Reset][SW] OK
  [MSEFI-ctrl-reset] SEFI-block  phys=0x000000001D25C3C9  start=21349321  size=2572697 B  bits~10334254
[Reset][SW] Recreating runner...
[Reset][SW] OK
  [MSEFI-ctrl-reset] SEFI-block  phys=0x000000001C9B6EAF  start=12283567  size=2572697 B  bits~10333784
[Reset][SW] Recreating runner...
[Reset][SW] OK
  [MSEFI-ctrl-reset] SEFI-block  phys=0x000000001CC6AE7A  start=15117946  size=2572697 B  bits~10331754
[Reset][SW] Recreating runner...
[Reset][SW] OK
  [MSEFI-ctrl-reset] SEFI-block  phys=0x000000001C729BD7  start=9608151  size=2572697 B  bits~10332624
[Reset][SW] Recreating runner...
[Reset][SW] OK
  [MSEFI-ctrl-reset] SEFI-block  phys=0x000000001C2FCD98  start=5229976  size=2572697 B  bits~10332539
[Reset][SW] Recreating runner...
[Reset][SW] OK
  [MSEFI-ctrl-reset] SEFI-block  phys=0x000000001D32FD31  start=22215985  size=2572697 B  bits~10329888
[Reset][SW] Recreating runner...
[Reset][SW] OK
  [MSEFI-ctrl-reset] SEFI-block  phys=0x000000001CD19AD6  start=15833814  size=2572697 B  bits~10329570
[Reset][SW] Recreating runner...
[Reset][SW] OK
  [MSEFI-ctrl-reset] SEFI-block  phys=0x000000001C1EC85C  start=4114524  size=2572697 B  bits~10334246
[Reset][SW] Recreating runner...
[Reset][SW] OK
  [MSEFI-ctrl-reset] SEFI-block  phys=0x000000001C59DE03  start=7986691  size=2572697 B  bits~10328211
[Reset][SW] Recreating runner...
[Reset][SW] OK
  [MSEFI-ctrl-reset] SEFI-block  phys=0x000000001C857EA2  start=10845858  size=2572697 B  bits~10330543
[Reset][SW] Recreating runner...
[Reset][SW] OK
  [MSEFI-ctrl-reset] SEFI-block  phys=0x000000001C5779FA  start=7830010  size=2572697 B  bits~10328754
[Reset][SW] Recreating runner...
[Reset][SW] OK
  [MSEFI-ctrl-reset] SEFI-block  phys=0x000000001CC1C3CD  start=14795725  size=2572697 B  bits~10329237
[Reset][SW] Recreating runner...
[Reset][SW] OK
  [MSEFI-ctrl-reset] SEFI-block  phys=0x000000001CC07DA9  start=14712233  size=2572697 B  bits~10331063
[Reset][SW] Recreating runner...
[Reset][SW] OK
  [MSEFI-ctrl-reset] SEFI-block  phys=0x000000001C0D991F  start=2988319  size=2572697 B  bits~10336542
[Reset][SW] Recreating runner...
[Reset][SW] OK
  [MSEFI-ctrl-reset] SEFI-block  phys=0x000000001C7844AC  start=9979052  size=2572697 B  bits~10331247
[Reset][SW] Recreating runner...
[Reset][SW] OK
  [MSEFI-ctrl-reset] SEFI-block  phys=0x000000001C3E0493  start=6161555  size=2572697 B  bits~10329643
[Reset][SW] Recreating runner...
[Reset][SW] OK
  [MSEFI-ctrl-reset] SEFI-block  phys=0x000000001C7EA0A0  start=10395808  size=2572697 B  bits~10331296
[Reset][SW] Recreating runner...
[Reset][SW] OK
  [MSEFI-ctrl-reset] SEFI-block  phys=0x000000001C061A71  start=2497137  size=2572697 B  bits~10328994
[Reset][SW] Recreating runner...
[Reset][SW] OK
  [MSEFI-ctrl-reset] SEFI-block  phys=0x000000001D07483E  start=19351614  size=2572697 B  bits~10330590
[Reset][SW] Recreating runner...
[Reset][SW] OK
  [MSEFI-ctrl-reset] SEFI-block  phys=0x000000001CD22707  start=15869703  size=2572697 B  bits~10332389
[Reset][SW] Recreating runner...
[Reset][SW] OK
  [MSEFI-ctrl-reset] SEFI-block  phys=0x000000001C412274  start=6365812  size=2572697 B  bits~10328544
[Reset][SW] Recreating runner...
[Reset][SW] OK
  [MSEFI-ctrl-reset] SEFI-block  phys=0x000000001CEA5C1D  start=17456157  size=2572697 B  bits~10336283
[Reset][SW] Recreating runner...
[Reset][SW] OK
  [MSEFI-ctrl-reset] SEFI-block  phys=0x000000001C90EAD0  start=11594448  size=2572697 B  bits~10329651
[Reset][SW] Recreating runner...
[Reset][SW] OK
  [MSEFI-ctrl-reset] SEFI-block  phys=0x000000001D371C2A  start=22486058  size=2572697 B  bits~10337618
[Reset][SW] Recreating runner...
[Reset][SW] OK
  [MSEFI-ctrl-reset] SEFI-block  phys=0x000000001C6D7D3D  start=9272637  size=2572697 B  bits~10329798
[Reset][SW] Recreating runner...
[Reset][SW] OK
  [MSEFI-ctrl-reset] SEFI-block  phys=0x000000001C95DBD3  start=11918291  size=2572697 B  bits~10329533
[Reset][SW] Recreating runner...
[Reset][SW] OK
  [MSEFI-ctrl-reset] SEFI-block  phys=0x000000001C2EEEFF  start=5172991  size=2572697 B  bits~10331374
[Reset][SW] Recreating runner...
[Reset][SW] OK
  [MSEFI-ctrl-reset] SEFI-block  phys=0x000000001BEF157B  start=988539  size=2572697 B  bits~10333394
[Reset][SW] Recreating runner...
[Reset][SW] OK
  [MSEFI-ctrl-reset] SEFI-block  phys=0x000000001C2130EA  start=4272362  size=2572697 B  bits~10328791
[Reset][SW] Recreating runner...
[Reset][SW] OK
  [MSEFI-ctrl-reset] SEFI-block  phys=0x000000001CAD925B  start=13472347  size=2572697 B  bits~10327321
[Reset][SW] Recreating runner...
[Reset][SW] OK
  [MSEFI-ctrl-reset] SEFI-block  phys=0x000000001C97665C  start=12019292  size=2572697 B  bits~10333987
[Reset][SW] Recreating runner...
[Reset][SW] OK
  [MSEFI-ctrl-reset] SEFI-block  phys=0x000000001CFE491E  start=18762014  size=2572697 B  bits~10333730
[Reset][SW] Recreating runner...
[Reset][SW] OK
  [MSEFI-ctrl-reset] SEFI-block  phys=0x000000001C3024C8  start=5252296  size=2572697 B  bits~10331433
[Reset][SW] Recreating runner...
[Reset][SW] OK
  [MSEFI-ctrl-reset] SEFI-block  phys=0x000000001CC86743  start=15230787  size=2572697 B  bits~10327224
[Reset][SW] Recreating runner...
[Reset][SW] OK
  [MSEFI-ctrl-reset] SEFI-block  phys=0x000000001C71FF5B  start=9568091  size=2572697 B  bits~10329478
[Reset][SW] Recreating runner...
[Reset][SW] OK
  [MSEFI-ctrl-reset] SEFI-block  phys=0x000000001C408A72  start=6326898  size=2572697 B  bits~10329542
[Reset][SW] Recreating runner...
[Reset][SW] OK
  [MSEFI-ctrl-reset] SEFI-block  phys=0x000000001C3330BD  start=5451965  size=2572697 B  bits~10330832
[Reset][SW] Recreating runner...
[Reset][SW] OK
  [MSEFI-ctrl-reset] SEFI-block  phys=0x000000001CDABCBE  start=16432318  size=2572697 B  bits~10333314
[Reset][SW] Recreating runner...
[Reset][SW] OK
  [MSEFI-ctrl-reset] SEFI-block  phys=0x000000001D037336  start=19100470  size=2572697 B  bits~10330320
[Reset][SW] Recreating runner...
[Reset][SW] OK
  [MSEFI-ctrl-reset] SEFI-block  phys=0x000000001C0A0894  start=2754708  size=2572697 B  bits~10330121
[Reset][SW] Recreating runner...
[Reset][SW] OK
  [MSEFI-ctrl-reset] SEFI-block  phys=0x000000001C4C5B98  start=7101336  size=2572697 B  bits~10330590
[Reset][SW] Recreating runner...
[Reset][SW] OK
  [MSEFI-ctrl-reset] SEFI-block  phys=0x000000001C855830  start=10836016  size=2572697 B  bits~10332321
[Reset][SW] Recreating runner...
[Reset][SW] OK
  [MSEFI-ctrl-reset] SEFI-block  phys=0x000000001C66A3C5  start=8823749  size=2572697 B  bits~10331777
[Reset][SW] Recreating runner...
[Reset][SW] OK
  [MSEFI-ctrl-reset] SEFI-block  phys=0x000000001CBEBF04  start=14597892  size=2572697 B  bits~10329966
[Reset][SW] Recreating runner...
[Reset][SW] OK
  [MSEFI-ctrl-reset] SEFI-block  phys=0x000000001C571800  start=7804928  size=2572697 B  bits~10329490
[Reset][SW] Recreating runner...
[Reset][SW] OK
  [MSEFI-ctrl-reset] SEFI-block  phys=0x000000001D1C6B02  start=20736770  size=2572697 B  bits~10334427
[Reset][SW] Recreating runner...
[Reset][SW] OK
  [MSEFI-ctrl-reset] SEFI-block  phys=0x000000001CA91311  start=13177617  size=2572697 B  bits~10331595
[Reset][SW] Recreating runner...
[Reset][SW] OK
  [MSEFI-ctrl-reset] SEFI-block  phys=0x000000001D2DA4DD  start=21865693  size=2572697 B  bits~10332435
[Reset][SW] Recreating runner...
[Reset][SW] OK
  [MSEFI-ctrl-reset] SEFI-block  phys=0x000000001C9EAE42  start=12496450  size=2572697 B  bits~10329749
[Reset][SW] Recreating runner...
[Reset][SW] OK
  [MSEFI-ctrl-reset] SEFI-block  phys=0x000000001CA56B0F  start=12937999  size=2572697 B  bits~10329349
[Reset][SW] Recreating runner...
[Reset][SW] OK
  [MSEFI-ctrl-reset] SEFI-block  phys=0x000000001C413C84  start=6372484  size=2572697 B  bits~10329826
[Reset][SW] Recreating runner...
[Reset][SW] OK
  [MSEFI-ctrl-reset] SEFI-block  phys=0x000000001CB7087E  start=14092414  size=2572697 B  bits~10329806
[Reset][SW] Recreating runner...
[Reset][SW] OK
  [MSEFI-ctrl-reset] SEFI-block  phys=0x000000001C471B4C  start=6757196  size=2572697 B  bits~10331622
[Reset][SW] Recreating runner...
[Reset][SW] OK
  [MSEFI-ctrl-reset] SEFI-block  phys=0x000000001D27E2E6  start=21488358  size=2572697 B  bits~10330763
[Reset][SW] Recreating runner...
[Reset][SW] OK
  [MSEFI-ctrl-reset] SEFI-block  phys=0x000000001D329701  start=22189825  size=2572697 B  bits~10331568
[Reset][SW] Recreating runner...
[Reset][SW] OK
  [MSEFI-ctrl-reset] SEFI-block  phys=0x000000001C391282  start=5837442  size=2572697 B  bits~10327428
[Reset][SW] Recreating runner...
[Reset][SW] OK
  [MSEFI-ctrl-reset] SEFI-block  phys=0x000000001C6FAB95  start=9415573  size=2572697 B  bits~10330690
[Reset][SW] Recreating runner...
[Reset][SW] OK
  [MSEFI-ctrl-reset] SEFI-block  phys=0x000000001D056E06  start=19230214  size=2572697 B  bits~10330885
[Reset][SW] Recreating runner...
[Reset][SW] OK
  [MSEFI-ctrl-reset] SEFI-block  phys=0x000000001C994EC5  start=12144325  size=2572697 B  bits~10333455
[Reset][SW] Recreating runner...
[Reset][SW] OK
  [MSEFI-ctrl-reset] SEFI-block  phys=0x000000001C085182  start=2642306  size=2572697 B  bits~10331710
[Reset][SW] Recreating runner...
[Reset][SW] OK
  [MSEFI-ctrl-reset] SEFI-block  phys=0x000000001C3DD60C  start=6149644  size=2572697 B  bits~10332819
[Reset][SW] Recreating runner...
[Reset][SW] OK
  [MSEFI-ctrl-reset] SEFI-block  phys=0x000000001D0D1D3B  start=19733819  size=2572697 B  bits~10330396
[Reset][SW] Recreating runner...
[Reset][SW] OK
  [MSEFI-ctrl-reset] SEFI-block  phys=0x000000001C634B6B  start=8604523  size=2572697 B  bits~10330606
[Reset][SW] Recreating runner...
[Reset][SW] OK
  [MSEFI-ctrl-reset] SEFI-block  phys=0x000000001C126064  start=3301476  size=2572697 B  bits~10329920
[Reset][SW] Recreating runner...
[Reset][SW] OK
  [MSEFI-ctrl-reset] SEFI-block  phys=0x000000001CA7EB92  start=13101970  size=2572697 B  bits~10330580
[Reset][SW] Recreating runner...
[Reset][SW] OK
  [MSEFI-ctrl-reset] SEFI-block  phys=0x000000001C0FDD76  start=3136886  size=2572697 B  bits~10331232
[Reset][SW] Recreating runner...
[Reset][SW] OK
  [MSEFI-ctrl-reset] SEFI-block  phys=0x000000001CA606E3  start=12977891  size=2572697 B  bits~10330771
[Reset][SW] Recreating runner...
[Reset][SW] OK
  [MSEFI-ctrl-reset] SEFI-block  phys=0x000000001C825A5F  start=10639967  size=2572697 B  bits~10329313
[Reset][SW] Recreating runner...
[Reset][SW] OK
  [MSEFI-ctrl-reset] SEFI-block  phys=0x000000001C19EEF9  start=3796729  size=2572697 B  bits~10329188
[Reset][SW] Recreating runner...
[Reset][SW] OK
  [MSEFI-ctrl-reset] SEFI-block  phys=0x000000001BE66B4E  start=420686  size=2572697 B  bits~10330348
[Reset][SW] Recreating runner...
[Reset][SW] OK
  [MSEFI-ctrl-reset] SEFI-block  phys=0x000000001C16239E  start=3548062  size=2572697 B  bits~10333101
[Reset][SW] Recreating runner...
[Reset][SW] OK
  [MSEFI-ctrl-reset] SEFI-block  phys=0x000000001CEFA10D  start=17801485  size=2572697 B  bits~10330034
[Reset][SW] Recreating runner...
[Reset][SW] OK
  [MSEFI-ctrl-reset] SEFI-block  phys=0x000000001CB55781  start=13981569  size=2572697 B  bits~10327664
[Reset][SW] Recreating runner...
[Reset][SW] OK
[Summary] target=input_tensor  baseline=75.00%  faulty=0.00%  recovery=75.00%

──── target=buffers ────
  [MSEFI-ctrl-reset] SEFI-block  phys=0x000000001BECF72C  start=849708  size=2572697 B  bits~10331437
[Reset][SW] Recreating runner...
[Reset][SW] OK
  [MSEFI-ctrl-reset] SEFI-block  phys=0x000000001C4DF01E  start=7204894  size=2572697 B  bits~10330160
[Reset][SW] Recreating runner...
[Reset][SW] OK
  [MSEFI-ctrl-reset] SEFI-block  phys=0x000000001D3E42B8  start=22954680  size=2572697 B  bits~10329625
[Reset][SW] Recreating runner...
[Reset][SW] OK
  [MSEFI-ctrl-reset] SEFI-block  phys=0x000000001CE213EC  start=16913388  size=2572697 B  bits~10326670
[Reset][SW] Recreating runner...
[Reset][SW] OK
  [MSEFI-ctrl-reset] SEFI-block  phys=0x000000001D22C146  start=21152070  size=2572697 B  bits~10333843
[Reset][SW] Recreating runner...
[Reset][SW] OK
  [MSEFI-ctrl-reset] SEFI-block  phys=0x000000001C9C6707  start=12347143  size=2572697 B  bits~10332586
[Reset][SW] Recreating runner...
[Reset][SW] OK
  [MSEFI-ctrl-reset] SEFI-block  phys=0x000000001C24FCEC  start=4521196  size=2572697 B  bits~10332322
[Reset][SW] Recreating runner...
[Reset][SW] OK
  [MSEFI-ctrl-reset] SEFI-block  phys=0x000000001C911B84  start=11606916  size=2572697 B  bits~10332488
[Reset][SW] Recreating runner...
[Reset][SW] OK
  [MSEFI-ctrl-reset] SEFI-block  phys=0x000000001C9E75BA  start=12481978  size=2572697 B  bits~10330952
[Reset][SW] Recreating runner...
[Reset][SW] OK
  [MSEFI-ctrl-reset] SEFI-block  phys=0x000000001CCCDBE3  start=15522787  size=2572697 B  bits~10332566
[Reset][SW] Recreating runner...
[Reset][SW] OK
  [MSEFI-ctrl-reset] SEFI-block  phys=0x000000001CAA8E2D  start=13274669  size=2572697 B  bits~10327477
[Reset][SW] Recreating runner...
[Reset][SW] OK
  [MSEFI-ctrl-reset] SEFI-block  phys=0x000000001D2D1123  start=21827875  size=2572697 B  bits~10330855
[Reset][SW] Recreating runner...
[Reset][SW] OK
  [MSEFI-ctrl-reset] SEFI-block  phys=0x000000001C6705A7  start=8848807  size=2572697 B  bits~10332123
[Reset][SW] Recreating runner...
[Reset][SW] OK
  [MSEFI-ctrl-reset] SEFI-block  phys=0x000000001C26A28F  start=4629135  size=2572697 B  bits~10333136
[Reset][SW] Recreating runner...
[Reset][SW] OK
  [MSEFI-ctrl-reset] SEFI-block  phys=0x000000001C22A1E7  start=4366823  size=2572697 B  bits~10330977
[Reset][SW] Recreating runner...
[Reset][SW] OK
  [MSEFI-ctrl-reset] SEFI-block  phys=0x000000001CA92811  start=13182993  size=2572697 B  bits~10331554
[Reset][SW] Recreating runner...
[Reset][SW] OK
  [MSEFI-ctrl-reset] SEFI-block  phys=0x000000001BE3BA38  start=244280  size=2572697 B  bits~10330006
[Reset][SW] Recreating runner...
[Reset][SW] OK
  [MSEFI-ctrl-reset] SEFI-block  phys=0x000000001CD965DC  start=16344540  size=2572697 B  bits~10331579
[Reset][SW] Recreating runner...
[Reset][SW] OK
  [MSEFI-ctrl-reset] SEFI-block  phys=0x000000001C26EB38  start=4647736  size=2572697 B  bits~10332833
[Reset][SW] Recreating runner...
[Reset][SW] OK
  [MSEFI-ctrl-reset] SEFI-block  phys=0x000000001C9070EA  start=11563242  size=2572697 B  bits~10328330
[Reset][SW] Recreating runner...
[Reset][SW] OK
  [MSEFI-ctrl-reset] SEFI-block  phys=0x000000001CB5F58B  start=14022027  size=2572697 B  bits~10333013
[Reset][SW] Recreating runner...
[Reset][SW] OK
  [MSEFI-ctrl-reset] SEFI-block  phys=0x000000001D021AB0  start=19012272  size=2572697 B  bits~10329069
[Reset][SW] Recreating runner...
[Reset][SW] OK
  [MSEFI-ctrl-reset] SEFI-block  phys=0x000000001D38B052  start=22589522  size=2572697 B  bits~10326347
[Reset][SW] Recreating runner...
[Reset][SW] OK
  [MSEFI-ctrl-reset] SEFI-block  phys=0x000000001C1F571B  start=4151067  size=2572697 B  bits~10330269
[Reset][SW] Recreating runner...
[Reset][SW] OK
  [MSEFI-ctrl-reset] SEFI-block  phys=0x000000001CDD2128  start=16589096  size=2572697 B  bits~10330906
[Reset][SW] Recreating runner...
[Reset][SW] OK
  [MSEFI-ctrl-reset] SEFI-block  phys=0x000000001CDBE779  start=16508793  size=2572697 B  bits~10328762
[Reset][SW] Recreating runner...
[Reset][SW] OK
  [MSEFI-ctrl-reset] SEFI-block  phys=0x000000001C293119  start=4796697  size=2572697 B  bits~10331330
[Reset][SW] Recreating runner...
[Reset][SW] OK
  [MSEFI-ctrl-reset] SEFI-block  phys=0x000000001CAB360F  start=13317647  size=2572697 B  bits~10330859
[Reset][SW] Recreating runner...
[Reset][SW] OK
  [MSEFI-ctrl-reset] SEFI-block  phys=0x000000001BFA4935  start=1722677  size=2572697 B  bits~10332552
[Reset][SW] Recreating runner...
[Reset][SW] OK
  [MSEFI-ctrl-reset] SEFI-block  phys=0x000000001CCC61E8  start=15491560  size=2572697 B  bits~10333198
[Reset][SW] Recreating runner...
[Reset][SW] OK
  [MSEFI-ctrl-reset] SEFI-block  phys=0x000000001CAE5BCA  start=13523914  size=2572697 B  bits~10332375
[Reset][SW] Recreating runner...
[Reset][SW] OK
  [MSEFI-ctrl-reset] SEFI-block  phys=0x000000001C57F7B1  start=7862193  size=2572697 B  bits~10327026
[Reset][SW] Recreating runner...
[Reset][SW] OK
  [MSEFI-ctrl-reset] SEFI-block  phys=0x000000001C4A019D  start=6947229  size=2572697 B  bits~10329586
[Reset][SW] Recreating runner...
[Reset][SW] OK
  [MSEFI-ctrl-reset] SEFI-block  phys=0x000000001D24B03F  start=21278783  size=2572697 B  bits~10331038
[Reset][SW] Recreating runner...
[Reset][SW] OK
  [MSEFI-ctrl-reset] SEFI-block  phys=0x000000001CFF7148  start=18837832  size=2572697 B  bits~10328355
[Reset][SW] Recreating runner...
[Reset][SW] OK
  [MSEFI-ctrl-reset] SEFI-block  phys=0x000000001CCFCF2F  start=15716143  size=2572697 B  bits~10331392
[Reset][SW] Recreating runner...
[Reset][SW] OK
  [MSEFI-ctrl-reset] SEFI-block  phys=0x000000001CA102DA  start=12649178  size=2572697 B  bits~10328791
[Reset][SW] Recreating runner...
[Reset][SW] OK
  [MSEFI-ctrl-reset] SEFI-block  phys=0x000000001CCA3AB7  start=15350455  size=2572697 B  bits~10330497
[Reset][SW] Recreating runner...
[Reset][SW] OK
  [MSEFI-ctrl-reset] SEFI-block  phys=0x000000001CED8862  start=17664098  size=2572697 B  bits~10338332
[Reset][SW] Recreating runner...
[Reset][SW] OK
  [MSEFI-ctrl-reset] SEFI-block  phys=0x000000001D0A2D91  start=19541393  size=2572697 B  bits~10333315
[Reset][SW] Recreating runner...
[Reset][SW] OK
  [MSEFI-ctrl-reset] SEFI-block  phys=0x000000001D2B9743  start=21731139  size=2572697 B  bits~10328958
[Reset][SW] Recreating runner...
[Reset][SW] OK
  [MSEFI-ctrl-reset] SEFI-block  phys=0x000000001BEDC38E  start=902030  size=2572697 B  bits~10332514
[Reset][SW] Recreating runner...
[Reset][SW] OK
  [MSEFI-ctrl-reset] SEFI-block  phys=0x000000001CF14B9C  start=17910684  size=2572697 B  bits~10329385
[Reset][SW] Recreating runner...
[Reset][SW] OK
  [MSEFI-ctrl-reset] SEFI-block  phys=0x000000001C31CB52  start=5360466  size=2572697 B  bits~10333428
[Reset][SW] Recreating runner...
[Reset][SW] OK
  [MSEFI-ctrl-reset] SEFI-block  phys=0x000000001C43C4C9  start=6538441  size=2572697 B  bits~10328831
[Reset][SW] Recreating runner...
[Reset][SW] OK
  [MSEFI-ctrl-reset] SEFI-block  phys=0x000000001CAF5694  start=13588116  size=2572697 B  bits~10326007
[Reset][SW] Recreating runner...
[Reset][SW] OK
  [MSEFI-ctrl-reset] SEFI-block  phys=0x000000001BE27ED4  start=163540  size=2572697 B  bits~10332774
[Reset][SW] Recreating runner...
[Reset][SW] OK
  [MSEFI-ctrl-reset] SEFI-block  phys=0x000000001C5057FE  start=7362558  size=2572697 B  bits~10327269
[Reset][SW] Recreating runner...
[Reset][SW] OK
  [MSEFI-ctrl-reset] SEFI-block  phys=0x000000001C982AEE  start=12069614  size=2572697 B  bits~10331214
[Reset][SW] Recreating runner...
[Reset][SW] OK
  [MSEFI-ctrl-reset] SEFI-block  phys=0x000000001C47357F  start=6763903  size=2572697 B  bits~10333699
[Reset][SW] Recreating runner...
[Reset][SW] OK
  [MSEFI-ctrl-reset] SEFI-block  phys=0x000000001CE2049E  start=16909470  size=2572697 B  bits~10328141
[Reset][SW] Recreating runner...
[Reset][SW] OK
  [MSEFI-ctrl-reset] SEFI-block  phys=0x000000001CA9C294  start=13222548  size=2572697 B  bits~10330934
[Reset][SW] Recreating runner...
[Reset][SW] OK
  [MSEFI-ctrl-reset] SEFI-block  phys=0x000000001D207B10  start=21003024  size=2572697 B  bits~10332794
[Reset][SW] Recreating runner...
[Reset][SW] OK
  [MSEFI-ctrl-reset] SEFI-block  phys=0x000000001C8D795E  start=11368798  size=2572697 B  bits~10333716
[Reset][SW] Recreating runner...
[Reset][SW] OK
  [MSEFI-ctrl-reset] SEFI-block  phys=0x000000001CEB8F16  start=17534742  size=2572697 B  bits~10329383
[Reset][SW] Recreating runner...
[Reset][SW] OK
  [MSEFI-ctrl-reset] SEFI-block  phys=0x000000001CEA2EE3  start=17444579  size=2572697 B  bits~10327880
[Reset][SW] Recreating runner...
[Reset][SW] OK
  [MSEFI-ctrl-reset] SEFI-block  phys=0x000000001BEA70EF  start=684271  size=2572697 B  bits~10333978
[Reset][SW] Recreating runner...
[Reset][SW] OK
  [MSEFI-ctrl-reset] SEFI-block  phys=0x000000001CABE4C2  start=13362370  size=2572697 B  bits~10332171
[Reset][SW] Recreating runner...
[Reset][SW] OK
  [MSEFI-ctrl-reset] SEFI-block  phys=0x000000001C65D10E  start=8769806  size=2572697 B  bits~10332666
[Reset][SW] Recreating runner...
[Reset][SW] OK
  [MSEFI-ctrl-reset] SEFI-block  phys=0x000000001CADB39D  start=13480861  size=2572697 B  bits~10332906
[Reset][SW] Recreating runner...
[Reset][SW] OK
  [MSEFI-ctrl-reset] SEFI-block  phys=0x000000001CF4B758  start=18134872  size=2572697 B  bits~10334063
[Reset][SW] Recreating runner...
[Reset][SW] OK
  [MSEFI-ctrl-reset] SEFI-block  phys=0x000000001C1A8C4D  start=3837005  size=2572697 B  bits~10335067
[Reset][SW] Recreating runner...
[Reset][SW] OK
  [MSEFI-ctrl-reset] SEFI-block  phys=0x000000001D3C8F03  start=22843139  size=2572697 B  bits~10334167
[Reset][SW] Recreating runner...
[Reset][SW] OK
  [MSEFI-ctrl-reset] SEFI-block  phys=0x000000001D02A9A4  start=19048868  size=2572697 B  bits~10329144
[Reset][SW] Recreating runner...
[Reset][SW] OK
  [MSEFI-ctrl-reset] SEFI-block  phys=0x000000001CC38A28  start=14912040  size=2572697 B  bits~10330715
[Reset][SW] Recreating runner...
[Reset][SW] OK
  [MSEFI-ctrl-reset] SEFI-block  phys=0x000000001C315FBB  start=5332923  size=2572697 B  bits~10333569
[Reset][SW] Recreating runner...
[Reset][SW] OK
  [MSEFI-ctrl-reset] SEFI-block  phys=0x000000001C7A0D93  start=10096019  size=2572697 B  bits~10332284
[Reset][SW] Recreating runner...
[Reset][SW] OK
  [MSEFI-ctrl-reset] SEFI-block  phys=0x000000001CFF6E2F  start=18837039  size=2572697 B  bits~10330174
[Reset][SW] Recreating runner...
[Reset][SW] OK
  [MSEFI-ctrl-reset] SEFI-block  phys=0x000000001D29149A  start=21566618  size=2572697 B  bits~10330675
[Reset][SW] Recreating runner...
[Reset][SW] OK
  [MSEFI-ctrl-reset] SEFI-block  phys=0x000000001C1EA13E  start=4104510  size=2572697 B  bits~10331973
[Reset][SW] Recreating runner...
[Reset][SW] OK
  [MSEFI-ctrl-reset] SEFI-block  phys=0x000000001C3B826E  start=5997166  size=2572697 B  bits~10330687
[Reset][SW] Recreating runner...
[Reset][SW] OK
  [MSEFI-ctrl-reset] SEFI-block  phys=0x000000001C8E630C  start=11428620  size=2572697 B  bits~10331944
[Reset][SW] Recreating runner...
[Reset][SW] OK
  [MSEFI-ctrl-reset] SEFI-block  phys=0x000000001D1A7A49  start=20609609  size=2572697 B  bits~10331134
[Reset][SW] Recreating runner...
[Reset][SW] OK
  [MSEFI-ctrl-reset] SEFI-block  phys=0x000000001D303DC8  start=22035912  size=2572697 B  bits~10332128
[Reset][SW] Recreating runner...
[Reset][SW] OK
  [MSEFI-ctrl-reset] SEFI-block  phys=0x000000001C82D378  start=10670968  size=2572697 B  bits~10330434
[Reset][SW] Recreating runner...
[Reset][SW] OK
  [MSEFI-ctrl-reset] SEFI-block  phys=0x000000001CC7F17C  start=15200636  size=2572697 B  bits~10330089
[Reset][SW] Recreating runner...
[Reset][SW] OK
  [MSEFI-ctrl-reset] SEFI-block  phys=0x000000001D0A9C62  start=19569762  size=2572697 B  bits~10330324
[Reset][SW] Recreating runner...
[Reset][SW] OK
  [MSEFI-ctrl-reset] SEFI-block  phys=0x000000001CFE5308  start=18764552  size=2572697 B  bits~10330409
[Reset][SW] Recreating runner...
[Reset][SW] OK
  [MSEFI-ctrl-reset] SEFI-block  phys=0x000000001CDB3A91  start=16464529  size=2572697 B  bits~10331336
[Reset][SW] Recreating runner...
[Reset][SW] OK
  [MSEFI-ctrl-reset] SEFI-block  phys=0x000000001CD85546  start=16274758  size=2572697 B  bits~10329895
[Reset][SW] Recreating runner...
[Reset][SW] OK
  [MSEFI-ctrl-reset] SEFI-block  phys=0x000000001C1309CE  start=3344846  size=2572697 B  bits~10325009
[Reset][SW] Recreating runner...
[Reset][SW] OK
  [MSEFI-ctrl-reset] SEFI-block  phys=0x000000001C1A91F0  start=3838448  size=2572697 B  bits~10329555
[Reset][SW] Recreating runner...
[Reset][SW] OK
  [MSEFI-ctrl-reset] SEFI-block  phys=0x000000001CB7E4B7  start=14148791  size=2572697 B  bits~10331961
[Reset][SW] Recreating runner...
[Reset][SW] OK
  [MSEFI-ctrl-reset] SEFI-block  phys=0x000000001CC94689  start=15287945  size=2572697 B  bits~10328627
[Reset][SW] Recreating runner...
[Reset][SW] OK
  [MSEFI-ctrl-reset] SEFI-block  phys=0x000000001D382620  start=22554144  size=2572697 B  bits~10334810
[Reset][SW] Recreating runner...
[Reset][SW] OK
  [MSEFI-ctrl-reset] SEFI-block  phys=0x000000001C222659  start=4335193  size=2572697 B  bits~10334283
[Reset][SW] Recreating runner...
[Reset][SW] OK
  [MSEFI-ctrl-reset] SEFI-block  phys=0x000000001D1F1130  start=20910384  size=2572697 B  bits~10334123
[Reset][SW] Recreating runner...
[Reset][SW] OK
  [MSEFI-ctrl-reset] SEFI-block  phys=0x000000001CE418E2  start=17045730  size=2572697 B  bits~10327494
[Reset][SW] Recreating runner...
[Reset][SW] OK
  [MSEFI-ctrl-reset] SEFI-block  phys=0x000000001C6ADEEC  start=9101036  size=2572697 B  bits~10336489
[Reset][SW] Recreating runner...
[Reset][SW] OK
  [MSEFI-ctrl-reset] SEFI-block  phys=0x000000001CDB76CE  start=16479950  size=2572697 B  bits~10328069
[Reset][SW] Recreating runner...
[Reset][SW] OK
  [MSEFI-ctrl-reset] SEFI-block  phys=0x000000001CBEF402  start=14611458  size=2572697 B  bits~10327812
[Reset][SW] Recreating runner...
[Reset][SW] OK
  [MSEFI-ctrl-reset] SEFI-block  phys=0x000000001C889223  start=11047459  size=2572697 B  bits~10330918
[Reset][SW] Recreating runner...
[Reset][SW] OK
  [MSEFI-ctrl-reset] SEFI-block  phys=0x000000001CFF402F  start=18825263  size=2572697 B  bits~10332027
[Reset][SW] Recreating runner...
[Reset][SW] OK
  [MSEFI-ctrl-reset] SEFI-block  phys=0x000000001CAD99C5  start=13474245  size=2572697 B  bits~10329482
[Reset][SW] Recreating runner...
[Reset][SW] OK
  [MSEFI-ctrl-reset] SEFI-block  phys=0x000000001D140361  start=20185953  size=2572697 B  bits~10327545
[Reset][SW] Recreating runner...
[Reset][SW] OK
  [MSEFI-ctrl-reset] SEFI-block  phys=0x000000001C5FFFD9  start=8388569  size=2572697 B  bits~10330830
[Reset][SW] Recreating runner...
[Reset][SW] OK
  [MSEFI-ctrl-reset] SEFI-block  phys=0x000000001C2089C5  start=4229573  size=2572697 B  bits~10333519
[Reset][SW] Recreating runner...
[Reset][SW] OK
  [MSEFI-ctrl-reset] SEFI-block  phys=0x000000001C75DC48  start=9821256  size=2572697 B  bits~10332982
[Reset][SW] Recreating runner...
[Reset][SW] OK
  [MSEFI-ctrl-reset] SEFI-block  phys=0x000000001BE72405  start=467973  size=2572697 B  bits~10329888
[Reset][SW] Recreating runner...
[Reset][SW] OK
  [MSEFI-ctrl-reset] SEFI-block  phys=0x000000001C4BC712  start=7063314  size=2572697 B  bits~10330092
[Reset][SW] Recreating runner...
[Reset][SW] OK
[Summary] target=buffers  baseline=75.00%  faulty=0.00%  recovery=75.00%
