[Setup] Input  data_fixed  size=150528 h=224 w=224
[Setup] Output fc1000_fixed  size=1000
[DDR4] Instructions: reg_val=0x1BD00  phys=0x000000001BD00000  size=742492 B
[DDR4] Weights:      phys=0x000000001BE00000  size=25726976 B
[DDR4] Input region: phys=0x000000001BA80000  total=152608 B  pixel_start=+2080 B
[Baseline] Accuracy: 75/100 = 75.00%

──── target=weights ────
  [SEFI-row] SEFI-row  phys=0x000000001CEC2000  row_off=17571840  size=8192 B  bits~32830
  [SEFI-row] SEFI-row  phys=0x000000001D5B6000  row_off=24862720  size=8192 B  bits~32883
  [SEFI-row] SEFI-row  phys=0x000000001D3D2000  row_off=22880256  size=8192 B  bits~33014
  [SEFI-row] SEFI-row  phys=0x000000001D5D2000  row_off=24977408  size=8192 B  bits~32895
  [SEFI-row] SEFI-row  phys=0x000000001C126000  row_off=3301376  size=8192 B  bits~32921
  [SEFI-row] SEFI-row  phys=0x000000001C2BC000  row_off=4964352  size=8192 B  bits~32888
  [SEFI-row] SEFI-row  phys=0x000000001D288000  row_off=21528576  size=8192 B  bits~32888
  [SEFI-row] SEFI-row  phys=0x000000001C074000  row_off=2572288  size=8192 B  bits~32872
  [SEFI-row] SEFI-row  phys=0x000000001D2A6000  row_off=21651456  size=8192 B  bits~32983
  [SEFI-row] SEFI-row  phys=0x000000001C260000  row_off=4587520  size=8192 B  bits~32964
  [SEFI-row] SEFI-row  phys=0x000000001BFE8000  row_off=1998848  size=8192 B  bits~32795
  [SEFI-row] SEFI-row  phys=0x000000001CCA2000  row_off=15343616  size=8192 B  bits~32980
  [SEFI-row] SEFI-row  phys=0x000000001CBBA000  row_off=14393344  size=8192 B  bits~32656
  [SEFI-row] SEFI-row  phys=0x000000001CFA0000  row_off=18481152  size=8192 B  bits~32894
  [SEFI-row] SEFI-row  phys=0x000000001D61E000  row_off=25288704  size=8192 B  bits~33146
  [SEFI-row] SEFI-row  phys=0x000000001CAE8000  row_off=13533184  size=8192 B  bits~33069
  [SEFI-row] SEFI-row  phys=0x000000001C85C000  row_off=10862592  size=8192 B  bits~33014
  [SEFI-row] SEFI-row  phys=0x000000001CAEC000  row_off=13549568  size=8192 B  bits~32851
  [SEFI-row] SEFI-row  phys=0x000000001BE44000  row_off=278528  size=8192 B  bits~32864
  [SEFI-row] SEFI-row  phys=0x000000001C2B4000  row_off=4931584  size=8192 B  bits~32949
  [SEFI-row] SEFI-row  phys=0x000000001C18E000  row_off=3727360  size=8192 B  bits~32871
  [SEFI-row] SEFI-row  phys=0x000000001CE90000  row_off=17367040  size=8192 B  bits~32908
  [SEFI-row] SEFI-row  phys=0x000000001D238000  row_off=21200896  size=8192 B  bits~32794
  [SEFI-row] SEFI-row  phys=0x000000001D48C000  row_off=23642112  size=8192 B  bits~32956
  [SEFI-row] SEFI-row  phys=0x000000001CA80000  row_off=13107200  size=8192 B  bits~32844
  [SEFI-row] SEFI-row  phys=0x000000001BECA000  row_off=827392  size=8192 B  bits~32921
  [SEFI-row] SEFI-row  phys=0x000000001D326000  row_off=22175744  size=8192 B  bits~33182
  [SEFI-row] SEFI-row  phys=0x000000001CE04000  row_off=16793600  size=8192 B  bits~32924
  [SEFI-row] SEFI-row  phys=0x000000001C3D8000  row_off=6127616  size=8192 B  bits~32893
  [SEFI-row] SEFI-row  phys=0x000000001BF32000  row_off=1253376  size=8192 B  bits~32857
  [SEFI-row] SEFI-row  phys=0x000000001CEE8000  row_off=17727488  size=8192 B  bits~32857
  [SEFI-row] SEFI-row  phys=0x000000001C8B8000  row_off=11239424  size=8192 B  bits~32907
  [SEFI-row] SEFI-row  phys=0x000000001CFE2000  row_off=18751488  size=8192 B  bits~32729
  [SEFI-row] SEFI-row  phys=0x000000001C05E000  row_off=2482176  size=8192 B  bits~32825
  [SEFI-row] SEFI-row  phys=0x000000001C6A6000  row_off=9068544  size=8192 B  bits~32796
  [SEFI-row] SEFI-row  phys=0x000000001D5EE000  row_off=25092096  size=8192 B  bits~32868
  [SEFI-row] SEFI-row  phys=0x000000001C6F6000  row_off=9396224  size=8192 B  bits~32773
  [SEFI-row] SEFI-row  phys=0x000000001C31C000  row_off=5357568  size=8192 B  bits~32788
  [SEFI-row] SEFI-row  phys=0x000000001C192000  row_off=3743744  size=8192 B  bits~33087
  [SEFI-row] SEFI-row  phys=0x000000001C724000  row_off=9584640  size=8192 B  bits~32709
  [SEFI-row] SEFI-row  phys=0x000000001CE40000  row_off=17039360  size=8192 B  bits~33069
  [SEFI-row] SEFI-row  phys=0x000000001BF16000  row_off=1138688  size=8192 B  bits~32987
  [SEFI-row] SEFI-row  phys=0x000000001CA56000  row_off=12935168  size=8192 B  bits~32881
  [SEFI-row] SEFI-row  phys=0x000000001BECA000  row_off=827392  size=8192 B  bits~32742
  [SEFI-row] SEFI-row  phys=0x000000001C806000  row_off=10510336  size=8192 B  bits~32875
  [SEFI-row] SEFI-row  phys=0x000000001C66C000  row_off=8830976  size=8192 B  bits~32839
  [SEFI-row] SEFI-row  phys=0x000000001C360000  row_off=5636096  size=8192 B  bits~32831
  [SEFI-row] SEFI-row  phys=0x000000001CEF6000  row_off=17784832  size=8192 B  bits~32835
  [SEFI-row] SEFI-row  phys=0x000000001CC78000  row_off=15171584  size=8192 B  bits~33001
  [SEFI-row] SEFI-row  phys=0x000000001C69A000  row_off=9019392  size=8192 B  bits~32899
  [SEFI-row] SEFI-row  phys=0x000000001D13E000  row_off=20176896  size=8192 B  bits~32862
  [SEFI-row] SEFI-row  phys=0x000000001C900000  row_off=11534336  size=8192 B  bits~33042
  [SEFI-row] SEFI-row  phys=0x000000001D540000  row_off=24379392  size=8192 B  bits~32968
  [SEFI-row] SEFI-row  phys=0x000000001C4B0000  row_off=7012352  size=8192 B  bits~32849
  [SEFI-row] SEFI-row  phys=0x000000001C792000  row_off=10035200  size=8192 B  bits~32820
  [SEFI-row] SEFI-row  phys=0x000000001D1F8000  row_off=20938752  size=8192 B  bits~32731
  [SEFI-row] SEFI-row  phys=0x000000001D284000  row_off=21512192  size=8192 B  bits~33096
  [SEFI-row] SEFI-row  phys=0x000000001C2C0000  row_off=4980736  size=8192 B  bits~33066
  [SEFI-row] SEFI-row  phys=0x000000001C00A000  row_off=2138112  size=8192 B  bits~33056
  [SEFI-row] SEFI-row  phys=0x000000001C47C000  row_off=6799360  size=8192 B  bits~32708
  [SEFI-row] SEFI-row  phys=0x000000001CC26000  row_off=14835712  size=8192 B  bits~32757
  [SEFI-row] SEFI-row  phys=0x000000001CBAE000  row_off=14344192  size=8192 B  bits~32624
  [SEFI-row] SEFI-row  phys=0x000000001C55A000  row_off=7708672  size=8192 B  bits~32702
  [SEFI-row] SEFI-row  phys=0x000000001CC9E000  row_off=15327232  size=8192 B  bits~32800
  [SEFI-row] SEFI-row  phys=0x000000001BFB8000  row_off=1802240  size=8192 B  bits~33128
  [SEFI-row] SEFI-row  phys=0x000000001CB4E000  row_off=13950976  size=8192 B  bits~32871
  [SEFI-row] SEFI-row  phys=0x000000001BEF0000  row_off=983040  size=8192 B  bits~32967
  [SEFI-row] SEFI-row  phys=0x000000001D27E000  row_off=21487616  size=8192 B  bits~32989
  [SEFI-row] SEFI-row  phys=0x000000001D3E8000  row_off=22970368  size=8192 B  bits~32947
  [SEFI-row] SEFI-row  phys=0x000000001D344000  row_off=22298624  size=8192 B  bits~32998
  [SEFI-row] SEFI-row  phys=0x000000001CE3C000  row_off=17022976  size=8192 B  bits~33058
  [SEFI-row] SEFI-row  phys=0x000000001C392000  row_off=5840896  size=8192 B  bits~32847
  [SEFI-row] SEFI-row  phys=0x000000001C83E000  row_off=10739712  size=8192 B  bits~32951
  [SEFI-row] SEFI-row  phys=0x000000001C78A000  row_off=10002432  size=8192 B  bits~32899
  [SEFI-row] SEFI-row  phys=0x000000001BF94000  row_off=1654784  size=8192 B  bits~32943
  [SEFI-row] SEFI-row  phys=0x000000001BF08000  row_off=1081344  size=8192 B  bits~32735
  [SEFI-row] SEFI-row  phys=0x000000001C356000  row_off=5595136  size=8192 B  bits~32840
  [SEFI-row] SEFI-row  phys=0x000000001C728000  row_off=9601024  size=8192 B  bits~33047
  [SEFI-row] SEFI-row  phys=0x000000001CD8A000  row_off=16293888  size=8192 B  bits~33009
  [SEFI-row] SEFI-row  phys=0x000000001D1F6000  row_off=20930560  size=8192 B  bits~32852
  [SEFI-row] SEFI-row  phys=0x000000001BF12000  row_off=1122304  size=8192 B  bits~32981
  [SEFI-row] SEFI-row  phys=0x000000001C122000  row_off=3284992  size=8192 B  bits~33171
  [SEFI-row] SEFI-row  phys=0x000000001D390000  row_off=22609920  size=8192 B  bits~32944
  [SEFI-row] SEFI-row  phys=0x000000001CA6C000  row_off=13025280  size=8192 B  bits~32887
  [SEFI-row] SEFI-row  phys=0x000000001CF34000  row_off=18038784  size=8192 B  bits~33005
  [SEFI-row] SEFI-row  phys=0x000000001D11C000  row_off=20037632  size=8192 B  bits~32786
  [SEFI-row] SEFI-row  phys=0x000000001C44E000  row_off=6610944  size=8192 B  bits~32979
  [SEFI-row] SEFI-row  phys=0x000000001C90C000  row_off=11583488  size=8192 B  bits~32943
  [SEFI-row] SEFI-row  phys=0x000000001CE60000  row_off=17170432  size=8192 B  bits~33038
  [SEFI-row] SEFI-row  phys=0x000000001BE6C000  row_off=442368  size=8192 B  bits~33021
  [SEFI-row] SEFI-row  phys=0x000000001C80E000  row_off=10543104  size=8192 B  bits~32967
  [SEFI-row] SEFI-row  phys=0x000000001D21E000  row_off=21094400  size=8192 B  bits~32922
  [SEFI-row] SEFI-row  phys=0x000000001BE6E000  row_off=450560  size=8192 B  bits~33034
  [SEFI-row] SEFI-row  phys=0x000000001CB74000  row_off=14106624  size=8192 B  bits~32671
  [SEFI-row] SEFI-row  phys=0x000000001CC40000  row_off=14942208  size=8192 B  bits~32992
  [SEFI-row] SEFI-row  phys=0x000000001C9B2000  row_off=12263424  size=8192 B  bits~32811
  [SEFI-row] SEFI-row  phys=0x000000001C2B0000  row_off=4915200  size=8192 B  bits~32985
  [SEFI-row] SEFI-row  phys=0x000000001D0AC000  row_off=19578880  size=8192 B  bits~32786
  [SEFI-row] SEFI-row  phys=0x000000001BF18000  row_off=1146880  size=8192 B  bits~32999
  [SEFI-row] SEFI-row  phys=0x000000001C44A000  row_off=6594560  size=8192 B  bits~33056
[Summary] target=weights  baseline=75.00%  faulty=5.00%  recovery=0.00%

──── target=input_tensor ────
  [SEFI-row] SEFI-row  phys=0x000000001BA8A820  row_off=40960  size=8192 B  bits~32980
  [SEFI-row] SEFI-row  phys=0x000000001BA8E820  row_off=57344  size=8192 B  bits~32733
  [SEFI-row] SEFI-row  phys=0x000000001BA8E820  row_off=57344  size=8192 B  bits~33006
  [SEFI-row] SEFI-row  phys=0x000000001BA98820  row_off=98304  size=8192 B  bits~33077
  [SEFI-row] SEFI-row  phys=0x000000001BA9C820  row_off=114688  size=8192 B  bits~32715
  [SEFI-row] SEFI-row  phys=0x000000001BAA0820  row_off=131072  size=8192 B  bits~33037
  [SEFI-row] SEFI-row  phys=0x000000001BA86820  row_off=24576  size=8192 B  bits~32867
  [SEFI-row] SEFI-row  phys=0x000000001BA86820  row_off=24576  size=8192 B  bits~32654
  [SEFI-row] SEFI-row  phys=0x000000001BA88820  row_off=32768  size=8192 B  bits~32772
  [SEFI-row] SEFI-row  phys=0x000000001BA9E820  row_off=122880  size=8192 B  bits~33000
  [SEFI-row] SEFI-row  phys=0x000000001BA86820  row_off=24576  size=8192 B  bits~33015
  [SEFI-row] SEFI-row  phys=0x000000001BA90820  row_off=65536  size=8192 B  bits~32870
  [SEFI-row] SEFI-row  phys=0x000000001BA94820  row_off=81920  size=8192 B  bits~32860
  [SEFI-row] SEFI-row  phys=0x000000001BAA0820  row_off=131072  size=8192 B  bits~32849
  [SEFI-row] SEFI-row  phys=0x000000001BA86820  row_off=24576  size=8192 B  bits~32905
  [SEFI-row] SEFI-row  phys=0x000000001BA94820  row_off=81920  size=8192 B  bits~33080
  [SEFI-row] SEFI-row  phys=0x000000001BA94820  row_off=81920  size=8192 B  bits~32779
  [SEFI-row] SEFI-row  phys=0x000000001BA84820  row_off=16384  size=8192 B  bits~32947
  [SEFI-row] SEFI-row  phys=0x000000001BAA0820  row_off=131072  size=8192 B  bits~32966
  [SEFI-row] SEFI-row  phys=0x000000001BAA0820  row_off=131072  size=8192 B  bits~32975
  [SEFI-row] SEFI-row  phys=0x000000001BA98820  row_off=98304  size=8192 B  bits~33026
  [SEFI-row] SEFI-row  phys=0x000000001BA98820  row_off=98304  size=8192 B  bits~33032
  [SEFI-row] SEFI-row  phys=0x000000001BA80820  row_off=0  size=8192 B  bits~32969
  [SEFI-row] SEFI-row  phys=0x000000001BA8E820  row_off=57344  size=8192 B  bits~33090
  [SEFI-row] SEFI-row  phys=0x000000001BA96820  row_off=90112  size=8192 B  bits~32611
  [SEFI-row] SEFI-row  phys=0x000000001BA8A820  row_off=40960  size=8192 B  bits~32708
  [SEFI-row] SEFI-row  phys=0x000000001BA98820  row_off=98304  size=8192 B  bits~32965
  [SEFI-row] SEFI-row  phys=0x000000001BA9A820  row_off=106496  size=8192 B  bits~33032
  [SEFI-row] SEFI-row  phys=0x000000001BA96820  row_off=90112  size=8192 B  bits~32671
  [SEFI-row] SEFI-row  phys=0x000000001BA84820  row_off=16384  size=8192 B  bits~32703
  [SEFI-row] SEFI-row  phys=0x000000001BA8E820  row_off=57344  size=8192 B  bits~32817
  [SEFI-row] SEFI-row  phys=0x000000001BA88820  row_off=32768  size=8192 B  bits~32833
  [SEFI-row] SEFI-row  phys=0x000000001BAA2820  row_off=139264  size=8192 B  bits~32885
  [SEFI-row] SEFI-row  phys=0x000000001BA8C820  row_off=49152  size=8192 B  bits~32883
  [SEFI-row] SEFI-row  phys=0x000000001BA88820  row_off=32768  size=8192 B  bits~32849
  [SEFI-row] SEFI-row  phys=0x000000001BA88820  row_off=32768  size=8192 B  bits~32833
  [SEFI-row] SEFI-row  phys=0x000000001BA90820  row_off=65536  size=8192 B  bits~32665
  [SEFI-row] SEFI-row  phys=0x000000001BA9E820  row_off=122880  size=8192 B  bits~32729
  [SEFI-row] SEFI-row  phys=0x000000001BA9C820  row_off=114688  size=8192 B  bits~33009
  [SEFI-row] SEFI-row  phys=0x000000001BA88820  row_off=32768  size=8192 B  bits~32997
  [SEFI-row] SEFI-row  phys=0x000000001BA82820  row_off=8192  size=8192 B  bits~32975
  [SEFI-row] SEFI-row  phys=0x000000001BA82820  row_off=8192  size=8192 B  bits~32776
  [SEFI-row] SEFI-row  phys=0x000000001BA88820  row_off=32768  size=8192 B  bits~32909
  [SEFI-row] SEFI-row  phys=0x000000001BA98820  row_off=98304  size=8192 B  bits~32770
  [SEFI-row] SEFI-row  phys=0x000000001BA90820  row_off=65536  size=8192 B  bits~32941
  [SEFI-row] SEFI-row  phys=0x000000001BA9C820  row_off=114688  size=8192 B  bits~32960
  [SEFI-row] SEFI-row  phys=0x000000001BA98820  row_off=98304  size=8192 B  bits~32786
  [SEFI-row] SEFI-row  phys=0x000000001BA86820  row_off=24576  size=8192 B  bits~32924
  [SEFI-row] SEFI-row  phys=0x000000001BA8A820  row_off=40960  size=8192 B  bits~33000
  [SEFI-row] SEFI-row  phys=0x000000001BA82820  row_off=8192  size=8192 B  bits~32865
  [SEFI-row] SEFI-row  phys=0x000000001BA80820  row_off=0  size=8192 B  bits~32901
  [SEFI-row] SEFI-row  phys=0x000000001BA9C820  row_off=114688  size=8192 B  bits~32733
  [SEFI-row] SEFI-row  phys=0x000000001BA8E820  row_off=57344  size=8192 B  bits~32727
  [SEFI-row] SEFI-row  phys=0x000000001BA9E820  row_off=122880  size=8192 B  bits~32993
  [SEFI-row] SEFI-row  phys=0x000000001BA98820  row_off=98304  size=8192 B  bits~32655
  [SEFI-row] SEFI-row  phys=0x000000001BA8C820  row_off=49152  size=8192 B  bits~32951
  [SEFI-row] SEFI-row  phys=0x000000001BA98820  row_off=98304  size=8192 B  bits~33082
  [SEFI-row] SEFI-row  phys=0x000000001BA82820  row_off=8192  size=8192 B  bits~32933
  [SEFI-row] SEFI-row  phys=0x000000001BA84820  row_off=16384  size=8192 B  bits~32777
  [SEFI-row] SEFI-row  phys=0x000000001BA96820  row_off=90112  size=8192 B  bits~32950
  [SEFI-row] SEFI-row  phys=0x000000001BA88820  row_off=32768  size=8192 B  bits~32765
  [SEFI-row] SEFI-row  phys=0x000000001BA9A820  row_off=106496  size=8192 B  bits~32862
  [SEFI-row] SEFI-row  phys=0x000000001BA88820  row_off=32768  size=8192 B  bits~32981
  [SEFI-row] SEFI-row  phys=0x000000001BA9C820  row_off=114688  size=8192 B  bits~32887
  [SEFI-row] SEFI-row  phys=0x000000001BA9C820  row_off=114688  size=8192 B  bits~32911
  [SEFI-row] SEFI-row  phys=0x000000001BA8A820  row_off=40960  size=8192 B  bits~32975
  [SEFI-row] SEFI-row  phys=0x000000001BA88820  row_off=32768  size=8192 B  bits~33045
  [SEFI-row] SEFI-row  phys=0x000000001BA9A820  row_off=106496  size=8192 B  bits~33188
  [SEFI-row] SEFI-row  phys=0x000000001BAA2820  row_off=139264  size=8192 B  bits~32917
  [SEFI-row] SEFI-row  phys=0x000000001BA9E820  row_off=122880  size=8192 B  bits~33117
  [SEFI-row] SEFI-row  phys=0x000000001BA90820  row_off=65536  size=8192 B  bits~32864
  [SEFI-row] SEFI-row  phys=0x000000001BA88820  row_off=32768  size=8192 B  bits~32793
  [SEFI-row] SEFI-row  phys=0x000000001BA9E820  row_off=122880  size=8192 B  bits~32706
  [SEFI-row] SEFI-row  phys=0x000000001BA84820  row_off=16384  size=8192 B  bits~32967
  [SEFI-row] SEFI-row  phys=0x000000001BA86820  row_off=24576  size=8192 B  bits~32884
  [SEFI-row] SEFI-row  phys=0x000000001BA98820  row_off=98304  size=8192 B  bits~32715
  [SEFI-row] SEFI-row  phys=0x000000001BA86820  row_off=24576  size=8192 B  bits~32746
  [SEFI-row] SEFI-row  phys=0x000000001BAA0820  row_off=131072  size=8192 B  bits~32915
  [SEFI-row] SEFI-row  phys=0x000000001BA86820  row_off=24576  size=8192 B  bits~32893
  [SEFI-row] SEFI-row  phys=0x000000001BA98820  row_off=98304  size=8192 B  bits~32921
  [SEFI-row] SEFI-row  phys=0x000000001BA84820  row_off=16384  size=8192 B  bits~32832
  [SEFI-row] SEFI-row  phys=0x000000001BA8C820  row_off=49152  size=8192 B  bits~32804
  [SEFI-row] SEFI-row  phys=0x000000001BA8C820  row_off=49152  size=8192 B  bits~32900
  [SEFI-row] SEFI-row  phys=0x000000001BA8A820  row_off=40960  size=8192 B  bits~32769
  [SEFI-row] SEFI-row  phys=0x000000001BA90820  row_off=65536  size=8192 B  bits~32875
  [SEFI-row] SEFI-row  phys=0x000000001BA8E820  row_off=57344  size=8192 B  bits~32644
  [SEFI-row] SEFI-row  phys=0x000000001BA90820  row_off=65536  size=8192 B  bits~32798
  [SEFI-row] SEFI-row  phys=0x000000001BA8A820  row_off=40960  size=8192 B  bits~32849
  [SEFI-row] SEFI-row  phys=0x000000001BA9A820  row_off=106496  size=8192 B  bits~32922
  [SEFI-row] SEFI-row  phys=0x000000001BA8E820  row_off=57344  size=8192 B  bits~32875
  [SEFI-row] SEFI-row  phys=0x000000001BAA2820  row_off=139264  size=8192 B  bits~32843
  [SEFI-row] SEFI-row  phys=0x000000001BA92820  row_off=73728  size=8192 B  bits~32985
  [SEFI-row] SEFI-row  phys=0x000000001BA8C820  row_off=49152  size=8192 B  bits~32999
  [SEFI-row] SEFI-row  phys=0x000000001BA8E820  row_off=57344  size=8192 B  bits~32705
  [SEFI-row] SEFI-row  phys=0x000000001BAA0820  row_off=131072  size=8192 B  bits~33041
  [SEFI-row] SEFI-row  phys=0x000000001BA8A820  row_off=40960  size=8192 B  bits~32832
  [SEFI-row] SEFI-row  phys=0x000000001BA84820  row_off=16384  size=8192 B  bits~32843
  [SEFI-row] SEFI-row  phys=0x000000001BA82820  row_off=8192  size=8192 B  bits~33232
  [SEFI-row] SEFI-row  phys=0x000000001BA84820  row_off=16384  size=8192 B  bits~32825
  [SEFI-row] SEFI-row  phys=0x000000001BA92820  row_off=73728  size=8192 B  bits~32842
[Summary] target=input_tensor  baseline=75.00%  faulty=0.00%  recovery=0.00%

──── target=buffers ────
  [buffers_post] SEFI-block  phys=0x00000000070F9000  start=0  size=1008 B  bits~4031
  [buffers_post] SEFI-block  phys=0x00000000070F9000  start=0  size=1008 B  bits~4019
  [buffers_post] SEFI-block  phys=0x00000000070F9000  start=0  size=1008 B  bits~4021
  [buffers_post] SEFI-block  phys=0x00000000070F9000  start=0  size=1008 B  bits~4044
  [buffers_post] SEFI-block  phys=0x00000000070F9000  start=0  size=1008 B  bits~4131
  [buffers_post] SEFI-block  phys=0x00000000070F9000  start=0  size=1008 B  bits~4023
  [buffers_post] SEFI-block  phys=0x00000000070F9000  start=0  size=1008 B  bits~4087
  [buffers_post] SEFI-block  phys=0x00000000070F9000  start=0  size=1008 B  bits~4053
  [buffers_post] SEFI-block  phys=0x00000000070F9000  start=0  size=1008 B  bits~4017
  [buffers_post] SEFI-block  phys=0x00000000070F9000  start=0  size=1008 B  bits~4090
  [buffers_post] SEFI-block  phys=0x00000000070F9000  start=0  size=1008 B  bits~4006
  [buffers_post] SEFI-block  phys=0x00000000070F9000  start=0  size=1008 B  bits~4114
  [buffers_post] SEFI-block  phys=0x00000000070F9000  start=0  size=1008 B  bits~3997
  [buffers_post] SEFI-block  phys=0x00000000070F9000  start=0  size=1008 B  bits~4099
  [buffers_post] SEFI-block  phys=0x00000000070F9000  start=0  size=1008 B  bits~4001
  [buffers_post] SEFI-block  phys=0x00000000070F9000  start=0  size=1008 B  bits~4065
  [buffers_post] SEFI-block  phys=0x00000000070F9000  start=0  size=1008 B  bits~4058
  [buffers_post] SEFI-block  phys=0x00000000070F9000  start=0  size=1008 B  bits~4053
  [buffers_post] SEFI-block  phys=0x00000000070F9000  start=0  size=1008 B  bits~3987
  [buffers_post] SEFI-block  phys=0x00000000070F9000  start=0  size=1008 B  bits~4128
  [buffers_post] SEFI-block  phys=0x00000000070F9000  start=0  size=1008 B  bits~3964
  [buffers_post] SEFI-block  phys=0x00000000070F9000  start=0  size=1008 B  bits~4033
  [buffers_post] SEFI-block  phys=0x00000000070F9000  start=0  size=1008 B  bits~3997
  [buffers_post] SEFI-block  phys=0x00000000070F9000  start=0  size=1008 B  bits~4023
  [buffers_post] SEFI-block  phys=0x00000000070F9000  start=0  size=1008 B  bits~4077
  [buffers_post] SEFI-block  phys=0x00000000070F9000  start=0  size=1008 B  bits~4043
  [buffers_post] SEFI-block  phys=0x00000000070F9000  start=0  size=1008 B  bits~4021
  [buffers_post] SEFI-block  phys=0x00000000070F9000  start=0  size=1008 B  bits~4011
  [buffers_post] SEFI-block  phys=0x00000000070F9000  start=0  size=1008 B  bits~4004
  [buffers_post] SEFI-block  phys=0x00000000070F9000  start=0  size=1008 B  bits~4039
  [buffers_post] SEFI-block  phys=0x00000000070F9000  start=0  size=1008 B  bits~4025
  [buffers_post] SEFI-block  phys=0x00000000070F9000  start=0  size=1008 B  bits~3987
  [buffers_post] SEFI-block  phys=0x00000000070F9000  start=0  size=1008 B  bits~4083
  [buffers_post] SEFI-block  phys=0x00000000070F9000  start=0  size=1008 B  bits~4027
  [buffers_post] SEFI-block  phys=0x00000000070F9000  start=0  size=1008 B  bits~4082
  [buffers_post] SEFI-block  phys=0x00000000070F9000  start=0  size=1008 B  bits~4032
  [buffers_post] SEFI-block  phys=0x00000000070F9000  start=0  size=1008 B  bits~4044
  [buffers_post] SEFI-block  phys=0x00000000070F9000  start=0  size=1008 B  bits~3998
  [buffers_post] SEFI-block  phys=0x00000000070F9000  start=0  size=1008 B  bits~4043
  [buffers_post] SEFI-block  phys=0x00000000070F9000  start=0  size=1008 B  bits~4048
  [buffers_post] SEFI-block  phys=0x00000000070F9000  start=0  size=1008 B  bits~4075
  [buffers_post] SEFI-block  phys=0x00000000070F9000  start=0  size=1008 B  bits~4070
  [buffers_post] SEFI-block  phys=0x00000000070F9000  start=0  size=1008 B  bits~4101
  [buffers_post] SEFI-block  phys=0x00000000070F9000  start=0  size=1008 B  bits~4091
  [buffers_post] SEFI-block  phys=0x00000000070F9000  start=0  size=1008 B  bits~4079
  [buffers_post] SEFI-block  phys=0x00000000070F9000  start=0  size=1008 B  bits~4042
  [buffers_post] SEFI-block  phys=0x00000000070F9000  start=0  size=1008 B  bits~4072
  [buffers_post] SEFI-block  phys=0x00000000070F9000  start=0  size=1008 B  bits~3936
  [buffers_post] SEFI-block  phys=0x00000000070F9000  start=0  size=1008 B  bits~3964
  [buffers_post] SEFI-block  phys=0x00000000070F9000  start=0  size=1008 B  bits~4031
  [buffers_post] SEFI-block  phys=0x00000000070F9000  start=0  size=1008 B  bits~4016
  [buffers_post] SEFI-block  phys=0x00000000070F9000  start=0  size=1008 B  bits~4074
  [buffers_post] SEFI-block  phys=0x00000000070F9000  start=0  size=1008 B  bits~4102
  [buffers_post] SEFI-block  phys=0x00000000070F9000  start=0  size=1008 B  bits~4038
  [buffers_post] SEFI-block  phys=0x00000000070F9000  start=0  size=1008 B  bits~4016
  [buffers_post] SEFI-block  phys=0x00000000070F9000  start=0  size=1008 B  bits~3993
  [buffers_post] SEFI-block  phys=0x00000000070F9000  start=0  size=1008 B  bits~3999
  [buffers_post] SEFI-block  phys=0x00000000070F9000  start=0  size=1008 B  bits~4109
  [buffers_post] SEFI-block  phys=0x00000000070F9000  start=0  size=1008 B  bits~4046
  [buffers_post] SEFI-block  phys=0x00000000070F9000  start=0  size=1008 B  bits~4022
  [buffers_post] SEFI-block  phys=0x00000000070F9000  start=0  size=1008 B  bits~4066
  [buffers_post] SEFI-block  phys=0x00000000070F9000  start=0  size=1008 B  bits~4055
  [buffers_post] SEFI-block  phys=0x00000000070F9000  start=0  size=1008 B  bits~3975
  [buffers_post] SEFI-block  phys=0x00000000070F9000  start=0  size=1008 B  bits~4106
  [buffers_post] SEFI-block  phys=0x00000000070F9000  start=0  size=1008 B  bits~4080
  [buffers_post] SEFI-block  phys=0x00000000070F9000  start=0  size=1008 B  bits~4139
  [buffers_post] SEFI-block  phys=0x00000000070F9000  start=0  size=1008 B  bits~4058
  [buffers_post] SEFI-block  phys=0x00000000070F9000  start=0  size=1008 B  bits~4044
  [buffers_post] SEFI-block  phys=0x00000000070F9000  start=0  size=1008 B  bits~4039
  [buffers_post] SEFI-block  phys=0x00000000070F9000  start=0  size=1008 B  bits~4106
  [buffers_post] SEFI-block  phys=0x00000000070F9000  start=0  size=1008 B  bits~4062
  [buffers_post] SEFI-block  phys=0x00000000070F9000  start=0  size=1008 B  bits~3986
  [buffers_post] SEFI-block  phys=0x00000000070F9000  start=0  size=1008 B  bits~4071
  [buffers_post] SEFI-block  phys=0x00000000070F9000  start=0  size=1008 B  bits~4086
  [buffers_post] SEFI-block  phys=0x00000000070F9000  start=0  size=1008 B  bits~4099
  [buffers_post] SEFI-block  phys=0x00000000070F9000  start=0  size=1008 B  bits~4063
  [buffers_post] SEFI-block  phys=0x00000000070F9000  start=0  size=1008 B  bits~4052
  [buffers_post] SEFI-block  phys=0x00000000070F9000  start=0  size=1008 B  bits~4024
  [buffers_post] SEFI-block  phys=0x00000000070F9000  start=0  size=1008 B  bits~4045
  [buffers_post] SEFI-block  phys=0x00000000070F9000  start=0  size=1008 B  bits~4043
  [buffers_post] SEFI-block  phys=0x00000000070F9000  start=0  size=1008 B  bits~4061
  [buffers_post] SEFI-block  phys=0x00000000070F9000  start=0  size=1008 B  bits~4087
  [buffers_post] SEFI-block  phys=0x00000000070F9000  start=0  size=1008 B  bits~4046
  [buffers_post] SEFI-block  phys=0x00000000070F9000  start=0  size=1008 B  bits~4053
  [buffers_post] SEFI-block  phys=0x00000000070F9000  start=0  size=1008 B  bits~4084
  [buffers_post] SEFI-block  phys=0x00000000070F9000  start=0  size=1008 B  bits~3991
  [buffers_post] SEFI-block  phys=0x00000000070F9000  start=0  size=1008 B  bits~4145
  [buffers_post] SEFI-block  phys=0x00000000070F9000  start=0  size=1008 B  bits~4129
  [buffers_post] SEFI-block  phys=0x00000000070F9000  start=0  size=1008 B  bits~4103
  [buffers_post] SEFI-block  phys=0x00000000070F9000  start=0  size=1008 B  bits~3920
  [buffers_post] SEFI-block  phys=0x00000000070F9000  start=0  size=1008 B  bits~4058
  [buffers_post] SEFI-block  phys=0x00000000070F9000  start=0  size=1008 B  bits~4056
  [buffers_post] SEFI-block  phys=0x00000000070F9000  start=0  size=1008 B  bits~4030
  [buffers_post] SEFI-block  phys=0x00000000070F9000  start=0  size=1008 B  bits~4029
  [buffers_post] SEFI-block  phys=0x00000000070F9000  start=0  size=1008 B  bits~4097
  [buffers_post] SEFI-block  phys=0x00000000070F9000  start=0  size=1008 B  bits~4092
  [buffers_post] SEFI-block  phys=0x00000000070F9000  start=0  size=1008 B  bits~3975
  [buffers_post] SEFI-block  phys=0x00000000070F9000  start=0  size=1008 B  bits~3968
  [buffers_post] SEFI-block  phys=0x00000000070F9000  start=0  size=1008 B  bits~3994
  [buffers_post] SEFI-block  phys=0x00000000070F9000  start=0  size=1008 B  bits~4106
[Summary] target=buffers  baseline=75.00%  faulty=0.00%  recovery=0.00%
