[Setup] Input  data_fixed  size=150528 h=224 w=224
[Setup] Output fc1000_fixed  size=1000
[DDR4] Instructions: reg_val=0x1BD00  phys=0x000000001BD00000  size=742492 B
[DDR4] Weights:      phys=0x000000001BE00000  size=25726976 B
[DDR4] Input region: phys=0x000000001BA80000  total=152608 B  pixel_start=+2080 B
[Baseline] Accuracy: 75/100 = 75.00%

──── target=weights ────
  [transient-SEFI-blk] SEFI-block  phys=0x000000001CA75801  start=13064193  size=4096 B  bits~16388
  [transient-SEFI-blk] SEFI-block  phys=0x000000001CDBE30A  start=16507658  size=4096 B  bits~16531
  [transient-SEFI-blk] SEFI-block  phys=0x000000001CDEC540  start=16696640  size=4096 B  bits~16457
  [transient-SEFI-blk] SEFI-block  phys=0x000000001CDF6B86  start=16739206  size=4096 B  bits~16311
  [transient-SEFI-blk] SEFI-block  phys=0x000000001C278BCA  start=4688842  size=4096 B  bits~16523
  [transient-SEFI-blk] SEFI-block  phys=0x000000001D4E3AA2  start=24001186  size=4096 B  bits~16380
  [transient-SEFI-blk] SEFI-block  phys=0x000000001CC9D3C5  start=15324101  size=4096 B  bits~16477
  [transient-SEFI-blk] SEFI-block  phys=0x000000001CC9E425  start=15328293  size=4096 B  bits~16549
  [transient-SEFI-blk] SEFI-block  phys=0x000000001D53DD97  start=24370583  size=4096 B  bits~16414
  [transient-SEFI-blk] SEFI-block  phys=0x000000001D06758D  start=19297677  size=4096 B  bits~16519
  [transient-SEFI-blk] SEFI-block  phys=0x000000001C131BD2  start=3349458  size=4096 B  bits~16410
  [transient-SEFI-blk] SEFI-block  phys=0x000000001C650F1B  start=8720155  size=4096 B  bits~16372
  [transient-SEFI-blk] SEFI-block  phys=0x000000001C8A8A1A  start=11176474  size=4096 B  bits~16375
  [transient-SEFI-blk] SEFI-block  phys=0x000000001C5EB2E7  start=8303335  size=4096 B  bits~16387
  [transient-SEFI-blk] SEFI-block  phys=0x000000001C78A5D6  start=10003926  size=4096 B  bits~16462
  [transient-SEFI-blk] SEFI-block  phys=0x000000001C4D8F6E  start=7180142  size=4096 B  bits~16524
  [transient-SEFI-blk] SEFI-block  phys=0x000000001C668159  start=8814937  size=4096 B  bits~16591
  [transient-SEFI-blk] SEFI-block  phys=0x000000001CA8ABF8  start=13151224  size=4096 B  bits~16481
  [transient-SEFI-blk] SEFI-block  phys=0x000000001C817EFF  start=10583807  size=4096 B  bits~16239
  [transient-SEFI-blk] SEFI-block  phys=0x000000001C7CBA00  start=10271232  size=4096 B  bits~16352
  [transient-SEFI-blk] SEFI-block  phys=0x000000001CF6A1AA  start=18260394  size=4096 B  bits~16332
  [transient-SEFI-blk] SEFI-block  phys=0x000000001C361683  start=5641859  size=4096 B  bits~16330
  [transient-SEFI-blk] SEFI-block  phys=0x000000001C8ED4CF  start=11457743  size=4096 B  bits~16491
  [transient-SEFI-blk] SEFI-block  phys=0x000000001D01FDDC  start=19004892  size=4096 B  bits~16381
  [transient-SEFI-blk] SEFI-block  phys=0x000000001C19C8EF  start=3786991  size=4096 B  bits~16509
  [transient-SEFI-blk] SEFI-block  phys=0x000000001D154ECD  start=20270797  size=4096 B  bits~16481
  [transient-SEFI-blk] SEFI-block  phys=0x000000001C020484  start=2229380  size=4096 B  bits~16458
  [transient-SEFI-blk] SEFI-block  phys=0x000000001D589481  start=24679553  size=4096 B  bits~16458
  [transient-SEFI-blk] SEFI-block  phys=0x000000001C7AAE6C  start=10137196  size=4096 B  bits~16639
  [transient-SEFI-blk] SEFI-block  phys=0x000000001CF7F5B6  start=18347446  size=4096 B  bits~16566
  [transient-SEFI-blk] SEFI-block  phys=0x000000001C1BAC96  start=3910806  size=4096 B  bits~16489
  [transient-SEFI-blk] SEFI-block  phys=0x000000001D24AFC5  start=21278661  size=4096 B  bits~16454
  [transient-SEFI-blk] SEFI-block  phys=0x000000001C62B83B  start=8566843  size=4096 B  bits~16634
  [transient-SEFI-blk] SEFI-block  phys=0x000000001C285B60  start=4741984  size=4096 B  bits~16523
  [transient-SEFI-blk] SEFI-block  phys=0x000000001D15F889  start=20314249  size=4096 B  bits~16519
  [transient-SEFI-blk] SEFI-block  phys=0x000000001BE9E902  start=649474  size=4096 B  bits~16279
  [transient-SEFI-blk] SEFI-block  phys=0x000000001C9C2695  start=12330645  size=4096 B  bits~16442
  [transient-SEFI-blk] SEFI-block  phys=0x000000001C0412CA  start=2364106  size=4096 B  bits~16654
  [transient-SEFI-blk] SEFI-block  phys=0x000000001D3DDAFA  start=22928122  size=4096 B  bits~16489
  [transient-SEFI-blk] SEFI-block  phys=0x000000001D1A7F6C  start=20610924  size=4096 B  bits~16364
  [transient-SEFI-blk] SEFI-block  phys=0x000000001C2D8C47  start=5082183  size=4096 B  bits~16474
  [transient-SEFI-blk] SEFI-block  phys=0x000000001CD873D1  start=16282577  size=4096 B  bits~16421
  [transient-SEFI-blk] SEFI-block  phys=0x000000001C897813  start=11106323  size=4096 B  bits~16615
  [transient-SEFI-blk] SEFI-block  phys=0x000000001C7F7F6C  start=10452844  size=4096 B  bits~16406
  [transient-SEFI-blk] SEFI-block  phys=0x000000001C0735C1  start=2569665  size=4096 B  bits~16412
  [transient-SEFI-blk] SEFI-block  phys=0x000000001D1BFA06  start=20707846  size=4096 B  bits~16505
  [transient-SEFI-blk] SEFI-block  phys=0x000000001CC0109B  start=14684315  size=4096 B  bits~16471
  [transient-SEFI-blk] SEFI-block  phys=0x000000001C884ACC  start=11029196  size=4096 B  bits~16445
  [transient-SEFI-blk] SEFI-block  phys=0x000000001BF9DAFC  start=1694460  size=4096 B  bits~16304
  [transient-SEFI-blk] SEFI-block  phys=0x000000001D15F5FA  start=20313594  size=4096 B  bits~16431
  [transient-SEFI-blk] SEFI-block  phys=0x000000001BE360D4  start=221396  size=4096 B  bits~16467
  [transient-SEFI-blk] SEFI-block  phys=0x000000001CAB5D0A  start=13327626  size=4096 B  bits~16613
  [transient-SEFI-blk] SEFI-block  phys=0x000000001C4DBD2C  start=7191852  size=4096 B  bits~16311
  [transient-SEFI-blk] SEFI-block  phys=0x000000001C57D2A5  start=7852709  size=4096 B  bits~16421
  [transient-SEFI-blk] SEFI-block  phys=0x000000001D265C75  start=21388405  size=4096 B  bits~16417
  [transient-SEFI-blk] SEFI-block  phys=0x000000001D37D86C  start=22534252  size=4096 B  bits~16469
  [transient-SEFI-blk] SEFI-block  phys=0x000000001C5134B2  start=7419058  size=4096 B  bits~16530
  [transient-SEFI-blk] SEFI-block  phys=0x000000001CB1751D  start=13727005  size=4096 B  bits~16624
  [transient-SEFI-blk] SEFI-block  phys=0x000000001D13DF58  start=20176728  size=4096 B  bits~16368
  [transient-SEFI-blk] SEFI-block  phys=0x000000001C4DC0CA  start=7192778  size=4096 B  bits~16475
  [transient-SEFI-blk] SEFI-block  phys=0x000000001C06E5AC  start=2549164  size=4096 B  bits~16456
  [transient-SEFI-blk] SEFI-block  phys=0x000000001CB90306  start=14222086  size=4096 B  bits~16505
  [transient-SEFI-blk] SEFI-block  phys=0x000000001CC2C3C7  start=14861255  size=4096 B  bits~16453
  [transient-SEFI-blk] SEFI-block  phys=0x000000001CFD6E94  start=18706068  size=4096 B  bits~16394
  [transient-SEFI-blk] SEFI-block  phys=0x000000001C683185  start=8925573  size=4096 B  bits~16530
  [transient-SEFI-blk] SEFI-block  phys=0x000000001C00275B  start=2107227  size=4096 B  bits~16479
  [transient-SEFI-blk] SEFI-block  phys=0x000000001CFAE05D  start=18538589  size=4096 B  bits~16342
  [transient-SEFI-blk] SEFI-block  phys=0x000000001D2D57CA  start=21845962  size=4096 B  bits~16481
  [transient-SEFI-blk] SEFI-block  phys=0x000000001BFDE74C  start=1959756  size=4096 B  bits~16473
  [transient-SEFI-blk] SEFI-block  phys=0x000000001C7A5BEE  start=10116078  size=4096 B  bits~16413
  [transient-SEFI-blk] SEFI-block  phys=0x000000001D6532EE  start=25506542  size=4096 B  bits~16399
  [transient-SEFI-blk] SEFI-block  phys=0x000000001C1AD05F  start=3854431  size=4096 B  bits~16451
  [transient-SEFI-blk] SEFI-block  phys=0x000000001CAEA1BB  start=13541819  size=4096 B  bits~16499
  [transient-SEFI-blk] SEFI-block  phys=0x000000001C72B93B  start=9615675  size=4096 B  bits~16396
  [transient-SEFI-blk] SEFI-block  phys=0x000000001C29872A  start=4818730  size=4096 B  bits~16398
  [transient-SEFI-blk] SEFI-block  phys=0x000000001C82A145  start=10658117  size=4096 B  bits~16409
  [transient-SEFI-blk] SEFI-block  phys=0x000000001D31A268  start=22127208  size=4096 B  bits~16474
  [transient-SEFI-blk] SEFI-block  phys=0x000000001D248B3B  start=21269307  size=4096 B  bits~16500
  [transient-SEFI-blk] SEFI-block  phys=0x000000001C026DA7  start=2256295  size=4096 B  bits~16459
  [transient-SEFI-blk] SEFI-block  phys=0x000000001CE67C90  start=17202320  size=4096 B  bits~16481
  [transient-SEFI-blk] SEFI-block  phys=0x000000001C892A99  start=11086489  size=4096 B  bits~16546
  [transient-SEFI-blk] SEFI-block  phys=0x000000001C4D3C67  start=7158887  size=4096 B  bits~16471
  [transient-SEFI-blk] SEFI-block  phys=0x000000001D0B276D  start=19605357  size=4096 B  bits~16546
  [transient-SEFI-blk] SEFI-block  phys=0x000000001C4AAAE4  start=6990564  size=4096 B  bits~16476
  [transient-SEFI-blk] SEFI-block  phys=0x000000001C2688A6  start=4622502  size=4096 B  bits~16297
  [transient-SEFI-blk] SEFI-block  phys=0x000000001C59ECFE  start=7990526  size=4096 B  bits~16445
  [transient-SEFI-blk] SEFI-block  phys=0x000000001CB7E951  start=14149969  size=4096 B  bits~16502
  [transient-SEFI-blk] SEFI-block  phys=0x000000001C3157C2  start=5330882  size=4096 B  bits~16501
  [transient-SEFI-blk] SEFI-block  phys=0x000000001CB66B1B  start=14052123  size=4096 B  bits~16409
  [transient-SEFI-blk] SEFI-block  phys=0x000000001CE849F8  start=17320440  size=4096 B  bits~16383
  [transient-SEFI-blk] SEFI-block  phys=0x000000001BEE395C  start=932188  size=4096 B  bits~16399
  [transient-SEFI-blk] SEFI-block  phys=0x000000001BF52052  start=1384530  size=4096 B  bits~16548
  [transient-SEFI-blk] SEFI-block  phys=0x000000001C632304  start=8594180  size=4096 B  bits~16429
  [transient-SEFI-blk] SEFI-block  phys=0x000000001C377233  start=5730867  size=4096 B  bits~16457
  [transient-SEFI-blk] SEFI-block  phys=0x000000001CA20D05  start=12717317  size=4096 B  bits~16409
  [transient-SEFI-blk] SEFI-block  phys=0x000000001C762F98  start=9842584  size=4096 B  bits~16333
  [transient-SEFI-blk] SEFI-block  phys=0x000000001CBC6178  start=14442872  size=4096 B  bits~16430
  [transient-SEFI-blk] SEFI-block  phys=0x000000001C66ABEB  start=8825835  size=4096 B  bits~16385
  [transient-SEFI-blk] SEFI-block  phys=0x000000001D601CFD  start=25173245  size=4096 B  bits~16620
  [transient-SEFI-blk] SEFI-block  phys=0x000000001CD4889A  start=16025754  size=4096 B  bits~16477
[Summary] target=weights  baseline=75.00%  faulty=69.00%  recovery=0.00%

──── target=input_tensor ────
  [transient-SEFI-blk] SEFI-block  phys=0x000000001BA8B584  start=44388  size=4096 B  bits~16526
  [transient-SEFI-blk] SEFI-block  phys=0x000000001BA98033  start=96275  size=4096 B  bits~16524
  [transient-SEFI-blk] SEFI-block  phys=0x000000001BAA0B40  start=131872  size=4096 B  bits~16572
  [transient-SEFI-blk] SEFI-block  phys=0x000000001BA96A22  start=90626  size=4096 B  bits~16434
  [transient-SEFI-blk] SEFI-block  phys=0x000000001BA9343C  start=76828  size=4096 B  bits~16471
  [transient-SEFI-blk] SEFI-block  phys=0x000000001BA8958D  start=36205  size=4096 B  bits~16403
  [transient-SEFI-blk] SEFI-block  phys=0x000000001BA80BD9  start=953  size=4096 B  bits~16276
  [transient-SEFI-blk] SEFI-block  phys=0x000000001BA88FC4  start=34724  size=4096 B  bits~16633
  [transient-SEFI-blk] SEFI-block  phys=0x000000001BA9EADF  start=123583  size=4096 B  bits~16675
  [transient-SEFI-blk] SEFI-block  phys=0x000000001BA94BE6  start=82886  size=4096 B  bits~16428
  [transient-SEFI-blk] SEFI-block  phys=0x000000001BA8D5D9  start=52665  size=4096 B  bits~16289
  [transient-SEFI-blk] SEFI-block  phys=0x000000001BA834C2  start=11426  size=4096 B  bits~16373
  [transient-SEFI-blk] SEFI-block  phys=0x000000001BA9C3AF  start=113551  size=4096 B  bits~16446
  [transient-SEFI-blk] SEFI-block  phys=0x000000001BA96819  start=90105  size=4096 B  bits~16413
  [transient-SEFI-blk] SEFI-block  phys=0x000000001BA86A56  start=25142  size=4096 B  bits~16484
  [transient-SEFI-blk] SEFI-block  phys=0x000000001BA9BDD0  start=112048  size=4096 B  bits~16459
  [transient-SEFI-blk] SEFI-block  phys=0x000000001BA89C5D  start=37949  size=4096 B  bits~16535
  [transient-SEFI-blk] SEFI-block  phys=0x000000001BAA013F  start=129311  size=4096 B  bits~16291
  [transient-SEFI-blk] SEFI-block  phys=0x000000001BA8899C  start=33148  size=4096 B  bits~16478
  [transient-SEFI-blk] SEFI-block  phys=0x000000001BA87251  start=27185  size=4096 B  bits~16503
  [transient-SEFI-blk] SEFI-block  phys=0x000000001BA8146B  start=3147  size=4096 B  bits~16525
  [transient-SEFI-blk] SEFI-block  phys=0x000000001BAA2B4D  start=140077  size=4096 B  bits~16333
  [transient-SEFI-blk] SEFI-block  phys=0x000000001BA94D3F  start=83231  size=4096 B  bits~16476
  [transient-SEFI-blk] SEFI-block  phys=0x000000001BA9E94D  start=123181  size=4096 B  bits~16584
  [transient-SEFI-blk] SEFI-block  phys=0x000000001BA9F7AA  start=126858  size=4096 B  bits~16307
  [transient-SEFI-blk] SEFI-block  phys=0x000000001BA86392  start=23410  size=4096 B  bits~16337
  [transient-SEFI-blk] SEFI-block  phys=0x000000001BA99551  start=101681  size=4096 B  bits~16633
  [transient-SEFI-blk] SEFI-block  phys=0x000000001BA99F66  start=104262  size=4096 B  bits~16372
  [transient-SEFI-blk] SEFI-block  phys=0x000000001BA85B3E  start=21278  size=4096 B  bits~16420
  [transient-SEFI-blk] SEFI-block  phys=0x000000001BA98912  start=98546  size=4096 B  bits~16341
  [transient-SEFI-blk] SEFI-block  phys=0x000000001BA97313  start=92915  size=4096 B  bits~16500
  [transient-SEFI-blk] SEFI-block  phys=0x000000001BA8A489  start=40041  size=4096 B  bits~16410
  [transient-SEFI-blk] SEFI-block  phys=0x000000001BA96CFD  start=91357  size=4096 B  bits~16387
  [transient-SEFI-blk] SEFI-block  phys=0x000000001BA89340  start=35616  size=4096 B  bits~16433
  [transient-SEFI-blk] SEFI-block  phys=0x000000001BA8D966  start=53574  size=4096 B  bits~16491
  [transient-SEFI-blk] SEFI-block  phys=0x000000001BA995A6  start=101766  size=4096 B  bits~16373
  [transient-SEFI-blk] SEFI-block  phys=0x000000001BA9C1E1  start=113089  size=4096 B  bits~16583
  [transient-SEFI-blk] SEFI-block  phys=0x000000001BA8F42D  start=60429  size=4096 B  bits~16564
  [transient-SEFI-blk] SEFI-block  phys=0x000000001BA93CE1  start=79041  size=4096 B  bits~16451
  [transient-SEFI-blk] SEFI-block  phys=0x000000001BA89992  start=37234  size=4096 B  bits~16394
  [transient-SEFI-blk] SEFI-block  phys=0x000000001BA9016D  start=63821  size=4096 B  bits~16400
  [transient-SEFI-blk] SEFI-block  phys=0x000000001BA8933D  start=35613  size=4096 B  bits~16506
  [transient-SEFI-blk] SEFI-block  phys=0x000000001BA8E7D7  start=57271  size=4096 B  bits~16520
  [transient-SEFI-blk] SEFI-block  phys=0x000000001BA99AA3  start=103043  size=4096 B  bits~16485
  [transient-SEFI-blk] SEFI-block  phys=0x000000001BA8925B  start=35387  size=4096 B  bits~16443
  [transient-SEFI-blk] SEFI-block  phys=0x000000001BA8AA56  start=41526  size=4096 B  bits~16400
  [transient-SEFI-blk] SEFI-block  phys=0x000000001BA8CB3F  start=49951  size=4096 B  bits~16505
  [transient-SEFI-blk] SEFI-block  phys=0x000000001BA9069C  start=65148  size=4096 B  bits~16379
  [transient-SEFI-blk] SEFI-block  phys=0x000000001BA927B3  start=73619  size=4096 B  bits~16550
  [transient-SEFI-blk] SEFI-block  phys=0x000000001BA9E625  start=122373  size=4096 B  bits~16248
  [transient-SEFI-blk] SEFI-block  phys=0x000000001BA88FC2  start=34722  size=4096 B  bits~16450
  [transient-SEFI-blk] SEFI-block  phys=0x000000001BA8C7FE  start=49118  size=4096 B  bits~16608
  [transient-SEFI-blk] SEFI-block  phys=0x000000001BA9A0D3  start=104627  size=4096 B  bits~16439
  [transient-SEFI-blk] SEFI-block  phys=0x000000001BA92A62  start=74306  size=4096 B  bits~16159
  [transient-SEFI-blk] SEFI-block  phys=0x000000001BAA0534  start=130324  size=4096 B  bits~16382
  [transient-SEFI-blk] SEFI-block  phys=0x000000001BA94E25  start=83461  size=4096 B  bits~16517
  [transient-SEFI-blk] SEFI-block  phys=0x000000001BA94451  start=80945  size=4096 B  bits~16491
  [transient-SEFI-blk] SEFI-block  phys=0x000000001BA84AEC  start=17100  size=4096 B  bits~16472
  [transient-SEFI-blk] SEFI-block  phys=0x000000001BAA1B62  start=136002  size=4096 B  bits~16512
  [transient-SEFI-blk] SEFI-block  phys=0x000000001BA822AD  start=6797  size=4096 B  bits~16500
  [transient-SEFI-blk] SEFI-block  phys=0x000000001BA89D40  start=38176  size=4096 B  bits~16401
  [transient-SEFI-blk] SEFI-block  phys=0x000000001BA871D3  start=27059  size=4096 B  bits~16401
  [transient-SEFI-blk] SEFI-block  phys=0x000000001BA8317B  start=10587  size=4096 B  bits~16488
  [transient-SEFI-blk] SEFI-block  phys=0x000000001BAA0DDA  start=132538  size=4096 B  bits~16594
  [transient-SEFI-blk] SEFI-block  phys=0x000000001BA96BB6  start=91030  size=4096 B  bits~16294
  [transient-SEFI-blk] SEFI-block  phys=0x000000001BA8F1CD  start=59821  size=4096 B  bits~16551
  [transient-SEFI-blk] SEFI-block  phys=0x000000001BA8125C  start=2620  size=4096 B  bits~16414
  [transient-SEFI-blk] SEFI-block  phys=0x000000001BA8C2E9  start=47817  size=4096 B  bits~16583
  [transient-SEFI-blk] SEFI-block  phys=0x000000001BA90A0C  start=66028  size=4096 B  bits~16509
  [transient-SEFI-blk] SEFI-block  phys=0x000000001BA961CD  start=88493  size=4096 B  bits~16383
  [transient-SEFI-blk] SEFI-block  phys=0x000000001BA9167D  start=69213  size=4096 B  bits~16609
  [transient-SEFI-blk] SEFI-block  phys=0x000000001BA847FA  start=16346  size=4096 B  bits~16506
  [transient-SEFI-blk] SEFI-block  phys=0x000000001BA92390  start=72560  size=4096 B  bits~16380
  [transient-SEFI-blk] SEFI-block  phys=0x000000001BA98C43  start=99363  size=4096 B  bits~16423
  [transient-SEFI-blk] SEFI-block  phys=0x000000001BAA2ABA  start=139930  size=4096 B  bits~16484
  [transient-SEFI-blk] SEFI-block  phys=0x000000001BA9AEA3  start=108163  size=4096 B  bits~16397
  [transient-SEFI-blk] SEFI-block  phys=0x000000001BA882EF  start=31439  size=4096 B  bits~16543
  [transient-SEFI-blk] SEFI-block  phys=0x000000001BA9B26E  start=109134  size=4096 B  bits~16405
  [transient-SEFI-blk] SEFI-block  phys=0x000000001BA9B9E1  start=111041  size=4096 B  bits~16438
  [transient-SEFI-blk] SEFI-block  phys=0x000000001BA85D0A  start=21738  size=4096 B  bits~16664
  [transient-SEFI-blk] SEFI-block  phys=0x000000001BA832A1  start=10881  size=4096 B  bits~16417
  [transient-SEFI-blk] SEFI-block  phys=0x000000001BA89359  start=35641  size=4096 B  bits~16283
  [transient-SEFI-blk] SEFI-block  phys=0x000000001BA87B06  start=29414  size=4096 B  bits~16552
  [transient-SEFI-blk] SEFI-block  phys=0x000000001BA87258  start=27192  size=4096 B  bits~16431
  [transient-SEFI-blk] SEFI-block  phys=0x000000001BA876BF  start=28319  size=4096 B  bits~16433
  [transient-SEFI-blk] SEFI-block  phys=0x000000001BA846C5  start=16037  size=4096 B  bits~16414
  [transient-SEFI-blk] SEFI-block  phys=0x000000001BA81088  start=2152  size=4096 B  bits~16435
  [transient-SEFI-blk] SEFI-block  phys=0x000000001BA8F4D7  start=60599  size=4096 B  bits~16425
  [transient-SEFI-blk] SEFI-block  phys=0x000000001BAA0DD5  start=132533  size=4096 B  bits~16644
  [transient-SEFI-blk] SEFI-block  phys=0x000000001BA8B492  start=44146  size=4096 B  bits~16305
  [transient-SEFI-blk] SEFI-block  phys=0x000000001BA9408A  start=79978  size=4096 B  bits~16461
  [transient-SEFI-blk] SEFI-block  phys=0x000000001BA99D93  start=103795  size=4096 B  bits~16402
  [transient-SEFI-blk] SEFI-block  phys=0x000000001BA91E81  start=71265  size=4096 B  bits~16413
  [transient-SEFI-blk] SEFI-block  phys=0x000000001BA936DA  start=77498  size=4096 B  bits~16307
  [transient-SEFI-blk] SEFI-block  phys=0x000000001BA8B2CF  start=43695  size=4096 B  bits~16530
  [transient-SEFI-blk] SEFI-block  phys=0x000000001BA808DD  start=189  size=4096 B  bits~16604
  [transient-SEFI-blk] SEFI-block  phys=0x000000001BA8134A  start=2858  size=4096 B  bits~16289
  [transient-SEFI-blk] SEFI-block  phys=0x000000001BA810F9  start=2265  size=4096 B  bits~16497
  [transient-SEFI-blk] SEFI-block  phys=0x000000001BA8B70A  start=44778  size=4096 B  bits~16472
  [transient-SEFI-blk] SEFI-block  phys=0x000000001BA9F53F  start=126239  size=4096 B  bits~16384
[Summary] target=input_tensor  baseline=75.00%  faulty=75.00%  recovery=0.00%

──── target=buffers ────
  [buffers_post] SEFI-block  phys=0x0000000006B5C000  start=0  size=1008 B  bits~3942
  [buffers_post] SEFI-block  phys=0x0000000006B5C000  start=0  size=1008 B  bits~3917
  [buffers_post] SEFI-block  phys=0x0000000006B5C000  start=0  size=1008 B  bits~4031
  [buffers_post] SEFI-block  phys=0x0000000006B5C000  start=0  size=1008 B  bits~4035
  [buffers_post] SEFI-block  phys=0x0000000006B5C000  start=0  size=1008 B  bits~4099
  [buffers_post] SEFI-block  phys=0x0000000006B5C000  start=0  size=1008 B  bits~3996
  [buffers_post] SEFI-block  phys=0x0000000006B5C000  start=0  size=1008 B  bits~4062
  [buffers_post] SEFI-block  phys=0x0000000006B5C000  start=0  size=1008 B  bits~4039
  [buffers_post] SEFI-block  phys=0x0000000006B5C000  start=0  size=1008 B  bits~4072
  [buffers_post] SEFI-block  phys=0x0000000006B5C000  start=0  size=1008 B  bits~4012
  [buffers_post] SEFI-block  phys=0x0000000006B5C000  start=0  size=1008 B  bits~4096
  [buffers_post] SEFI-block  phys=0x0000000006B5C000  start=0  size=1008 B  bits~4143
  [buffers_post] SEFI-block  phys=0x0000000006B5C000  start=0  size=1008 B  bits~4044
  [buffers_post] SEFI-block  phys=0x0000000006B5C000  start=0  size=1008 B  bits~4030
  [buffers_post] SEFI-block  phys=0x0000000006B5C000  start=0  size=1008 B  bits~4036
  [buffers_post] SEFI-block  phys=0x0000000006B5C000  start=0  size=1008 B  bits~4050
  [buffers_post] SEFI-block  phys=0x0000000006B5C000  start=0  size=1008 B  bits~4028
  [buffers_post] SEFI-block  phys=0x0000000006B5C000  start=0  size=1008 B  bits~3952
  [buffers_post] SEFI-block  phys=0x0000000006B5C000  start=0  size=1008 B  bits~4041
  [buffers_post] SEFI-block  phys=0x0000000006B5C000  start=0  size=1008 B  bits~4039
  [buffers_post] SEFI-block  phys=0x0000000006B5C000  start=0  size=1008 B  bits~3992
  [buffers_post] SEFI-block  phys=0x0000000006B5C000  start=0  size=1008 B  bits~4050
  [buffers_post] SEFI-block  phys=0x0000000006B5C000  start=0  size=1008 B  bits~4071
  [buffers_post] SEFI-block  phys=0x0000000006B5C000  start=0  size=1008 B  bits~3958
  [buffers_post] SEFI-block  phys=0x0000000006B5C000  start=0  size=1008 B  bits~4034
  [buffers_post] SEFI-block  phys=0x0000000006B5C000  start=0  size=1008 B  bits~4045
  [buffers_post] SEFI-block  phys=0x0000000006B5C000  start=0  size=1008 B  bits~4021
  [buffers_post] SEFI-block  phys=0x0000000006B5C000  start=0  size=1008 B  bits~4004
  [buffers_post] SEFI-block  phys=0x0000000006B5C000  start=0  size=1008 B  bits~4035
  [buffers_post] SEFI-block  phys=0x0000000006B5C000  start=0  size=1008 B  bits~4079
  [buffers_post] SEFI-block  phys=0x0000000006B5C000  start=0  size=1008 B  bits~3995
  [buffers_post] SEFI-block  phys=0x0000000006B5C000  start=0  size=1008 B  bits~4040
  [buffers_post] SEFI-block  phys=0x0000000006B5C000  start=0  size=1008 B  bits~4043
  [buffers_post] SEFI-block  phys=0x0000000006B5C000  start=0  size=1008 B  bits~4039
  [buffers_post] SEFI-block  phys=0x0000000006B5C000  start=0  size=1008 B  bits~4054
  [buffers_post] SEFI-block  phys=0x0000000006B5C000  start=0  size=1008 B  bits~4115
  [buffers_post] SEFI-block  phys=0x0000000006B5C000  start=0  size=1008 B  bits~4055
  [buffers_post] SEFI-block  phys=0x0000000006B5C000  start=0  size=1008 B  bits~4074
  [buffers_post] SEFI-block  phys=0x0000000006B5C000  start=0  size=1008 B  bits~4038
  [buffers_post] SEFI-block  phys=0x0000000006B5C000  start=0  size=1008 B  bits~4079
  [buffers_post] SEFI-block  phys=0x0000000006B5C000  start=0  size=1008 B  bits~4018
  [buffers_post] SEFI-block  phys=0x0000000006B5C000  start=0  size=1008 B  bits~4077
  [buffers_post] SEFI-block  phys=0x0000000006B5C000  start=0  size=1008 B  bits~4022
  [buffers_post] SEFI-block  phys=0x0000000006B5C000  start=0  size=1008 B  bits~4019
  [buffers_post] SEFI-block  phys=0x0000000006B5C000  start=0  size=1008 B  bits~4044
  [buffers_post] SEFI-block  phys=0x0000000006B5C000  start=0  size=1008 B  bits~4098
  [buffers_post] SEFI-block  phys=0x0000000006B5C000  start=0  size=1008 B  bits~4031
  [buffers_post] SEFI-block  phys=0x0000000006B5C000  start=0  size=1008 B  bits~4041
  [buffers_post] SEFI-block  phys=0x0000000006B5C000  start=0  size=1008 B  bits~4173
  [buffers_post] SEFI-block  phys=0x0000000006B5C000  start=0  size=1008 B  bits~4040
  [buffers_post] SEFI-block  phys=0x0000000006B5C000  start=0  size=1008 B  bits~4082
  [buffers_post] SEFI-block  phys=0x0000000006B5C000  start=0  size=1008 B  bits~3986
  [buffers_post] SEFI-block  phys=0x0000000006B5C000  start=0  size=1008 B  bits~4027
  [buffers_post] SEFI-block  phys=0x0000000006B5C000  start=0  size=1008 B  bits~4042
  [buffers_post] SEFI-block  phys=0x0000000006B5C000  start=0  size=1008 B  bits~4094
  [buffers_post] SEFI-block  phys=0x0000000006B5C000  start=0  size=1008 B  bits~4027
  [buffers_post] SEFI-block  phys=0x0000000006B5C000  start=0  size=1008 B  bits~4032
  [buffers_post] SEFI-block  phys=0x0000000006B5C000  start=0  size=1008 B  bits~3982
  [buffers_post] SEFI-block  phys=0x0000000006B5C000  start=0  size=1008 B  bits~4072
  [buffers_post] SEFI-block  phys=0x0000000006B5C000  start=0  size=1008 B  bits~4046
  [buffers_post] SEFI-block  phys=0x0000000006B5C000  start=0  size=1008 B  bits~4031
  [buffers_post] SEFI-block  phys=0x0000000006B5C000  start=0  size=1008 B  bits~4117
  [buffers_post] SEFI-block  phys=0x0000000006B5C000  start=0  size=1008 B  bits~3973
  [buffers_post] SEFI-block  phys=0x0000000006B5C000  start=0  size=1008 B  bits~4010
  [buffers_post] SEFI-block  phys=0x0000000006B5C000  start=0  size=1008 B  bits~4145
  [buffers_post] SEFI-block  phys=0x0000000006B5C000  start=0  size=1008 B  bits~4110
  [buffers_post] SEFI-block  phys=0x0000000006B5C000  start=0  size=1008 B  bits~4064
  [buffers_post] SEFI-block  phys=0x0000000006B5C000  start=0  size=1008 B  bits~4073
  [buffers_post] SEFI-block  phys=0x0000000006B5C000  start=0  size=1008 B  bits~4007
  [buffers_post] SEFI-block  phys=0x0000000006B5C000  start=0  size=1008 B  bits~4054
  [buffers_post] SEFI-block  phys=0x0000000006B5C000  start=0  size=1008 B  bits~3903
  [buffers_post] SEFI-block  phys=0x0000000006B5C000  start=0  size=1008 B  bits~4042
  [buffers_post] SEFI-block  phys=0x0000000006B5C000  start=0  size=1008 B  bits~4060
  [buffers_post] SEFI-block  phys=0x0000000006B5C000  start=0  size=1008 B  bits~3972
  [buffers_post] SEFI-block  phys=0x0000000006B5C000  start=0  size=1008 B  bits~4042
  [buffers_post] SEFI-block  phys=0x0000000006B5C000  start=0  size=1008 B  bits~4076
  [buffers_post] SEFI-block  phys=0x0000000006B5C000  start=0  size=1008 B  bits~4037
  [buffers_post] SEFI-block  phys=0x0000000006B5C000  start=0  size=1008 B  bits~4122
  [buffers_post] SEFI-block  phys=0x0000000006B5C000  start=0  size=1008 B  bits~4082
  [buffers_post] SEFI-block  phys=0x0000000006B5C000  start=0  size=1008 B  bits~4040
  [buffers_post] SEFI-block  phys=0x0000000006B5C000  start=0  size=1008 B  bits~3979
  [buffers_post] SEFI-block  phys=0x0000000006B5C000  start=0  size=1008 B  bits~4128
  [buffers_post] SEFI-block  phys=0x0000000006B5C000  start=0  size=1008 B  bits~4098
  [buffers_post] SEFI-block  phys=0x0000000006B5C000  start=0  size=1008 B  bits~4066
  [buffers_post] SEFI-block  phys=0x0000000006B5C000  start=0  size=1008 B  bits~4021
  [buffers_post] SEFI-block  phys=0x0000000006B5C000  start=0  size=1008 B  bits~4053
  [buffers_post] SEFI-block  phys=0x0000000006B5C000  start=0  size=1008 B  bits~3988
  [buffers_post] SEFI-block  phys=0x0000000006B5C000  start=0  size=1008 B  bits~4034
  [buffers_post] SEFI-block  phys=0x0000000006B5C000  start=0  size=1008 B  bits~4099
  [buffers_post] SEFI-block  phys=0x0000000006B5C000  start=0  size=1008 B  bits~3966
  [buffers_post] SEFI-block  phys=0x0000000006B5C000  start=0  size=1008 B  bits~4059
  [buffers_post] SEFI-block  phys=0x0000000006B5C000  start=0  size=1008 B  bits~4033
  [buffers_post] SEFI-block  phys=0x0000000006B5C000  start=0  size=1008 B  bits~4120
  [buffers_post] SEFI-block  phys=0x0000000006B5C000  start=0  size=1008 B  bits~4060
  [buffers_post] SEFI-block  phys=0x0000000006B5C000  start=0  size=1008 B  bits~4061
  [buffers_post] SEFI-block  phys=0x0000000006B5C000  start=0  size=1008 B  bits~3991
  [buffers_post] SEFI-block  phys=0x0000000006B5C000  start=0  size=1008 B  bits~4027
  [buffers_post] SEFI-block  phys=0x0000000006B5C000  start=0  size=1008 B  bits~4057
  [buffers_post] SEFI-block  phys=0x0000000006B5C000  start=0  size=1008 B  bits~3999
  [buffers_post] SEFI-block  phys=0x0000000006B5C000  start=0  size=1008 B  bits~4038
[Summary] target=buffers  baseline=75.00%  faulty=0.00%  recovery=0.00%
