[Setup] Input  data_fixed  size=150528 h=224 w=224
[Setup] Output fc1000_fixed  size=1000
[DDR4] Instructions: reg_val=0x1BD00  phys=0x000000001BD00000  size=742492 B
[DDR4] Weights:      phys=0x000000001BE00000  size=25726976 B
[DDR4] Input region: phys=0x000000001BA80000  total=152608 B  pixel_start=+2080 B
[Baseline] Accuracy: 75/100 = 75.00%

──── target=weights ────
  [SEFI-column] SEFI-col  col_start=2232  col_w=8  stride=8192  rows=3140  bits~100897
  [SEFI-column] SEFI-col  col_start=5018  col_w=8  stride=8192  rows=3140  bits~100674
  [SEFI-column] SEFI-col  col_start=5874  col_w=8  stride=8192  rows=3140  bits~100615
  [SEFI-column] SEFI-col  col_start=3181  col_w=8  stride=8192  rows=3140  bits~101059
  [SEFI-column] SEFI-col  col_start=6965  col_w=8  stride=8192  rows=3140  bits~101117
  [SEFI-column] SEFI-col  col_start=6820  col_w=8  stride=8192  rows=3140  bits~100708
  [SEFI-column] SEFI-col  col_start=204  col_w=8  stride=8192  rows=3140  bits~100835
  [SEFI-column] SEFI-col  col_start=1712  col_w=8  stride=8192  rows=3140  bits~100552
  [SEFI-column] SEFI-col  col_start=6427  col_w=8  stride=8192  rows=3140  bits~101017
  [SEFI-column] SEFI-col  col_start=6253  col_w=8  stride=8192  rows=3140  bits~101161
  [SEFI-column] SEFI-col  col_start=3889  col_w=8  stride=8192  rows=3140  bits~100686
  [SEFI-column] SEFI-col  col_start=4409  col_w=8  stride=8192  rows=3140  bits~100698
  [SEFI-column] SEFI-col  col_start=16  col_w=8  stride=8192  rows=3140  bits~101114
  [SEFI-column] SEFI-col  col_start=5258  col_w=8  stride=8192  rows=3140  bits~100588
  [SEFI-column] SEFI-col  col_start=7716  col_w=8  stride=8192  rows=3140  bits~100737
  [SEFI-column] SEFI-col  col_start=511  col_w=8  stride=8192  rows=3140  bits~100521
  [SEFI-column] SEFI-col  col_start=5210  col_w=8  stride=8192  rows=3140  bits~100760
  [SEFI-column] SEFI-col  col_start=5444  col_w=8  stride=8192  rows=3140  bits~100790
  [SEFI-column] SEFI-col  col_start=7100  col_w=8  stride=8192  rows=3140  bits~100724
  [SEFI-column] SEFI-col  col_start=3114  col_w=8  stride=8192  rows=3140  bits~100950
  [SEFI-column] SEFI-col  col_start=164  col_w=8  stride=8192  rows=3140  bits~100913
  [SEFI-column] SEFI-col  col_start=4601  col_w=8  stride=8192  rows=3140  bits~100982
  [SEFI-column] SEFI-col  col_start=5310  col_w=8  stride=8192  rows=3140  bits~100908
  [SEFI-column] SEFI-col  col_start=4155  col_w=8  stride=8192  rows=3140  bits~100784
  [SEFI-column] SEFI-col  col_start=4383  col_w=8  stride=8192  rows=3140  bits~100657
  [SEFI-column] SEFI-col  col_start=5400  col_w=8  stride=8192  rows=3140  bits~101166
  [SEFI-column] SEFI-col  col_start=3777  col_w=8  stride=8192  rows=3140  bits~100895
  [SEFI-column] SEFI-col  col_start=7331  col_w=8  stride=8192  rows=3140  bits~100717
  [SEFI-column] SEFI-col  col_start=7586  col_w=8  stride=8192  rows=3140  bits~100954
  [SEFI-column] SEFI-col  col_start=2030  col_w=8  stride=8192  rows=3140  bits~101092
  [SEFI-column] SEFI-col  col_start=4477  col_w=8  stride=8192  rows=3140  bits~100920
  [SEFI-column] SEFI-col  col_start=3050  col_w=8  stride=8192  rows=3140  bits~101065
  [SEFI-column] SEFI-col  col_start=4387  col_w=8  stride=8192  rows=3140  bits~101005
  [SEFI-column] SEFI-col  col_start=6638  col_w=8  stride=8192  rows=3140  bits~100737
  [SEFI-column] SEFI-col  col_start=3182  col_w=8  stride=8192  rows=3140  bits~100753
  [SEFI-column] SEFI-col  col_start=424  col_w=8  stride=8192  rows=3140  bits~101311
  [SEFI-column] SEFI-col  col_start=1605  col_w=8  stride=8192  rows=3140  bits~100373
  [SEFI-column] SEFI-col  col_start=4038  col_w=8  stride=8192  rows=3140  bits~101048
  [SEFI-column] SEFI-col  col_start=7725  col_w=8  stride=8192  rows=3140  bits~101235
  [SEFI-column] SEFI-col  col_start=6714  col_w=8  stride=8192  rows=3140  bits~100894
  [SEFI-column] SEFI-col  col_start=4095  col_w=8  stride=8192  rows=3140  bits~101072
  [SEFI-column] SEFI-col  col_start=1054  col_w=8  stride=8192  rows=3140  bits~101253
  [SEFI-column] SEFI-col  col_start=4456  col_w=8  stride=8192  rows=3140  bits~100854
  [SEFI-column] SEFI-col  col_start=7346  col_w=8  stride=8192  rows=3140  bits~100566
  [SEFI-column] SEFI-col  col_start=7999  col_w=8  stride=8192  rows=3140  bits~101001
  [SEFI-column] SEFI-col  col_start=4457  col_w=8  stride=8192  rows=3140  bits~100944
  [SEFI-column] SEFI-col  col_start=97  col_w=8  stride=8192  rows=3140  bits~100905
  [SEFI-column] SEFI-col  col_start=6449  col_w=8  stride=8192  rows=3140  bits~100806
  [SEFI-column] SEFI-col  col_start=2664  col_w=8  stride=8192  rows=3140  bits~100891
  [SEFI-column] SEFI-col  col_start=1859  col_w=8  stride=8192  rows=3140  bits~101065
  [SEFI-column] SEFI-col  col_start=4139  col_w=8  stride=8192  rows=3140  bits~100987
  [SEFI-column] SEFI-col  col_start=7895  col_w=8  stride=8192  rows=3140  bits~100986
  [SEFI-column] SEFI-col  col_start=2857  col_w=8  stride=8192  rows=3140  bits~100554
  [SEFI-column] SEFI-col  col_start=4398  col_w=8  stride=8192  rows=3140  bits~100611
  [SEFI-column] SEFI-col  col_start=1486  col_w=8  stride=8192  rows=3140  bits~100382
  [SEFI-column] SEFI-col  col_start=396  col_w=8  stride=8192  rows=3140  bits~100797
  [SEFI-column] SEFI-col  col_start=5117  col_w=8  stride=8192  rows=3140  bits~100350
  [SEFI-column] SEFI-col  col_start=3373  col_w=8  stride=8192  rows=3140  bits~100709
  [SEFI-column] SEFI-col  col_start=484  col_w=8  stride=8192  rows=3140  bits~100906
  [SEFI-column] SEFI-col  col_start=5990  col_w=8  stride=8192  rows=3140  bits~100526
  [SEFI-column] SEFI-col  col_start=1785  col_w=8  stride=8192  rows=3140  bits~100891
  [SEFI-column] SEFI-col  col_start=3370  col_w=8  stride=8192  rows=3140  bits~101078
  [SEFI-column] SEFI-col  col_start=6825  col_w=8  stride=8192  rows=3140  bits~100994
  [SEFI-column] SEFI-col  col_start=7144  col_w=8  stride=8192  rows=3140  bits~100761
  [SEFI-column] SEFI-col  col_start=3072  col_w=8  stride=8192  rows=3140  bits~100796
  [SEFI-column] SEFI-col  col_start=3865  col_w=8  stride=8192  rows=3140  bits~100786
  [SEFI-column] SEFI-col  col_start=3896  col_w=8  stride=8192  rows=3140  bits~100578
  [SEFI-column] SEFI-col  col_start=7075  col_w=8  stride=8192  rows=3140  bits~100619
  [SEFI-column] SEFI-col  col_start=6197  col_w=8  stride=8192  rows=3140  bits~101073
  [SEFI-column] SEFI-col  col_start=7112  col_w=8  stride=8192  rows=3140  bits~101192
  [SEFI-column] SEFI-col  col_start=2954  col_w=8  stride=8192  rows=3140  bits~101109
  [SEFI-column] SEFI-col  col_start=5309  col_w=8  stride=8192  rows=3140  bits~100923
  [SEFI-column] SEFI-col  col_start=5453  col_w=8  stride=8192  rows=3140  bits~101182
  [SEFI-column] SEFI-col  col_start=7038  col_w=8  stride=8192  rows=3140  bits~100888
  [SEFI-column] SEFI-col  col_start=3593  col_w=8  stride=8192  rows=3140  bits~101031
  [SEFI-column] SEFI-col  col_start=7341  col_w=8  stride=8192  rows=3140  bits~101002
  [SEFI-column] SEFI-col  col_start=6372  col_w=8  stride=8192  rows=3140  bits~100784
  [SEFI-column] SEFI-col  col_start=3559  col_w=8  stride=8192  rows=3140  bits~101023
  [SEFI-column] SEFI-col  col_start=872  col_w=8  stride=8192  rows=3140  bits~100373
  [SEFI-column] SEFI-col  col_start=3469  col_w=8  stride=8192  rows=3140  bits~101148
  [SEFI-column] SEFI-col  col_start=5350  col_w=8  stride=8192  rows=3140  bits~101031
  [SEFI-column] SEFI-col  col_start=2671  col_w=8  stride=8192  rows=3140  bits~101122
  [SEFI-column] SEFI-col  col_start=5727  col_w=8  stride=8192  rows=3140  bits~100498
  [SEFI-column] SEFI-col  col_start=4819  col_w=8  stride=8192  rows=3140  bits~100749
  [SEFI-column] SEFI-col  col_start=620  col_w=8  stride=8192  rows=3140  bits~100807
  [SEFI-column] SEFI-col  col_start=4871  col_w=8  stride=8192  rows=3140  bits~101053
  [SEFI-column] SEFI-col  col_start=817  col_w=8  stride=8192  rows=3140  bits~101112
  [SEFI-column] SEFI-col  col_start=2237  col_w=8  stride=8192  rows=3140  bits~100704
  [SEFI-column] SEFI-col  col_start=4337  col_w=8  stride=8192  rows=3140  bits~100854
  [SEFI-column] SEFI-col  col_start=4357  col_w=8  stride=8192  rows=3140  bits~101092
  [SEFI-column] SEFI-col  col_start=477  col_w=8  stride=8192  rows=3140  bits~100901
  [SEFI-column] SEFI-col  col_start=3486  col_w=8  stride=8192  rows=3140  bits~100752
  [SEFI-column] SEFI-col  col_start=2284  col_w=8  stride=8192  rows=3140  bits~100613
  [SEFI-column] SEFI-col  col_start=734  col_w=8  stride=8192  rows=3140  bits~100347
  [SEFI-column] SEFI-col  col_start=6908  col_w=8  stride=8192  rows=3140  bits~100689
  [SEFI-column] SEFI-col  col_start=1874  col_w=8  stride=8192  rows=3140  bits~100942
  [SEFI-column] SEFI-col  col_start=2550  col_w=8  stride=8192  rows=3140  bits~100897
  [SEFI-column] SEFI-col  col_start=4199  col_w=8  stride=8192  rows=3140  bits~100830
  [SEFI-column] SEFI-col  col_start=1521  col_w=8  stride=8192  rows=3140  bits~101001
  [SEFI-column] SEFI-col  col_start=8179  col_w=8  stride=8192  rows=3140  bits~100994
[Summary] target=weights  baseline=75.00%  faulty=1.00%  recovery=0.00%

──── target=input_tensor ────
  [SEFI-column] SEFI-col  col_start=4892  col_w=8  stride=8192  rows=18  bits~562
  [SEFI-column] SEFI-col  col_start=6717  col_w=8  stride=8192  rows=18  bits~571
  [SEFI-column] SEFI-col  col_start=4050  col_w=8  stride=8192  rows=18  bits~550
  [SEFI-column] SEFI-col  col_start=4759  col_w=8  stride=8192  rows=18  bits~613
  [SEFI-column] SEFI-col  col_start=7509  col_w=8  stride=8192  rows=18  bits~570
  [SEFI-column] SEFI-col  col_start=1381  col_w=8  stride=8192  rows=18  bits~612
  [SEFI-column] SEFI-col  col_start=3879  col_w=8  stride=8192  rows=18  bits~547
  [SEFI-column] SEFI-col  col_start=2798  col_w=8  stride=8192  rows=18  bits~585
  [SEFI-column] SEFI-col  col_start=621  col_w=8  stride=8192  rows=18  bits~574
  [SEFI-column] SEFI-col  col_start=3282  col_w=8  stride=8192  rows=18  bits~572
  [SEFI-column] SEFI-col  col_start=13  col_w=8  stride=8192  rows=18  bits~565
  [SEFI-column] SEFI-col  col_start=5436  col_w=8  stride=8192  rows=18  bits~572
  [SEFI-column] SEFI-col  col_start=8159  col_w=8  stride=8192  rows=18  bits~565
  [SEFI-column] SEFI-col  col_start=7453  col_w=8  stride=8192  rows=18  bits~576
  [SEFI-column] SEFI-col  col_start=42  col_w=8  stride=8192  rows=18  bits~597
  [SEFI-column] SEFI-col  col_start=3569  col_w=8  stride=8192  rows=18  bits~591
  [SEFI-column] SEFI-col  col_start=3888  col_w=8  stride=8192  rows=18  bits~580
  [SEFI-column] SEFI-col  col_start=7633  col_w=8  stride=8192  rows=18  bits~563
  [SEFI-column] SEFI-col  col_start=6229  col_w=8  stride=8192  rows=18  bits~582
  [SEFI-column] SEFI-col  col_start=2285  col_w=8  stride=8192  rows=18  bits~575
  [SEFI-column] SEFI-col  col_start=949  col_w=8  stride=8192  rows=18  bits~582
  [SEFI-column] SEFI-col  col_start=7908  col_w=8  stride=8192  rows=18  bits~571
  [SEFI-column] SEFI-col  col_start=7841  col_w=8  stride=8192  rows=18  bits~563
  [SEFI-column] SEFI-col  col_start=3274  col_w=8  stride=8192  rows=18  bits~584
  [SEFI-column] SEFI-col  col_start=7716  col_w=8  stride=8192  rows=18  bits~582
  [SEFI-column] SEFI-col  col_start=1599  col_w=8  stride=8192  rows=18  bits~551
  [SEFI-column] SEFI-col  col_start=2763  col_w=8  stride=8192  rows=18  bits~582
  [SEFI-column] SEFI-col  col_start=3694  col_w=8  stride=8192  rows=18  bits~624
  [SEFI-column] SEFI-col  col_start=6977  col_w=8  stride=8192  rows=18  bits~592
  [SEFI-column] SEFI-col  col_start=2214  col_w=8  stride=8192  rows=18  bits~583
  [SEFI-column] SEFI-col  col_start=6946  col_w=8  stride=8192  rows=18  bits~577
  [SEFI-column] SEFI-col  col_start=1625  col_w=8  stride=8192  rows=18  bits~607
  [SEFI-column] SEFI-col  col_start=2645  col_w=8  stride=8192  rows=18  bits~605
  [SEFI-column] SEFI-col  col_start=2013  col_w=8  stride=8192  rows=18  bits~566
  [SEFI-column] SEFI-col  col_start=4326  col_w=8  stride=8192  rows=18  bits~608
  [SEFI-column] SEFI-col  col_start=559  col_w=8  stride=8192  rows=18  bits~591
  [SEFI-column] SEFI-col  col_start=6161  col_w=8  stride=8192  rows=18  bits~562
  [SEFI-column] SEFI-col  col_start=5797  col_w=8  stride=8192  rows=18  bits~551
  [SEFI-column] SEFI-col  col_start=6382  col_w=8  stride=8192  rows=18  bits~610
  [SEFI-column] SEFI-col  col_start=1170  col_w=8  stride=8192  rows=18  bits~580
  [SEFI-column] SEFI-col  col_start=5807  col_w=8  stride=8192  rows=18  bits~593
  [SEFI-column] SEFI-col  col_start=3318  col_w=8  stride=8192  rows=18  bits~568
  [SEFI-column] SEFI-col  col_start=4003  col_w=8  stride=8192  rows=18  bits~602
  [SEFI-column] SEFI-col  col_start=4466  col_w=8  stride=8192  rows=18  bits~555
  [SEFI-column] SEFI-col  col_start=1165  col_w=8  stride=8192  rows=18  bits~574
  [SEFI-column] SEFI-col  col_start=7465  col_w=8  stride=8192  rows=18  bits~572
  [SEFI-column] SEFI-col  col_start=637  col_w=8  stride=8192  rows=18  bits~584
  [SEFI-column] SEFI-col  col_start=6116  col_w=8  stride=8192  rows=18  bits~569
  [SEFI-column] SEFI-col  col_start=579  col_w=8  stride=8192  rows=18  bits~571
  [SEFI-column] SEFI-col  col_start=5393  col_w=8  stride=8192  rows=18  bits~580
  [SEFI-column] SEFI-col  col_start=5645  col_w=8  stride=8192  rows=18  bits~563
  [SEFI-column] SEFI-col  col_start=7190  col_w=8  stride=8192  rows=18  bits~596
  [SEFI-column] SEFI-col  col_start=2220  col_w=8  stride=8192  rows=18  bits~561
  [SEFI-column] SEFI-col  col_start=5914  col_w=8  stride=8192  rows=18  bits~570
  [SEFI-column] SEFI-col  col_start=6758  col_w=8  stride=8192  rows=18  bits~545
  [SEFI-column] SEFI-col  col_start=7712  col_w=8  stride=8192  rows=18  bits~596
  [SEFI-column] SEFI-col  col_start=991  col_w=8  stride=8192  rows=18  bits~554
  [SEFI-column] SEFI-col  col_start=2356  col_w=8  stride=8192  rows=18  bits~576
  [SEFI-column] SEFI-col  col_start=922  col_w=8  stride=8192  rows=18  bits~572
  [SEFI-column] SEFI-col  col_start=4342  col_w=8  stride=8192  rows=18  bits~586
  [SEFI-column] SEFI-col  col_start=6834  col_w=8  stride=8192  rows=18  bits~586
  [SEFI-column] SEFI-col  col_start=5863  col_w=8  stride=8192  rows=18  bits~546
  [SEFI-column] SEFI-col  col_start=6436  col_w=8  stride=8192  rows=18  bits~602
  [SEFI-column] SEFI-col  col_start=53  col_w=8  stride=8192  rows=18  bits~574
  [SEFI-column] SEFI-col  col_start=2612  col_w=8  stride=8192  rows=18  bits~574
  [SEFI-column] SEFI-col  col_start=4089  col_w=8  stride=8192  rows=18  bits~531
  [SEFI-column] SEFI-col  col_start=6436  col_w=8  stride=8192  rows=18  bits~595
  [SEFI-column] SEFI-col  col_start=1852  col_w=8  stride=8192  rows=18  bits~563
  [SEFI-column] SEFI-col  col_start=7055  col_w=8  stride=8192  rows=18  bits~570
  [SEFI-column] SEFI-col  col_start=7821  col_w=8  stride=8192  rows=18  bits~593
  [SEFI-column] SEFI-col  col_start=5412  col_w=8  stride=8192  rows=18  bits~595
  [SEFI-column] SEFI-col  col_start=4597  col_w=8  stride=8192  rows=18  bits~583
  [SEFI-column] SEFI-col  col_start=5616  col_w=8  stride=8192  rows=18  bits~544
  [SEFI-column] SEFI-col  col_start=182  col_w=8  stride=8192  rows=18  bits~568
  [SEFI-column] SEFI-col  col_start=1766  col_w=8  stride=8192  rows=18  bits~595
  [SEFI-column] SEFI-col  col_start=1149  col_w=8  stride=8192  rows=18  bits~566
  [SEFI-column] SEFI-col  col_start=3414  col_w=8  stride=8192  rows=18  bits~600
  [SEFI-column] SEFI-col  col_start=21  col_w=8  stride=8192  rows=18  bits~604
  [SEFI-column] SEFI-col  col_start=3029  col_w=8  stride=8192  rows=18  bits~581
  [SEFI-column] SEFI-col  col_start=4481  col_w=8  stride=8192  rows=18  bits~581
  [SEFI-column] SEFI-col  col_start=5165  col_w=8  stride=8192  rows=18  bits~564
  [SEFI-column] SEFI-col  col_start=2939  col_w=8  stride=8192  rows=18  bits~572
  [SEFI-column] SEFI-col  col_start=5679  col_w=8  stride=8192  rows=18  bits~567
  [SEFI-column] SEFI-col  col_start=549  col_w=8  stride=8192  rows=18  bits~583
  [SEFI-column] SEFI-col  col_start=4738  col_w=8  stride=8192  rows=18  bits~576
  [SEFI-column] SEFI-col  col_start=6081  col_w=8  stride=8192  rows=18  bits~558
  [SEFI-column] SEFI-col  col_start=6714  col_w=8  stride=8192  rows=18  bits~555
  [SEFI-column] SEFI-col  col_start=6986  col_w=8  stride=8192  rows=18  bits~572
  [SEFI-column] SEFI-col  col_start=7049  col_w=8  stride=8192  rows=18  bits~581
  [SEFI-column] SEFI-col  col_start=6109  col_w=8  stride=8192  rows=18  bits~575
  [SEFI-column] SEFI-col  col_start=5348  col_w=8  stride=8192  rows=18  bits~588
  [SEFI-column] SEFI-col  col_start=1575  col_w=8  stride=8192  rows=18  bits~558
  [SEFI-column] SEFI-col  col_start=4090  col_w=8  stride=8192  rows=18  bits~581
  [SEFI-column] SEFI-col  col_start=964  col_w=8  stride=8192  rows=18  bits~571
  [SEFI-column] SEFI-col  col_start=3063  col_w=8  stride=8192  rows=18  bits~547
  [SEFI-column] SEFI-col  col_start=5848  col_w=8  stride=8192  rows=18  bits~567
  [SEFI-column] SEFI-col  col_start=7658  col_w=8  stride=8192  rows=18  bits~587
  [SEFI-column] SEFI-col  col_start=5176  col_w=8  stride=8192  rows=18  bits~571
  [SEFI-column] SEFI-col  col_start=469  col_w=8  stride=8192  rows=18  bits~597
  [SEFI-column] SEFI-col  col_start=6660  col_w=8  stride=8192  rows=18  bits~609
[Summary] target=input_tensor  baseline=75.00%  faulty=0.00%  recovery=0.00%

──── target=buffers ────
  [buffers_post] SEFI-block  phys=0x0000000005985000  start=0  size=1008 B  bits~4022
  [buffers_post] SEFI-block  phys=0x0000000005985000  start=0  size=1008 B  bits~4067
  [buffers_post] SEFI-block  phys=0x0000000005985000  start=0  size=1008 B  bits~4015
  [buffers_post] SEFI-block  phys=0x0000000005985000  start=0  size=1008 B  bits~3993
  [buffers_post] SEFI-block  phys=0x0000000005985000  start=0  size=1008 B  bits~4053
  [buffers_post] SEFI-block  phys=0x0000000005985000  start=0  size=1008 B  bits~4017
  [buffers_post] SEFI-block  phys=0x0000000005985000  start=0  size=1008 B  bits~4037
  [buffers_post] SEFI-block  phys=0x0000000005985000  start=0  size=1008 B  bits~4024
  [buffers_post] SEFI-block  phys=0x0000000005985000  start=0  size=1008 B  bits~4035
  [buffers_post] SEFI-block  phys=0x0000000005985000  start=0  size=1008 B  bits~4119
  [buffers_post] SEFI-block  phys=0x0000000005985000  start=0  size=1008 B  bits~4100
  [buffers_post] SEFI-block  phys=0x0000000005985000  start=0  size=1008 B  bits~4007
  [buffers_post] SEFI-block  phys=0x0000000005985000  start=0  size=1008 B  bits~4108
  [buffers_post] SEFI-block  phys=0x0000000005985000  start=0  size=1008 B  bits~4063
  [buffers_post] SEFI-block  phys=0x0000000005985000  start=0  size=1008 B  bits~3976
  [buffers_post] SEFI-block  phys=0x0000000005985000  start=0  size=1008 B  bits~3999
  [buffers_post] SEFI-block  phys=0x0000000005985000  start=0  size=1008 B  bits~4137
  [buffers_post] SEFI-block  phys=0x0000000005985000  start=0  size=1008 B  bits~4037
  [buffers_post] SEFI-block  phys=0x0000000005985000  start=0  size=1008 B  bits~4081
  [buffers_post] SEFI-block  phys=0x0000000005985000  start=0  size=1008 B  bits~4057
  [buffers_post] SEFI-block  phys=0x0000000005985000  start=0  size=1008 B  bits~4035
  [buffers_post] SEFI-block  phys=0x0000000005985000  start=0  size=1008 B  bits~4037
  [buffers_post] SEFI-block  phys=0x0000000005985000  start=0  size=1008 B  bits~4012
  [buffers_post] SEFI-block  phys=0x0000000005985000  start=0  size=1008 B  bits~3909
  [buffers_post] SEFI-block  phys=0x0000000005985000  start=0  size=1008 B  bits~4045
  [buffers_post] SEFI-block  phys=0x0000000005985000  start=0  size=1008 B  bits~4011
  [buffers_post] SEFI-block  phys=0x0000000005985000  start=0  size=1008 B  bits~4112
  [buffers_post] SEFI-block  phys=0x0000000005985000  start=0  size=1008 B  bits~4005
  [buffers_post] SEFI-block  phys=0x0000000005985000  start=0  size=1008 B  bits~4063
  [buffers_post] SEFI-block  phys=0x0000000005985000  start=0  size=1008 B  bits~4076
  [buffers_post] SEFI-block  phys=0x0000000005985000  start=0  size=1008 B  bits~4079
  [buffers_post] SEFI-block  phys=0x0000000005985000  start=0  size=1008 B  bits~4066
  [buffers_post] SEFI-block  phys=0x0000000005985000  start=0  size=1008 B  bits~4111
  [buffers_post] SEFI-block  phys=0x0000000005985000  start=0  size=1008 B  bits~4018
  [buffers_post] SEFI-block  phys=0x0000000005985000  start=0  size=1008 B  bits~4041
  [buffers_post] SEFI-block  phys=0x0000000005985000  start=0  size=1008 B  bits~4079
  [buffers_post] SEFI-block  phys=0x0000000005985000  start=0  size=1008 B  bits~4088
  [buffers_post] SEFI-block  phys=0x0000000005985000  start=0  size=1008 B  bits~4023
  [buffers_post] SEFI-block  phys=0x0000000005985000  start=0  size=1008 B  bits~4084
  [buffers_post] SEFI-block  phys=0x0000000005985000  start=0  size=1008 B  bits~3964
  [buffers_post] SEFI-block  phys=0x0000000005985000  start=0  size=1008 B  bits~4075
  [buffers_post] SEFI-block  phys=0x0000000005985000  start=0  size=1008 B  bits~4010
  [buffers_post] SEFI-block  phys=0x0000000005985000  start=0  size=1008 B  bits~4078
  [buffers_post] SEFI-block  phys=0x0000000005985000  start=0  size=1008 B  bits~4098
  [buffers_post] SEFI-block  phys=0x0000000005985000  start=0  size=1008 B  bits~4032
  [buffers_post] SEFI-block  phys=0x0000000005985000  start=0  size=1008 B  bits~4019
  [buffers_post] SEFI-block  phys=0x0000000005985000  start=0  size=1008 B  bits~4065
  [buffers_post] SEFI-block  phys=0x0000000005985000  start=0  size=1008 B  bits~4064
  [buffers_post] SEFI-block  phys=0x0000000005985000  start=0  size=1008 B  bits~4011
  [buffers_post] SEFI-block  phys=0x0000000005985000  start=0  size=1008 B  bits~4114
  [buffers_post] SEFI-block  phys=0x0000000005985000  start=0  size=1008 B  bits~4013
  [buffers_post] SEFI-block  phys=0x0000000005985000  start=0  size=1008 B  bits~4037
  [buffers_post] SEFI-block  phys=0x0000000005985000  start=0  size=1008 B  bits~4035
  [buffers_post] SEFI-block  phys=0x0000000005985000  start=0  size=1008 B  bits~3972
  [buffers_post] SEFI-block  phys=0x0000000005985000  start=0  size=1008 B  bits~4076
  [buffers_post] SEFI-block  phys=0x0000000005985000  start=0  size=1008 B  bits~4089
  [buffers_post] SEFI-block  phys=0x0000000005985000  start=0  size=1008 B  bits~4045
  [buffers_post] SEFI-block  phys=0x0000000005985000  start=0  size=1008 B  bits~4052
  [buffers_post] SEFI-block  phys=0x0000000005985000  start=0  size=1008 B  bits~4032
  [buffers_post] SEFI-block  phys=0x0000000005985000  start=0  size=1008 B  bits~4003
  [buffers_post] SEFI-block  phys=0x0000000005985000  start=0  size=1008 B  bits~4054
  [buffers_post] SEFI-block  phys=0x0000000005985000  start=0  size=1008 B  bits~4027
  [buffers_post] SEFI-block  phys=0x0000000005985000  start=0  size=1008 B  bits~4035
  [buffers_post] SEFI-block  phys=0x0000000005985000  start=0  size=1008 B  bits~4072
  [buffers_post] SEFI-block  phys=0x0000000005985000  start=0  size=1008 B  bits~3986
  [buffers_post] SEFI-block  phys=0x0000000005985000  start=0  size=1008 B  bits~3995
  [buffers_post] SEFI-block  phys=0x0000000005985000  start=0  size=1008 B  bits~4101
  [buffers_post] SEFI-block  phys=0x0000000005985000  start=0  size=1008 B  bits~4066
  [buffers_post] SEFI-block  phys=0x0000000005985000  start=0  size=1008 B  bits~3997
  [buffers_post] SEFI-block  phys=0x0000000005985000  start=0  size=1008 B  bits~4078
  [buffers_post] SEFI-block  phys=0x0000000005985000  start=0  size=1008 B  bits~4084
  [buffers_post] SEFI-block  phys=0x0000000005985000  start=0  size=1008 B  bits~3970
  [buffers_post] SEFI-block  phys=0x0000000005985000  start=0  size=1008 B  bits~4017
  [buffers_post] SEFI-block  phys=0x0000000005985000  start=0  size=1008 B  bits~3988
  [buffers_post] SEFI-block  phys=0x0000000005985000  start=0  size=1008 B  bits~4095
  [buffers_post] SEFI-block  phys=0x0000000005985000  start=0  size=1008 B  bits~4014
  [buffers_post] SEFI-block  phys=0x0000000005985000  start=0  size=1008 B  bits~4071
  [buffers_post] SEFI-block  phys=0x0000000005985000  start=0  size=1008 B  bits~3960
  [buffers_post] SEFI-block  phys=0x0000000005985000  start=0  size=1008 B  bits~4094
  [buffers_post] SEFI-block  phys=0x0000000005985000  start=0  size=1008 B  bits~4100
  [buffers_post] SEFI-block  phys=0x0000000005985000  start=0  size=1008 B  bits~4063
  [buffers_post] SEFI-block  phys=0x0000000005985000  start=0  size=1008 B  bits~4037
  [buffers_post] SEFI-block  phys=0x0000000005985000  start=0  size=1008 B  bits~4119
  [buffers_post] SEFI-block  phys=0x0000000005985000  start=0  size=1008 B  bits~4036
  [buffers_post] SEFI-block  phys=0x0000000005985000  start=0  size=1008 B  bits~3995
  [buffers_post] SEFI-block  phys=0x0000000005985000  start=0  size=1008 B  bits~4019
  [buffers_post] SEFI-block  phys=0x0000000005985000  start=0  size=1008 B  bits~4031
  [buffers_post] SEFI-block  phys=0x0000000005985000  start=0  size=1008 B  bits~4083
  [buffers_post] SEFI-block  phys=0x0000000005985000  start=0  size=1008 B  bits~4045
  [buffers_post] SEFI-block  phys=0x0000000005985000  start=0  size=1008 B  bits~4094
  [buffers_post] SEFI-block  phys=0x0000000005985000  start=0  size=1008 B  bits~4012
  [buffers_post] SEFI-block  phys=0x0000000005985000  start=0  size=1008 B  bits~4087
  [buffers_post] SEFI-block  phys=0x0000000005985000  start=0  size=1008 B  bits~4074
  [buffers_post] SEFI-block  phys=0x0000000005985000  start=0  size=1008 B  bits~4062
  [buffers_post] SEFI-block  phys=0x0000000005985000  start=0  size=1008 B  bits~4028
  [buffers_post] SEFI-block  phys=0x0000000005985000  start=0  size=1008 B  bits~4027
  [buffers_post] SEFI-block  phys=0x0000000005985000  start=0  size=1008 B  bits~4082
  [buffers_post] SEFI-block  phys=0x0000000005985000  start=0  size=1008 B  bits~4056
  [buffers_post] SEFI-block  phys=0x0000000005985000  start=0  size=1008 B  bits~4021
  [buffers_post] SEFI-block  phys=0x0000000005985000  start=0  size=1008 B  bits~4097
[Summary] target=buffers  baseline=75.00%  faulty=0.00%  recovery=0.00%
