[Setup] Input  data_fixed  size=150528 h=224 w=224
[Setup] Output fc1000_fixed  size=1000
[DDR4] Instructions: reg_val=0x1BD00  phys=0x000000001BD00000  size=742492 B
[DDR4] Weights:      phys=0x000000001BE00000  size=25726976 B
[DDR4] Input region: phys=0x000000001BA80000  total=152608 B  pixel_start=+2080 B
[Baseline] Accuracy: 75/100 = 75.00%

──── target=weights ────
  [MSEFI-ctrl+DDR-reset] SEFI-block  phys=0x000000001C7ED6C0  start=10409664  size=2572697 B  bits~10332183
[Reset][HW] Attempting hardware DPU reset...
[Reset][HW] Done
[Reset][SW] Recreating runner...
[Reset][SW] OK
  [MSEFI-ctrl+DDR-reset] SEFI-block  phys=0x000000001CB94082  start=14237826  size=2572697 B  bits~10331387
[Reset][HW] Attempting hardware DPU reset...
[Reset][HW] Done
[Reset][SW] Recreating runner...
[Reset][SW] OK
  [MSEFI-ctrl+DDR-reset] SEFI-block  phys=0x000000001C687438  start=8942648  size=2572697 B  bits~10329916
[Reset][HW] Attempting hardware DPU reset...
[Reset][HW] Done
[Reset][SW] Recreating runner...
[Reset][SW] OK
  [MSEFI-ctrl+DDR-reset] SEFI-block  phys=0x000000001C74A1CE  start=9740750  size=2572697 B  bits~10330347
[Reset][HW] Attempting hardware DPU reset...
[Reset][HW] Done
[Reset][SW] Recreating runner...
[Reset][SW] OK
  [MSEFI-ctrl+DDR-reset] SEFI-block  phys=0x000000001CE8B9F6  start=17349110  size=2572697 B  bits~10331673
[Reset][HW] Attempting hardware DPU reset...
[Reset][HW] Done
[Reset][SW] Recreating runner...
[Reset][SW] OK
  [MSEFI-ctrl+DDR-reset] SEFI-block  phys=0x000000001C66F0E9  start=8843497  size=2572697 B  bits~10329273
[Reset][HW] Attempting hardware DPU reset...
[Reset][HW] Done
[Reset][SW] Recreating runner...
[Reset][SW] OK
  [MSEFI-ctrl+DDR-reset] SEFI-block  phys=0x000000001C639D42  start=8625474  size=2572697 B  bits~10330724
[Reset][HW] Attempting hardware DPU reset...
[Reset][HW] Done
[Reset][SW] Recreating runner...
[Reset][SW] OK
  [MSEFI-ctrl+DDR-reset] SEFI-block  phys=0x000000001CEAB21F  start=17478175  size=2572697 B  bits~10329778
[Reset][HW] Attempting hardware DPU reset...
[Reset][HW] Done
[Reset][SW] Recreating runner...
[Reset][SW] OK
  [MSEFI-ctrl+DDR-reset] SEFI-block  phys=0x000000001D1EE952  start=20900178  size=2572697 B  bits~10335662
[Reset][HW] Attempting hardware DPU reset...
[Reset][HW] Done
[Reset][SW] Recreating runner...
[Reset][SW] OK
  [MSEFI-ctrl+DDR-reset] SEFI-block  phys=0x000000001C2100F2  start=4260082  size=2572697 B  bits~10327128
[Reset][HW] Attempting hardware DPU reset...
[Reset][HW] Done
[Reset][SW] Recreating runner...
[Reset][SW] OK
  [MSEFI-ctrl+DDR-reset] SEFI-block  phys=0x000000001CFA7D3A  start=18513210  size=2572697 B  bits~10329159
[Reset][HW] Attempting hardware DPU reset...
[Reset][HW] Done
[Reset][SW] Recreating runner...
[Reset][SW] OK
  [MSEFI-ctrl+DDR-reset] SEFI-block  phys=0x000000001C3E703E  start=6189118  size=2572697 B  bits~10331541
[Reset][HW] Attempting hardware DPU reset...
[Reset][HW] Done
[Reset][SW] Recreating runner...
[Reset][SW] OK
  [MSEFI-ctrl+DDR-reset] SEFI-block  phys=0x000000001BFCFFA5  start=1900453  size=2572697 B  bits~10330320
[Reset][HW] Attempting hardware DPU reset...
[Reset][HW] Done
[Reset][SW] Recreating runner...
[Reset][SW] OK
  [MSEFI-ctrl+DDR-reset] SEFI-block  phys=0x000000001C211917  start=4266263  size=2572697 B  bits~10331747
[Reset][HW] Attempting hardware DPU reset...
[Reset][HW] Done
[Reset][SW] Recreating runner...
[Reset][SW] OK
  [MSEFI-ctrl+DDR-reset] SEFI-block  phys=0x000000001C45DD5C  start=6675804  size=2572697 B  bits~10335139
[Reset][HW] Attempting hardware DPU reset...
[Reset][HW] Done
[Reset][SW] Recreating runner...
[Reset][SW] OK
  [MSEFI-ctrl+DDR-reset] SEFI-block  phys=0x000000001D3CBFD0  start=22855632  size=2572697 B  bits~10331696
[Reset][HW] Attempting hardware DPU reset...
[Reset][HW] Done
[Reset][SW] Recreating runner...
[Reset][SW] OK
  [MSEFI-ctrl+DDR-reset] SEFI-block  phys=0x000000001CBB1670  start=14358128  size=2572697 B  bits~10333826
[Reset][HW] Attempting hardware DPU reset...
[Reset][HW] Done
[Reset][SW] Recreating runner...
[Reset][SW] OK
  [MSEFI-ctrl+DDR-reset] SEFI-block  phys=0x000000001D34F184  start=22344068  size=2572697 B  bits~10333178
[Reset][HW] Attempting hardware DPU reset...
[Reset][HW] Done
[Reset][SW] Recreating runner...
[Reset][SW] OK
  [MSEFI-ctrl+DDR-reset] SEFI-block  phys=0x000000001D230529  start=21169449  size=2572697 B  bits~10331713
[Reset][HW] Attempting hardware DPU reset...
[Reset][HW] Done
[Reset][SW] Recreating runner...
[Reset][SW] OK
  [MSEFI-ctrl+DDR-reset] SEFI-block  phys=0x000000001C4EA9B4  start=7252404  size=2572697 B  bits~10332375
[Reset][HW] Attempting hardware DPU reset...
[Reset][HW] Done
[Reset][SW] Recreating runner...
[Reset][SW] OK
  [MSEFI-ctrl+DDR-reset] SEFI-block  phys=0x000000001CDD72DD  start=16610013  size=2572697 B  bits~10328152
[Reset][HW] Attempting hardware DPU reset...
[Reset][HW] Done
[Reset][SW] Recreating runner...
[Reset][SW] OK
  [MSEFI-ctrl+DDR-reset] SEFI-block  phys=0x000000001CB17CE0  start=13728992  size=2572697 B  bits~10334349
[Reset][HW] Attempting hardware DPU reset...
[Reset][HW] Done
[Reset][SW] Recreating runner...
[Reset][SW] OK
  [MSEFI-ctrl+DDR-reset] SEFI-block  phys=0x000000001C7F89E3  start=10455523  size=2572697 B  bits~10330680
[Reset][HW] Attempting hardware DPU reset...
[Reset][HW] Done
[Reset][SW] Recreating runner...
[Reset][SW] OK
  [MSEFI-ctrl+DDR-reset] SEFI-block  phys=0x000000001CF0D69A  start=17880730  size=2572697 B  bits~10331727
[Reset][HW] Attempting hardware DPU reset...
[Reset][HW] Done
[Reset][SW] Recreating runner...
[Reset][SW] OK
  [MSEFI-ctrl+DDR-reset] SEFI-block  phys=0x000000001CDD4EFD  start=16600829  size=2572697 B  bits~10334439
[Reset][HW] Attempting hardware DPU reset...
[Reset][HW] Done
[Reset][SW] Recreating runner...
[Reset][SW] OK
  [MSEFI-ctrl+DDR-reset] SEFI-block  phys=0x000000001C255771  start=4544369  size=2572697 B  bits~10331825
[Reset][HW] Attempting hardware DPU reset...
[Reset][HW] Done
[Reset][SW] Recreating runner...
[Reset][SW] OK
  [MSEFI-ctrl+DDR-reset] SEFI-block  phys=0x000000001C709745  start=9475909  size=2572697 B  bits~10331084
[Reset][HW] Attempting hardware DPU reset...
[Reset][HW] Done
[Reset][SW] Recreating runner...
[Reset][SW] OK
  [MSEFI-ctrl+DDR-reset] SEFI-block  phys=0x000000001D0A519A  start=19550618  size=2572697 B  bits~10330461
[Reset][HW] Attempting hardware DPU reset...
[Reset][HW] Done
[Reset][SW] Recreating runner...
[Reset][SW] OK
  [MSEFI-ctrl+DDR-reset] SEFI-block  phys=0x000000001C4B3841  start=7026753  size=2572697 B  bits~10327817
[Reset][HW] Attempting hardware DPU reset...
[Reset][HW] Done
[Reset][SW] Recreating runner...
[Reset][SW] OK
  [MSEFI-ctrl+DDR-reset] SEFI-block  phys=0x000000001C0DBB32  start=2997042  size=2572697 B  bits~10332183
[Reset][HW] Attempting hardware DPU reset...
[Reset][HW] Done
[Reset][SW] Recreating runner...
[Reset][SW] OK
  [MSEFI-ctrl+DDR-reset] SEFI-block  phys=0x000000001D0E373A  start=19806010  size=2572697 B  bits~10328541
[Reset][HW] Attempting hardware DPU reset...
[Reset][HW] Done
[Reset][SW] Recreating runner...
[Reset][SW] OK
  [MSEFI-ctrl+DDR-reset] SEFI-block  phys=0x000000001C92ABA9  start=11709353  size=2572697 B  bits~10331942
[Reset][HW] Attempting hardware DPU reset...
[Reset][HW] Done
[Reset][SW] Recreating runner...
[Reset][SW] OK
  [MSEFI-ctrl+DDR-reset] SEFI-block  phys=0x000000001C175A63  start=3627619  size=2572697 B  bits~10327684
[Reset][HW] Attempting hardware DPU reset...
[Reset][HW] Done
[Reset][SW] Recreating runner...
[Reset][SW] OK
  [MSEFI-ctrl+DDR-reset] SEFI-block  phys=0x000000001C77EE79  start=9956985  size=2572697 B  bits~10332307
[Reset][HW] Attempting hardware DPU reset...
[Reset][HW] Done
[Reset][SW] Recreating runner...
[Reset][SW] OK
  [MSEFI-ctrl+DDR-reset] SEFI-block  phys=0x000000001D2CD69D  start=21812893  size=2572697 B  bits~10329365
[Reset][HW] Attempting hardware DPU reset...
[Reset][HW] Done
[Reset][SW] Recreating runner...
[Reset][SW] OK
  [MSEFI-ctrl+DDR-reset] SEFI-block  phys=0x000000001C722274  start=9577076  size=2572697 B  bits~10335335
[Reset][HW] Attempting hardware DPU reset...
[Reset][HW] Done
[Reset][SW] Recreating runner...
[Reset][SW] OK
  [MSEFI-ctrl+DDR-reset] SEFI-block  phys=0x000000001D0F8AB4  start=19892916  size=2572697 B  bits~10332341
[Reset][HW] Attempting hardware DPU reset...
[Reset][HW] Done
[Reset][SW] Recreating runner...
[Reset][SW] OK
  [MSEFI-ctrl+DDR-reset] SEFI-block  phys=0x000000001D1CD5B9  start=20764089  size=2572697 B  bits~10330296
[Reset][HW] Attempting hardware DPU reset...
[Reset][HW] Done
[Reset][SW] Recreating runner...
[Reset][SW] OK
  [MSEFI-ctrl+DDR-reset] SEFI-block  phys=0x000000001CF2E16C  start=18014572  size=2572697 B  bits~10334748
[Reset][HW] Attempting hardware DPU reset...
[Reset][HW] Done
[Reset][SW] Recreating runner...
[Reset][SW] OK
  [MSEFI-ctrl+DDR-reset] SEFI-block  phys=0x000000001D0DB971  start=19773809  size=2572697 B  bits~10333032
[Reset][HW] Attempting hardware DPU reset...
[Reset][HW] Done
[Reset][SW] Recreating runner...
[Reset][SW] OK
  [MSEFI-ctrl+DDR-reset] SEFI-block  phys=0x000000001CDF0840  start=16713792  size=2572697 B  bits~10332370
[Reset][HW] Attempting hardware DPU reset...
[Reset][HW] Done
[Reset][SW] Recreating runner...
[Reset][SW] OK
  [MSEFI-ctrl+DDR-reset] SEFI-block  phys=0x000000001BEA2FF0  start=667632  size=2572697 B  bits~10332566
[Reset][HW] Attempting hardware DPU reset...
[Reset][HW] Done
[Reset][SW] Recreating runner...
[Reset][SW] OK
  [MSEFI-ctrl+DDR-reset] SEFI-block  phys=0x000000001BFC740B  start=1864715  size=2572697 B  bits~10332510
[Reset][HW] Attempting hardware DPU reset...
[Reset][HW] Done
[Reset][SW] Recreating runner...
[Reset][SW] OK
  [MSEFI-ctrl+DDR-reset] SEFI-block  phys=0x000000001D23D3DE  start=21222366  size=2572697 B  bits~10330440
[Reset][HW] Attempting hardware DPU reset...
[Reset][HW] Done
[Reset][SW] Recreating runner...
[Reset][SW] OK
  [MSEFI-ctrl+DDR-reset] SEFI-block  phys=0x000000001D34EA18  start=22342168  size=2572697 B  bits~10329296
[Reset][HW] Attempting hardware DPU reset...
[Reset][HW] Done
[Reset][SW] Recreating runner...
[Reset][SW] OK
  [MSEFI-ctrl+DDR-reset] SEFI-block  phys=0x000000001D3F1435  start=23008309  size=2572697 B  bits~10333606
[Reset][HW] Attempting hardware DPU reset...
[Reset][HW] Done
[Reset][SW] Recreating runner...
[Reset][SW] OK
  [MSEFI-ctrl+DDR-reset] SEFI-block  phys=0x000000001C9FC6BC  start=12568252  size=2572697 B  bits~10330308
[Reset][HW] Attempting hardware DPU reset...
[Reset][HW] Done
[Reset][SW] Recreating runner...
[Reset][SW] OK
  [MSEFI-ctrl+DDR-reset] SEFI-block  phys=0x000000001CC48A14  start=14977556  size=2572697 B  bits~10333672
[Reset][HW] Attempting hardware DPU reset...
[Reset][HW] Done
[Reset][SW] Recreating runner...
[Reset][SW] OK
  [MSEFI-ctrl+DDR-reset] SEFI-block  phys=0x000000001C03B96A  start=2341226  size=2572697 B  bits~10330787
[Reset][HW] Attempting hardware DPU reset...
[Reset][HW] Done
[Reset][SW] Recreating runner...
[Reset][SW] OK
  [MSEFI-ctrl+DDR-reset] SEFI-block  phys=0x000000001CA4173D  start=12851005  size=2572697 B  bits~10331647
[Reset][HW] Attempting hardware DPU reset...
[Reset][HW] Done
[Reset][SW] Recreating runner...
[Reset][SW] OK
  [MSEFI-ctrl+DDR-reset] SEFI-block  phys=0x000000001CBCBF0C  start=14466828  size=2572697 B  bits~10331344
[Reset][HW] Attempting hardware DPU reset...
[Reset][HW] Done
[Reset][SW] Recreating runner...
[Reset][SW] OK
  [MSEFI-ctrl+DDR-reset] SEFI-block  phys=0x000000001CA7FA48  start=13105736  size=2572697 B  bits~10331831
[Reset][HW] Attempting hardware DPU reset...
[Reset][HW] Done
[Reset][SW] Recreating runner...
[Reset][SW] OK
  [MSEFI-ctrl+DDR-reset] SEFI-block  phys=0x000000001C594383  start=7947139  size=2572697 B  bits~10333624
[Reset][HW] Attempting hardware DPU reset...
[Reset][HW] Done
[Reset][SW] Recreating runner...
[Reset][SW] OK
  [MSEFI-ctrl+DDR-reset] SEFI-block  phys=0x000000001C786E2F  start=9989679  size=2572697 B  bits~10332846
[Reset][HW] Attempting hardware DPU reset...
[Reset][HW] Done
[Reset][SW] Recreating runner...
[Reset][SW] OK
  [MSEFI-ctrl+DDR-reset] SEFI-block  phys=0x000000001BFD1D35  start=1908021  size=2572697 B  bits~10327716
[Reset][HW] Attempting hardware DPU reset...
[Reset][HW] Done
[Reset][SW] Recreating runner...
[Reset][SW] OK
  [MSEFI-ctrl+DDR-reset] SEFI-block  phys=0x000000001CC5852A  start=15041834  size=2572697 B  bits~10331338
[Reset][HW] Attempting hardware DPU reset...
[Reset][HW] Done
[Reset][SW] Recreating runner...
[Reset][SW] OK
  [MSEFI-ctrl+DDR-reset] SEFI-block  phys=0x000000001BF1DF78  start=1171320  size=2572697 B  bits~10332536
[Reset][HW] Attempting hardware DPU reset...
[Reset][HW] Done
[Reset][SW] Recreating runner...
[Reset][SW] OK
  [MSEFI-ctrl+DDR-reset] SEFI-block  phys=0x000000001D094CF6  start=19483894  size=2572697 B  bits~10333339
[Reset][HW] Attempting hardware DPU reset...
[Reset][HW] Done
[Reset][SW] Recreating runner...
[Reset][SW] OK
  [MSEFI-ctrl+DDR-reset] SEFI-block  phys=0x000000001D2DC71F  start=21874463  size=2572697 B  bits~10334574
[Reset][HW] Attempting hardware DPU reset...
[Reset][HW] Done
[Reset][SW] Recreating runner...
[Reset][SW] OK
  [MSEFI-ctrl+DDR-reset] SEFI-block  phys=0x000000001D277BB9  start=21461945  size=2572697 B  bits~10332092
[Reset][HW] Attempting hardware DPU reset...
[Reset][HW] Done
[Reset][SW] Recreating runner...
[Reset][SW] OK
  [MSEFI-ctrl+DDR-reset] SEFI-block  phys=0x000000001C9F1805  start=12523525  size=2572697 B  bits~10329757
[Reset][HW] Attempting hardware DPU reset...
[Reset][HW] Done
[Reset][SW] Recreating runner...
[Reset][SW] OK
  [MSEFI-ctrl+DDR-reset] SEFI-block  phys=0x000000001CF13DEE  start=17907182  size=2572697 B  bits~10334399
[Reset][HW] Attempting hardware DPU reset...
[Reset][HW] Done
[Reset][SW] Recreating runner...
[Reset][SW] OK
  [MSEFI-ctrl+DDR-reset] SEFI-block  phys=0x000000001CA54B1E  start=12929822  size=2572697 B  bits~10330259
[Reset][HW] Attempting hardware DPU reset...
[Reset][HW] Done
[Reset][SW] Recreating runner...
[Reset][SW] OK
  [MSEFI-ctrl+DDR-reset] SEFI-block  phys=0x000000001C98AE72  start=12103282  size=2572697 B  bits~10330176
[Reset][HW] Attempting hardware DPU reset...
[Reset][HW] Done
[Reset][SW] Recreating runner...
[Reset][SW] OK
  [MSEFI-ctrl+DDR-reset] SEFI-block  phys=0x000000001CA8FF43  start=13172547  size=2572697 B  bits~10332082
[Reset][HW] Attempting hardware DPU reset...
[Reset][HW] Done
[Reset][SW] Recreating runner...
[Reset][SW] OK
  [MSEFI-ctrl+DDR-reset] SEFI-block  phys=0x000000001C868EE7  start=10915559  size=2572697 B  bits~10330751
[Reset][HW] Attempting hardware DPU reset...
[Reset][HW] Done
[Reset][SW] Recreating runner...
[Reset][SW] OK
  [MSEFI-ctrl+DDR-reset] SEFI-block  phys=0x000000001C7BAAFD  start=10201853  size=2572697 B  bits~10329032
[Reset][HW] Attempting hardware DPU reset...
[Reset][HW] Done
[Reset][SW] Recreating runner...
[Reset][SW] OK
  [MSEFI-ctrl+DDR-reset] SEFI-block  phys=0x000000001C85EA52  start=10873426  size=2572697 B  bits~10331593
[Reset][HW] Attempting hardware DPU reset...
[Reset][HW] Done
[Reset][SW] Recreating runner...
[Reset][SW] OK
  [MSEFI-ctrl+DDR-reset] SEFI-block  phys=0x000000001C1F15AC  start=4134316  size=2572697 B  bits~10327536
[Reset][HW] Attempting hardware DPU reset...
[Reset][HW] Done
[Reset][SW] Recreating runner...
[Reset][SW] OK
  [MSEFI-ctrl+DDR-reset] SEFI-block  phys=0x000000001C62BD0E  start=8568078  size=2572697 B  bits~10333097
[Reset][HW] Attempting hardware DPU reset...
[Reset][HW] Done
[Reset][SW] Recreating runner...
[Reset][SW] OK
  [MSEFI-ctrl+DDR-reset] SEFI-block  phys=0x000000001D10A5A4  start=19965348  size=2572697 B  bits~10332430
[Reset][HW] Attempting hardware DPU reset...
[Reset][HW] Done
[Reset][SW] Recreating runner...
[Reset][SW] OK
  [MSEFI-ctrl+DDR-reset] SEFI-block  phys=0x000000001D3AA3F1  start=22717425  size=2572697 B  bits~10333421
[Reset][HW] Attempting hardware DPU reset...
[Reset][HW] Done
[Reset][SW] Recreating runner...
[Reset][SW] OK
  [MSEFI-ctrl+DDR-reset] SEFI-block  phys=0x000000001C73EC5B  start=9694299  size=2572697 B  bits~10330495
[Reset][HW] Attempting hardware DPU reset...
[Reset][HW] Done
[Reset][SW] Recreating runner...
[Reset][SW] OK
  [MSEFI-ctrl+DDR-reset] SEFI-block  phys=0x000000001CE74F7F  start=17256319  size=2572697 B  bits~10327585
[Reset][HW] Attempting hardware DPU reset...
[Reset][HW] Done
[Reset][SW] Recreating runner...
[Reset][SW] OK
  [MSEFI-ctrl+DDR-reset] SEFI-block  phys=0x000000001C1D5711  start=4019985  size=2572697 B  bits~10332296
[Reset][HW] Attempting hardware DPU reset...
[Reset][HW] Done
[Reset][SW] Recreating runner...
[Reset][SW] OK
  [MSEFI-ctrl+DDR-reset] SEFI-block  phys=0x000000001C150E4B  start=3477067  size=2572697 B  bits~10329853
[Reset][HW] Attempting hardware DPU reset...
[Reset][HW] Done
[Reset][SW] Recreating runner...
[Reset][SW] OK
  [MSEFI-ctrl+DDR-reset] SEFI-block  phys=0x000000001CC7E048  start=15196232  size=2572697 B  bits~10330619
[Reset][HW] Attempting hardware DPU reset...
[Reset][HW] Done
[Reset][SW] Recreating runner...
[Reset][SW] OK
  [MSEFI-ctrl+DDR-reset] SEFI-block  phys=0x000000001CFF62E6  start=18834150  size=2572697 B  bits~10327316
[Reset][HW] Attempting hardware DPU reset...
[Reset][HW] Done
[Reset][SW] Recreating runner...
[Reset][SW] OK
  [MSEFI-ctrl+DDR-reset] SEFI-block  phys=0x000000001C9502E6  start=11862758  size=2572697 B  bits~10329479
[Reset][HW] Attempting hardware DPU reset...
[Reset][HW] Done
[Reset][SW] Recreating runner...
[Reset][SW] OK
  [MSEFI-ctrl+DDR-reset] SEFI-block  phys=0x000000001BE9DF88  start=647048  size=2572697 B  bits~10329323
[Reset][HW] Attempting hardware DPU reset...
[Reset][HW] Done
[Reset][SW] Recreating runner...
[Reset][SW] OK
  [MSEFI-ctrl+DDR-reset] SEFI-block  phys=0x000000001C5AF804  start=8058884  size=2572697 B  bits~10331071
[Reset][HW] Attempting hardware DPU reset...
[Reset][HW] Done
[Reset][SW] Recreating runner...
[Reset][SW] OK
  [MSEFI-ctrl+DDR-reset] SEFI-block  phys=0x000000001C39218B  start=5841291  size=2572697 B  bits~10330864
[Reset][HW] Attempting hardware DPU reset...
[Reset][HW] Done
[Reset][SW] Recreating runner...
[Reset][SW] OK
  [MSEFI-ctrl+DDR-reset] SEFI-block  phys=0x000000001CB751DB  start=14111195  size=2572697 B  bits~10329470
[Reset][HW] Attempting hardware DPU reset...
[Reset][HW] Done
[Reset][SW] Recreating runner...
[Reset][SW] OK
  [MSEFI-ctrl+DDR-reset] SEFI-block  phys=0x000000001C451E4B  start=6626891  size=2572697 B  bits~10332051
[Reset][HW] Attempting hardware DPU reset...
[Reset][HW] Done
[Reset][SW] Recreating runner...
[Reset][SW] OK
  [MSEFI-ctrl+DDR-reset] SEFI-block  phys=0x000000001C4AC070  start=6996080  size=2572697 B  bits~10330753
[Reset][HW] Attempting hardware DPU reset...
[Reset][HW] Done
[Reset][SW] Recreating runner...
[Reset][SW] OK
  [MSEFI-ctrl+DDR-reset] SEFI-block  phys=0x000000001C14B941  start=3455297  size=2572697 B  bits~10332577
[Reset][HW] Attempting hardware DPU reset...
[Reset][HW] Done
[Reset][SW] Recreating runner...
[Reset][SW] OK
  [MSEFI-ctrl+DDR-reset] SEFI-block  phys=0x000000001C7B3997  start=10172823  size=2572697 B  bits~10327477
[Reset][HW] Attempting hardware DPU reset...
[Reset][HW] Done
[Reset][SW] Recreating runner...
[Reset][SW] OK
  [MSEFI-ctrl+DDR-reset] SEFI-block  phys=0x000000001C7C9AAC  start=10263212  size=2572697 B  bits~10332688
[Reset][HW] Attempting hardware DPU reset...
[Reset][HW] Done
[Reset][SW] Recreating runner...
[Reset][SW] OK
  [MSEFI-ctrl+DDR-reset] SEFI-block  phys=0x000000001C77435C  start=9913180  size=2572697 B  bits~10333189
[Reset][HW] Attempting hardware DPU reset...
[Reset][HW] Done
[Reset][SW] Recreating runner...
[Reset][SW] OK
  [MSEFI-ctrl+DDR-reset] SEFI-block  phys=0x000000001C182397  start=3679127  size=2572697 B  bits~10331631
[Reset][HW] Attempting hardware DPU reset...
[Reset][HW] Done
[Reset][SW] Recreating runner...
[Reset][SW] OK
  [MSEFI-ctrl+DDR-reset] SEFI-block  phys=0x000000001D40D4FD  start=23123197  size=2572697 B  bits~10333302
[Reset][HW] Attempting hardware DPU reset...
[Reset][HW] Done
[Reset][SW] Recreating runner...
[Reset][SW] OK
  [MSEFI-ctrl+DDR-reset] SEFI-block  phys=0x000000001C3D3C50  start=6110288  size=2572697 B  bits~10328177
[Reset][HW] Attempting hardware DPU reset...
[Reset][HW] Done
[Reset][SW] Recreating runner...
[Reset][SW] OK
  [MSEFI-ctrl+DDR-reset] SEFI-block  phys=0x000000001CDA3382  start=16397186  size=2572697 B  bits~10330544
[Reset][HW] Attempting hardware DPU reset...
[Reset][HW] Done
[Reset][SW] Recreating runner...
[Reset][SW] OK
  [MSEFI-ctrl+DDR-reset] SEFI-block  phys=0x000000001CB271AD  start=13791661  size=2572697 B  bits~10331791
[Reset][HW] Attempting hardware DPU reset...
[Reset][HW] Done
[Reset][SW] Recreating runner...
[Reset][SW] OK
  [MSEFI-ctrl+DDR-reset] SEFI-block  phys=0x000000001C124FD4  start=3297236  size=2572697 B  bits~10334250
[Reset][HW] Attempting hardware DPU reset...
[Reset][HW] Done
[Reset][SW] Recreating runner...
[Reset][SW] OK
  [MSEFI-ctrl+DDR-reset] SEFI-block  phys=0x000000001C9F5CD9  start=12541145  size=2572697 B  bits~10328781
[Reset][HW] Attempting hardware DPU reset...
[Reset][HW] Done
[Reset][SW] Recreating runner...
[Reset][SW] OK
  [MSEFI-ctrl+DDR-reset] SEFI-block  phys=0x000000001C4E678D  start=7235469  size=2572697 B  bits~10325607
[Reset][HW] Attempting hardware DPU reset...
[Reset][HW] Done
[Reset][SW] Recreating runner...
[Reset][SW] OK
  [MSEFI-ctrl+DDR-reset] SEFI-block  phys=0x000000001D0B2C6C  start=19606636  size=2572697 B  bits~10333328
[Reset][HW] Attempting hardware DPU reset...
[Reset][HW] Done
[Reset][SW] Recreating runner...
[Reset][SW] OK
  [MSEFI-ctrl+DDR-reset] SEFI-block  phys=0x000000001C5371C0  start=7565760  size=2572697 B  bits~10333963
[Reset][HW] Attempting hardware DPU reset...
[Reset][HW] Done
[Reset][SW] Recreating runner...
[Reset][SW] OK
  [MSEFI-ctrl+DDR-reset] SEFI-block  phys=0x000000001C513B7B  start=7420795  size=2572697 B  bits~10327453
[Reset][HW] Attempting hardware DPU reset...
[Reset][HW] Done
[Reset][SW] Recreating runner...
[Reset][SW] OK
[Summary] target=weights  baseline=75.00%  faulty=31.00%  recovery=37.00%

──── target=input_tensor ────
  [MSEFI-ctrl+DDR-reset] SEFI-block  phys=0x000000001C075144  start=2576708  size=2572697 B  bits~10328803
[Reset][HW] Attempting hardware DPU reset...
[Reset][HW] Done
[Reset][SW] Recreating runner...
[Reset][SW] OK
  [MSEFI-ctrl+DDR-reset] SEFI-block  phys=0x000000001CCD52AC  start=15553196  size=2572697 B  bits~10332922
[Reset][HW] Attempting hardware DPU reset...
[Reset][HW] Done
[Reset][SW] Recreating runner...
[Reset][SW] OK
  [MSEFI-ctrl+DDR-reset] SEFI-block  phys=0x000000001CD117F8  start=15800312  size=2572697 B  bits~10331667
[Reset][HW] Attempting hardware DPU reset...
[Reset][HW] Done
[Reset][SW] Recreating runner...
[Reset][SW] OK
  [MSEFI-ctrl+DDR-reset] SEFI-block  phys=0x000000001CF4938F  start=18125711  size=2572697 B  bits~10330021
[Reset][HW] Attempting hardware DPU reset...
[Reset][HW] Done
[Reset][SW] Recreating runner...
[Reset][SW] OK
  [MSEFI-ctrl+DDR-reset] SEFI-block  phys=0x000000001CAB5F84  start=13328260  size=2572697 B  bits~10326209
[Reset][HW] Attempting hardware DPU reset...
[Reset][HW] Done
[Reset][SW] Recreating runner...
[Reset][SW] OK
  [MSEFI-ctrl+DDR-reset] SEFI-block  phys=0x000000001D284116  start=21512470  size=2572697 B  bits~10331157
[Reset][HW] Attempting hardware DPU reset...
[Reset][HW] Done
[Reset][SW] Recreating runner...
[Reset][SW] OK
  [MSEFI-ctrl+DDR-reset] SEFI-block  phys=0x000000001CE4194D  start=17045837  size=2572697 B  bits~10332603
[Reset][HW] Attempting hardware DPU reset...
[Reset][HW] Done
[Reset][SW] Recreating runner...
[Reset][SW] OK
  [MSEFI-ctrl+DDR-reset] SEFI-block  phys=0x000000001CC19620  start=14784032  size=2572697 B  bits~10328438
[Reset][HW] Attempting hardware DPU reset...
[Reset][HW] Done
[Reset][SW] Recreating runner...
[Reset][SW] OK
  [MSEFI-ctrl+DDR-reset] SEFI-block  phys=0x000000001D409D15  start=23108885  size=2572697 B  bits~10330319
[Reset][HW] Attempting hardware DPU reset...
[Reset][HW] Done
[Reset][SW] Recreating runner...
[Reset][SW] OK
  [MSEFI-ctrl+DDR-reset] SEFI-block  phys=0x000000001CD92BA2  start=16329634  size=2572697 B  bits~10331066
[Reset][HW] Attempting hardware DPU reset...
[Reset][HW] Done
[Reset][SW] Recreating runner...
[Reset][SW] OK
  [MSEFI-ctrl+DDR-reset] SEFI-block  phys=0x000000001C655114  start=8737044  size=2572697 B  bits~10332032
[Reset][HW] Attempting hardware DPU reset...
[Reset][HW] Done
[Reset][SW] Recreating runner...
[Reset][SW] OK
  [MSEFI-ctrl+DDR-reset] SEFI-block  phys=0x000000001C19B1B9  start=3781049  size=2572697 B  bits~10329169
[Reset][HW] Attempting hardware DPU reset...
[Reset][HW] Done
[Reset][SW] Recreating runner...
[Reset][SW] OK
  [MSEFI-ctrl+DDR-reset] SEFI-block  phys=0x000000001C36608D  start=5660813  size=2572697 B  bits~10333440
[Reset][HW] Attempting hardware DPU reset...
[Reset][HW] Done
[Reset][SW] Recreating runner...
[Reset][SW] OK
  [MSEFI-ctrl+DDR-reset] SEFI-block  phys=0x000000001C8B32A1  start=11219617  size=2572697 B  bits~10326524
[Reset][HW] Attempting hardware DPU reset...
[Reset][HW] Done
[Reset][SW] Recreating runner...
[Reset][SW] OK
  [MSEFI-ctrl+DDR-reset] SEFI-block  phys=0x000000001C543B55  start=7617365  size=2572697 B  bits~10330702
[Reset][HW] Attempting hardware DPU reset...
[Reset][HW] Done
[Reset][SW] Recreating runner...
[Reset][SW] OK
  [MSEFI-ctrl+DDR-reset] SEFI-block  phys=0x000000001D284B0B  start=21515019  size=2572697 B  bits~10326550
[Reset][HW] Attempting hardware DPU reset...
[Reset][HW] Done
[Reset][SW] Recreating runner...
[Reset][SW] OK
  [MSEFI-ctrl+DDR-reset] SEFI-block  phys=0x000000001CD2E8CD  start=15919309  size=2572697 B  bits~10331222
[Reset][HW] Attempting hardware DPU reset...
[Reset][HW] Done
[Reset][SW] Recreating runner...
[Reset][SW] OK
  [MSEFI-ctrl+DDR-reset] SEFI-block  phys=0x000000001CB309BF  start=13830591  size=2572697 B  bits~10333160
[Reset][HW] Attempting hardware DPU reset...
[Reset][HW] Done
[Reset][SW] Recreating runner...
[Reset][SW] OK
  [MSEFI-ctrl+DDR-reset] SEFI-block  phys=0x000000001C309A97  start=5282455  size=2572697 B  bits~10331523
[Reset][HW] Attempting hardware DPU reset...
[Reset][HW] Done
[Reset][SW] Recreating runner...
[Reset][SW] OK
  [MSEFI-ctrl+DDR-reset] SEFI-block  phys=0x000000001CE073B5  start=16806837  size=2572697 B  bits~10334150
[Reset][HW] Attempting hardware DPU reset...
[Reset][HW] Done
[Reset][SW] Recreating runner...
[Reset][SW] OK
  [MSEFI-ctrl+DDR-reset] SEFI-block  phys=0x000000001C5291C1  start=7508417  size=2572697 B  bits~10329500
[Reset][HW] Attempting hardware DPU reset...
[Reset][HW] Done
[Reset][SW] Recreating runner...
[Reset][SW] OK
  [MSEFI-ctrl+DDR-reset] SEFI-block  phys=0x000000001CE33CD2  start=16989394  size=2572697 B  bits~10332679
[Reset][HW] Attempting hardware DPU reset...
[Reset][HW] Done
[Reset][SW] Recreating runner...
[Reset][SW] OK
  [MSEFI-ctrl+DDR-reset] SEFI-block  phys=0x000000001D3177E0  start=22116320  size=2572697 B  bits~10330141
[Reset][HW] Attempting hardware DPU reset...
[Reset][HW] Done
[Reset][SW] Recreating runner...
[Reset][SW] OK
  [MSEFI-ctrl+DDR-reset] SEFI-block  phys=0x000000001C394C4C  start=5852236  size=2572697 B  bits~10331454
[Reset][HW] Attempting hardware DPU reset...
[Reset][HW] Done
[Reset][SW] Recreating runner...
[Reset][SW] OK
  [MSEFI-ctrl+DDR-reset] SEFI-block  phys=0x000000001C0FB147  start=3125575  size=2572697 B  bits~10332539
[Reset][HW] Attempting hardware DPU reset...
[Reset][HW] Done
[Reset][SW] Recreating runner...
[Reset][SW] OK
  [MSEFI-ctrl+DDR-reset] SEFI-block  phys=0x000000001CBC936B  start=14455659  size=2572697 B  bits~10331540
[Reset][HW] Attempting hardware DPU reset...
[Reset][HW] Done
[Reset][SW] Recreating runner...
[Reset][SW] OK
  [MSEFI-ctrl+DDR-reset] SEFI-block  phys=0x000000001CADF035  start=13496373  size=2572697 B  bits~10332501
[Reset][HW] Attempting hardware DPU reset...
[Reset][HW] Done
[Reset][SW] Recreating runner...
[Reset][SW] OK
  [MSEFI-ctrl+DDR-reset] SEFI-block  phys=0x000000001C44D73D  start=6608701  size=2572697 B  bits~10331764
[Reset][HW] Attempting hardware DPU reset...
[Reset][HW] Done
[Reset][SW] Recreating runner...
[Reset][SW] OK
  [MSEFI-ctrl+DDR-reset] SEFI-block  phys=0x000000001C6D08A2  start=9242786  size=2572697 B  bits~10329805
[Reset][HW] Attempting hardware DPU reset...
[Reset][HW] Done
[Reset][SW] Recreating runner...
[Reset][SW] OK
  [MSEFI-ctrl+DDR-reset] SEFI-block  phys=0x000000001CD43882  start=16005250  size=2572697 B  bits~10332077
[Reset][HW] Attempting hardware DPU reset...
[Reset][HW] Done
[Reset][SW] Recreating runner...
[Reset][SW] OK
  [MSEFI-ctrl+DDR-reset] SEFI-block  phys=0x000000001CF48D29  start=18124073  size=2572697 B  bits~10331910
[Reset][HW] Attempting hardware DPU reset...
[Reset][HW] Done
[Reset][SW] Recreating runner...
[Reset][SW] OK
  [MSEFI-ctrl+DDR-reset] SEFI-block  phys=0x000000001CE1C59C  start=16893340  size=2572697 B  bits~10331431
[Reset][HW] Attempting hardware DPU reset...
[Reset][HW] Done
[Reset][SW] Recreating runner...
[Reset][SW] OK
  [MSEFI-ctrl+DDR-reset] SEFI-block  phys=0x000000001C07DA81  start=2611841  size=2572697 B  bits~10329354
[Reset][HW] Attempting hardware DPU reset...
[Reset][HW] Done
[Reset][SW] Recreating runner...
[Reset][SW] OK
  [MSEFI-ctrl+DDR-reset] SEFI-block  phys=0x000000001CE5E914  start=17164564  size=2572697 B  bits~10331099
[Reset][HW] Attempting hardware DPU reset...
[Reset][HW] Done
[Reset][SW] Recreating runner...
[Reset][SW] OK
  [MSEFI-ctrl+DDR-reset] SEFI-block  phys=0x000000001C142D91  start=3419537  size=2572697 B  bits~10329374
[Reset][HW] Attempting hardware DPU reset...
[Reset][HW] Done
[Reset][SW] Recreating runner...
[Reset][SW] OK
  [MSEFI-ctrl+DDR-reset] SEFI-block  phys=0x000000001D1747B6  start=20400054  size=2572697 B  bits~10332384
[Reset][HW] Attempting hardware DPU reset...
[Reset][HW] Done
[Reset][SW] Recreating runner...
[Reset][SW] OK
  [MSEFI-ctrl+DDR-reset] SEFI-block  phys=0x000000001C59A4E6  start=7972070  size=2572697 B  bits~10332021
[Reset][HW] Attempting hardware DPU reset...
[Reset][HW] Done
[Reset][SW] Recreating runner...
[Reset][SW] OK
  [MSEFI-ctrl+DDR-reset] SEFI-block  phys=0x000000001CE4EA28  start=17099304  size=2572697 B  bits~10333415
[Reset][HW] Attempting hardware DPU reset...
[Reset][HW] Done
[Reset][SW] Recreating runner...
[Reset][SW] OK
  [MSEFI-ctrl+DDR-reset] SEFI-block  phys=0x000000001CA2C0F5  start=12763381  size=2572697 B  bits~10334873
[Reset][HW] Attempting hardware DPU reset...
[Reset][HW] Done
[Reset][SW] Recreating runner...
[Reset][SW] OK
  [MSEFI-ctrl+DDR-reset] SEFI-block  phys=0x000000001C38503A  start=5787706  size=2572697 B  bits~10330341
[Reset][HW] Attempting hardware DPU reset...
[Reset][HW] Done
[Reset][SW] Recreating runner...
[Reset][SW] OK
  [MSEFI-ctrl+DDR-reset] SEFI-block  phys=0x000000001CE3F481  start=17036417  size=2572697 B  bits~10331389
[Reset][HW] Attempting hardware DPU reset...
[Reset][HW] Done
[Reset][SW] Recreating runner...
[Reset][SW] OK
  [MSEFI-ctrl+DDR-reset] SEFI-block  phys=0x000000001C0EF707  start=3077895  size=2572697 B  bits~10328892
[Reset][HW] Attempting hardware DPU reset...
[Reset][HW] Done
[Reset][SW] Recreating runner...
[Reset][SW] OK
  [MSEFI-ctrl+DDR-reset] SEFI-block  phys=0x000000001BE3FF45  start=261957  size=2572697 B  bits~10330399
[Reset][HW] Attempting hardware DPU reset...
[Reset][HW] Done
[Reset][SW] Recreating runner...
[Reset][SW] OK
  [MSEFI-ctrl+DDR-reset] SEFI-block  phys=0x000000001C187FE0  start=3702752  size=2572697 B  bits~10332582
[Reset][HW] Attempting hardware DPU reset...
[Reset][HW] Done
[Reset][SW] Recreating runner...
[Reset][SW] OK
  [MSEFI-ctrl+DDR-reset] SEFI-block  phys=0x000000001CD2538A  start=15881098  size=2572697 B  bits~10328918
[Reset][HW] Attempting hardware DPU reset...
[Reset][HW] Done
[Reset][SW] Recreating runner...
[Reset][SW] OK
  [MSEFI-ctrl+DDR-reset] SEFI-block  phys=0x000000001CA20568  start=12715368  size=2572697 B  bits~10332288
[Reset][HW] Attempting hardware DPU reset...
[Reset][HW] Done
[Reset][SW] Recreating runner...
[Reset][SW] OK
  [MSEFI-ctrl+DDR-reset] SEFI-block  phys=0x000000001D0AD93E  start=19585342  size=2572697 B  bits~10328824
[Reset][HW] Attempting hardware DPU reset...
[Reset][HW] Done
[Reset][SW] Recreating runner...
[Reset][SW] OK
  [MSEFI-ctrl+DDR-reset] SEFI-block  phys=0x000000001CB266F6  start=13788918  size=2572697 B  bits~10331843
[Reset][HW] Attempting hardware DPU reset...
[Reset][HW] Done
[Reset][SW] Recreating runner...
[Reset][SW] OK
  [MSEFI-ctrl+DDR-reset] SEFI-block  phys=0x000000001BE13CA3  start=81059  size=2572697 B  bits~10332028
[Reset][HW] Attempting hardware DPU reset...
[Reset][HW] Done
[Reset][SW] Recreating runner...
[Reset][SW] OK
  [MSEFI-ctrl+DDR-reset] SEFI-block  phys=0x000000001BF67C17  start=1473559  size=2572697 B  bits~10327094
[Reset][HW] Attempting hardware DPU reset...
[Reset][HW] Done
[Reset][SW] Recreating runner...
[Reset][SW] OK
  [MSEFI-ctrl+DDR-reset] SEFI-block  phys=0x000000001C23E639  start=4449849  size=2572697 B  bits~10331888
[Reset][HW] Attempting hardware DPU reset...
[Reset][HW] Done
[Reset][SW] Recreating runner...
[Reset][SW] OK
  [MSEFI-ctrl+DDR-reset] SEFI-block  phys=0x000000001C7E753D  start=10384701  size=2572697 B  bits~10331668
[Reset][HW] Attempting hardware DPU reset...
[Reset][HW] Done
[Reset][SW] Recreating runner...
[Reset][SW] OK
  [MSEFI-ctrl+DDR-reset] SEFI-block  phys=0x000000001C519D67  start=7445863  size=2572697 B  bits~10333430
[Reset][HW] Attempting hardware DPU reset...
[Reset][HW] Done
[Reset][SW] Recreating runner...
[Reset][SW] OK
  [MSEFI-ctrl+DDR-reset] SEFI-block  phys=0x000000001C1A2B0F  start=3812111  size=2572697 B  bits~10333723
[Reset][HW] Attempting hardware DPU reset...
[Reset][HW] Done
[Reset][SW] Recreating runner...
[Reset][SW] OK
  [MSEFI-ctrl+DDR-reset] SEFI-block  phys=0x000000001C5D8B7C  start=8227708  size=2572697 B  bits~10331252
[Reset][HW] Attempting hardware DPU reset...
[Reset][HW] Done
[Reset][SW] Recreating runner...
[Reset][SW] OK
  [MSEFI-ctrl+DDR-reset] SEFI-block  phys=0x000000001CFBFD0A  start=18611466  size=2572697 B  bits~10332141
[Reset][HW] Attempting hardware DPU reset...
[Reset][HW] Done
[Reset][SW] Recreating runner...
[Reset][SW] OK
  [MSEFI-ctrl+DDR-reset] SEFI-block  phys=0x000000001CDEEDCB  start=16707019  size=2572697 B  bits~10331262
[Reset][HW] Attempting hardware DPU reset...
[Reset][HW] Done
[Reset][SW] Recreating runner...
[Reset][SW] OK
  [MSEFI-ctrl+DDR-reset] SEFI-block  phys=0x000000001CAFC3F2  start=13616114  size=2572697 B  bits~10333289
[Reset][HW] Attempting hardware DPU reset...
[Reset][HW] Done
[Reset][SW] Recreating runner...
[Reset][SW] OK
  [MSEFI-ctrl+DDR-reset] SEFI-block  phys=0x000000001CED28B0  start=17639600  size=2572697 B  bits~10329056
[Reset][HW] Attempting hardware DPU reset...
[Reset][HW] Done
[Reset][SW] Recreating runner...
[Reset][SW] OK
  [MSEFI-ctrl+DDR-reset] SEFI-block  phys=0x000000001C7AD40F  start=10146831  size=2572697 B  bits~10334280
[Reset][HW] Attempting hardware DPU reset...
[Reset][HW] Done
[Reset][SW] Recreating runner...
[Reset][SW] OK
  [MSEFI-ctrl+DDR-reset] SEFI-block  phys=0x000000001D065F81  start=19292033  size=2572697 B  bits~10332520
[Reset][HW] Attempting hardware DPU reset...
[Reset][HW] Done
[Reset][SW] Recreating runner...
[Reset][SW] OK
  [MSEFI-ctrl+DDR-reset] SEFI-block  phys=0x000000001C0681F0  start=2523632  size=2572697 B  bits~10329566
[Reset][HW] Attempting hardware DPU reset...
[Reset][HW] Done
[Reset][SW] Recreating runner...
[Reset][SW] OK
  [MSEFI-ctrl+DDR-reset] SEFI-block  phys=0x000000001C2A6995  start=4876693  size=2572697 B  bits~10332194
[Reset][HW] Attempting hardware DPU reset...
[Reset][HW] Done
[Reset][SW] Recreating runner...
[Reset][SW] OK
  [MSEFI-ctrl+DDR-reset] SEFI-block  phys=0x000000001BF0090B  start=1050891  size=2572697 B  bits~10332131
[Reset][HW] Attempting hardware DPU reset...
[Reset][HW] Done
[Reset][SW] Recreating runner...
[Reset][SW] OK
  [MSEFI-ctrl+DDR-reset] SEFI-block  phys=0x000000001C495E76  start=6905462  size=2572697 B  bits~10331575
[Reset][HW] Attempting hardware DPU reset...
[Reset][HW] Done
[Reset][SW] Recreating runner...
[Reset][SW] OK
  [MSEFI-ctrl+DDR-reset] SEFI-block  phys=0x000000001BE33C6E  start=212078  size=2572697 B  bits~10330902
[Reset][HW] Attempting hardware DPU reset...
[Reset][HW] Done
[Reset][SW] Recreating runner...
[Reset][SW] OK
  [MSEFI-ctrl+DDR-reset] SEFI-block  phys=0x000000001C4963A2  start=6906786  size=2572697 B  bits~10334573
[Reset][HW] Attempting hardware DPU reset...
[Reset][HW] Done
[Reset][SW] Recreating runner...
[Reset][SW] OK
  [MSEFI-ctrl+DDR-reset] SEFI-block  phys=0x000000001D2F6541  start=21980481  size=2572697 B  bits~10328739
[Reset][HW] Attempting hardware DPU reset...
[Reset][HW] Done
[Reset][SW] Recreating runner...
[Reset][SW] OK
  [MSEFI-ctrl+DDR-reset] SEFI-block  phys=0x000000001BF665D0  start=1467856  size=2572697 B  bits~10331238
[Reset][HW] Attempting hardware DPU reset...
[Reset][HW] Done
[Reset][SW] Recreating runner...
[Reset][SW] OK
  [MSEFI-ctrl+DDR-reset] SEFI-block  phys=0x000000001BE08034  start=32820  size=2572697 B  bits~10330024
[Reset][HW] Attempting hardware DPU reset...
[Reset][HW] Done
[Reset][SW] Recreating runner...
[Reset][SW] OK
  [MSEFI-ctrl+DDR-reset] SEFI-block  phys=0x000000001CB7F38A  start=14152586  size=2572697 B  bits~10333417
[Reset][HW] Attempting hardware DPU reset...
[Reset][HW] Done
[Reset][SW] Recreating runner...
[Reset][SW] OK
  [MSEFI-ctrl+DDR-reset] SEFI-block  phys=0x000000001C436C85  start=6515845  size=2572697 B  bits~10334368
[Reset][HW] Attempting hardware DPU reset...
[Reset][HW] Done
[Reset][SW] Recreating runner...
[Reset][SW] OK
  [MSEFI-ctrl+DDR-reset] SEFI-block  phys=0x000000001BF693B9  start=1479609  size=2572697 B  bits~10328807
[Reset][HW] Attempting hardware DPU reset...
[Reset][HW] Done
[Reset][SW] Recreating runner...
[Reset][SW] OK
  [MSEFI-ctrl+DDR-reset] SEFI-block  phys=0x000000001C4C90E0  start=7114976  size=2572697 B  bits~10331092
[Reset][HW] Attempting hardware DPU reset...
[Reset][HW] Done
[Reset][SW] Recreating runner...
[Reset][SW] OK
  [MSEFI-ctrl+DDR-reset] SEFI-block  phys=0x000000001C699D8D  start=9018765  size=2572697 B  bits~10332682
[Reset][HW] Attempting hardware DPU reset...
[Reset][HW] Done
[Reset][SW] Recreating runner...
[Reset][SW] OK
  [MSEFI-ctrl+DDR-reset] SEFI-block  phys=0x000000001CE425DF  start=17049055  size=2572697 B  bits~10335772
[Reset][HW] Attempting hardware DPU reset...
[Reset][HW] Done
[Reset][SW] Recreating runner...
[Reset][SW] OK
  [MSEFI-ctrl+DDR-reset] SEFI-block  phys=0x000000001D2B5BFA  start=21715962  size=2572697 B  bits~10331816
[Reset][HW] Attempting hardware DPU reset...
[Reset][HW] Done
[Reset][SW] Recreating runner...
[Reset][SW] OK
  [MSEFI-ctrl+DDR-reset] SEFI-block  phys=0x000000001CAB3800  start=13318144  size=2572697 B  bits~10329227
[Reset][HW] Attempting hardware DPU reset...
[Reset][HW] Done
[Reset][SW] Recreating runner...
[Reset][SW] OK
  [MSEFI-ctrl+DDR-reset] SEFI-block  phys=0x000000001C2D79EB  start=5077483  size=2572697 B  bits~10330163
[Reset][HW] Attempting hardware DPU reset...
[Reset][HW] Done
[Reset][SW] Recreating runner...
[Reset][SW] OK
  [MSEFI-ctrl+DDR-reset] SEFI-block  phys=0x000000001BE905D5  start=591317  size=2572697 B  bits~10331809
[Reset][HW] Attempting hardware DPU reset...
[Reset][HW] Done
[Reset][SW] Recreating runner...
[Reset][SW] OK
  [MSEFI-ctrl+DDR-reset] SEFI-block  phys=0x000000001CB0C1E6  start=13681126  size=2572697 B  bits~10333233
[Reset][HW] Attempting hardware DPU reset...
[Reset][HW] Done
[Reset][SW] Recreating runner...
[Reset][SW] OK
  [MSEFI-ctrl+DDR-reset] SEFI-block  phys=0x000000001CA9CBAA  start=13224874  size=2572697 B  bits~10332887
[Reset][HW] Attempting hardware DPU reset...
[Reset][HW] Done
[Reset][SW] Recreating runner...
[Reset][SW] OK
  [MSEFI-ctrl+DDR-reset] SEFI-block  phys=0x000000001C2BE324  start=4973348  size=2572697 B  bits~10332946
[Reset][HW] Attempting hardware DPU reset...
[Reset][HW] Done
[Reset][SW] Recreating runner...
[Reset][SW] OK
  [MSEFI-ctrl+DDR-reset] SEFI-block  phys=0x000000001D2CD870  start=21813360  size=2572697 B  bits~10329383
[Reset][HW] Attempting hardware DPU reset...
[Reset][HW] Done
[Reset][SW] Recreating runner...
[Reset][SW] OK
  [MSEFI-ctrl+DDR-reset] SEFI-block  phys=0x000000001D0BF1C3  start=19657155  size=2572697 B  bits~10332290
[Reset][HW] Attempting hardware DPU reset...
[Reset][HW] Done
[Reset][SW] Recreating runner...
[Reset][SW] OK
  [MSEFI-ctrl+DDR-reset] SEFI-block  phys=0x000000001D3DBAAE  start=22919854  size=2572697 B  bits~10332015
[Reset][HW] Attempting hardware DPU reset...
[Reset][HW] Done
[Reset][SW] Recreating runner...
[Reset][SW] OK
  [MSEFI-ctrl+DDR-reset] SEFI-block  phys=0x000000001CEA9A43  start=17472067  size=2572697 B  bits~10328665
[Reset][HW] Attempting hardware DPU reset...
[Reset][HW] Done
[Reset][SW] Recreating runner...
[Reset][SW] OK
  [MSEFI-ctrl+DDR-reset] SEFI-block  phys=0x000000001CADB5D6  start=13481430  size=2572697 B  bits~10327365
[Reset][HW] Attempting hardware DPU reset...
[Reset][HW] Done
[Reset][SW] Recreating runner...
[Reset][SW] OK
  [MSEFI-ctrl+DDR-reset] SEFI-block  phys=0x000000001C9F2CFE  start=12528894  size=2572697 B  bits~10330585
[Reset][HW] Attempting hardware DPU reset...
[Reset][HW] Done
[Reset][SW] Recreating runner...
[Reset][SW] OK
  [MSEFI-ctrl+DDR-reset] SEFI-block  phys=0x000000001C5BC9EA  start=8112618  size=2572697 B  bits~10331322
[Reset][HW] Attempting hardware DPU reset...
[Reset][HW] Done
[Reset][SW] Recreating runner...
[Reset][SW] OK
  [MSEFI-ctrl+DDR-reset] SEFI-block  phys=0x000000001D183B58  start=20462424  size=2572697 B  bits~10330782
[Reset][HW] Attempting hardware DPU reset...
[Reset][HW] Done
[Reset][SW] Recreating runner...
[Reset][SW] OK
  [MSEFI-ctrl+DDR-reset] SEFI-block  phys=0x000000001C90EF08  start=11595528  size=2572697 B  bits~10331866
[Reset][HW] Attempting hardware DPU reset...
[Reset][HW] Done
[Reset][SW] Recreating runner...
[Reset][SW] OK
  [MSEFI-ctrl+DDR-reset] SEFI-block  phys=0x000000001BFE3D1D  start=1981725  size=2572697 B  bits~10332359
[Reset][HW] Attempting hardware DPU reset...
[Reset][HW] Done
[Reset][SW] Recreating runner...
[Reset][SW] OK
  [MSEFI-ctrl+DDR-reset] SEFI-block  phys=0x000000001D077717  start=19363607  size=2572697 B  bits~10330270
[Reset][HW] Attempting hardware DPU reset...
[Reset][HW] Done
[Reset][SW] Recreating runner...
[Reset][SW] OK
  [MSEFI-ctrl+DDR-reset] SEFI-block  phys=0x000000001C79EBBC  start=10087356  size=2572697 B  bits~10334727
[Reset][HW] Attempting hardware DPU reset...
[Reset][HW] Done
[Reset][SW] Recreating runner...
[Reset][SW] OK
  [MSEFI-ctrl+DDR-reset] SEFI-block  phys=0x000000001C17E37A  start=3662714  size=2572697 B  bits~10331523
[Reset][HW] Attempting hardware DPU reset...
[Reset][HW] Done
[Reset][SW] Recreating runner...
[Reset][SW] OK
  [MSEFI-ctrl+DDR-reset] SEFI-block  phys=0x000000001D2BB019  start=21737497  size=2572697 B  bits~10330024
[Reset][HW] Attempting hardware DPU reset...
[Reset][HW] Done
[Reset][SW] Recreating runner...
[Reset][SW] OK
  [MSEFI-ctrl+DDR-reset] SEFI-block  phys=0x000000001CC8B81B  start=15251483  size=2572697 B  bits~10334973
[Reset][HW] Attempting hardware DPU reset...
[Reset][HW] Done
[Reset][SW] Recreating runner...
[Reset][SW] OK
  [MSEFI-ctrl+DDR-reset] SEFI-block  phys=0x000000001C29A46B  start=4826219  size=2572697 B  bits~10328134
[Reset][HW] Attempting hardware DPU reset...
[Reset][HW] Done
[Reset][SW] Recreating runner...
[Reset][SW] OK
  [MSEFI-ctrl+DDR-reset] SEFI-block  phys=0x000000001D085169  start=19419497  size=2572697 B  bits~10331605
[Reset][HW] Attempting hardware DPU reset...
[Reset][HW] Done
[Reset][SW] Recreating runner...
[Reset][SW] OK
[Summary] target=input_tensor  baseline=75.00%  faulty=32.00%  recovery=37.00%

──── target=buffers ────
  [MSEFI-ctrl+DDR-reset] SEFI-block  phys=0x000000001CECE2BB  start=17621691  size=2572697 B  bits~10328551
[Reset][HW] Attempting hardware DPU reset...
[Reset][HW] Done
[Reset][SW] Recreating runner...
[Reset][SW] OK
  [MSEFI-ctrl+DDR-reset] SEFI-block  phys=0x000000001CFE0073  start=18743411  size=2572697 B  bits~10329801
[Reset][HW] Attempting hardware DPU reset...
[Reset][HW] Done
[Reset][SW] Recreating runner...
[Reset][SW] OK
  [MSEFI-ctrl+DDR-reset] SEFI-block  phys=0x000000001C7078E5  start=9468133  size=2572697 B  bits~10328875
[Reset][HW] Attempting hardware DPU reset...
[Reset][HW] Done
[Reset][SW] Recreating runner...
[Reset][SW] OK
  [MSEFI-ctrl+DDR-reset] SEFI-block  phys=0x000000001BE043D2  start=17362  size=2572697 B  bits~10333559
[Reset][HW] Attempting hardware DPU reset...
[Reset][HW] Done
[Reset][SW] Recreating runner...
[Reset][SW] OK
  [MSEFI-ctrl+DDR-reset] SEFI-block  phys=0x000000001C917CF1  start=11631857  size=2572697 B  bits~10335922
[Reset][HW] Attempting hardware DPU reset...
[Reset][HW] Done
[Reset][SW] Recreating runner...
[Reset][SW] OK
  [MSEFI-ctrl+DDR-reset] SEFI-block  phys=0x000000001CCAF116  start=15397142  size=2572697 B  bits~10333888
[Reset][HW] Attempting hardware DPU reset...
[Reset][HW] Done
[Reset][SW] Recreating runner...
[Reset][SW] OK
  [MSEFI-ctrl+DDR-reset] SEFI-block  phys=0x000000001C043F94  start=2375572  size=2572697 B  bits~10332747
[Reset][HW] Attempting hardware DPU reset...
[Reset][HW] Done
[Reset][SW] Recreating runner...
[Reset][SW] OK
  [MSEFI-ctrl+DDR-reset] SEFI-block  phys=0x000000001C3AD6FC  start=5953276  size=2572697 B  bits~10327718
[Reset][HW] Attempting hardware DPU reset...
[Reset][HW] Done
[Reset][SW] Recreating runner...
[Reset][SW] OK
  [MSEFI-ctrl+DDR-reset] SEFI-block  phys=0x000000001C135E2D  start=3366445  size=2572697 B  bits~10332071
[Reset][HW] Attempting hardware DPU reset...
[Reset][HW] Done
[Reset][SW] Recreating runner...
[Reset][SW] OK
  [MSEFI-ctrl+DDR-reset] SEFI-block  phys=0x000000001D0E5D20  start=19815712  size=2572697 B  bits~10330849
[Reset][HW] Attempting hardware DPU reset...
[Reset][HW] Done
[Reset][SW] Recreating runner...
[Reset][SW] OK
  [MSEFI-ctrl+DDR-reset] SEFI-block  phys=0x000000001C4987EF  start=6916079  size=2572697 B  bits~10331090
[Reset][HW] Attempting hardware DPU reset...
[Reset][HW] Done
[Reset][SW] Recreating runner...
[Reset][SW] OK
  [MSEFI-ctrl+DDR-reset] SEFI-block  phys=0x000000001BE2B84E  start=178254  size=2572697 B  bits~10333284
[Reset][HW] Attempting hardware DPU reset...
[Reset][HW] Done
[Reset][SW] Recreating runner...
[Reset][SW] OK
  [MSEFI-ctrl+DDR-reset] SEFI-block  phys=0x000000001CFC0600  start=18613760  size=2572697 B  bits~10332110
[Reset][HW] Attempting hardware DPU reset...
[Reset][HW] Done
[Reset][SW] Recreating runner...
[Reset][SW] OK
  [MSEFI-ctrl+DDR-reset] SEFI-block  phys=0x000000001C08E604  start=2680324  size=2572697 B  bits~10329600
[Reset][HW] Attempting hardware DPU reset...
[Reset][HW] Done
[Reset][SW] Recreating runner...
[Reset][SW] OK
  [MSEFI-ctrl+DDR-reset] SEFI-block  phys=0x000000001BE3EBD1  start=256977  size=2572697 B  bits~10334906
[Reset][HW] Attempting hardware DPU reset...
[Reset][HW] Done
[Reset][SW] Recreating runner...
[Reset][SW] OK
  [MSEFI-ctrl+DDR-reset] SEFI-block  phys=0x000000001CDAB14E  start=16429390  size=2572697 B  bits~10328697
[Reset][HW] Attempting hardware DPU reset...
[Reset][HW] Done
[Reset][SW] Recreating runner...
[Reset][SW] OK
  [MSEFI-ctrl+DDR-reset] SEFI-block  phys=0x000000001C250A98  start=4524696  size=2572697 B  bits~10333097
[Reset][HW] Attempting hardware DPU reset...
[Reset][HW] Done
[Reset][SW] Recreating runner...
[Reset][SW] OK
  [MSEFI-ctrl+DDR-reset] SEFI-block  phys=0x000000001C9C95CB  start=12359115  size=2572697 B  bits~10331383
[Reset][HW] Attempting hardware DPU reset...
[Reset][HW] Done
[Reset][SW] Recreating runner...
[Reset][SW] OK
  [MSEFI-ctrl+DDR-reset] SEFI-block  phys=0x000000001C471E22  start=6757922  size=2572697 B  bits~10332273
[Reset][HW] Attempting hardware DPU reset...
[Reset][HW] Done
[Reset][SW] Recreating runner...
[Reset][SW] OK
  [MSEFI-ctrl+DDR-reset] SEFI-block  phys=0x000000001D0BC2D9  start=19645145  size=2572697 B  bits~10332191
[Reset][HW] Attempting hardware DPU reset...
[Reset][HW] Done
[Reset][SW] Recreating runner...
[Reset][SW] OK
  [MSEFI-ctrl+DDR-reset] SEFI-block  phys=0x000000001CF3AC63  start=18066531  size=2572697 B  bits~10330211
[Reset][HW] Attempting hardware DPU reset...
[Reset][HW] Done
[Reset][SW] Recreating runner...
[Reset][SW] OK
  [MSEFI-ctrl+DDR-reset] SEFI-block  phys=0x000000001C146787  start=3434375  size=2572697 B  bits~10332214
[Reset][HW] Attempting hardware DPU reset...
[Reset][HW] Done
[Reset][SW] Recreating runner...
[Reset][SW] OK
  [MSEFI-ctrl+DDR-reset] SEFI-block  phys=0x000000001D3349A8  start=22235560  size=2572697 B  bits~10329201
[Reset][HW] Attempting hardware DPU reset...
[Reset][HW] Done
[Reset][SW] Recreating runner...
[Reset][SW] OK
  [MSEFI-ctrl+DDR-reset] SEFI-block  phys=0x000000001BF4B2BB  start=1356475  size=2572697 B  bits~10336893
[Reset][HW] Attempting hardware DPU reset...
[Reset][HW] Done
[Reset][SW] Recreating runner...
[Reset][SW] OK
  [MSEFI-ctrl+DDR-reset] SEFI-block  phys=0x000000001C38CAC4  start=5819076  size=2572697 B  bits~10333724
[Reset][HW] Attempting hardware DPU reset...
[Reset][HW] Done
[Reset][SW] Recreating runner...
[Reset][SW] OK
  [MSEFI-ctrl+DDR-reset] SEFI-block  phys=0x000000001D07DC17  start=19389463  size=2572697 B  bits~10328919
[Reset][HW] Attempting hardware DPU reset...
[Reset][HW] Done
[Reset][SW] Recreating runner...
[Reset][SW] OK
  [MSEFI-ctrl+DDR-reset] SEFI-block  phys=0x000000001C2B9B78  start=4955000  size=2572697 B  bits~10331235
[Reset][HW] Attempting hardware DPU reset...
[Reset][HW] Done
[Reset][SW] Recreating runner...
[Reset][SW] OK
  [MSEFI-ctrl+DDR-reset] SEFI-block  phys=0x000000001D3B6509  start=22766857  size=2572697 B  bits~10330577
[Reset][HW] Attempting hardware DPU reset...
[Reset][HW] Done
[Reset][SW] Recreating runner...
[Reset][SW] OK
  [MSEFI-ctrl+DDR-reset] SEFI-block  phys=0x000000001BEEA461  start=959585  size=2572697 B  bits~10328938
[Reset][HW] Attempting hardware DPU reset...
[Reset][HW] Done
[Reset][SW] Recreating runner...
[Reset][SW] OK
  [MSEFI-ctrl+DDR-reset] SEFI-block  phys=0x000000001BE26C89  start=158857  size=2572697 B  bits~10331619
[Reset][HW] Attempting hardware DPU reset...
[Reset][HW] Done
[Reset][SW] Recreating runner...
[Reset][SW] OK
  [MSEFI-ctrl+DDR-reset] SEFI-block  phys=0x000000001C6832F1  start=8925937  size=2572697 B  bits~10334983
[Reset][HW] Attempting hardware DPU reset...
[Reset][HW] Done
[Reset][SW] Recreating runner...
[Reset][SW] OK
  [MSEFI-ctrl+DDR-reset] SEFI-block  phys=0x000000001C2D5392  start=5067666  size=2572697 B  bits~10332800
[Reset][HW] Attempting hardware DPU reset...
[Reset][HW] Done
[Reset][SW] Recreating runner...
[Reset][SW] OK
  [MSEFI-ctrl+DDR-reset] SEFI-block  phys=0x000000001C00F758  start=2160472  size=2572697 B  bits~10332412
[Reset][HW] Attempting hardware DPU reset...
[Reset][HW] Done
[Reset][SW] Recreating runner...
[Reset][SW] OK
  [MSEFI-ctrl+DDR-reset] SEFI-block  phys=0x000000001C21EBC8  start=4320200  size=2572697 B  bits~10327982
[Reset][HW] Attempting hardware DPU reset...
[Reset][HW] Done
[Reset][SW] Recreating runner...
[Reset][SW] OK
  [MSEFI-ctrl+DDR-reset] SEFI-block  phys=0x000000001CA20AE1  start=12716769  size=2572697 B  bits~10329382
[Reset][HW] Attempting hardware DPU reset...
[Reset][HW] Done
[Reset][SW] Recreating runner...
[Reset][SW] OK
  [MSEFI-ctrl+DDR-reset] SEFI-block  phys=0x000000001C62DA12  start=8575506  size=2572697 B  bits~10334610
[Reset][HW] Attempting hardware DPU reset...
[Reset][HW] Done
[Reset][SW] Recreating runner...
[Reset][SW] OK
  [MSEFI-ctrl+DDR-reset] SEFI-block  phys=0x000000001C99A2A6  start=12165798  size=2572697 B  bits~10331447
[Reset][HW] Attempting hardware DPU reset...
[Reset][HW] Done
[Reset][SW] Recreating runner...
[Reset][SW] OK
  [MSEFI-ctrl+DDR-reset] SEFI-block  phys=0x000000001C442D50  start=6565200  size=2572697 B  bits~10330349
[Reset][HW] Attempting hardware DPU reset...
[Reset][HW] Done
[Reset][SW] Recreating runner...
[Reset][SW] OK
  [MSEFI-ctrl+DDR-reset] SEFI-block  phys=0x000000001C58F800  start=7927808  size=2572697 B  bits~10330688
[Reset][HW] Attempting hardware DPU reset...
[Reset][HW] Done
[Reset][SW] Recreating runner...
[Reset][SW] OK
  [MSEFI-ctrl+DDR-reset] SEFI-block  phys=0x000000001D1A2CB0  start=20589744  size=2572697 B  bits~10334060
[Reset][HW] Attempting hardware DPU reset...
[Reset][HW] Done
[Reset][SW] Recreating runner...
[Reset][SW] OK
  [MSEFI-ctrl+DDR-reset] SEFI-block  phys=0x000000001CFB9DFD  start=18587133  size=2572697 B  bits~10327464
[Reset][HW] Attempting hardware DPU reset...
[Reset][HW] Done
[Reset][SW] Recreating runner...
[Reset][SW] OK
  [MSEFI-ctrl+DDR-reset] SEFI-block  phys=0x000000001C0FF6B7  start=3143351  size=2572697 B  bits~10333447
[Reset][HW] Attempting hardware DPU reset...
[Reset][HW] Done
[Reset][SW] Recreating runner...
[Reset][SW] OK
  [MSEFI-ctrl+DDR-reset] SEFI-block  phys=0x000000001C298B1A  start=4819738  size=2572697 B  bits~10327404
[Reset][HW] Attempting hardware DPU reset...
[Reset][HW] Done
[Reset][SW] Recreating runner...
[Reset][SW] OK
  [MSEFI-ctrl+DDR-reset] SEFI-block  phys=0x000000001C009085  start=2134149  size=2572697 B  bits~10331129
[Reset][HW] Attempting hardware DPU reset...
[Reset][HW] Done
[Reset][SW] Recreating runner...
[Reset][SW] OK
  [MSEFI-ctrl+DDR-reset] SEFI-block  phys=0x000000001C4E2297  start=7217815  size=2572697 B  bits~10329433
[Reset][HW] Attempting hardware DPU reset...
[Reset][HW] Done
[Reset][SW] Recreating runner...
[Reset][SW] OK
  [MSEFI-ctrl+DDR-reset] SEFI-block  phys=0x000000001C6CBF8E  start=9224078  size=2572697 B  bits~10330899
[Reset][HW] Attempting hardware DPU reset...
[Reset][HW] Done
[Reset][SW] Recreating runner...
[Reset][SW] OK
  [MSEFI-ctrl+DDR-reset] SEFI-block  phys=0x000000001CCF5F89  start=15687561  size=2572697 B  bits~10327784
[Reset][HW] Attempting hardware DPU reset...
[Reset][HW] Done
[Reset][SW] Recreating runner...
[Reset][SW] OK
  [MSEFI-ctrl+DDR-reset] SEFI-block  phys=0x000000001C1868FE  start=3696894  size=2572697 B  bits~10331878
[Reset][HW] Attempting hardware DPU reset...
[Reset][HW] Done
[Reset][SW] Recreating runner...
[Reset][SW] OK
  [MSEFI-ctrl+DDR-reset] SEFI-block  phys=0x000000001BE9C39F  start=639903  size=2572697 B  bits~10329256
[Reset][HW] Attempting hardware DPU reset...
[Reset][HW] Done
[Reset][SW] Recreating runner...
[Reset][SW] OK
  [MSEFI-ctrl+DDR-reset] SEFI-block  phys=0x000000001C4C2097  start=7086231  size=2572697 B  bits~10327864
[Reset][HW] Attempting hardware DPU reset...
[Reset][HW] Done
[Reset][SW] Recreating runner...
[Reset][SW] OK
  [MSEFI-ctrl+DDR-reset] SEFI-block  phys=0x000000001BFFA997  start=2075031  size=2572697 B  bits~10334581
[Reset][HW] Attempting hardware DPU reset...
[Reset][HW] Done
[Reset][SW] Recreating runner...
[Reset][SW] OK
  [MSEFI-ctrl+DDR-reset] SEFI-block  phys=0x000000001C68D731  start=8967985  size=2572697 B  bits~10329404
[Reset][HW] Attempting hardware DPU reset...
[Reset][HW] Done
[Reset][SW] Recreating runner...
[Reset][SW] OK
  [MSEFI-ctrl+DDR-reset] SEFI-block  phys=0x000000001BEF2D8B  start=994699  size=2572697 B  bits~10331036
[Reset][HW] Attempting hardware DPU reset...
[Reset][HW] Done
[Reset][SW] Recreating runner...
[Reset][SW] OK
  [MSEFI-ctrl+DDR-reset] SEFI-block  phys=0x000000001C0C664F  start=2909775  size=2572697 B  bits~10334121
[Reset][HW] Attempting hardware DPU reset...
[Reset][HW] Done
[Reset][SW] Recreating runner...
[Reset][SW] OK
  [MSEFI-ctrl+DDR-reset] SEFI-block  phys=0x000000001CAC9153  start=13406547  size=2572697 B  bits~10334255
[Reset][HW] Attempting hardware DPU reset...
[Reset][HW] Done
[Reset][SW] Recreating runner...
[Reset][SW] OK
  [MSEFI-ctrl+DDR-reset] SEFI-block  phys=0x000000001CA5D7EC  start=12965868  size=2572697 B  bits~10334577
[Reset][HW] Attempting hardware DPU reset...
[Reset][HW] Done
[Reset][SW] Recreating runner...
[Reset][SW] OK
  [MSEFI-ctrl+DDR-reset] SEFI-block  phys=0x000000001CCC7FD8  start=15499224  size=2572697 B  bits~10333427
[Reset][HW] Attempting hardware DPU reset...
[Reset][HW] Done
[Reset][SW] Recreating runner...
[Reset][SW] OK
  [MSEFI-ctrl+DDR-reset] SEFI-block  phys=0x000000001C5A3B74  start=8010612  size=2572697 B  bits~10327608
[Reset][HW] Attempting hardware DPU reset...
[Reset][HW] Done
[Reset][SW] Recreating runner...
[Reset][SW] OK
  [MSEFI-ctrl+DDR-reset] SEFI-block  phys=0x000000001BFDF0FA  start=1962234  size=2572697 B  bits~10328195
[Reset][HW] Attempting hardware DPU reset...
[Reset][HW] Done
[Reset][SW] Recreating runner...
[Reset][SW] OK
  [MSEFI-ctrl+DDR-reset] SEFI-block  phys=0x000000001D3350FB  start=22237435  size=2572697 B  bits~10329450
[Reset][HW] Attempting hardware DPU reset...
[Reset][HW] Done
[Reset][SW] Recreating runner...
[Reset][SW] OK
  [MSEFI-ctrl+DDR-reset] SEFI-block  phys=0x000000001C1E9408  start=4101128  size=2572697 B  bits~10330901
[Reset][HW] Attempting hardware DPU reset...
[Reset][HW] Done
[Reset][SW] Recreating runner...
[Reset][SW] OK
  [MSEFI-ctrl+DDR-reset] SEFI-block  phys=0x000000001C0E9AF3  start=3054323  size=2572697 B  bits~10330696
[Reset][HW] Attempting hardware DPU reset...
[Reset][HW] Done
[Reset][SW] Recreating runner...
[Reset][SW] OK
  [MSEFI-ctrl+DDR-reset] SEFI-block  phys=0x000000001C971FAF  start=12001199  size=2572697 B  bits~10330587
[Reset][HW] Attempting hardware DPU reset...
[Reset][HW] Done
[Reset][SW] Recreating runner...
[Reset][SW] OK
  [MSEFI-ctrl+DDR-reset] SEFI-block  phys=0x000000001CC4C80C  start=14993420  size=2572697 B  bits~10329350
[Reset][HW] Attempting hardware DPU reset...
[Reset][HW] Done
[Reset][SW] Recreating runner...
[Reset][SW] OK
  [MSEFI-ctrl+DDR-reset] SEFI-block  phys=0x000000001C317CEC  start=5340396  size=2572697 B  bits~10331236
[Reset][HW] Attempting hardware DPU reset...
[Reset][HW] Done
[Reset][SW] Recreating runner...
[Reset][SW] OK
  [MSEFI-ctrl+DDR-reset] SEFI-block  phys=0x000000001C9E8939  start=12486969  size=2572697 B  bits~10329092
[Reset][HW] Attempting hardware DPU reset...
[Reset][HW] Done
[Reset][SW] Recreating runner...
[Reset][SW] OK
  [MSEFI-ctrl+DDR-reset] SEFI-block  phys=0x000000001BFA68F7  start=1730807  size=2572697 B  bits~10333015
[Reset][HW] Attempting hardware DPU reset...
[Reset][HW] Done
[Reset][SW] Recreating runner...
[Reset][SW] OK
  [MSEFI-ctrl+DDR-reset] SEFI-block  phys=0x000000001CE55DEA  start=17128938  size=2572697 B  bits~10328103
[Reset][HW] Attempting hardware DPU reset...
[Reset][HW] Done
[Reset][SW] Recreating runner...
[Reset][SW] OK
  [MSEFI-ctrl+DDR-reset] SEFI-block  phys=0x000000001C270B72  start=4655986  size=2572697 B  bits~10332044
[Reset][HW] Attempting hardware DPU reset...
[Reset][HW] Done
[Reset][SW] Recreating runner...
[Reset][SW] OK
  [MSEFI-ctrl+DDR-reset] SEFI-block  phys=0x000000001BF5FF56  start=1441622  size=2572697 B  bits~10334189
[Reset][HW] Attempting hardware DPU reset...
[Reset][HW] Done
[Reset][SW] Recreating runner...
[Reset][SW] OK
  [MSEFI-ctrl+DDR-reset] SEFI-block  phys=0x000000001CEB594A  start=17520970  size=2572697 B  bits~10333780
[Reset][HW] Attempting hardware DPU reset...
[Reset][HW] Done
[Reset][SW] Recreating runner...
[Reset][SW] OK
  [MSEFI-ctrl+DDR-reset] SEFI-block  phys=0x000000001C1E4376  start=4080502  size=2572697 B  bits~10331151
[Reset][HW] Attempting hardware DPU reset...
[Reset][HW] Done
[Reset][SW] Recreating runner...
[Reset][SW] OK
  [MSEFI-ctrl+DDR-reset] SEFI-block  phys=0x000000001D27D3F3  start=21484531  size=2572697 B  bits~10331092
[Reset][HW] Attempting hardware DPU reset...
[Reset][HW] Done
[Reset][SW] Recreating runner...
[Reset][SW] OK
  [MSEFI-ctrl+DDR-reset] SEFI-block  phys=0x000000001D159BBD  start=20290493  size=2572697 B  bits~10333373
[Reset][HW] Attempting hardware DPU reset...
[Reset][HW] Done
[Reset][SW] Recreating runner...
[Reset][SW] OK
  [MSEFI-ctrl+DDR-reset] SEFI-block  phys=0x000000001CD8FEEC  start=16318188  size=2572697 B  bits~10333969
[Reset][HW] Attempting hardware DPU reset...
[Reset][HW] Done
[Reset][SW] Recreating runner...
[Reset][SW] OK
  [MSEFI-ctrl+DDR-reset] SEFI-block  phys=0x000000001C23D8F7  start=4446455  size=2572697 B  bits~10331861
[Reset][HW] Attempting hardware DPU reset...
[Reset][HW] Done
[Reset][SW] Recreating runner...
[Reset][SW] OK
  [MSEFI-ctrl+DDR-reset] SEFI-block  phys=0x000000001C9698E6  start=11966694  size=2572697 B  bits~10331241
[Reset][HW] Attempting hardware DPU reset...
[Reset][HW] Done
[Reset][SW] Recreating runner...
[Reset][SW] OK
  [MSEFI-ctrl+DDR-reset] SEFI-block  phys=0x000000001C31244B  start=5317707  size=2572697 B  bits~10330884
[Reset][HW] Attempting hardware DPU reset...
[Reset][HW] Done
[Reset][SW] Recreating runner...
[Reset][SW] OK
  [MSEFI-ctrl+DDR-reset] SEFI-block  phys=0x000000001D24E2A0  start=21291680  size=2572697 B  bits~10332108
[Reset][HW] Attempting hardware DPU reset...
[Reset][HW] Done
[Reset][SW] Recreating runner...
[Reset][SW] OK
  [MSEFI-ctrl+DDR-reset] SEFI-block  phys=0x000000001C377435  start=5731381  size=2572697 B  bits~10330063
[Reset][HW] Attempting hardware DPU reset...
[Reset][HW] Done
[Reset][SW] Recreating runner...
[Reset][SW] OK
  [MSEFI-ctrl+DDR-reset] SEFI-block  phys=0x000000001CA7F418  start=13104152  size=2572697 B  bits~10336088
[Reset][HW] Attempting hardware DPU reset...
[Reset][HW] Done
[Reset][SW] Recreating runner...
[Reset][SW] OK
  [MSEFI-ctrl+DDR-reset] SEFI-block  phys=0x000000001CB5C37C  start=14009212  size=2572697 B  bits~10328917
[Reset][HW] Attempting hardware DPU reset...
[Reset][HW] Done
[Reset][SW] Recreating runner...
[Reset][SW] OK
  [MSEFI-ctrl+DDR-reset] SEFI-block  phys=0x000000001C695F22  start=9002786  size=2572697 B  bits~10333072
[Reset][HW] Attempting hardware DPU reset...
[Reset][HW] Done
[Reset][SW] Recreating runner...
[Reset][SW] OK
  [MSEFI-ctrl+DDR-reset] SEFI-block  phys=0x000000001CA577E7  start=12941287  size=2572697 B  bits~10328853
[Reset][HW] Attempting hardware DPU reset...
[Reset][HW] Done
[Reset][SW] Recreating runner...
[Reset][SW] OK
  [MSEFI-ctrl+DDR-reset] SEFI-block  phys=0x000000001D110FA7  start=19992487  size=2572697 B  bits~10327329
[Reset][HW] Attempting hardware DPU reset...
[Reset][HW] Done
[Reset][SW] Recreating runner...
[Reset][SW] OK
  [MSEFI-ctrl+DDR-reset] SEFI-block  phys=0x000000001C7C761D  start=10253853  size=2572697 B  bits~10327049
[Reset][HW] Attempting hardware DPU reset...
[Reset][HW] Done
[Reset][SW] Recreating runner...
[Reset][SW] OK
  [MSEFI-ctrl+DDR-reset] SEFI-block  phys=0x000000001CBF1C1F  start=14621727  size=2572697 B  bits~10331388
[Reset][HW] Attempting hardware DPU reset...
[Reset][HW] Done
[Reset][SW] Recreating runner...
[Reset][SW] OK
  [MSEFI-ctrl+DDR-reset] SEFI-block  phys=0x000000001CBA0F66  start=14290790  size=2572697 B  bits~10331263
[Reset][HW] Attempting hardware DPU reset...
[Reset][HW] Done
[Reset][SW] Recreating runner...
[Reset][SW] OK
  [MSEFI-ctrl+DDR-reset] SEFI-block  phys=0x000000001C8AF66D  start=11204205  size=2572697 B  bits~10329177
[Reset][HW] Attempting hardware DPU reset...
[Reset][HW] Done
[Reset][SW] Recreating runner...
[Reset][SW] OK
  [MSEFI-ctrl+DDR-reset] SEFI-block  phys=0x000000001CCE1D05  start=15604997  size=2572697 B  bits~10334838
[Reset][HW] Attempting hardware DPU reset...
[Reset][HW] Done
[Reset][SW] Recreating runner...
[Reset][SW] OK
  [MSEFI-ctrl+DDR-reset] SEFI-block  phys=0x000000001C23124A  start=4395594  size=2572697 B  bits~10329756
[Reset][HW] Attempting hardware DPU reset...
[Reset][HW] Done
[Reset][SW] Recreating runner...
[Reset][SW] OK
  [MSEFI-ctrl+DDR-reset] SEFI-block  phys=0x000000001C6835BB  start=8926651  size=2572697 B  bits~10329689
[Reset][HW] Attempting hardware DPU reset...
[Reset][HW] Done
[Reset][SW] Recreating runner...
[Reset][SW] OK
  [MSEFI-ctrl+DDR-reset] SEFI-block  phys=0x000000001CCE8F36  start=15634230  size=2572697 B  bits~10329355
[Reset][HW] Attempting hardware DPU reset...
[Reset][HW] Done
[Reset][SW] Recreating runner...
[Reset][SW] OK
  [MSEFI-ctrl+DDR-reset] SEFI-block  phys=0x000000001CCC558B  start=15488395  size=2572697 B  bits~10324904
[Reset][HW] Attempting hardware DPU reset...
[Reset][HW] Done
[Reset][SW] Recreating runner...
[Reset][SW] OK
  [MSEFI-ctrl+DDR-reset] SEFI-block  phys=0x000000001C76950C  start=9868556  size=2572697 B  bits~10332265
[Reset][HW] Attempting hardware DPU reset...
[Reset][HW] Done
[Reset][SW] Recreating runner...
[Reset][SW] OK
  [MSEFI-ctrl+DDR-reset] SEFI-block  phys=0x000000001D402C79  start=23080057  size=2572697 B  bits~10331058
[Reset][HW] Attempting hardware DPU reset...
[Reset][HW] Done
[Reset][SW] Recreating runner...
[Reset][SW] OK
  [MSEFI-ctrl+DDR-reset] SEFI-block  phys=0x000000001C73707C  start=9662588  size=2572697 B  bits~10330532
[Reset][HW] Attempting hardware DPU reset...
[Reset][HW] Done
[Reset][SW] Recreating runner...
[Reset][SW] OK
  [MSEFI-ctrl+DDR-reset] SEFI-block  phys=0x000000001C3BF501  start=6026497  size=2572697 B  bits~10330921
[Reset][HW] Attempting hardware DPU reset...
[Reset][HW] Done
[Reset][SW] Recreating runner...
[Reset][SW] OK
  [MSEFI-ctrl+DDR-reset] SEFI-block  phys=0x000000001CA8CF8D  start=13160333  size=2572697 B  bits~10331398
[Reset][HW] Attempting hardware DPU reset...
[Reset][HW] Done
[Reset][SW] Recreating runner...
[Reset][SW] OK
  [MSEFI-ctrl+DDR-reset] SEFI-block  phys=0x000000001C11A44D  start=3253325  size=2572697 B  bits~10329658
[Reset][HW] Attempting hardware DPU reset...
[Reset][HW] Done
[Reset][SW] Recreating runner...
[Reset][SW] OK
[Summary] target=buffers  baseline=75.00%  faulty=31.00%  recovery=37.00%
