[Setup] 1 images  |  1000 classes
[Setup] Subgraph: subgraph_conv1
[Setup] Input  data_fixed  size=150528 h=224 w=224
[Setup] Output fc1000_fixed  size=1000
[Setup] Model loaded into RAM: 26653773 bytes  (XMODEL_SAFE_SKIP=65536)
[DDR4 Map] Resolving fault injection regions...
[DDR4] Instructions via 'mc_code': size=742492 bytes
[DDR4] Weight region REG_0         size=25726976 bytes
[DDR4 Map] Input  buffer: size=150528 bytes (addr allocated per-run)
[DDR4 Map] Output buffer: size=1000 bytes (addr allocated per-run)
[Cache] mc_code: file_offset=25828936  size=742492 bytes
[Cache] weights[REG_0]: file_offset=99895  size=25726976 bytes

[Baseline] Running golden reference (no faults)...
[Baseline] Top-1: class=109  (brain coral)  prob=0.9827
[Baseline] Top-5: 109 973 955 397 390

[Sim] Starting 1000 runs  k=10  target=BUFFERS


========================================================
           SBU SIMULATION RESULTS REPORT
========================================================
  Model  : /usr/share/vitis_ai_library/models/resnet50/resnet50.xmodel
  N=1000  k=10  target=BUFFERS
========================================================
  FAULT EVENT SUMMARY
  Total runs          :  1000
  Timeouts   (DUE)    :     0  (  0.0%)  <- DPU hung from fault
  Crashes             :     0  (  0.0%)
  Output anomalies    :     0  (  0.0%)
  Recovered           :     0
  Valid classif. runs :  1000
--------------------------------------------------------
  CLASSIFICATION ACCURACY
  Top-1 preserved  :   400 / 1000   =  40.00%
  Top-5 preserved  :   403 / 1000   =  40.30%
  SDC rate         :                   60.00%
  Fault masking    :                   40.00%
--------------------------------------------------------
  ACCURACY-DROP HISTOGRAM  (|prob drop| x 100)
  drop <  1%  :   239  ( 23.9%)  <- masked / negligible
  drop <  2%  :     5  (  0.5%)
  drop <  5%  :     0  (  0.0%)
  drop < 10%  :     4  (  0.4%)
  drop < 20%  :    60  (  6.0%)
  drop >= 20% :   692  ( 69.2%)  <- severe SDC
  Negligible-impact (<5%): 24.4%
--------------------------------------------------------
  TOP-1 PROBABILITY DEGRADATION  (|baseline_prob - faulty_prob| x 100)
  Tracks confidence drop in the top-1 class across all valid runs,
  regardless of whether the class identity changed.
  drop <  0.01pp :   151  ( 15.1%)  <- virtually no effect
  drop <  0.05pp :    41  (  4.1%)
  drop <  0.10pp :    21  (  2.1%)
  drop <  0.50pp :    16  (  1.6%)
  drop <  0.75pp :    12  (  1.2%)  
  drop <  1.00pp :     3  (  0.3%)
  drop <  1.50pp :    13  (  1.3%)
  drop <  2.00pp :   357  ( 35.7%)
  drop <  3.00pp :     3  (  0.3%)
  drop >= 3.00pp :   383  ( 38.3%)  <- severe confidence loss
  (pp = percentage points of softmax probability)
--------------------------------------------------------
  PER-TARGET FAULT SENSITIVITY
  BUFFERS                : 1000 runs   600 mismatches  ( 60.0%)
--------------------------------------------------------
  PRECISION / RECALL  (top-10 active classes)
  Class  Label                      TP   FP   FN   Prec  Recall
    109  brain coral               400    0  600  100.0   40.0
     72  black and gold garden sp    0    5    0    0.0    0.0
    919  street sign                 0    4    0    0.0    0.0
    745  projector                   0    4    0    0.0    0.0
    495  china cabinet, china clo    0    4    0    0.0    0.0
    418  ballpoint, ballpoint pen    0    4    0    0.0    0.0
    984  rapeseed                    0    3    0    0.0    0.0
    937  broccoli                    0    3    0    0.0    0.0
    923  plate                       0    3    0    0.0    0.0
    906  Windsor tie                 0    3    0    0.0    0.0
  Macro-avg Precision : 10.00%
  Macro-avg Recall    : 40.00%
========================================================
