[Setup] Input  data_fixed  size=150528 h=224 w=224
[Setup] Output fc1000_fixed  size=1000
[DDR4] Instructions: reg_val=0x1BD00  phys=0x000000001BD00000  size=742492 B
[DDR4] Weights:      phys=0x000000001BE00000  size=25726976 B
[DDR4] Input tensor: phys=0x000000001BA80000  total=152608 B  pixel_start=+2080 B
[Baseline] Accuracy: 75/100 = 75.00%

──── target=weights ────
  [MSEFI-ctrl+DDR-reset] SEFI-block  phys=0x000000001C7AF309  start=10154761  size=2572697 B  bits~10328870
[Reset][HW] Attempting hardware DPU reset...
[Reset][HW] Done
[Reset][SW] Recreating runner...
[Reset][SW] OK
  [MSEFI-ctrl+DDR-reset] SEFI-block  phys=0x000000001C24232A  start=4465450  size=2572697 B  bits~10331544
[Reset][HW] Attempting hardware DPU reset...
[Reset][HW] Done
[Reset][SW] Recreating runner...
[Reset][SW] OK
  [MSEFI-ctrl+DDR-reset] SEFI-block  phys=0x000000001C4F07AF  start=7276463  size=2572697 B  bits~10329392
[Reset][HW] Attempting hardware DPU reset...
[Reset][HW] Done
[Reset][SW] Recreating runner...
[Reset][SW] OK
  [MSEFI-ctrl+DDR-reset] SEFI-block  phys=0x000000001CEEAEA0  start=17739424  size=2572697 B  bits~10327448
[Reset][HW] Attempting hardware DPU reset...
[Reset][HW] Done
[Reset][SW] Recreating runner...
[Reset][SW] OK
  [MSEFI-ctrl+DDR-reset] SEFI-block  phys=0x000000001D026B4E  start=19032910  size=2572697 B  bits~10330251
[Reset][HW] Attempting hardware DPU reset...
[Reset][HW] Done
[Reset][SW] Recreating runner...
[Reset][SW] OK
  [MSEFI-ctrl+DDR-reset] SEFI-block  phys=0x000000001C8E5B91  start=11426705  size=2572697 B  bits~10330523
[Reset][HW] Attempting hardware DPU reset...
[Reset][HW] Done
[Reset][SW] Recreating runner...
[Reset][SW] OK
  [MSEFI-ctrl+DDR-reset] SEFI-block  phys=0x000000001C2F9015  start=5214229  size=2572697 B  bits~10330236
[Reset][HW] Attempting hardware DPU reset...
[Reset][HW] Done
[Reset][SW] Recreating runner...
[Reset][SW] OK
  [MSEFI-ctrl+DDR-reset] SEFI-block  phys=0x000000001D0412FC  start=19141372  size=2572697 B  bits~10329177
[Reset][HW] Attempting hardware DPU reset...
[Reset][HW] Done
[Reset][SW] Recreating runner...
[Reset][SW] OK
  [MSEFI-ctrl+DDR-reset] SEFI-block  phys=0x000000001C982DD4  start=12070356  size=2572697 B  bits~10330223
[Reset][HW] Attempting hardware DPU reset...
[Reset][HW] Done
[Reset][SW] Recreating runner...
[Reset][SW] OK
  [MSEFI-ctrl+DDR-reset] SEFI-block  phys=0x000000001C53A128  start=7577896  size=2572697 B  bits~10330799
[Reset][HW] Attempting hardware DPU reset...
[Reset][HW] Done
[Reset][SW] Recreating runner...
[Reset][SW] OK
  [MSEFI-ctrl+DDR-reset] SEFI-block  phys=0x000000001BE7B1DA  start=504282  size=2572697 B  bits~10328176
[Reset][HW] Attempting hardware DPU reset...
[Reset][HW] Done
[Reset][SW] Recreating runner...
[Reset][SW] OK
  [MSEFI-ctrl+DDR-reset] SEFI-block  phys=0x000000001C027D08  start=2260232  size=2572697 B  bits~10331177
[Reset][HW] Attempting hardware DPU reset...
[Reset][HW] Done
[Reset][SW] Recreating runner...
[Reset][SW] OK
  [MSEFI-ctrl+DDR-reset] SEFI-block  phys=0x000000001D025ECE  start=19029710  size=2572697 B  bits~10332817
[Reset][HW] Attempting hardware DPU reset...
[Reset][HW] Done
[Reset][SW] Recreating runner...
[Reset][SW] OK
  [MSEFI-ctrl+DDR-reset] SEFI-block  phys=0x000000001C50FA27  start=7404071  size=2572697 B  bits~10329421
[Reset][HW] Attempting hardware DPU reset...
[Reset][HW] Done
[Reset][SW] Recreating runner...
[Reset][SW] OK
  [MSEFI-ctrl+DDR-reset] SEFI-block  phys=0x000000001CD73608  start=16201224  size=2572697 B  bits~10330615
[Reset][HW] Attempting hardware DPU reset...
[Reset][HW] Done
[Reset][SW] Recreating runner...
[Reset][SW] OK
  [MSEFI-ctrl+DDR-reset] SEFI-block  phys=0x000000001CD0DAA9  start=15784617  size=2572697 B  bits~10331552
[Reset][HW] Attempting hardware DPU reset...
[Reset][HW] Done
[Reset][SW] Recreating runner...
[Reset][SW] OK
  [MSEFI-ctrl+DDR-reset] SEFI-block  phys=0x000000001C71F90E  start=9566478  size=2572697 B  bits~10329044
[Reset][HW] Attempting hardware DPU reset...
[Reset][HW] Done
[Reset][SW] Recreating runner...
[Reset][SW] OK
  [MSEFI-ctrl+DDR-reset] SEFI-block  phys=0x000000001D0CB02E  start=19705902  size=2572697 B  bits~10332088
[Reset][HW] Attempting hardware DPU reset...
[Reset][HW] Done
[Reset][SW] Recreating runner...
[Reset][SW] OK
  [MSEFI-ctrl+DDR-reset] SEFI-block  phys=0x000000001CE91013  start=17371155  size=2572697 B  bits~10331968
[Reset][HW] Attempting hardware DPU reset...
[Reset][HW] Done
[Reset][SW] Recreating runner...
[Reset][SW] OK
  [MSEFI-ctrl+DDR-reset] SEFI-block  phys=0x000000001CF03254  start=17838676  size=2572697 B  bits~10331513
[Reset][HW] Attempting hardware DPU reset...
[Reset][HW] Done
[Reset][SW] Recreating runner...
[Reset][SW] OK
  [MSEFI-ctrl+DDR-reset] SEFI-block  phys=0x000000001CA115D4  start=12654036  size=2572697 B  bits~10331347
[Reset][HW] Attempting hardware DPU reset...
[Reset][HW] Done
[Reset][SW] Recreating runner...
[Reset][SW] OK
  [MSEFI-ctrl+DDR-reset] SEFI-block  phys=0x000000001D05F324  start=19264292  size=2572697 B  bits~10334205
[Reset][HW] Attempting hardware DPU reset...
[Reset][HW] Done
[Reset][SW] Recreating runner...
[Reset][SW] OK
  [MSEFI-ctrl+DDR-reset] SEFI-block  phys=0x000000001CC1BE29  start=14794281  size=2572697 B  bits~10330517
[Reset][HW] Attempting hardware DPU reset...
[Reset][HW] Done
[Reset][SW] Recreating runner...
[Reset][SW] OK
  [MSEFI-ctrl+DDR-reset] SEFI-block  phys=0x000000001C189795  start=3708821  size=2572697 B  bits~10332025
[Reset][HW] Attempting hardware DPU reset...
[Reset][HW] Done
[Reset][SW] Recreating runner...
[Reset][SW] OK
  [MSEFI-ctrl+DDR-reset] SEFI-block  phys=0x000000001C3E8CC7  start=6196423  size=2572697 B  bits~10331531
[Reset][HW] Attempting hardware DPU reset...
[Reset][HW] Done
[Reset][SW] Recreating runner...
[Reset][SW] OK
  [MSEFI-ctrl+DDR-reset] SEFI-block  phys=0x000000001BE6942A  start=431146  size=2572697 B  bits~10331651
[Reset][HW] Attempting hardware DPU reset...
[Reset][HW] Done
[Reset][SW] Recreating runner...
[Reset][SW] OK
  [MSEFI-ctrl+DDR-reset] SEFI-block  phys=0x000000001CC8967D  start=15242877  size=2572697 B  bits~10329760
[Reset][HW] Attempting hardware DPU reset...
[Reset][HW] Done
[Reset][SW] Recreating runner...
[Reset][SW] OK
  [MSEFI-ctrl+DDR-reset] SEFI-block  phys=0x000000001CC1888B  start=14780555  size=2572697 B  bits~10334812
[Reset][HW] Attempting hardware DPU reset...
[Reset][HW] Done
[Reset][SW] Recreating runner...
[Reset][SW] OK
  [MSEFI-ctrl+DDR-reset] SEFI-block  phys=0x000000001C7BEF17  start=10219287  size=2572697 B  bits~10335522
[Reset][HW] Attempting hardware DPU reset...
[Reset][HW] Done
[Reset][SW] Recreating runner...
[Reset][SW] OK
  [MSEFI-ctrl+DDR-reset] SEFI-block  phys=0x000000001CCDD00A  start=15585290  size=2572697 B  bits~10328959
[Reset][HW] Attempting hardware DPU reset...
[Reset][HW] Done
[Reset][SW] Recreating runner...
[Reset][SW] OK
  [MSEFI-ctrl+DDR-reset] SEFI-block  phys=0x000000001C4EF57A  start=7271802  size=2572697 B  bits~10329169
[Reset][HW] Attempting hardware DPU reset...
[Reset][HW] Done
[Reset][SW] Recreating runner...
[Reset][SW] OK
  [MSEFI-ctrl+DDR-reset] SEFI-block  phys=0x000000001C0D8E86  start=2985606  size=2572697 B  bits~10330080
[Reset][HW] Attempting hardware DPU reset...
[Reset][HW] Done
[Reset][SW] Recreating runner...
[Reset][SW] OK
  [MSEFI-ctrl+DDR-reset] SEFI-block  phys=0x000000001C628790  start=8554384  size=2572697 B  bits~10332731
[Reset][HW] Attempting hardware DPU reset...
[Reset][HW] Done
[Reset][SW] Recreating runner...
[Reset][SW] OK
  [MSEFI-ctrl+DDR-reset] SEFI-block  phys=0x000000001D1F05E3  start=20907491  size=2572697 B  bits~10333198
[Reset][HW] Attempting hardware DPU reset...
[Reset][HW] Done
[Reset][SW] Recreating runner...
[Reset][SW] OK
  [MSEFI-ctrl+DDR-reset] SEFI-block  phys=0x000000001CD2BAF6  start=15907574  size=2572697 B  bits~10332324
[Reset][HW] Attempting hardware DPU reset...
[Reset][HW] Done
[Reset][SW] Recreating runner...
[Reset][SW] OK
  [MSEFI-ctrl+DDR-reset] SEFI-block  phys=0x000000001C52A2FF  start=7512831  size=2572697 B  bits~10332954
[Reset][HW] Attempting hardware DPU reset...
[Reset][HW] Done
[Reset][SW] Recreating runner...
[Reset][SW] OK
  [MSEFI-ctrl+DDR-reset] SEFI-block  phys=0x000000001BE791EF  start=496111  size=2572697 B  bits~10332558
[Reset][HW] Attempting hardware DPU reset...
[Reset][HW] Done
[Reset][SW] Recreating runner...
[Reset][SW] OK
  [MSEFI-ctrl+DDR-reset] SEFI-block  phys=0x000000001BF37890  start=1276048  size=2572697 B  bits~10332688
[Reset][HW] Attempting hardware DPU reset...
[Reset][HW] Done
[Reset][SW] Recreating runner...
[Reset][SW] OK
  [MSEFI-ctrl+DDR-reset] SEFI-block  phys=0x000000001C87F972  start=11008370  size=2572697 B  bits~10331073
[Reset][HW] Attempting hardware DPU reset...
[Reset][HW] Done
[Reset][SW] Recreating runner...
[Reset][SW] OK
  [MSEFI-ctrl+DDR-reset] SEFI-block  phys=0x000000001C9F46A5  start=12535461  size=2572697 B  bits~10331341
[Reset][HW] Attempting hardware DPU reset...
[Reset][HW] Done
[Reset][SW] Recreating runner...
[Reset][SW] OK
  [MSEFI-ctrl+DDR-reset] SEFI-block  phys=0x000000001CECE7B0  start=17622960  size=2572697 B  bits~10335719
[Reset][HW] Attempting hardware DPU reset...
[Reset][HW] Done
[Reset][SW] Recreating runner...
[Reset][SW] OK
  [MSEFI-ctrl+DDR-reset] SEFI-block  phys=0x000000001D0506D5  start=19203797  size=2572697 B  bits~10329225
[Reset][HW] Attempting hardware DPU reset...
[Reset][HW] Done
[Reset][SW] Recreating runner...
[Reset][SW] OK
  [MSEFI-ctrl+DDR-reset] SEFI-block  phys=0x000000001CF951C8  start=18436552  size=2572697 B  bits~10330256
[Reset][HW] Attempting hardware DPU reset...
[Reset][HW] Done
[Reset][SW] Recreating runner...
[Reset][SW] OK
  [MSEFI-ctrl+DDR-reset] SEFI-block  phys=0x000000001D3E7A55  start=22968917  size=2572697 B  bits~10332971
[Reset][HW] Attempting hardware DPU reset...
[Reset][HW] Done
[Reset][SW] Recreating runner...
[Reset][SW] OK
  [MSEFI-ctrl+DDR-reset] SEFI-block  phys=0x000000001CB6EC00  start=14085120  size=2572697 B  bits~10332226
[Reset][HW] Attempting hardware DPU reset...
[Reset][HW] Done
[Reset][SW] Recreating runner...
[Reset][SW] OK
  [MSEFI-ctrl+DDR-reset] SEFI-block  phys=0x000000001CF5B058  start=18198616  size=2572697 B  bits~10329802
[Reset][HW] Attempting hardware DPU reset...
[Reset][HW] Done
[Reset][SW] Recreating runner...
[Reset][SW] OK
  [MSEFI-ctrl+DDR-reset] SEFI-block  phys=0x000000001C4C737A  start=7107450  size=2572697 B  bits~10331413
[Reset][HW] Attempting hardware DPU reset...
[Reset][HW] Done
[Reset][SW] Recreating runner...
[Reset][SW] OK
  [MSEFI-ctrl+DDR-reset] SEFI-block  phys=0x000000001CE418CD  start=17045709  size=2572697 B  bits~10333101
[Reset][HW] Attempting hardware DPU reset...
[Reset][HW] Done
[Reset][SW] Recreating runner...
[Reset][SW] OK
  [MSEFI-ctrl+DDR-reset] SEFI-block  phys=0x000000001C713A23  start=9517603  size=2572697 B  bits~10332139
[Reset][HW] Attempting hardware DPU reset...
[Reset][HW] Done
[Reset][SW] Recreating runner...
[Reset][SW] OK
  [MSEFI-ctrl+DDR-reset] SEFI-block  phys=0x000000001C95E719  start=11921177  size=2572697 B  bits~10333566
[Reset][HW] Attempting hardware DPU reset...
[Reset][HW] Done
[Reset][SW] Recreating runner...
[Reset][SW] OK
  [MSEFI-ctrl+DDR-reset] SEFI-block  phys=0x000000001C313C8A  start=5323914  size=2572697 B  bits~10328780
[Reset][HW] Attempting hardware DPU reset...
[Reset][HW] Done
[Reset][SW] Recreating runner...
[Reset][SW] OK
  [MSEFI-ctrl+DDR-reset] SEFI-block  phys=0x000000001CCFB2CC  start=15708876  size=2572697 B  bits~10329687
[Reset][HW] Attempting hardware DPU reset...
[Reset][HW] Done
[Reset][SW] Recreating runner...
[Reset][SW] OK
  [MSEFI-ctrl+DDR-reset] SEFI-block  phys=0x000000001D089590  start=19436944  size=2572697 B  bits~10331843
[Reset][HW] Attempting hardware DPU reset...
[Reset][HW] Done
[Reset][SW] Recreating runner...
[Reset][SW] OK
  [MSEFI-ctrl+DDR-reset] SEFI-block  phys=0x000000001BE89262  start=561762  size=2572697 B  bits~10328859
[Reset][HW] Attempting hardware DPU reset...
[Reset][HW] Done
[Reset][SW] Recreating runner...
[Reset][SW] OK
  [MSEFI-ctrl+DDR-reset] SEFI-block  phys=0x000000001C5C8C0D  start=8162317  size=2572697 B  bits~10330963
[Reset][HW] Attempting hardware DPU reset...
[Reset][HW] Done
[Reset][SW] Recreating runner...
[Reset][SW] OK
  [MSEFI-ctrl+DDR-reset] SEFI-block  phys=0x000000001C7E88E9  start=10389737  size=2572697 B  bits~10330287
[Reset][HW] Attempting hardware DPU reset...
[Reset][HW] Done
[Reset][SW] Recreating runner...
[Reset][SW] OK
  [MSEFI-ctrl+DDR-reset] SEFI-block  phys=0x000000001CF29F2C  start=17997612  size=2572697 B  bits~10330258
[Reset][HW] Attempting hardware DPU reset...
[Reset][HW] Done
[Reset][SW] Recreating runner...
[Reset][SW] OK
  [MSEFI-ctrl+DDR-reset] SEFI-block  phys=0x000000001C470C7D  start=6753405  size=2572697 B  bits~10326391
[Reset][HW] Attempting hardware DPU reset...
[Reset][HW] Done
[Reset][SW] Recreating runner...
[Reset][SW] OK
  [MSEFI-ctrl+DDR-reset] SEFI-block  phys=0x000000001C6C49D4  start=9193940  size=2572697 B  bits~10328038
[Reset][HW] Attempting hardware DPU reset...
[Reset][HW] Done
[Reset][SW] Recreating runner...
[Reset][SW] OK
  [MSEFI-ctrl+DDR-reset] SEFI-block  phys=0x000000001CB47B76  start=13925238  size=2572697 B  bits~10332691
[Reset][HW] Attempting hardware DPU reset...
[Reset][HW] Done
[Reset][SW] Recreating runner...
[Reset][SW] OK
  [MSEFI-ctrl+DDR-reset] SEFI-block  phys=0x000000001CCAD23C  start=15389244  size=2572697 B  bits~10329189
[Reset][HW] Attempting hardware DPU reset...
[Reset][HW] Done
[Reset][SW] Recreating runner...
[Reset][SW] OK
  [MSEFI-ctrl+DDR-reset] SEFI-block  phys=0x000000001C1E90E4  start=4100324  size=2572697 B  bits~10328639
[Reset][HW] Attempting hardware DPU reset...
[Reset][HW] Done
[Reset][SW] Recreating runner...
[Reset][SW] OK
  [MSEFI-ctrl+DDR-reset] SEFI-block  phys=0x000000001C429E49  start=6463049  size=2572697 B  bits~10330885
[Reset][HW] Attempting hardware DPU reset...
[Reset][HW] Done
[Reset][SW] Recreating runner...
[Reset][SW] OK
  [MSEFI-ctrl+DDR-reset] SEFI-block  phys=0x000000001C817158  start=10580312  size=2572697 B  bits~10330359
[Reset][HW] Attempting hardware DPU reset...
[Reset][HW] Done
[Reset][SW] Recreating runner...
[Reset][SW] OK
  [MSEFI-ctrl+DDR-reset] SEFI-block  phys=0x000000001CE8AAE8  start=17345256  size=2572697 B  bits~10328603
[Reset][HW] Attempting hardware DPU reset...
[Reset][HW] Done
[Reset][SW] Recreating runner...
[Reset][SW] OK
  [MSEFI-ctrl+DDR-reset] SEFI-block  phys=0x000000001CDA2E59  start=16395865  size=2572697 B  bits~10330557
[Reset][HW] Attempting hardware DPU reset...
[Reset][HW] Done
[Reset][SW] Recreating runner...
[Reset][SW] OK
  [MSEFI-ctrl+DDR-reset] SEFI-block  phys=0x000000001C4FF9C9  start=7338441  size=2572697 B  bits~10327962
[Reset][HW] Attempting hardware DPU reset...
[Reset][HW] Done
[Reset][SW] Recreating runner...
[Reset][SW] OK
  [MSEFI-ctrl+DDR-reset] SEFI-block  phys=0x000000001C508400  start=7373824  size=2572697 B  bits~10330481
[Reset][HW] Attempting hardware DPU reset...
[Reset][HW] Done
[Reset][SW] Recreating runner...
[Reset][SW] OK
  [MSEFI-ctrl+DDR-reset] SEFI-block  phys=0x000000001C1C8621  start=3966497  size=2572697 B  bits~10325630
[Reset][HW] Attempting hardware DPU reset...
[Reset][HW] Done
[Reset][SW] Recreating runner...
[Reset][SW] OK
  [MSEFI-ctrl+DDR-reset] SEFI-block  phys=0x000000001C541B14  start=7609108  size=2572697 B  bits~10336255
[Reset][HW] Attempting hardware DPU reset...
[Reset][HW] Done
[Reset][SW] Recreating runner...
[Reset][SW] OK
  [MSEFI-ctrl+DDR-reset] SEFI-block  phys=0x000000001CC5F634  start=15070772  size=2572697 B  bits~10330736
[Reset][HW] Attempting hardware DPU reset...
[Reset][HW] Done
[Reset][SW] Recreating runner...
[Reset][SW] OK
  [MSEFI-ctrl+DDR-reset] SEFI-block  phys=0x000000001D022226  start=19014182  size=2572697 B  bits~10330332
[Reset][HW] Attempting hardware DPU reset...
[Reset][HW] Done
[Reset][SW] Recreating runner...
[Reset][SW] OK
  [MSEFI-ctrl+DDR-reset] SEFI-block  phys=0x000000001CDE149C  start=16651420  size=2572697 B  bits~10329719
[Reset][HW] Attempting hardware DPU reset...
[Reset][HW] Done
[Reset][SW] Recreating runner...
[Reset][SW] OK
  [MSEFI-ctrl+DDR-reset] SEFI-block  phys=0x000000001CF2DD5B  start=18013531  size=2572697 B  bits~10332480
[Reset][HW] Attempting hardware DPU reset...
[Reset][HW] Done
[Reset][SW] Recreating runner...
[Reset][SW] OK
  [MSEFI-ctrl+DDR-reset] SEFI-block  phys=0x000000001C69033E  start=8979262  size=2572697 B  bits~10328474
[Reset][HW] Attempting hardware DPU reset...
[Reset][HW] Done
[Reset][SW] Recreating runner...
[Reset][SW] OK
  [MSEFI-ctrl+DDR-reset] SEFI-block  phys=0x000000001C7AF8E9  start=10156265  size=2572697 B  bits~10331974
[Reset][HW] Attempting hardware DPU reset...
[Reset][HW] Done
[Reset][SW] Recreating runner...
[Reset][SW] OK
  [MSEFI-ctrl+DDR-reset] SEFI-block  phys=0x000000001C20BDAB  start=4242859  size=2572697 B  bits~10328324
[Reset][HW] Attempting hardware DPU reset...
[Reset][HW] Done
[Reset][SW] Recreating runner...
[Reset][SW] OK
  [MSEFI-ctrl+DDR-reset] SEFI-block  phys=0x000000001CEDEA0A  start=17689098  size=2572697 B  bits~10329120
[Reset][HW] Attempting hardware DPU reset...
[Reset][HW] Done
[Reset][SW] Recreating runner...
[Reset][SW] OK
  [MSEFI-ctrl+DDR-reset] SEFI-block  phys=0x000000001D3365C5  start=22242757  size=2572697 B  bits~10333213
[Reset][HW] Attempting hardware DPU reset...
[Reset][HW] Done
[Reset][SW] Recreating runner...
[Reset][SW] OK
  [MSEFI-ctrl+DDR-reset] SEFI-block  phys=0x000000001C4B9360  start=7050080  size=2572697 B  bits~10329316
[Reset][HW] Attempting hardware DPU reset...
[Reset][HW] Done
[Reset][SW] Recreating runner...
[Reset][SW] OK
  [MSEFI-ctrl+DDR-reset] SEFI-block  phys=0x000000001CBDF821  start=14546977  size=2572697 B  bits~10330520
[Reset][HW] Attempting hardware DPU reset...
[Reset][HW] Done
[Reset][SW] Recreating runner...
[Reset][SW] OK
  [MSEFI-ctrl+DDR-reset] SEFI-block  phys=0x000000001CC3B9BA  start=14924218  size=2572697 B  bits~10333886
[Reset][HW] Attempting hardware DPU reset...
[Reset][HW] Done
[Reset][SW] Recreating runner...
[Reset][SW] OK
  [MSEFI-ctrl+DDR-reset] SEFI-block  phys=0x000000001CC4EAC4  start=15002308  size=2572697 B  bits~10330799
[Reset][HW] Attempting hardware DPU reset...
[Reset][HW] Done
[Reset][SW] Recreating runner...
[Reset][SW] OK
  [MSEFI-ctrl+DDR-reset] SEFI-block  phys=0x000000001C69CF8C  start=9031564  size=2572697 B  bits~10332766
[Reset][HW] Attempting hardware DPU reset...
[Reset][HW] Done
[Reset][SW] Recreating runner...
[Reset][SW] OK
  [MSEFI-ctrl+DDR-reset] SEFI-block  phys=0x000000001D2FBF99  start=22003609  size=2572697 B  bits~10334126
[Reset][HW] Attempting hardware DPU reset...
[Reset][HW] Done
[Reset][SW] Recreating runner...
[Reset][SW] OK
  [MSEFI-ctrl+DDR-reset] SEFI-block  phys=0x000000001CD53AAE  start=16071342  size=2572697 B  bits~10331206
[Reset][HW] Attempting hardware DPU reset...
[Reset][HW] Done
[Reset][SW] Recreating runner...
[Reset][SW] OK
  [MSEFI-ctrl+DDR-reset] SEFI-block  phys=0x000000001D11322C  start=20001324  size=2572697 B  bits~10334212
[Reset][HW] Attempting hardware DPU reset...
[Reset][HW] Done
[Reset][SW] Recreating runner...
[Reset][SW] OK
  [MSEFI-ctrl+DDR-reset] SEFI-block  phys=0x000000001C0EFD83  start=3079555  size=2572697 B  bits~10329352
[Reset][HW] Attempting hardware DPU reset...
[Reset][HW] Done
[Reset][SW] Recreating runner...
[Reset][SW] OK
  [MSEFI-ctrl+DDR-reset] SEFI-block  phys=0x000000001C8B1024  start=11210788  size=2572697 B  bits~10332190
[Reset][HW] Attempting hardware DPU reset...
[Reset][HW] Done
[Reset][SW] Recreating runner...
[Reset][SW] OK
  [MSEFI-ctrl+DDR-reset] SEFI-block  phys=0x000000001C52E66D  start=7530093  size=2572697 B  bits~10331275
[Reset][HW] Attempting hardware DPU reset...
[Reset][HW] Done
[Reset][SW] Recreating runner...
[Reset][SW] OK
  [MSEFI-ctrl+DDR-reset] SEFI-block  phys=0x000000001D2BFCDB  start=21757147  size=2572697 B  bits~10329928
[Reset][HW] Attempting hardware DPU reset...
[Reset][HW] Done
[Reset][SW] Recreating runner...
[Reset][SW] OK
  [MSEFI-ctrl+DDR-reset] SEFI-block  phys=0x000000001CD2A87C  start=15902844  size=2572697 B  bits~10330743
[Reset][HW] Attempting hardware DPU reset...
[Reset][HW] Done
[Reset][SW] Recreating runner...
[Reset][SW] OK
  [MSEFI-ctrl+DDR-reset] SEFI-block  phys=0x000000001C6D75A9  start=9270697  size=2572697 B  bits~10333408
[Reset][HW] Attempting hardware DPU reset...
[Reset][HW] Done
[Reset][SW] Recreating runner...
[Reset][SW] OK
  [MSEFI-ctrl+DDR-reset] SEFI-block  phys=0x000000001BEBE097  start=778391  size=2572697 B  bits~10332003
[Reset][HW] Attempting hardware DPU reset...
[Reset][HW] Done
[Reset][SW] Recreating runner...
[Reset][SW] OK
  [MSEFI-ctrl+DDR-reset] SEFI-block  phys=0x000000001C996048  start=12148808  size=2572697 B  bits~10332342
[Reset][HW] Attempting hardware DPU reset...
[Reset][HW] Done
[Reset][SW] Recreating runner...
[Reset][SW] OK
  [MSEFI-ctrl+DDR-reset] SEFI-block  phys=0x000000001C9EF826  start=12515366  size=2572697 B  bits~10330224
[Reset][HW] Attempting hardware DPU reset...
[Reset][HW] Done
[Reset][SW] Recreating runner...
[Reset][SW] OK
  [MSEFI-ctrl+DDR-reset] SEFI-block  phys=0x000000001C6BFC9D  start=9174173  size=2572697 B  bits~10332119
[Reset][HW] Attempting hardware DPU reset...
[Reset][HW] Done
[Reset][SW] Recreating runner...
[Reset][SW] OK
  [MSEFI-ctrl+DDR-reset] SEFI-block  phys=0x000000001C0A8802  start=2787330  size=2572697 B  bits~10331073
[Reset][HW] Attempting hardware DPU reset...
[Reset][HW] Done
[Reset][SW] Recreating runner...
[Reset][SW] OK
  [MSEFI-ctrl+DDR-reset] SEFI-block  phys=0x000000001C476653  start=6776403  size=2572697 B  bits~10335343
[Reset][HW] Attempting hardware DPU reset...
[Reset][HW] Done
[Reset][SW] Recreating runner...
[Reset][SW] OK
  [MSEFI-ctrl+DDR-reset] SEFI-block  phys=0x000000001CF25A38  start=17979960  size=2572697 B  bits~10329634
[Reset][HW] Attempting hardware DPU reset...
[Reset][HW] Done
[Reset][SW] Recreating runner...
[Reset][SW] OK
[Summary] target=weights  baseline=75.00%  faulty=32.00%  recovery=37.00%

──── target=input_tensor ────
  [MSEFI-ctrl+DDR-reset] SEFI-block  phys=0x000000001D3E7571  start=22967665  size=2572697 B  bits~10332585
[Reset][HW] Attempting hardware DPU reset...
[Reset][HW] Done
[Reset][SW] Recreating runner...
[Reset][SW] OK
  [MSEFI-ctrl+DDR-reset] SEFI-block  phys=0x000000001D27188B  start=21436555  size=2572697 B  bits~10331932
[Reset][HW] Attempting hardware DPU reset...
[Reset][HW] Done
[Reset][SW] Recreating runner...
[Reset][SW] OK
  [MSEFI-ctrl+DDR-reset] SEFI-block  phys=0x000000001D050EE6  start=19205862  size=2572697 B  bits~10331118
[Reset][HW] Attempting hardware DPU reset...
[Reset][HW] Done
[Reset][SW] Recreating runner...
[Reset][SW] OK
  [MSEFI-ctrl+DDR-reset] SEFI-block  phys=0x000000001C95A29F  start=11903647  size=2572697 B  bits~10335583
[Reset][HW] Attempting hardware DPU reset...
[Reset][HW] Done
[Reset][SW] Recreating runner...
[Reset][SW] OK
  [MSEFI-ctrl+DDR-reset] SEFI-block  phys=0x000000001C3C2038  start=6037560  size=2572697 B  bits~10327794
[Reset][HW] Attempting hardware DPU reset...
[Reset][HW] Done
[Reset][SW] Recreating runner...
[Reset][SW] OK
  [MSEFI-ctrl+DDR-reset] SEFI-block  phys=0x000000001C785E4C  start=9985612  size=2572697 B  bits~10331580
[Reset][HW] Attempting hardware DPU reset...
[Reset][HW] Done
[Reset][SW] Recreating runner...
[Reset][SW] OK
  [MSEFI-ctrl+DDR-reset] SEFI-block  phys=0x000000001CB54CDE  start=13978846  size=2572697 B  bits~10330756
[Reset][HW] Attempting hardware DPU reset...
[Reset][HW] Done
[Reset][SW] Recreating runner...
[Reset][SW] OK
  [MSEFI-ctrl+DDR-reset] SEFI-block  phys=0x000000001D03B757  start=19117911  size=2572697 B  bits~10330856
[Reset][HW] Attempting hardware DPU reset...
[Reset][HW] Done
[Reset][SW] Recreating runner...
[Reset][SW] OK
  [MSEFI-ctrl+DDR-reset] SEFI-block  phys=0x000000001BF6B8CB  start=1489099  size=2572697 B  bits~10329843
[Reset][HW] Attempting hardware DPU reset...
[Reset][HW] Done
[Reset][SW] Recreating runner...
[Reset][SW] OK
  [MSEFI-ctrl+DDR-reset] SEFI-block  phys=0x000000001CAF7EE2  start=13598434  size=2572697 B  bits~10328548
[Reset][HW] Attempting hardware DPU reset...
[Reset][HW] Done
[Reset][SW] Recreating runner...
[Reset][SW] OK
  [MSEFI-ctrl+DDR-reset] SEFI-block  phys=0x000000001C33A8EB  start=5482731  size=2572697 B  bits~10330574
[Reset][HW] Attempting hardware DPU reset...
[Reset][HW] Done
[Reset][SW] Recreating runner...
[Reset][SW] OK
  [MSEFI-ctrl+DDR-reset] SEFI-block  phys=0x000000001D217BAE  start=21068718  size=2572697 B  bits~10330647
[Reset][HW] Attempting hardware DPU reset...
[Reset][HW] Done
[Reset][SW] Recreating runner...
[Reset][SW] OK
  [MSEFI-ctrl+DDR-reset] SEFI-block  phys=0x000000001BEA9112  start=692498  size=2572697 B  bits~10330385
[Reset][HW] Attempting hardware DPU reset...
[Reset][HW] Done
[Reset][SW] Recreating runner...
[Reset][SW] OK
  [MSEFI-ctrl+DDR-reset] SEFI-block  phys=0x000000001C67D92A  start=8902954  size=2572697 B  bits~10333468
[Reset][HW] Attempting hardware DPU reset...
[Reset][HW] Done
[Reset][SW] Recreating runner...
[Reset][SW] OK
  [MSEFI-ctrl+DDR-reset] SEFI-block  phys=0x000000001CCD09E1  start=15534561  size=2572697 B  bits~10333797
[Reset][HW] Attempting hardware DPU reset...
[Reset][HW] Done
[Reset][SW] Recreating runner...
[Reset][SW] OK
  [MSEFI-ctrl+DDR-reset] SEFI-block  phys=0x000000001C37959A  start=5739930  size=2572697 B  bits~10334476
[Reset][HW] Attempting hardware DPU reset...
[Reset][HW] Done
[Reset][SW] Recreating runner...
[Reset][SW] OK
  [MSEFI-ctrl+DDR-reset] SEFI-block  phys=0x000000001CA15A0C  start=12671500  size=2572697 B  bits~10327273
[Reset][HW] Attempting hardware DPU reset...
[Reset][HW] Done
[Reset][SW] Recreating runner...
[Reset][SW] OK
  [MSEFI-ctrl+DDR-reset] SEFI-block  phys=0x000000001CD441F6  start=16007670  size=2572697 B  bits~10338214
[Reset][HW] Attempting hardware DPU reset...
[Reset][HW] Done
[Reset][SW] Recreating runner...
[Reset][SW] OK
  [MSEFI-ctrl+DDR-reset] SEFI-block  phys=0x000000001C60DC64  start=8445028  size=2572697 B  bits~10332950
[Reset][HW] Attempting hardware DPU reset...
[Reset][HW] Done
[Reset][SW] Recreating runner...
[Reset][SW] OK
  [MSEFI-ctrl+DDR-reset] SEFI-block  phys=0x000000001C0C34D0  start=2897104  size=2572697 B  bits~10332323
[Reset][HW] Attempting hardware DPU reset...
[Reset][HW] Done
[Reset][SW] Recreating runner...
[Reset][SW] OK
  [MSEFI-ctrl+DDR-reset] SEFI-block  phys=0x000000001D1F7047  start=20934727  size=2572697 B  bits~10332295
[Reset][HW] Attempting hardware DPU reset...
[Reset][HW] Done
[Reset][SW] Recreating runner...
[Reset][SW] OK
  [MSEFI-ctrl+DDR-reset] SEFI-block  phys=0x000000001D1F10CD  start=20910285  size=2572697 B  bits~10331768
[Reset][HW] Attempting hardware DPU reset...
[Reset][HW] Done
[Reset][SW] Recreating runner...
[Reset][SW] OK
  [MSEFI-ctrl+DDR-reset] SEFI-block  phys=0x000000001BFB2E68  start=1781352  size=2572697 B  bits~10331316
[Reset][HW] Attempting hardware DPU reset...
[Reset][HW] Done
[Reset][SW] Recreating runner...
[Reset][SW] OK
  [MSEFI-ctrl+DDR-reset] SEFI-block  phys=0x000000001C2821C6  start=4727238  size=2572697 B  bits~10333999
[Reset][HW] Attempting hardware DPU reset...
[Reset][HW] Done
[Reset][SW] Recreating runner...
[Reset][SW] OK
  [MSEFI-ctrl+DDR-reset] SEFI-block  phys=0x000000001C64715F  start=8679775  size=2572697 B  bits~10331672
[Reset][HW] Attempting hardware DPU reset...
[Reset][HW] Done
[Reset][SW] Recreating runner...
[Reset][SW] OK
  [MSEFI-ctrl+DDR-reset] SEFI-block  phys=0x000000001BF9023E  start=1638974  size=2572697 B  bits~10330918
[Reset][HW] Attempting hardware DPU reset...
[Reset][HW] Done
[Reset][SW] Recreating runner...
[Reset][SW] OK
  [MSEFI-ctrl+DDR-reset] SEFI-block  phys=0x000000001CEE64F0  start=17720560  size=2572697 B  bits~10328411
[Reset][HW] Attempting hardware DPU reset...
[Reset][HW] Done
[Reset][SW] Recreating runner...
[Reset][SW] OK
  [MSEFI-ctrl+DDR-reset] SEFI-block  phys=0x000000001CC13F04  start=14761732  size=2572697 B  bits~10330062
[Reset][HW] Attempting hardware DPU reset...
[Reset][HW] Done
[Reset][SW] Recreating runner...
[Reset][SW] OK
  [MSEFI-ctrl+DDR-reset] SEFI-block  phys=0x000000001CDD580A  start=16603146  size=2572697 B  bits~10331016
[Reset][HW] Attempting hardware DPU reset...
[Reset][HW] Done
[Reset][SW] Recreating runner...
[Reset][SW] OK
  [MSEFI-ctrl+DDR-reset] SEFI-block  phys=0x000000001C7D1650  start=10294864  size=2572697 B  bits~10334279
[Reset][HW] Attempting hardware DPU reset...
[Reset][HW] Done
[Reset][SW] Recreating runner...
[Reset][SW] OK
  [MSEFI-ctrl+DDR-reset] SEFI-block  phys=0x000000001BE2708A  start=159882  size=2572697 B  bits~10329740
[Reset][HW] Attempting hardware DPU reset...
[Reset][HW] Done
[Reset][SW] Recreating runner...
[Reset][SW] OK
  [MSEFI-ctrl+DDR-reset] SEFI-block  phys=0x000000001C999F92  start=12165010  size=2572697 B  bits~10332905
[Reset][HW] Attempting hardware DPU reset...
[Reset][HW] Done
[Reset][SW] Recreating runner...
[Reset][SW] OK
  [MSEFI-ctrl+DDR-reset] SEFI-block  phys=0x000000001CF96EC5  start=18443973  size=2572697 B  bits~10332574
[Reset][HW] Attempting hardware DPU reset...
[Reset][HW] Done
[Reset][SW] Recreating runner...
[Reset][SW] OK
  [MSEFI-ctrl+DDR-reset] SEFI-block  phys=0x000000001BFB99DA  start=1808858  size=2572697 B  bits~10331881
[Reset][HW] Attempting hardware DPU reset...
[Reset][HW] Done
[Reset][SW] Recreating runner...
[Reset][SW] OK
  [MSEFI-ctrl+DDR-reset] SEFI-block  phys=0x000000001C487F59  start=6848345  size=2572697 B  bits~10330438
[Reset][HW] Attempting hardware DPU reset...
[Reset][HW] Done
[Reset][SW] Recreating runner...
[Reset][SW] OK
  [MSEFI-ctrl+DDR-reset] SEFI-block  phys=0x000000001C2F847C  start=5211260  size=2572697 B  bits~10331355
[Reset][HW] Attempting hardware DPU reset...
[Reset][HW] Done
[Reset][SW] Recreating runner...
[Reset][SW] OK
  [MSEFI-ctrl+DDR-reset] SEFI-block  phys=0x000000001BEFE2E7  start=1041127  size=2572697 B  bits~10333983
[Reset][HW] Attempting hardware DPU reset...
[Reset][HW] Done
[Reset][SW] Recreating runner...
[Reset][SW] OK
  [MSEFI-ctrl+DDR-reset] SEFI-block  phys=0x000000001BE1BB27  start=113447  size=2572697 B  bits~10328595
[Reset][HW] Attempting hardware DPU reset...
[Reset][HW] Done
[Reset][SW] Recreating runner...
[Reset][SW] OK
  [MSEFI-ctrl+DDR-reset] SEFI-block  phys=0x000000001C1380BD  start=3375293  size=2572697 B  bits~10333418
[Reset][HW] Attempting hardware DPU reset...
[Reset][HW] Done
[Reset][SW] Recreating runner...
[Reset][SW] OK
  [MSEFI-ctrl+DDR-reset] SEFI-block  phys=0x000000001C2B0677  start=4916855  size=2572697 B  bits~10330581
[Reset][HW] Attempting hardware DPU reset...
[Reset][HW] Done
[Reset][SW] Recreating runner...
[Reset][SW] OK
  [MSEFI-ctrl+DDR-reset] SEFI-block  phys=0x000000001D26C0EA  start=21414122  size=2572697 B  bits~10332196
[Reset][HW] Attempting hardware DPU reset...
[Reset][HW] Done
[Reset][SW] Recreating runner...
[Reset][SW] OK
  [MSEFI-ctrl+DDR-reset] SEFI-block  phys=0x000000001C53D91E  start=7592222  size=2572697 B  bits~10334814
[Reset][HW] Attempting hardware DPU reset...
[Reset][HW] Done
[Reset][SW] Recreating runner...
[Reset][SW] OK
  [MSEFI-ctrl+DDR-reset] SEFI-block  phys=0x000000001C16B86F  start=3586159  size=2572697 B  bits~10334558
[Reset][HW] Attempting hardware DPU reset...
[Reset][HW] Done
[Reset][SW] Recreating runner...
[Reset][SW] OK
  [MSEFI-ctrl+DDR-reset] SEFI-block  phys=0x000000001C450F94  start=6623124  size=2572697 B  bits~10332528
[Reset][HW] Attempting hardware DPU reset...
[Reset][HW] Done
[Reset][SW] Recreating runner...
[Reset][SW] OK
  [MSEFI-ctrl+DDR-reset] SEFI-block  phys=0x000000001D042953  start=19147091  size=2572697 B  bits~10330746
[Reset][HW] Attempting hardware DPU reset...
[Reset][HW] Done
[Reset][SW] Recreating runner...
[Reset][SW] OK
  [MSEFI-ctrl+DDR-reset] SEFI-block  phys=0x000000001CD31ACF  start=15932111  size=2572697 B  bits~10331092
[Reset][HW] Attempting hardware DPU reset...
[Reset][HW] Done
[Reset][SW] Recreating runner...
[Reset][SW] OK
  [MSEFI-ctrl+DDR-reset] SEFI-block  phys=0x000000001C740F50  start=9703248  size=2572697 B  bits~10327062
[Reset][HW] Attempting hardware DPU reset...
[Reset][HW] Done
[Reset][SW] Recreating runner...
[Reset][SW] OK
  [MSEFI-ctrl+DDR-reset] SEFI-block  phys=0x000000001C2C99FE  start=5020158  size=2572697 B  bits~10328905
[Reset][HW] Attempting hardware DPU reset...
[Reset][HW] Done
[Reset][SW] Recreating runner...
[Reset][SW] OK
  [MSEFI-ctrl+DDR-reset] SEFI-block  phys=0x000000001D139784  start=20158340  size=2572697 B  bits~10330307
[Reset][HW] Attempting hardware DPU reset...
[Reset][HW] Done
[Reset][SW] Recreating runner...
[Reset][SW] OK
  [MSEFI-ctrl+DDR-reset] SEFI-block  phys=0x000000001C8E2AE5  start=11414245  size=2572697 B  bits~10331497
[Reset][HW] Attempting hardware DPU reset...
[Reset][HW] Done
[Reset][SW] Recreating runner...
[Reset][SW] OK
  [MSEFI-ctrl+DDR-reset] SEFI-block  phys=0x000000001CDDEA41  start=16640577  size=2572697 B  bits~10331529
[Reset][HW] Attempting hardware DPU reset...
[Reset][HW] Done
[Reset][SW] Recreating runner...
[Reset][SW] OK
  [MSEFI-ctrl+DDR-reset] SEFI-block  phys=0x000000001CC4BED1  start=14991057  size=2572697 B  bits~10330445
[Reset][HW] Attempting hardware DPU reset...
[Reset][HW] Done
[Reset][SW] Recreating runner...
[Reset][SW] OK
  [MSEFI-ctrl+DDR-reset] SEFI-block  phys=0x000000001C77B13A  start=9941306  size=2572697 B  bits~10332974
[Reset][HW] Attempting hardware DPU reset...
[Reset][HW] Done
[Reset][SW] Recreating runner...
[Reset][SW] OK
  [MSEFI-ctrl+DDR-reset] SEFI-block  phys=0x000000001C006AC8  start=2124488  size=2572697 B  bits~10334259
[Reset][HW] Attempting hardware DPU reset...
[Reset][HW] Done
[Reset][SW] Recreating runner...
[Reset][SW] OK
  [MSEFI-ctrl+DDR-reset] SEFI-block  phys=0x000000001C5A9C68  start=8035432  size=2572697 B  bits~10332148
[Reset][HW] Attempting hardware DPU reset...
[Reset][HW] Done
[Reset][SW] Recreating runner...
[Reset][SW] OK
  [MSEFI-ctrl+DDR-reset] SEFI-block  phys=0x000000001C0D60A8  start=2973864  size=2572697 B  bits~10334390
[Reset][HW] Attempting hardware DPU reset...
[Reset][HW] Done
[Reset][SW] Recreating runner...
[Reset][SW] OK
  [MSEFI-ctrl+DDR-reset] SEFI-block  phys=0x000000001C4CCC22  start=7130146  size=2572697 B  bits~10330633
[Reset][HW] Attempting hardware DPU reset...
[Reset][HW] Done
[Reset][SW] Recreating runner...
[Reset][SW] OK
  [MSEFI-ctrl+DDR-reset] SEFI-block  phys=0x000000001C6859EB  start=8935915  size=2572697 B  bits~10331198
[Reset][HW] Attempting hardware DPU reset...
[Reset][HW] Done
[Reset][SW] Recreating runner...
[Reset][SW] OK
  [MSEFI-ctrl+DDR-reset] SEFI-block  phys=0x000000001C2DCF3B  start=5099323  size=2572697 B  bits~10326581
[Reset][HW] Attempting hardware DPU reset...
[Reset][HW] Done
[Reset][SW] Recreating runner...
[Reset][SW] OK
  [MSEFI-ctrl+DDR-reset] SEFI-block  phys=0x000000001C8E3DAD  start=11419053  size=2572697 B  bits~10332991
[Reset][HW] Attempting hardware DPU reset...
[Reset][HW] Done
[Reset][SW] Recreating runner...
[Reset][SW] OK
  [MSEFI-ctrl+DDR-reset] SEFI-block  phys=0x000000001C600A2F  start=8391215  size=2572697 B  bits~10332350
[Reset][HW] Attempting hardware DPU reset...
[Reset][HW] Done
[Reset][SW] Recreating runner...
[Reset][SW] OK
  [MSEFI-ctrl+DDR-reset] SEFI-block  phys=0x000000001C4000F1  start=6291697  size=2572697 B  bits~10329795
[Reset][HW] Attempting hardware DPU reset...
[Reset][HW] Done
[Reset][SW] Recreating runner...
[Reset][SW] OK
  [MSEFI-ctrl+DDR-reset] SEFI-block  phys=0x000000001D3E0ABF  start=22940351  size=2572697 B  bits~10330638
[Reset][HW] Attempting hardware DPU reset...
[Reset][HW] Done
[Reset][SW] Recreating runner...
[Reset][SW] OK
  [MSEFI-ctrl+DDR-reset] SEFI-block  phys=0x000000001CC9A949  start=15313225  size=2572697 B  bits~10332771
[Reset][HW] Attempting hardware DPU reset...
[Reset][HW] Done
[Reset][SW] Recreating runner...
[Reset][SW] OK
  [MSEFI-ctrl+DDR-reset] SEFI-block  phys=0x000000001CA1DC00  start=12704768  size=2572697 B  bits~10331519
[Reset][HW] Attempting hardware DPU reset...
[Reset][HW] Done
[Reset][SW] Recreating runner...
[Reset][SW] OK
  [MSEFI-ctrl+DDR-reset] SEFI-block  phys=0x000000001C834106  start=10699014  size=2572697 B  bits~10331868
[Reset][HW] Attempting hardware DPU reset...
[Reset][HW] Done
[Reset][SW] Recreating runner...
[Reset][SW] OK
  [MSEFI-ctrl+DDR-reset] SEFI-block  phys=0x000000001D18313D  start=20459837  size=2572697 B  bits~10329430
[Reset][HW] Attempting hardware DPU reset...
[Reset][HW] Done
[Reset][SW] Recreating runner...
[Reset][SW] OK
  [MSEFI-ctrl+DDR-reset] SEFI-block  phys=0x000000001CF63979  start=18233721  size=2572697 B  bits~10335609
[Reset][HW] Attempting hardware DPU reset...
[Reset][HW] Done
[Reset][SW] Recreating runner...
[Reset][SW] OK
  [MSEFI-ctrl+DDR-reset] SEFI-block  phys=0x000000001D209DD9  start=21011929  size=2572697 B  bits~10330266
[Reset][HW] Attempting hardware DPU reset...
[Reset][HW] Done
[Reset][SW] Recreating runner...
[Reset][SW] OK
  [MSEFI-ctrl+DDR-reset] SEFI-block  phys=0x000000001CFED3FF  start=18797567  size=2572697 B  bits~10329067
[Reset][HW] Attempting hardware DPU reset...
[Reset][HW] Done
[Reset][SW] Recreating runner...
[Reset][SW] OK
  [MSEFI-ctrl+DDR-reset] SEFI-block  phys=0x000000001C045C8B  start=2382987  size=2572697 B  bits~10331064
[Reset][HW] Attempting hardware DPU reset...
[Reset][HW] Done
[Reset][SW] Recreating runner...
[Reset][SW] OK
  [MSEFI-ctrl+DDR-reset] SEFI-block  phys=0x000000001C5D4F39  start=8212281  size=2572697 B  bits~10331765
[Reset][HW] Attempting hardware DPU reset...
[Reset][HW] Done
[Reset][SW] Recreating runner...
[Reset][SW] OK
  [MSEFI-ctrl+DDR-reset] SEFI-block  phys=0x000000001BE98EE5  start=626405  size=2572697 B  bits~10329307
[Reset][HW] Attempting hardware DPU reset...
[Reset][HW] Done
[Reset][SW] Recreating runner...
[Reset][SW] OK
  [MSEFI-ctrl+DDR-reset] SEFI-block  phys=0x000000001D30D486  start=22074502  size=2572697 B  bits~10333961
[Reset][HW] Attempting hardware DPU reset...
[Reset][HW] Done
[Reset][SW] Recreating runner...
[Reset][SW] OK
  [MSEFI-ctrl+DDR-reset] SEFI-block  phys=0x000000001D18F9B4  start=20511156  size=2572697 B  bits~10332440
[Reset][HW] Attempting hardware DPU reset...
[Reset][HW] Done
[Reset][SW] Recreating runner...
[Reset][SW] OK
  [MSEFI-ctrl+DDR-reset] SEFI-block  phys=0x000000001D2411DF  start=21238239  size=2572697 B  bits~10334270
[Reset][HW] Attempting hardware DPU reset...
[Reset][HW] Done
[Reset][SW] Recreating runner...
[Reset][SW] OK
  [MSEFI-ctrl+DDR-reset] SEFI-block  phys=0x000000001C360AD3  start=5638867  size=2572697 B  bits~10332031
[Reset][HW] Attempting hardware DPU reset...
[Reset][HW] Done
[Reset][SW] Recreating runner...
[Reset][SW] OK
  [MSEFI-ctrl+DDR-reset] SEFI-block  phys=0x000000001CB45E74  start=13917812  size=2572697 B  bits~10332972
[Reset][HW] Attempting hardware DPU reset...
[Reset][HW] Done
[Reset][SW] Recreating runner...
[Reset][SW] OK
  [MSEFI-ctrl+DDR-reset] SEFI-block  phys=0x000000001D20A457  start=21013591  size=2572697 B  bits~10332349
[Reset][HW] Attempting hardware DPU reset...
[Reset][HW] Done
[Reset][SW] Recreating runner...
[Reset][SW] OK
  [MSEFI-ctrl+DDR-reset] SEFI-block  phys=0x000000001CEB1C0C  start=17505292  size=2572697 B  bits~10332150
[Reset][HW] Attempting hardware DPU reset...
[Reset][HW] Done
[Reset][SW] Recreating runner...
[Reset][SW] OK
  [MSEFI-ctrl+DDR-reset] SEFI-block  phys=0x000000001D33051D  start=22218013  size=2572697 B  bits~10330970
[Reset][HW] Attempting hardware DPU reset...
[Reset][HW] Done
[Reset][SW] Recreating runner...
[Reset][SW] OK
  [MSEFI-ctrl+DDR-reset] SEFI-block  phys=0x000000001D27C284  start=21480068  size=2572697 B  bits~10326608
[Reset][HW] Attempting hardware DPU reset...
[Reset][HW] Done
[Reset][SW] Recreating runner...
[Reset][SW] OK
  [MSEFI-ctrl+DDR-reset] SEFI-block  phys=0x000000001C281933  start=4725043  size=2572697 B  bits~10332435
[Reset][HW] Attempting hardware DPU reset...
[Reset][HW] Done
[Reset][SW] Recreating runner...
[Reset][SW] OK
  [MSEFI-ctrl+DDR-reset] SEFI-block  phys=0x000000001BEF4DB9  start=1002937  size=2572697 B  bits~10334601
[Reset][HW] Attempting hardware DPU reset...
[Reset][HW] Done
[Reset][SW] Recreating runner...
[Reset][SW] OK
  [MSEFI-ctrl+DDR-reset] SEFI-block  phys=0x000000001C953838  start=11876408  size=2572697 B  bits~10329879
[Reset][HW] Attempting hardware DPU reset...
[Reset][HW] Done
[Reset][SW] Recreating runner...
[Reset][SW] OK
  [MSEFI-ctrl+DDR-reset] SEFI-block  phys=0x000000001BE4CE86  start=315014  size=2572697 B  bits~10331545
[Reset][HW] Attempting hardware DPU reset...
[Reset][HW] Done
[Reset][SW] Recreating runner...
[Reset][SW] OK
  [MSEFI-ctrl+DDR-reset] SEFI-block  phys=0x000000001C85BC81  start=10861697  size=2572697 B  bits~10331920
[Reset][HW] Attempting hardware DPU reset...
[Reset][HW] Done
[Reset][SW] Recreating runner...
[Reset][SW] OK
  [MSEFI-ctrl+DDR-reset] SEFI-block  phys=0x000000001C545578  start=7624056  size=2572697 B  bits~10329599
[Reset][HW] Attempting hardware DPU reset...
[Reset][HW] Done
[Reset][SW] Recreating runner...
[Reset][SW] OK
  [MSEFI-ctrl+DDR-reset] SEFI-block  phys=0x000000001C4EC44D  start=7259213  size=2572697 B  bits~10329549
[Reset][HW] Attempting hardware DPU reset...
[Reset][HW] Done
[Reset][SW] Recreating runner...
[Reset][SW] OK
  [MSEFI-ctrl+DDR-reset] SEFI-block  phys=0x000000001CF88342  start=18383682  size=2572697 B  bits~10335013
[Reset][HW] Attempting hardware DPU reset...
[Reset][HW] Done
[Reset][SW] Recreating runner...
[Reset][SW] OK
  [MSEFI-ctrl+DDR-reset] SEFI-block  phys=0x000000001D0F3814  start=19871764  size=2572697 B  bits~10335372
[Reset][HW] Attempting hardware DPU reset...
[Reset][HW] Done
[Reset][SW] Recreating runner...
[Reset][SW] OK
  [MSEFI-ctrl+DDR-reset] SEFI-block  phys=0x000000001C73EEFA  start=9694970  size=2572697 B  bits~10326467
[Reset][HW] Attempting hardware DPU reset...
[Reset][HW] Done
[Reset][SW] Recreating runner...
[Reset][SW] OK
  [MSEFI-ctrl+DDR-reset] SEFI-block  phys=0x000000001D039446  start=19108934  size=2572697 B  bits~10332632
[Reset][HW] Attempting hardware DPU reset...
[Reset][HW] Done
[Reset][SW] Recreating runner...
[Reset][SW] OK
  [MSEFI-ctrl+DDR-reset] SEFI-block  phys=0x000000001CAFEA44  start=13625924  size=2572697 B  bits~10329497
[Reset][HW] Attempting hardware DPU reset...
[Reset][HW] Done
[Reset][SW] Recreating runner...
[Reset][SW] OK
  [MSEFI-ctrl+DDR-reset] SEFI-block  phys=0x000000001CCC5E41  start=15490625  size=2572697 B  bits~10332487
[Reset][HW] Attempting hardware DPU reset...
[Reset][HW] Done
[Reset][SW] Recreating runner...
[Reset][SW] OK
  [MSEFI-ctrl+DDR-reset] SEFI-block  phys=0x000000001CD771BE  start=16216510  size=2572697 B  bits~10329828
[Reset][HW] Attempting hardware DPU reset...
[Reset][HW] Done
[Reset][SW] Recreating runner...
[Reset][SW] OK
  [MSEFI-ctrl+DDR-reset] SEFI-block  phys=0x000000001CC77D09  start=15170825  size=2572697 B  bits~10332225
[Reset][HW] Attempting hardware DPU reset...
[Reset][HW] Done
[Reset][SW] Recreating runner...
[Reset][SW] OK
  [MSEFI-ctrl+DDR-reset] SEFI-block  phys=0x000000001C3BBB54  start=6011732  size=2572697 B  bits~10330710
[Reset][HW] Attempting hardware DPU reset...
[Reset][HW] Done
[Reset][SW] Recreating runner...
[Reset][SW] OK
  [MSEFI-ctrl+DDR-reset] SEFI-block  phys=0x000000001CD7C08E  start=16236686  size=2572697 B  bits~10327782
[Reset][HW] Attempting hardware DPU reset...
[Reset][HW] Done
[Reset][SW] Recreating runner...
[Reset][SW] OK
  [MSEFI-ctrl+DDR-reset] SEFI-block  phys=0x000000001C58D006  start=7917574  size=2572697 B  bits~10327472
[Reset][HW] Attempting hardware DPU reset...
[Reset][HW] Done
[Reset][SW] Recreating runner...
[Reset][SW] OK
[Summary] target=input_tensor  baseline=75.00%  faulty=31.00%  recovery=37.00%

──── target=buffers ────
  [MSEFI-ctrl+DDR-reset] SEFI-block  phys=0x000000001C74EE01  start=9760257  size=2572697 B  bits~10328733
[Reset][HW] Attempting hardware DPU reset...
[Reset][HW] Done
[Reset][SW] Recreating runner...
[Reset][SW] OK
  [MSEFI-ctrl+DDR-reset] SEFI-block  phys=0x000000001D2E728B  start=21918347  size=2572697 B  bits~10332422
[Reset][HW] Attempting hardware DPU reset...
[Reset][HW] Done
[Reset][SW] Recreating runner...
[Reset][SW] OK
  [MSEFI-ctrl+DDR-reset] SEFI-block  phys=0x000000001D393E82  start=22625922  size=2572697 B  bits~10328585
[Reset][HW] Attempting hardware DPU reset...
[Reset][HW] Done
[Reset][SW] Recreating runner...
[Reset][SW] OK
  [MSEFI-ctrl+DDR-reset] SEFI-block  phys=0x000000001CB7B982  start=14137730  size=2572697 B  bits~10327908
[Reset][HW] Attempting hardware DPU reset...
[Reset][HW] Done
[Reset][SW] Recreating runner...
[Reset][SW] OK
  [MSEFI-ctrl+DDR-reset] SEFI-block  phys=0x000000001C1824C1  start=3679425  size=2572697 B  bits~10330009
[Reset][HW] Attempting hardware DPU reset...
[Reset][HW] Done
[Reset][SW] Recreating runner...
[Reset][SW] OK
  [MSEFI-ctrl+DDR-reset] SEFI-block  phys=0x000000001CFE136B  start=18748267  size=2572697 B  bits~10331883
[Reset][HW] Attempting hardware DPU reset...
[Reset][HW] Done
[Reset][SW] Recreating runner...
[Reset][SW] OK
  [MSEFI-ctrl+DDR-reset] SEFI-block  phys=0x000000001D24FA42  start=21297730  size=2572697 B  bits~10332385
[Reset][HW] Attempting hardware DPU reset...
[Reset][HW] Done
[Reset][SW] Recreating runner...
[Reset][SW] OK
  [MSEFI-ctrl+DDR-reset] SEFI-block  phys=0x000000001C663A07  start=8796679  size=2572697 B  bits~10332881
[Reset][HW] Attempting hardware DPU reset...
[Reset][HW] Done
[Reset][SW] Recreating runner...
[Reset][SW] OK
  [MSEFI-ctrl+DDR-reset] SEFI-block  phys=0x000000001C92890D  start=11700493  size=2572697 B  bits~10329685
[Reset][HW] Attempting hardware DPU reset...
[Reset][HW] Done
[Reset][SW] Recreating runner...
[Reset][SW] OK
  [MSEFI-ctrl+DDR-reset] SEFI-block  phys=0x000000001CBB5216  start=14373398  size=2572697 B  bits~10330951
[Reset][HW] Attempting hardware DPU reset...
[Reset][HW] Done
[Reset][SW] Recreating runner...
[Reset][SW] OK
  [MSEFI-ctrl+DDR-reset] SEFI-block  phys=0x000000001BE0096B  start=2411  size=2572697 B  bits~10331019
[Reset][HW] Attempting hardware DPU reset...
[Reset][HW] Done
[Reset][SW] Recreating runner...
[Reset][SW] OK
  [MSEFI-ctrl+DDR-reset] SEFI-block  phys=0x000000001BE607FA  start=395258  size=2572697 B  bits~10332674
[Reset][HW] Attempting hardware DPU reset...
[Reset][HW] Done
[Reset][SW] Recreating runner...
[Reset][SW] OK
  [MSEFI-ctrl+DDR-reset] SEFI-block  phys=0x000000001C713B7E  start=9517950  size=2572697 B  bits~10333800
[Reset][HW] Attempting hardware DPU reset...
[Reset][HW] Done
[Reset][SW] Recreating runner...
[Reset][SW] OK
  [MSEFI-ctrl+DDR-reset] SEFI-block  phys=0x000000001CF20006  start=17956870  size=2572697 B  bits~10333621
[Reset][HW] Attempting hardware DPU reset...
[Reset][HW] Done
[Reset][SW] Recreating runner...
[Reset][SW] OK
  [MSEFI-ctrl+DDR-reset] SEFI-block  phys=0x000000001C4F89F6  start=7309814  size=2572697 B  bits~10331928
[Reset][HW] Attempting hardware DPU reset...
[Reset][HW] Done
[Reset][SW] Recreating runner...
[Reset][SW] OK
  [MSEFI-ctrl+DDR-reset] SEFI-block  phys=0x000000001CC9A119  start=15311129  size=2572697 B  bits~10330191
[Reset][HW] Attempting hardware DPU reset...
[Reset][HW] Done
[Reset][SW] Recreating runner...
[Reset][SW] OK
  [MSEFI-ctrl+DDR-reset] SEFI-block  phys=0x000000001C9AABA1  start=12233633  size=2572697 B  bits~10328990
[Reset][HW] Attempting hardware DPU reset...
[Reset][HW] Done
[Reset][SW] Recreating runner...
[Reset][SW] OK
  [MSEFI-ctrl+DDR-reset] SEFI-block  phys=0x000000001D334A23  start=22235683  size=2572697 B  bits~10330483
[Reset][HW] Attempting hardware DPU reset...
[Reset][HW] Done
[Reset][SW] Recreating runner...
[Reset][SW] OK
  [MSEFI-ctrl+DDR-reset] SEFI-block  phys=0x000000001C6BDCC8  start=9166024  size=2572697 B  bits~10334181
[Reset][HW] Attempting hardware DPU reset...
[Reset][HW] Done
[Reset][SW] Recreating runner...
[Reset][SW] OK
  [MSEFI-ctrl+DDR-reset] SEFI-block  phys=0x000000001BFAB00D  start=1749005  size=2572697 B  bits~10329964
[Reset][HW] Attempting hardware DPU reset...
[Reset][HW] Done
[Reset][SW] Recreating runner...
[Reset][SW] OK
  [MSEFI-ctrl+DDR-reset] SEFI-block  phys=0x000000001CE602C9  start=17171145  size=2572697 B  bits~10329511
[Reset][HW] Attempting hardware DPU reset...
[Reset][HW] Done
[Reset][SW] Recreating runner...
[Reset][SW] OK
  [MSEFI-ctrl+DDR-reset] SEFI-block  phys=0x000000001CFC3339  start=18625337  size=2572697 B  bits~10331707
[Reset][HW] Attempting hardware DPU reset...
[Reset][HW] Done
[Reset][SW] Recreating runner...
[Reset][SW] OK
  [MSEFI-ctrl+DDR-reset] SEFI-block  phys=0x000000001C354860  start=5589088  size=2572697 B  bits~10333606
[Reset][HW] Attempting hardware DPU reset...
[Reset][HW] Done
[Reset][SW] Recreating runner...
[Reset][SW] OK
  [MSEFI-ctrl+DDR-reset] SEFI-block  phys=0x000000001CD0074F  start=15730511  size=2572697 B  bits~10336445
[Reset][HW] Attempting hardware DPU reset...
[Reset][HW] Done
[Reset][SW] Recreating runner...
[Reset][SW] OK
  [MSEFI-ctrl+DDR-reset] SEFI-block  phys=0x000000001CEBF221  start=17560097  size=2572697 B  bits~10333066
[Reset][HW] Attempting hardware DPU reset...
[Reset][HW] Done
[Reset][SW] Recreating runner...
[Reset][SW] OK
  [MSEFI-ctrl+DDR-reset] SEFI-block  phys=0x000000001CE2C094  start=16957588  size=2572697 B  bits~10331108
[Reset][HW] Attempting hardware DPU reset...
[Reset][HW] Done
[Reset][SW] Recreating runner...
[Reset][SW] OK
  [MSEFI-ctrl+DDR-reset] SEFI-block  phys=0x000000001CF850A0  start=18370720  size=2572697 B  bits~10328264
[Reset][HW] Attempting hardware DPU reset...
[Reset][HW] Done
[Reset][SW] Recreating runner...
[Reset][SW] OK
  [MSEFI-ctrl+DDR-reset] SEFI-block  phys=0x000000001D191138  start=20517176  size=2572697 B  bits~10331529
[Reset][HW] Attempting hardware DPU reset...
[Reset][HW] Done
[Reset][SW] Recreating runner...
[Reset][SW] OK
  [MSEFI-ctrl+DDR-reset] SEFI-block  phys=0x000000001CE9B21B  start=17412635  size=2572697 B  bits~10333008
[Reset][HW] Attempting hardware DPU reset...
[Reset][HW] Done
[Reset][SW] Recreating runner...
[Reset][SW] OK
  [MSEFI-ctrl+DDR-reset] SEFI-block  phys=0x000000001CA3A713  start=12822291  size=2572697 B  bits~10327625
[Reset][HW] Attempting hardware DPU reset...
[Reset][HW] Done
[Reset][SW] Recreating runner...
[Reset][SW] OK
  [MSEFI-ctrl+DDR-reset] SEFI-block  phys=0x000000001C2716DB  start=4658907  size=2572697 B  bits~10329023
[Reset][HW] Attempting hardware DPU reset...
[Reset][HW] Done
[Reset][SW] Recreating runner...
[Reset][SW] OK
  [MSEFI-ctrl+DDR-reset] SEFI-block  phys=0x000000001D036716  start=19097366  size=2572697 B  bits~10332521
[Reset][HW] Attempting hardware DPU reset...
[Reset][HW] Done
[Reset][SW] Recreating runner...
[Reset][SW] OK
  [MSEFI-ctrl+DDR-reset] SEFI-block  phys=0x000000001C5C774A  start=8157002  size=2572697 B  bits~10331396
[Reset][HW] Attempting hardware DPU reset...
[Reset][HW] Done
[Reset][SW] Recreating runner...
[Reset][SW] OK
  [MSEFI-ctrl+DDR-reset] SEFI-block  phys=0x000000001D1A014F  start=20578639  size=2572697 B  bits~10327208
[Reset][HW] Attempting hardware DPU reset...
[Reset][HW] Done
[Reset][SW] Recreating runner...
[Reset][SW] OK
  [MSEFI-ctrl+DDR-reset] SEFI-block  phys=0x000000001C377A92  start=5733010  size=2572697 B  bits~10331221
[Reset][HW] Attempting hardware DPU reset...
[Reset][HW] Done
[Reset][SW] Recreating runner...
[Reset][SW] OK
  [MSEFI-ctrl+DDR-reset] SEFI-block  phys=0x000000001C91157C  start=11605372  size=2572697 B  bits~10331952
[Reset][HW] Attempting hardware DPU reset...
[Reset][HW] Done
[Reset][SW] Recreating runner...
[Reset][SW] OK
  [MSEFI-ctrl+DDR-reset] SEFI-block  phys=0x000000001D0BF92E  start=19659054  size=2572697 B  bits~10328882
[Reset][HW] Attempting hardware DPU reset...
[Reset][HW] Done
[Reset][SW] Recreating runner...
[Reset][SW] OK
  [MSEFI-ctrl+DDR-reset] SEFI-block  phys=0x000000001D16B66D  start=20362861  size=2572697 B  bits~10330996
[Reset][HW] Attempting hardware DPU reset...
[Reset][HW] Done
[Reset][SW] Recreating runner...
[Reset][SW] OK
  [MSEFI-ctrl+DDR-reset] SEFI-block  phys=0x000000001CF595F2  start=18191858  size=2572697 B  bits~10331458
[Reset][HW] Attempting hardware DPU reset...
[Reset][HW] Done
[Reset][SW] Recreating runner...
[Reset][SW] OK
  [MSEFI-ctrl+DDR-reset] SEFI-block  phys=0x000000001C0061B0  start=2122160  size=2572697 B  bits~10332064
[Reset][HW] Attempting hardware DPU reset...
[Reset][HW] Done
[Reset][SW] Recreating runner...
[Reset][SW] OK
  [MSEFI-ctrl+DDR-reset] SEFI-block  phys=0x000000001C67745B  start=8877147  size=2572697 B  bits~10332296
[Reset][HW] Attempting hardware DPU reset...
[Reset][HW] Done
[Reset][SW] Recreating runner...
[Reset][SW] OK
  [MSEFI-ctrl+DDR-reset] SEFI-block  phys=0x000000001C401DAC  start=6299052  size=2572697 B  bits~10332543
[Reset][HW] Attempting hardware DPU reset...
[Reset][HW] Done
[Reset][SW] Recreating runner...
[Reset][SW] OK
  [MSEFI-ctrl+DDR-reset] SEFI-block  phys=0x000000001D33C2DE  start=22266590  size=2572697 B  bits~10333481
[Reset][HW] Attempting hardware DPU reset...
[Reset][HW] Done
[Reset][SW] Recreating runner...
[Reset][SW] OK
  [MSEFI-ctrl+DDR-reset] SEFI-block  phys=0x000000001C5AEDFB  start=8056315  size=2572697 B  bits~10332689
[Reset][HW] Attempting hardware DPU reset...
[Reset][HW] Done
[Reset][SW] Recreating runner...
[Reset][SW] OK
  [MSEFI-ctrl+DDR-reset] SEFI-block  phys=0x000000001BF236BB  start=1193659  size=2572697 B  bits~10329599
[Reset][HW] Attempting hardware DPU reset...
[Reset][HW] Done
[Reset][SW] Recreating runner...
[Reset][SW] OK
  [MSEFI-ctrl+DDR-reset] SEFI-block  phys=0x000000001C73BBB2  start=9681842  size=2572697 B  bits~10332049
[Reset][HW] Attempting hardware DPU reset...
[Reset][HW] Done
[Reset][SW] Recreating runner...
[Reset][SW] OK
  [MSEFI-ctrl+DDR-reset] SEFI-block  phys=0x000000001C9A5722  start=12212002  size=2572697 B  bits~10332101
[Reset][HW] Attempting hardware DPU reset...
[Reset][HW] Done
[Reset][SW] Recreating runner...
[Reset][SW] OK
  [MSEFI-ctrl+DDR-reset] SEFI-block  phys=0x000000001BE6250C  start=402700  size=2572697 B  bits~10331454
[Reset][HW] Attempting hardware DPU reset...
[Reset][HW] Done
[Reset][SW] Recreating runner...
[Reset][SW] OK
  [MSEFI-ctrl+DDR-reset] SEFI-block  phys=0x000000001C17EE18  start=3665432  size=2572697 B  bits~10331016
[Reset][HW] Attempting hardware DPU reset...
[Reset][HW] Done
[Reset][SW] Recreating runner...
[Reset][SW] OK
  [MSEFI-ctrl+DDR-reset] SEFI-block  phys=0x000000001C87BAF8  start=10992376  size=2572697 B  bits~10331427
[Reset][HW] Attempting hardware DPU reset...
[Reset][HW] Done
[Reset][SW] Recreating runner...
[Reset][SW] OK
  [MSEFI-ctrl+DDR-reset] SEFI-block  phys=0x000000001CDB54B3  start=16471219  size=2572697 B  bits~10332852
[Reset][HW] Attempting hardware DPU reset...
[Reset][HW] Done
[Reset][SW] Recreating runner...
[Reset][SW] OK
  [MSEFI-ctrl+DDR-reset] SEFI-block  phys=0x000000001C9BE0B0  start=12312752  size=2572697 B  bits~10334938
[Reset][HW] Attempting hardware DPU reset...
[Reset][HW] Done
[Reset][SW] Recreating runner...
[Reset][SW] OK
  [MSEFI-ctrl+DDR-reset] SEFI-block  phys=0x000000001C3AF733  start=5961523  size=2572697 B  bits~10327484
[Reset][HW] Attempting hardware DPU reset...
[Reset][HW] Done
[Reset][SW] Recreating runner...
[Reset][SW] OK
  [MSEFI-ctrl+DDR-reset] SEFI-block  phys=0x000000001CBA8933  start=14321971  size=2572697 B  bits~10329811
[Reset][HW] Attempting hardware DPU reset...
[Reset][HW] Done
[Reset][SW] Recreating runner...
[Reset][SW] OK
  [MSEFI-ctrl+DDR-reset] SEFI-block  phys=0x000000001C82A49E  start=10658974  size=2572697 B  bits~10324879
[Reset][HW] Attempting hardware DPU reset...
[Reset][HW] Done
[Reset][SW] Recreating runner...
[Reset][SW] OK
  [MSEFI-ctrl+DDR-reset] SEFI-block  phys=0x000000001C9EAE24  start=12496420  size=2572697 B  bits~10327593
[Reset][HW] Attempting hardware DPU reset...
[Reset][HW] Done
[Reset][SW] Recreating runner...
[Reset][SW] OK
  [MSEFI-ctrl+DDR-reset] SEFI-block  phys=0x000000001C7B9564  start=10196324  size=2572697 B  bits~10330824
[Reset][HW] Attempting hardware DPU reset...
[Reset][HW] Done
[Reset][SW] Recreating runner...
[Reset][SW] OK
  [MSEFI-ctrl+DDR-reset] SEFI-block  phys=0x000000001CCCB909  start=15513865  size=2572697 B  bits~10332548
[Reset][HW] Attempting hardware DPU reset...
[Reset][HW] Done
[Reset][SW] Recreating runner...
[Reset][SW] OK
  [MSEFI-ctrl+DDR-reset] SEFI-block  phys=0x000000001D057D13  start=19234067  size=2572697 B  bits~10331847
[Reset][HW] Attempting hardware DPU reset...
[Reset][HW] Done
[Reset][SW] Recreating runner...
[Reset][SW] OK
  [MSEFI-ctrl+DDR-reset] SEFI-block  phys=0x000000001C0D15AD  start=2954669  size=2572697 B  bits~10329065
[Reset][HW] Attempting hardware DPU reset...
[Reset][HW] Done
[Reset][SW] Recreating runner...
[Reset][SW] OK
  [MSEFI-ctrl+DDR-reset] SEFI-block  phys=0x000000001D05034A  start=19202890  size=2572697 B  bits~10330749
[Reset][HW] Attempting hardware DPU reset...
[Reset][HW] Done
[Reset][SW] Recreating runner...
[Reset][SW] OK
  [MSEFI-ctrl+DDR-reset] SEFI-block  phys=0x000000001C028181  start=2261377  size=2572697 B  bits~10331029
[Reset][HW] Attempting hardware DPU reset...
[Reset][HW] Done
[Reset][SW] Recreating runner...
[Reset][SW] OK
  [MSEFI-ctrl+DDR-reset] SEFI-block  phys=0x000000001C79D0BB  start=10080443  size=2572697 B  bits~10333783
[Reset][HW] Attempting hardware DPU reset...
[Reset][HW] Done
[Reset][SW] Recreating runner...
[Reset][SW] OK
  [MSEFI-ctrl+DDR-reset] SEFI-block  phys=0x000000001D3BE272  start=22798962  size=2572697 B  bits~10330625
[Reset][HW] Attempting hardware DPU reset...
[Reset][HW] Done
[Reset][SW] Recreating runner...
[Reset][SW] OK
  [MSEFI-ctrl+DDR-reset] SEFI-block  phys=0x000000001C832F6F  start=10694511  size=2572697 B  bits~10329061
[Reset][HW] Attempting hardware DPU reset...
[Reset][HW] Done
[Reset][SW] Recreating runner...
[Reset][SW] OK
  [MSEFI-ctrl+DDR-reset] SEFI-block  phys=0x000000001D2C818C  start=21791116  size=2572697 B  bits~10330909
[Reset][HW] Attempting hardware DPU reset...
[Reset][HW] Done
[Reset][SW] Recreating runner...
[Reset][SW] OK
  [MSEFI-ctrl+DDR-reset] SEFI-block  phys=0x000000001C1C2A54  start=3942996  size=2572697 B  bits~10333217
[Reset][HW] Attempting hardware DPU reset...
[Reset][HW] Done
[Reset][SW] Recreating runner...
[Reset][SW] OK
  [MSEFI-ctrl+DDR-reset] SEFI-block  phys=0x000000001C497D1B  start=6913307  size=2572697 B  bits~10329859
[Reset][HW] Attempting hardware DPU reset...
[Reset][HW] Done
[Reset][SW] Recreating runner...
[Reset][SW] OK
  [MSEFI-ctrl+DDR-reset] SEFI-block  phys=0x000000001CFEA1CF  start=18784719  size=2572697 B  bits~10327332
[Reset][HW] Attempting hardware DPU reset...
[Reset][HW] Done
[Reset][SW] Recreating runner...
[Reset][SW] OK
  [MSEFI-ctrl+DDR-reset] SEFI-block  phys=0x000000001D12EAE6  start=20114150  size=2572697 B  bits~10334768
[Reset][HW] Attempting hardware DPU reset...
[Reset][HW] Done
[Reset][SW] Recreating runner...
[Reset][SW] OK
  [MSEFI-ctrl+DDR-reset] SEFI-block  phys=0x000000001C9F8844  start=12552260  size=2572697 B  bits~10332101
[Reset][HW] Attempting hardware DPU reset...
[Reset][HW] Done
[Reset][SW] Recreating runner...
[Reset][SW] OK
  [MSEFI-ctrl+DDR-reset] SEFI-block  phys=0x000000001C505378  start=7361400  size=2572697 B  bits~10331228
[Reset][HW] Attempting hardware DPU reset...
[Reset][HW] Done
[Reset][SW] Recreating runner...
[Reset][SW] OK
  [MSEFI-ctrl+DDR-reset] SEFI-block  phys=0x000000001C2C4BBD  start=5000125  size=2572697 B  bits~10331112
[Reset][HW] Attempting hardware DPU reset...
[Reset][HW] Done
[Reset][SW] Recreating runner...
[Reset][SW] OK
  [MSEFI-ctrl+DDR-reset] SEFI-block  phys=0x000000001D3C3F7F  start=22822783  size=2572697 B  bits~10330646
[Reset][HW] Attempting hardware DPU reset...
[Reset][HW] Done
[Reset][SW] Recreating runner...
[Reset][SW] OK
  [MSEFI-ctrl+DDR-reset] SEFI-block  phys=0x000000001C647586  start=8680838  size=2572697 B  bits~10330694
[Reset][HW] Attempting hardware DPU reset...
[Reset][HW] Done
[Reset][SW] Recreating runner...
[Reset][SW] OK
  [MSEFI-ctrl+DDR-reset] SEFI-block  phys=0x000000001D34809A  start=22315162  size=2572697 B  bits~10328867
[Reset][HW] Attempting hardware DPU reset...
[Reset][HW] Done
[Reset][SW] Recreating runner...
[Reset][SW] OK
  [MSEFI-ctrl+DDR-reset] SEFI-block  phys=0x000000001BEB6265  start=746085  size=2572697 B  bits~10331743
[Reset][HW] Attempting hardware DPU reset...
[Reset][HW] Done
[Reset][SW] Recreating runner...
[Reset][SW] OK
  [MSEFI-ctrl+DDR-reset] SEFI-block  phys=0x000000001C26A8B9  start=4630713  size=2572697 B  bits~10331737
[Reset][HW] Attempting hardware DPU reset...
[Reset][HW] Done
[Reset][SW] Recreating runner...
[Reset][SW] OK
  [MSEFI-ctrl+DDR-reset] SEFI-block  phys=0x000000001C929997  start=11704727  size=2572697 B  bits~10328476
[Reset][HW] Attempting hardware DPU reset...
[Reset][HW] Done
[Reset][SW] Recreating runner...
[Reset][SW] OK
  [MSEFI-ctrl+DDR-reset] SEFI-block  phys=0x000000001C9D6426  start=12411942  size=2572697 B  bits~10327926
[Reset][HW] Attempting hardware DPU reset...
[Reset][HW] Done
[Reset][SW] Recreating runner...
[Reset][SW] OK
  [MSEFI-ctrl+DDR-reset] SEFI-block  phys=0x000000001CD7A1C7  start=16228807  size=2572697 B  bits~10328743
[Reset][HW] Attempting hardware DPU reset...
[Reset][HW] Done
[Reset][SW] Recreating runner...
[Reset][SW] OK
  [MSEFI-ctrl+DDR-reset] SEFI-block  phys=0x000000001C0E5D26  start=3038502  size=2572697 B  bits~10333641
[Reset][HW] Attempting hardware DPU reset...
[Reset][HW] Done
[Reset][SW] Recreating runner...
[Reset][SW] OK
  [MSEFI-ctrl+DDR-reset] SEFI-block  phys=0x000000001BFFE7D2  start=2090962  size=2572697 B  bits~10329272
[Reset][HW] Attempting hardware DPU reset...
[Reset][HW] Done
[Reset][SW] Recreating runner...
[Reset][SW] OK
  [MSEFI-ctrl+DDR-reset] SEFI-block  phys=0x000000001C2B92D3  start=4952787  size=2572697 B  bits~10332662
[Reset][HW] Attempting hardware DPU reset...
[Reset][HW] Done
[Reset][SW] Recreating runner...
[Reset][SW] OK
  [MSEFI-ctrl+DDR-reset] SEFI-block  phys=0x000000001C3C76C9  start=6059721  size=2572697 B  bits~10330818
[Reset][HW] Attempting hardware DPU reset...
[Reset][HW] Done
[Reset][SW] Recreating runner...
[Reset][SW] OK
  [MSEFI-ctrl+DDR-reset] SEFI-block  phys=0x000000001C34A4E1  start=5547233  size=2572697 B  bits~10327863
[Reset][HW] Attempting hardware DPU reset...
[Reset][HW] Done
[Reset][SW] Recreating runner...
[Reset][SW] OK
  [MSEFI-ctrl+DDR-reset] SEFI-block  phys=0x000000001C3999EA  start=5872106  size=2572697 B  bits~10331315
[Reset][HW] Attempting hardware DPU reset...
[Reset][HW] Done
[Reset][SW] Recreating runner...
[Reset][SW] OK
  [MSEFI-ctrl+DDR-reset] SEFI-block  phys=0x000000001C42DC1E  start=6478878  size=2572697 B  bits~10327010
[Reset][HW] Attempting hardware DPU reset...
[Reset][HW] Done
[Reset][SW] Recreating runner...
[Reset][SW] OK
  [MSEFI-ctrl+DDR-reset] SEFI-block  phys=0x000000001C75CEE2  start=9817826  size=2572697 B  bits~10327606
[Reset][HW] Attempting hardware DPU reset...
[Reset][HW] Done
[Reset][SW] Recreating runner...
[Reset][SW] OK
  [MSEFI-ctrl+DDR-reset] SEFI-block  phys=0x000000001D384770  start=22562672  size=2572697 B  bits~10331235
[Reset][HW] Attempting hardware DPU reset...
[Reset][HW] Done
[Reset][SW] Recreating runner...
[Reset][SW] OK
  [MSEFI-ctrl+DDR-reset] SEFI-block  phys=0x000000001D2EF337  start=21951287  size=2572697 B  bits~10324848
[Reset][HW] Attempting hardware DPU reset...
[Reset][HW] Done
[Reset][SW] Recreating runner...
[Reset][SW] OK
  [MSEFI-ctrl+DDR-reset] SEFI-block  phys=0x000000001D131FD9  start=20127705  size=2572697 B  bits~10329274
[Reset][HW] Attempting hardware DPU reset...
[Reset][HW] Done
[Reset][SW] Recreating runner...
[Reset][SW] OK
  [MSEFI-ctrl+DDR-reset] SEFI-block  phys=0x000000001C1F09CD  start=4131277  size=2572697 B  bits~10331957
[Reset][HW] Attempting hardware DPU reset...
[Reset][HW] Done
[Reset][SW] Recreating runner...
[Reset][SW] OK
  [MSEFI-ctrl+DDR-reset] SEFI-block  phys=0x000000001C53E1EF  start=7594479  size=2572697 B  bits~10327908
[Reset][HW] Attempting hardware DPU reset...
[Reset][HW] Done
[Reset][SW] Recreating runner...
[Reset][SW] OK
  [MSEFI-ctrl+DDR-reset] SEFI-block  phys=0x000000001BFEEDC7  start=2026951  size=2572697 B  bits~10332629
[Reset][HW] Attempting hardware DPU reset...
[Reset][HW] Done
[Reset][SW] Recreating runner...
[Reset][SW] OK
  [MSEFI-ctrl+DDR-reset] SEFI-block  phys=0x000000001C9DFB1A  start=12450586  size=2572697 B  bits~10328959
[Reset][HW] Attempting hardware DPU reset...
[Reset][HW] Done
[Reset][SW] Recreating runner...
[Reset][SW] OK
  [MSEFI-ctrl+DDR-reset] SEFI-block  phys=0x000000001CB67ACD  start=14056141  size=2572697 B  bits~10330405
[Reset][HW] Attempting hardware DPU reset...
[Reset][HW] Done
[Reset][SW] Recreating runner...
[Reset][SW] OK
  [MSEFI-ctrl+DDR-reset] SEFI-block  phys=0x000000001C1EB477  start=4109431  size=2572697 B  bits~10333341
[Reset][HW] Attempting hardware DPU reset...
[Reset][HW] Done
[Reset][SW] Recreating runner...
[Reset][SW] OK
  [MSEFI-ctrl+DDR-reset] SEFI-block  phys=0x000000001CD0E30D  start=15786765  size=2572697 B  bits~10331394
[Reset][HW] Attempting hardware DPU reset...
[Reset][HW] Done
[Reset][SW] Recreating runner...
[Reset][SW] OK
  [MSEFI-ctrl+DDR-reset] SEFI-block  phys=0x000000001CDC70CD  start=16543949  size=2572697 B  bits~10329014
[Reset][HW] Attempting hardware DPU reset...
[Reset][HW] Done
[Reset][SW] Recreating runner...
[Reset][SW] OK
[Summary] target=buffers  baseline=75.00%  faulty=31.00%  recovery=37.00%
