[Setup] Input  data_fixed  size=150528 h=224 w=224
[Setup] Output fc1000_fixed  size=1000
[DDR4] Instructions: reg_val=0x1BE00  phys=0x000000001BE00000  size=742492 B
[DDR4] Weights:      phys=0x000000001BF00000  size=25726976 B
[DDR4] Input tensor: phys=0x000000001BA80000  total=152608 B  pixel_start=+2080 B
[Baseline] Accuracy: 75/100 = 75.00%

──── target=weights ────
  [transient-SEFI-blk] SEFI-block  phys=0x000000001BF423E2  start=271330  size=4096 B  bits~16594
  [transient-SEFI-blk] SEFI-block  phys=0x000000001D7031BE  start=25178558  size=4096 B  bits~16397
  [transient-SEFI-blk] SEFI-block  phys=0x000000001C666156  start=7758166  size=4096 B  bits~16372
  [transient-SEFI-blk] SEFI-block  phys=0x000000001CDD4AA9  start=15551145  size=4096 B  bits~16467
  [transient-SEFI-blk] SEFI-block  phys=0x000000001CF40297  start=17040023  size=4096 B  bits~16500
  [transient-SEFI-blk] SEFI-block  phys=0x000000001D4B35CE  start=22754766  size=4096 B  bits~16453
  [transient-SEFI-blk] SEFI-block  phys=0x000000001C7E6349  start=9331529  size=4096 B  bits~16357
  [transient-SEFI-blk] SEFI-block  phys=0x000000001C75D9A7  start=8772007  size=4096 B  bits~16420
  [transient-SEFI-blk] SEFI-block  phys=0x000000001BFBBAE7  start=768743  size=4096 B  bits~16487
  [transient-SEFI-blk] SEFI-block  phys=0x000000001C49789C  start=5863580  size=4096 B  bits~16505
  [transient-SEFI-blk] SEFI-block  phys=0x000000001CC65BB0  start=14048176  size=4096 B  bits~16589
  [transient-SEFI-blk] SEFI-block  phys=0x000000001D4C8630  start=22840880  size=4096 B  bits~16358
  [transient-SEFI-blk] SEFI-block  phys=0x000000001C7BFD9F  start=9174431  size=4096 B  bits~16529
  [transient-SEFI-blk] SEFI-block  phys=0x000000001D17063B  start=19334715  size=4096 B  bits~16508
  [transient-SEFI-blk] SEFI-block  phys=0x000000001BF1AF39  start=110393  size=4096 B  bits~16426
  [transient-SEFI-blk] SEFI-block  phys=0x000000001CC4BB7C  start=13941628  size=4096 B  bits~16382
  [transient-SEFI-blk] SEFI-block  phys=0x000000001D05DA17  start=18209303  size=4096 B  bits~16448
  [transient-SEFI-blk] SEFI-block  phys=0x000000001D12CC0F  start=19057679  size=4096 B  bits~16468
  [transient-SEFI-blk] SEFI-block  phys=0x000000001C40A150  start=5284176  size=4096 B  bits~16481
  [transient-SEFI-blk] SEFI-block  phys=0x000000001D15C583  start=19252611  size=4096 B  bits~16580
  [transient-SEFI-blk] SEFI-block  phys=0x000000001D0EBA08  start=18790920  size=4096 B  bits~16368
  [transient-SEFI-blk] SEFI-block  phys=0x000000001C525B2C  start=6445868  size=4096 B  bits~16511
  [transient-SEFI-blk] SEFI-block  phys=0x000000001CBC5CCB  start=13393099  size=4096 B  bits~16510
  [transient-SEFI-blk] SEFI-block  phys=0x000000001C5CB487  start=7124103  size=4096 B  bits~16498
  [transient-SEFI-blk] SEFI-block  phys=0x000000001D5F8E7F  start=24088191  size=4096 B  bits~16183
  [transient-SEFI-blk] SEFI-block  phys=0x000000001D2A3207  start=20591111  size=4096 B  bits~16352
  [transient-SEFI-blk] SEFI-block  phys=0x000000001D69503A  start=24727610  size=4096 B  bits~16465
  [transient-SEFI-blk] SEFI-block  phys=0x000000001C03668D  start=1271437  size=4096 B  bits~16410
  [transient-SEFI-blk] SEFI-block  phys=0x000000001D2A9424  start=20616228  size=4096 B  bits~16457
  [transient-SEFI-blk] SEFI-block  phys=0x000000001D389199  start=21533081  size=4096 B  bits~16411
  [transient-SEFI-blk] SEFI-block  phys=0x000000001D6249A4  start=24267172  size=4096 B  bits~16490
  [transient-SEFI-blk] SEFI-block  phys=0x000000001BF96BB1  start=617393  size=4096 B  bits~16422
  [transient-SEFI-blk] SEFI-block  phys=0x000000001D6A93EF  start=24810479  size=4096 B  bits~16480
  [transient-SEFI-blk] SEFI-block  phys=0x000000001CED1755  start=16586581  size=4096 B  bits~16516
  [transient-SEFI-blk] SEFI-block  phys=0x000000001C484FE9  start=5787625  size=4096 B  bits~16416
  [transient-SEFI-blk] SEFI-block  phys=0x000000001C48E36F  start=5825391  size=4096 B  bits~16305
  [transient-SEFI-blk] SEFI-block  phys=0x000000001D040496  start=18089110  size=4096 B  bits~16416
  [transient-SEFI-blk] SEFI-block  phys=0x000000001D4D55FE  start=22894078  size=4096 B  bits~16250
  [transient-SEFI-blk] SEFI-block  phys=0x000000001C8DB5B1  start=10335665  size=4096 B  bits~16418
  [transient-SEFI-blk] SEFI-block  phys=0x000000001CA39F33  start=11771699  size=4096 B  bits~16433
  [transient-SEFI-blk] SEFI-block  phys=0x000000001D0EAA04  start=18786820  size=4096 B  bits~16453
  [transient-SEFI-blk] SEFI-block  phys=0x000000001D165DA8  start=19291560  size=4096 B  bits~16400
  [transient-SEFI-blk] SEFI-block  phys=0x000000001C4D85AE  start=6129070  size=4096 B  bits~16605
  [transient-SEFI-blk] SEFI-block  phys=0x000000001D227100  start=20082944  size=4096 B  bits~16423
  [transient-SEFI-blk] SEFI-block  phys=0x000000001D5D16F6  start=23926518  size=4096 B  bits~16447
  [transient-SEFI-blk] SEFI-block  phys=0x000000001CB253D3  start=12735443  size=4096 B  bits~16345
  [transient-SEFI-blk] SEFI-block  phys=0x000000001CB3BBFC  start=12827644  size=4096 B  bits~16203
  [transient-SEFI-blk] SEFI-block  phys=0x000000001CBBBDC4  start=13352388  size=4096 B  bits~16442
  [transient-SEFI-blk] SEFI-block  phys=0x000000001CEC55C1  start=16537025  size=4096 B  bits~16385
  [transient-SEFI-blk] SEFI-block  phys=0x000000001CEFB3C5  start=16757701  size=4096 B  bits~16330
  [transient-SEFI-blk] SEFI-block  phys=0x000000001C51F79F  start=6420383  size=4096 B  bits~16579
  [transient-SEFI-blk] SEFI-block  phys=0x000000001C75903D  start=8753213  size=4096 B  bits~16354
  [transient-SEFI-blk] SEFI-block  phys=0x000000001D548184  start=23363972  size=4096 B  bits~16432
  [transient-SEFI-blk] SEFI-block  phys=0x000000001C2B0425  start=3867685  size=4096 B  bits~16432
  [transient-SEFI-blk] SEFI-block  phys=0x000000001CAF3C96  start=12532886  size=4096 B  bits~16390
  [transient-SEFI-blk] SEFI-block  phys=0x000000001D3DEF02  start=21884674  size=4096 B  bits~16517
  [transient-SEFI-blk] SEFI-block  phys=0x000000001CFB7867  start=17528935  size=4096 B  bits~16319
  [transient-SEFI-blk] SEFI-block  phys=0x000000001C606F69  start=7368553  size=4096 B  bits~16367
  [transient-SEFI-blk] SEFI-block  phys=0x000000001D11F616  start=19002902  size=4096 B  bits~16435
  [transient-SEFI-blk] SEFI-block  phys=0x000000001CAC60FC  start=12345596  size=4096 B  bits~16424
  [transient-SEFI-blk] SEFI-block  phys=0x000000001D3B38C0  start=21706944  size=4096 B  bits~16498
  [transient-SEFI-blk] SEFI-block  phys=0x000000001C3E0513  start=5113107  size=4096 B  bits~16494
  [transient-SEFI-blk] SEFI-block  phys=0x000000001BF03D79  start=15737  size=4096 B  bits~16295
  [transient-SEFI-blk] SEFI-block  phys=0x000000001BF4597C  start=285052  size=4096 B  bits~16447
  [transient-SEFI-blk] SEFI-block  phys=0x000000001CEB9ED9  start=16490201  size=4096 B  bits~16469
  [transient-SEFI-blk] SEFI-block  phys=0x000000001CD130C9  start=14758089  size=4096 B  bits~16414
  [transient-SEFI-blk] SEFI-block  phys=0x000000001CD9E75D  start=15329117  size=4096 B  bits~16347
  [transient-SEFI-blk] SEFI-block  phys=0x000000001D3800D8  start=21496024  size=4096 B  bits~16315
  [transient-SEFI-blk] SEFI-block  phys=0x000000001C9CD9EE  start=11327982  size=4096 B  bits~16552
  [transient-SEFI-blk] SEFI-block  phys=0x000000001D5A2956  start=23734614  size=4096 B  bits~16383
  [transient-SEFI-blk] SEFI-block  phys=0x000000001C1073EF  start=2126831  size=4096 B  bits~16351
  [transient-SEFI-blk] SEFI-block  phys=0x000000001D6FD60A  start=25155082  size=4096 B  bits~16307
  [transient-SEFI-blk] SEFI-block  phys=0x000000001C53E0AD  start=6545581  size=4096 B  bits~16640
  [transient-SEFI-blk] SEFI-block  phys=0x000000001C5A72B5  start=6976181  size=4096 B  bits~16368
  [transient-SEFI-blk] SEFI-block  phys=0x000000001D1ED03C  start=19845180  size=4096 B  bits~16463
  [transient-SEFI-blk] SEFI-block  phys=0x000000001D25585D  start=20273245  size=4096 B  bits~16340
  [transient-SEFI-blk] SEFI-block  phys=0x000000001BF9446F  start=607343  size=4096 B  bits~16419
  [transient-SEFI-blk] SEFI-block  phys=0x000000001D24AB62  start=20228962  size=4096 B  bits~16363
  [transient-SEFI-blk] SEFI-block  phys=0x000000001D562FB4  start=23474100  size=4096 B  bits~16352
  [transient-SEFI-blk] SEFI-block  phys=0x000000001C65DF91  start=7724945  size=4096 B  bits~16388
  [transient-SEFI-blk] SEFI-block  phys=0x000000001D5F3E50  start=24067664  size=4096 B  bits~16555
  [transient-SEFI-blk] SEFI-block  phys=0x000000001C231EC3  start=3350211  size=4096 B  bits~16479
  [transient-SEFI-blk] SEFI-block  phys=0x000000001C1494D8  start=2397400  size=4096 B  bits~16329
  [transient-SEFI-blk] SEFI-block  phys=0x000000001C5AC6F5  start=6997749  size=4096 B  bits~16498
  [transient-SEFI-blk] SEFI-block  phys=0x000000001C71BC2F  start=8502319  size=4096 B  bits~16475
  [transient-SEFI-blk] SEFI-block  phys=0x000000001D2D04BD  start=20776125  size=4096 B  bits~16475
  [transient-SEFI-blk] SEFI-block  phys=0x000000001C478099  start=5734553  size=4096 B  bits~16405
  [transient-SEFI-blk] SEFI-block  phys=0x000000001D48289A  start=22554778  size=4096 B  bits~16423
  [transient-SEFI-blk] SEFI-block  phys=0x000000001D140761  start=19138401  size=4096 B  bits~16377
  [transient-SEFI-blk] SEFI-block  phys=0x000000001D14C2E7  start=19186407  size=4096 B  bits~16535
  [transient-SEFI-blk] SEFI-block  phys=0x000000001C8E3E29  start=10370601  size=4096 B  bits~16497
  [transient-SEFI-blk] SEFI-block  phys=0x000000001D290EDA  start=20516570  size=4096 B  bits~16447
  [transient-SEFI-blk] SEFI-block  phys=0x000000001C0932CB  start=1651403  size=4096 B  bits~16294
  [transient-SEFI-blk] SEFI-block  phys=0x000000001C76FAEB  start=8846059  size=4096 B  bits~16494
  [transient-SEFI-blk] SEFI-block  phys=0x000000001C530E69  start=6491753  size=4096 B  bits~16584
  [transient-SEFI-blk] SEFI-block  phys=0x000000001CBBDC71  start=13360241  size=4096 B  bits~16223
  [transient-SEFI-blk] SEFI-block  phys=0x000000001C395A0A  start=4807178  size=4096 B  bits~16346
  [transient-SEFI-blk] SEFI-block  phys=0x000000001D4C96F8  start=22845176  size=4096 B  bits~16299
  [transient-SEFI-blk] SEFI-block  phys=0x000000001C6FF78C  start=8386444  size=4096 B  bits~16599
  [transient-SEFI-blk] SEFI-block  phys=0x000000001C963E12  start=10894866  size=4096 B  bits~16298
[Summary] target=weights  baseline=75.00%  faulty=73.00%  recovery=0.00%

──── target=input_tensor ────
  [transient-SEFI-blk] SEFI-block  phys=0x000000001BA8EA5E  start=57918  size=4096 B  bits~16480
  [transient-SEFI-blk] SEFI-block  phys=0x000000001BA9C326  start=113414  size=4096 B  bits~16412
  [transient-SEFI-blk] SEFI-block  phys=0x000000001BA96C4A  start=91178  size=4096 B  bits~16471
  [transient-SEFI-blk] SEFI-block  phys=0x000000001BA88067  start=30791  size=4096 B  bits~16434
  [transient-SEFI-blk] SEFI-block  phys=0x000000001BA9AF44  start=108324  size=4096 B  bits~16433
  [transient-SEFI-blk] SEFI-block  phys=0x000000001BAA0A36  start=131606  size=4096 B  bits~16486
  [transient-SEFI-blk] SEFI-block  phys=0x000000001BA87327  start=27399  size=4096 B  bits~16500
  [transient-SEFI-blk] SEFI-block  phys=0x000000001BAA2DF8  start=140760  size=4096 B  bits~16601
  [transient-SEFI-blk] SEFI-block  phys=0x000000001BA9618E  start=88430  size=4096 B  bits~16420
  [transient-SEFI-blk] SEFI-block  phys=0x000000001BA87435  start=27669  size=4096 B  bits~16379
  [transient-SEFI-blk] SEFI-block  phys=0x000000001BA81861  start=4161  size=4096 B  bits~16434
  [transient-SEFI-blk] SEFI-block  phys=0x000000001BA97446  start=93222  size=4096 B  bits~16357
  [transient-SEFI-blk] SEFI-block  phys=0x000000001BA9C539  start=113945  size=4096 B  bits~16555
  [transient-SEFI-blk] SEFI-block  phys=0x000000001BA993C9  start=101289  size=4096 B  bits~16566
  [transient-SEFI-blk] SEFI-block  phys=0x000000001BA88A31  start=33297  size=4096 B  bits~16371
  [transient-SEFI-blk] SEFI-block  phys=0x000000001BA947AB  start=81803  size=4096 B  bits~16486
  [transient-SEFI-blk] SEFI-block  phys=0x000000001BA8BEC0  start=46752  size=4096 B  bits~16426
  [transient-SEFI-blk] SEFI-block  phys=0x000000001BA8D2F2  start=51922  size=4096 B  bits~16482
  [transient-SEFI-blk] SEFI-block  phys=0x000000001BA851F1  start=18897  size=4096 B  bits~16428
  [transient-SEFI-blk] SEFI-block  phys=0x000000001BAA2A2F  start=139791  size=4096 B  bits~16327
  [transient-SEFI-blk] SEFI-block  phys=0x000000001BA81D87  start=5479  size=4096 B  bits~16382
  [transient-SEFI-blk] SEFI-block  phys=0x000000001BAA0922  start=131330  size=4096 B  bits~16352
  [transient-SEFI-blk] SEFI-block  phys=0x000000001BA8CC05  start=50149  size=4096 B  bits~16320
  [transient-SEFI-blk] SEFI-block  phys=0x000000001BA8F610  start=60912  size=4096 B  bits~16414
  [transient-SEFI-blk] SEFI-block  phys=0x000000001BA8DDFA  start=54746  size=4096 B  bits~16420
  [transient-SEFI-blk] SEFI-block  phys=0x000000001BAA30DD  start=141501  size=4096 B  bits~16462
  [transient-SEFI-blk] SEFI-block  phys=0x000000001BA92685  start=73317  size=4096 B  bits~16285
  [transient-SEFI-blk] SEFI-block  phys=0x000000001BA9C32E  start=113422  size=4096 B  bits~16381
  [transient-SEFI-blk] SEFI-block  phys=0x000000001BA821BC  start=6556  size=4096 B  bits~16479
  [transient-SEFI-blk] SEFI-block  phys=0x000000001BA9A599  start=105849  size=4096 B  bits~16514
  [transient-SEFI-blk] SEFI-block  phys=0x000000001BA9FA91  start=127601  size=4096 B  bits~16411
  [transient-SEFI-blk] SEFI-block  phys=0x000000001BA9DDD2  start=120242  size=4096 B  bits~16590
  [transient-SEFI-blk] SEFI-block  phys=0x000000001BA80A94  start=628  size=4096 B  bits~16296
  [transient-SEFI-blk] SEFI-block  phys=0x000000001BA90C2D  start=66573  size=4096 B  bits~16590
  [transient-SEFI-blk] SEFI-block  phys=0x000000001BA8E908  start=57576  size=4096 B  bits~16313
  [transient-SEFI-blk] SEFI-block  phys=0x000000001BA99F2A  start=104202  size=4096 B  bits~16495
  [transient-SEFI-blk] SEFI-block  phys=0x000000001BAA15E1  start=134593  size=4096 B  bits~16509
  [transient-SEFI-blk] SEFI-block  phys=0x000000001BA8F767  start=61255  size=4096 B  bits~16386
  [transient-SEFI-blk] SEFI-block  phys=0x000000001BA93AEE  start=78542  size=4096 B  bits~16551
  [transient-SEFI-blk] SEFI-block  phys=0x000000001BA8EAD2  start=58034  size=4096 B  bits~16535
  [transient-SEFI-blk] SEFI-block  phys=0x000000001BA98AD9  start=99001  size=4096 B  bits~16461
  [transient-SEFI-blk] SEFI-block  phys=0x000000001BA917B9  start=69529  size=4096 B  bits~16567
  [transient-SEFI-blk] SEFI-block  phys=0x000000001BA9E214  start=121332  size=4096 B  bits~16403
  [transient-SEFI-blk] SEFI-block  phys=0x000000001BA8DDD5  start=54709  size=4096 B  bits~16403
  [transient-SEFI-blk] SEFI-block  phys=0x000000001BA898A3  start=36995  size=4096 B  bits~16438
  [transient-SEFI-blk] SEFI-block  phys=0x000000001BAA29B1  start=139665  size=4096 B  bits~16501
  [transient-SEFI-blk] SEFI-block  phys=0x000000001BA8F12A  start=59658  size=4096 B  bits~16418
  [transient-SEFI-blk] SEFI-block  phys=0x000000001BA892CB  start=35499  size=4096 B  bits~16376
  [transient-SEFI-blk] SEFI-block  phys=0x000000001BA9B1B3  start=108947  size=4096 B  bits~16377
  [transient-SEFI-blk] SEFI-block  phys=0x000000001BA90F54  start=67380  size=4096 B  bits~16705
  [transient-SEFI-blk] SEFI-block  phys=0x000000001BAA2AAC  start=139916  size=4096 B  bits~16371
  [transient-SEFI-blk] SEFI-block  phys=0x000000001BA99A09  start=102889  size=4096 B  bits~16477
  [transient-SEFI-blk] SEFI-block  phys=0x000000001BA8256F  start=7503  size=4096 B  bits~16383
  [transient-SEFI-blk] SEFI-block  phys=0x000000001BA840C6  start=14502  size=4096 B  bits~16392
  [transient-SEFI-blk] SEFI-block  phys=0x000000001BA99ADE  start=103102  size=4096 B  bits~16521
  [transient-SEFI-blk] SEFI-block  phys=0x000000001BA81C00  start=5088  size=4096 B  bits~16557
  [transient-SEFI-blk] SEFI-block  phys=0x000000001BA8CD0C  start=50412  size=4096 B  bits~16379
  [transient-SEFI-blk] SEFI-block  phys=0x000000001BA92145  start=71973  size=4096 B  bits~16488
  [transient-SEFI-blk] SEFI-block  phys=0x000000001BAA1EC7  start=136871  size=4096 B  bits~16329
  [transient-SEFI-blk] SEFI-block  phys=0x000000001BA9399F  start=78207  size=4096 B  bits~16585
  [transient-SEFI-blk] SEFI-block  phys=0x000000001BA99EEB  start=104139  size=4096 B  bits~16468
  [transient-SEFI-blk] SEFI-block  phys=0x000000001BA9A43D  start=105501  size=4096 B  bits~16528
  [transient-SEFI-blk] SEFI-block  phys=0x000000001BA911B5  start=67989  size=4096 B  bits~16493
  [transient-SEFI-blk] SEFI-block  phys=0x000000001BA8B0E6  start=43206  size=4096 B  bits~16534
  [transient-SEFI-blk] SEFI-block  phys=0x000000001BAA2B3E  start=140062  size=4096 B  bits~16490
  [transient-SEFI-blk] SEFI-block  phys=0x000000001BA98A9F  start=98943  size=4096 B  bits~16370
  [transient-SEFI-blk] SEFI-block  phys=0x000000001BA8CC58  start=50232  size=4096 B  bits~16370
  [transient-SEFI-blk] SEFI-block  phys=0x000000001BA86D6E  start=25934  size=4096 B  bits~16429
  [transient-SEFI-blk] SEFI-block  phys=0x000000001BA83567  start=11591  size=4096 B  bits~16539
  [transient-SEFI-blk] SEFI-block  phys=0x000000001BA9D6E6  start=118470  size=4096 B  bits~16479
  [transient-SEFI-blk] SEFI-block  phys=0x000000001BA93BB5  start=78741  size=4096 B  bits~16416
  [transient-SEFI-blk] SEFI-block  phys=0x000000001BA90A9A  start=66170  size=4096 B  bits~16480
  [transient-SEFI-blk] SEFI-block  phys=0x000000001BAA073E  start=130846  size=4096 B  bits~16486
  [transient-SEFI-blk] SEFI-block  phys=0x000000001BAA19D1  start=135601  size=4096 B  bits~16507
  [transient-SEFI-blk] SEFI-block  phys=0x000000001BAA1D6A  start=136522  size=4096 B  bits~16428
  [transient-SEFI-blk] SEFI-block  phys=0x000000001BA9A521  start=105729  size=4096 B  bits~16496
  [transient-SEFI-blk] SEFI-block  phys=0x000000001BA9B725  start=110341  size=4096 B  bits~16505
  [transient-SEFI-blk] SEFI-block  phys=0x000000001BA8E0E0  start=55488  size=4096 B  bits~16413
  [transient-SEFI-blk] SEFI-block  phys=0x000000001BA9A0F2  start=104658  size=4096 B  bits~16442
  [transient-SEFI-blk] SEFI-block  phys=0x000000001BAA04C2  start=130210  size=4096 B  bits~16450
  [transient-SEFI-blk] SEFI-block  phys=0x000000001BA9E23D  start=121373  size=4096 B  bits~16433
  [transient-SEFI-blk] SEFI-block  phys=0x000000001BA80E77  start=1623  size=4096 B  bits~16387
  [transient-SEFI-blk] SEFI-block  phys=0x000000001BA9C078  start=112728  size=4096 B  bits~16499
  [transient-SEFI-blk] SEFI-block  phys=0x000000001BAA2AD1  start=139953  size=4096 B  bits~16289
  [transient-SEFI-blk] SEFI-block  phys=0x000000001BA9BD94  start=111988  size=4096 B  bits~16175
  [transient-SEFI-blk] SEFI-block  phys=0x000000001BA9951B  start=101627  size=4096 B  bits~16452
  [transient-SEFI-blk] SEFI-block  phys=0x000000001BA817A8  start=3976  size=4096 B  bits~16520
  [transient-SEFI-blk] SEFI-block  phys=0x000000001BA96071  start=88145  size=4096 B  bits~16324
  [transient-SEFI-blk] SEFI-block  phys=0x000000001BA97EA3  start=95875  size=4096 B  bits~16333
  [transient-SEFI-blk] SEFI-block  phys=0x000000001BA977D2  start=94130  size=4096 B  bits~16495
  [transient-SEFI-blk] SEFI-block  phys=0x000000001BA93313  start=76531  size=4096 B  bits~16453
  [transient-SEFI-blk] SEFI-block  phys=0x000000001BA92E7C  start=75356  size=4096 B  bits~16386
  [transient-SEFI-blk] SEFI-block  phys=0x000000001BA80DEC  start=1484  size=4096 B  bits~16390
  [transient-SEFI-blk] SEFI-block  phys=0x000000001BA884C5  start=31909  size=4096 B  bits~16542
  [transient-SEFI-blk] SEFI-block  phys=0x000000001BA824EC  start=7372  size=4096 B  bits~16447
  [transient-SEFI-blk] SEFI-block  phys=0x000000001BA90659  start=65081  size=4096 B  bits~16575
  [transient-SEFI-blk] SEFI-block  phys=0x000000001BA9D96E  start=119118  size=4096 B  bits~16542
  [transient-SEFI-blk] SEFI-block  phys=0x000000001BA8C477  start=48215  size=4096 B  bits~16561
  [transient-SEFI-blk] SEFI-block  phys=0x000000001BAA3E81  start=144993  size=4096 B  bits~16490
  [transient-SEFI-blk] SEFI-block  phys=0x000000001BA9D882  start=118882  size=4096 B  bits~16430
[Summary] target=input_tensor  baseline=75.00%  faulty=75.00%  recovery=0.00%

──── target=buffers ────
  [buffers_post] SEFI-block  phys=0x000000000666C000  start=0  size=1008 B  bits~4007
  [buffers_post] SEFI-block  phys=0x000000000666C000  start=0  size=1008 B  bits~3993
  [buffers_post] SEFI-block  phys=0x000000000666C000  start=0  size=1008 B  bits~4142
  [buffers_post] SEFI-block  phys=0x000000000666C000  start=0  size=1008 B  bits~4053
  [buffers_post] SEFI-block  phys=0x000000000666C000  start=0  size=1008 B  bits~4072
  [buffers_post] SEFI-block  phys=0x000000000666C000  start=0  size=1008 B  bits~4084
  [buffers_post] SEFI-block  phys=0x000000000666C000  start=0  size=1008 B  bits~4130
  [buffers_post] SEFI-block  phys=0x000000000666C000  start=0  size=1008 B  bits~4032
  [buffers_post] SEFI-block  phys=0x000000000666C000  start=0  size=1008 B  bits~4042
  [buffers_post] SEFI-block  phys=0x000000000666C000  start=0  size=1008 B  bits~4068
  [buffers_post] SEFI-block  phys=0x000000000666C000  start=0  size=1008 B  bits~3950
  [buffers_post] SEFI-block  phys=0x000000000666C000  start=0  size=1008 B  bits~4023
  [buffers_post] SEFI-block  phys=0x000000000666C000  start=0  size=1008 B  bits~3995
  [buffers_post] SEFI-block  phys=0x000000000666C000  start=0  size=1008 B  bits~4082
  [buffers_post] SEFI-block  phys=0x000000000666C000  start=0  size=1008 B  bits~4077
  [buffers_post] SEFI-block  phys=0x000000000666C000  start=0  size=1008 B  bits~4052
  [buffers_post] SEFI-block  phys=0x000000000666C000  start=0  size=1008 B  bits~4043
  [buffers_post] SEFI-block  phys=0x000000000666C000  start=0  size=1008 B  bits~4073
  [buffers_post] SEFI-block  phys=0x000000000666C000  start=0  size=1008 B  bits~4110
  [buffers_post] SEFI-block  phys=0x000000000666C000  start=0  size=1008 B  bits~4131
  [buffers_post] SEFI-block  phys=0x000000000666C000  start=0  size=1008 B  bits~4095
  [buffers_post] SEFI-block  phys=0x000000000666C000  start=0  size=1008 B  bits~4099
  [buffers_post] SEFI-block  phys=0x000000000666C000  start=0  size=1008 B  bits~4048
  [buffers_post] SEFI-block  phys=0x000000000666C000  start=0  size=1008 B  bits~4040
  [buffers_post] SEFI-block  phys=0x000000000666C000  start=0  size=1008 B  bits~3997
  [buffers_post] SEFI-block  phys=0x000000000666C000  start=0  size=1008 B  bits~4061
  [buffers_post] SEFI-block  phys=0x000000000666C000  start=0  size=1008 B  bits~3985
  [buffers_post] SEFI-block  phys=0x000000000666C000  start=0  size=1008 B  bits~4078
  [buffers_post] SEFI-block  phys=0x000000000666C000  start=0  size=1008 B  bits~4035
  [buffers_post] SEFI-block  phys=0x000000000666C000  start=0  size=1008 B  bits~4014
  [buffers_post] SEFI-block  phys=0x000000000666C000  start=0  size=1008 B  bits~3955
  [buffers_post] SEFI-block  phys=0x000000000666C000  start=0  size=1008 B  bits~4055
  [buffers_post] SEFI-block  phys=0x000000000666C000  start=0  size=1008 B  bits~4134
  [buffers_post] SEFI-block  phys=0x000000000666C000  start=0  size=1008 B  bits~4043
  [buffers_post] SEFI-block  phys=0x000000000666C000  start=0  size=1008 B  bits~4046
  [buffers_post] SEFI-block  phys=0x000000000666C000  start=0  size=1008 B  bits~4173
  [buffers_post] SEFI-block  phys=0x000000000666C000  start=0  size=1008 B  bits~4036
  [buffers_post] SEFI-block  phys=0x000000000666C000  start=0  size=1008 B  bits~3996
  [buffers_post] SEFI-block  phys=0x000000000666C000  start=0  size=1008 B  bits~4042
  [buffers_post] SEFI-block  phys=0x000000000666C000  start=0  size=1008 B  bits~4009
  [buffers_post] SEFI-block  phys=0x000000000666C000  start=0  size=1008 B  bits~3997
  [buffers_post] SEFI-block  phys=0x000000000666C000  start=0  size=1008 B  bits~4132
  [buffers_post] SEFI-block  phys=0x000000000666C000  start=0  size=1008 B  bits~4114
  [buffers_post] SEFI-block  phys=0x000000000666C000  start=0  size=1008 B  bits~3981
  [buffers_post] SEFI-block  phys=0x000000000666C000  start=0  size=1008 B  bits~4001
  [buffers_post] SEFI-block  phys=0x000000000666C000  start=0  size=1008 B  bits~3968
  [buffers_post] SEFI-block  phys=0x000000000666C000  start=0  size=1008 B  bits~4122
  [buffers_post] SEFI-block  phys=0x000000000666C000  start=0  size=1008 B  bits~4085
  [buffers_post] SEFI-block  phys=0x000000000666C000  start=0  size=1008 B  bits~3981
  [buffers_post] SEFI-block  phys=0x000000000666C000  start=0  size=1008 B  bits~4016
  [buffers_post] SEFI-block  phys=0x000000000666C000  start=0  size=1008 B  bits~4129
  [buffers_post] SEFI-block  phys=0x000000000666C000  start=0  size=1008 B  bits~4101
  [buffers_post] SEFI-block  phys=0x000000000666C000  start=0  size=1008 B  bits~4113
  [buffers_post] SEFI-block  phys=0x000000000666C000  start=0  size=1008 B  bits~4097
  [buffers_post] SEFI-block  phys=0x000000000666C000  start=0  size=1008 B  bits~4051
  [buffers_post] SEFI-block  phys=0x000000000666C000  start=0  size=1008 B  bits~4016
  [buffers_post] SEFI-block  phys=0x000000000666C000  start=0  size=1008 B  bits~4057
  [buffers_post] SEFI-block  phys=0x000000000666C000  start=0  size=1008 B  bits~4035
  [buffers_post] SEFI-block  phys=0x000000000666C000  start=0  size=1008 B  bits~4005
  [buffers_post] SEFI-block  phys=0x000000000666C000  start=0  size=1008 B  bits~4086
  [buffers_post] SEFI-block  phys=0x000000000666C000  start=0  size=1008 B  bits~4026
  [buffers_post] SEFI-block  phys=0x000000000666C000  start=0  size=1008 B  bits~4040
  [buffers_post] SEFI-block  phys=0x000000000666C000  start=0  size=1008 B  bits~4026
  [buffers_post] SEFI-block  phys=0x000000000666C000  start=0  size=1008 B  bits~4040
  [buffers_post] SEFI-block  phys=0x000000000666C000  start=0  size=1008 B  bits~4025
  [buffers_post] SEFI-block  phys=0x000000000666C000  start=0  size=1008 B  bits~3988
  [buffers_post] SEFI-block  phys=0x000000000666C000  start=0  size=1008 B  bits~4047
  [buffers_post] SEFI-block  phys=0x000000000666C000  start=0  size=1008 B  bits~4040
  [buffers_post] SEFI-block  phys=0x000000000666C000  start=0  size=1008 B  bits~4084
  [buffers_post] SEFI-block  phys=0x000000000666C000  start=0  size=1008 B  bits~4085
  [buffers_post] SEFI-block  phys=0x000000000666C000  start=0  size=1008 B  bits~4076
  [buffers_post] SEFI-block  phys=0x000000000666C000  start=0  size=1008 B  bits~4059
  [buffers_post] SEFI-block  phys=0x000000000666C000  start=0  size=1008 B  bits~4088
  [buffers_post] SEFI-block  phys=0x000000000666C000  start=0  size=1008 B  bits~4037
  [buffers_post] SEFI-block  phys=0x000000000666C000  start=0  size=1008 B  bits~3997
  [buffers_post] SEFI-block  phys=0x000000000666C000  start=0  size=1008 B  bits~4019
  [buffers_post] SEFI-block  phys=0x000000000666C000  start=0  size=1008 B  bits~3951
  [buffers_post] SEFI-block  phys=0x000000000666C000  start=0  size=1008 B  bits~4075
  [buffers_post] SEFI-block  phys=0x000000000666C000  start=0  size=1008 B  bits~4048
  [buffers_post] SEFI-block  phys=0x000000000666C000  start=0  size=1008 B  bits~4047
  [buffers_post] SEFI-block  phys=0x000000000666C000  start=0  size=1008 B  bits~4044
  [buffers_post] SEFI-block  phys=0x000000000666C000  start=0  size=1008 B  bits~4022
  [buffers_post] SEFI-block  phys=0x000000000666C000  start=0  size=1008 B  bits~4093
  [buffers_post] SEFI-block  phys=0x000000000666C000  start=0  size=1008 B  bits~4014
  [buffers_post] SEFI-block  phys=0x000000000666C000  start=0  size=1008 B  bits~4076
  [buffers_post] SEFI-block  phys=0x000000000666C000  start=0  size=1008 B  bits~4090
  [buffers_post] SEFI-block  phys=0x000000000666C000  start=0  size=1008 B  bits~4155
  [buffers_post] SEFI-block  phys=0x000000000666C000  start=0  size=1008 B  bits~4097
  [buffers_post] SEFI-block  phys=0x000000000666C000  start=0  size=1008 B  bits~4049
  [buffers_post] SEFI-block  phys=0x000000000666C000  start=0  size=1008 B  bits~4159
  [buffers_post] SEFI-block  phys=0x000000000666C000  start=0  size=1008 B  bits~4091
  [buffers_post] SEFI-block  phys=0x000000000666C000  start=0  size=1008 B  bits~4039
  [buffers_post] SEFI-block  phys=0x000000000666C000  start=0  size=1008 B  bits~4091
  [buffers_post] SEFI-block  phys=0x000000000666C000  start=0  size=1008 B  bits~4123
  [buffers_post] SEFI-block  phys=0x000000000666C000  start=0  size=1008 B  bits~4025
  [buffers_post] SEFI-block  phys=0x000000000666C000  start=0  size=1008 B  bits~4037
  [buffers_post] SEFI-block  phys=0x000000000666C000  start=0  size=1008 B  bits~4031
  [buffers_post] SEFI-block  phys=0x000000000666C000  start=0  size=1008 B  bits~4048
  [buffers_post] SEFI-block  phys=0x000000000666C000  start=0  size=1008 B  bits~4100
  [buffers_post] SEFI-block  phys=0x000000000666C000  start=0  size=1008 B  bits~4027
[Summary] target=buffers  baseline=75.00%  faulty=0.00%  recovery=0.00%
