[Setup] Input  data_fixed  size=150528 h=224 w=224
[Setup] Output fc1000_fixed  size=1000
[DDR4] Instructions: reg_val=0x1BD00  phys=0x000000001BD00000  size=742492 B
[DDR4] Weights:      phys=0x000000001BE00000  size=25726976 B
[DDR4] Input tensor: phys=0x000000001BA80000  total=152608 B  pixel_start=+2080 B
[Baseline] Accuracy: 75/100 = 75.00%

──── target=weights ────
  [transient-SEFI-row] SEFI-row  phys=0x000000001C33E000  row_off=5496832  size=8192 B  bits~32902
  [transient-SEFI-row] SEFI-row  phys=0x000000001D650000  row_off=25493504  size=8192 B  bits~32986
  [transient-SEFI-row] SEFI-row  phys=0x000000001D0A2000  row_off=19537920  size=8192 B  bits~33016
  [transient-SEFI-row] SEFI-row  phys=0x000000001BF00000  row_off=1048576  size=8192 B  bits~33151
  [transient-SEFI-row] SEFI-row  phys=0x000000001CC96000  row_off=15294464  size=8192 B  bits~32990
  [transient-SEFI-row] SEFI-row  phys=0x000000001C004000  row_off=2113536  size=8192 B  bits~32723
  [transient-SEFI-row] SEFI-row  phys=0x000000001C250000  row_off=4521984  size=8192 B  bits~32893
  [transient-SEFI-row] SEFI-row  phys=0x000000001D48C000  row_off=23642112  size=8192 B  bits~32773
  [transient-SEFI-row] SEFI-row  phys=0x000000001CE46000  row_off=17063936  size=8192 B  bits~32949
  [transient-SEFI-row] SEFI-row  phys=0x000000001CA34000  row_off=12795904  size=8192 B  bits~32658
  [transient-SEFI-row] SEFI-row  phys=0x000000001CF04000  row_off=17842176  size=8192 B  bits~32781
  [transient-SEFI-row] SEFI-row  phys=0x000000001D186000  row_off=20471808  size=8192 B  bits~32695
  [transient-SEFI-row] SEFI-row  phys=0x000000001C3DA000  row_off=6135808  size=8192 B  bits~33019
  [transient-SEFI-row] SEFI-row  phys=0x000000001D1B6000  row_off=20668416  size=8192 B  bits~32740
  [transient-SEFI-row] SEFI-row  phys=0x000000001D46A000  row_off=23502848  size=8192 B  bits~32930
  [transient-SEFI-row] SEFI-row  phys=0x000000001D674000  row_off=25640960  size=8192 B  bits~33041
  [transient-SEFI-row] SEFI-row  phys=0x000000001C32C000  row_off=5423104  size=8192 B  bits~32803
  [transient-SEFI-row] SEFI-row  phys=0x000000001BF68000  row_off=1474560  size=8192 B  bits~32995
  [transient-SEFI-row] SEFI-row  phys=0x000000001CEAE000  row_off=17489920  size=8192 B  bits~33244
  [transient-SEFI-row] SEFI-row  phys=0x000000001C152000  row_off=3481600  size=8192 B  bits~32980
  [transient-SEFI-row] SEFI-row  phys=0x000000001CF18000  row_off=17924096  size=8192 B  bits~32964
  [transient-SEFI-row] SEFI-row  phys=0x000000001BEF0000  row_off=983040  size=8192 B  bits~32868
  [transient-SEFI-row] SEFI-row  phys=0x000000001CE2C000  row_off=16957440  size=8192 B  bits~32807
  [transient-SEFI-row] SEFI-row  phys=0x000000001D520000  row_off=24248320  size=8192 B  bits~33158
  [transient-SEFI-row] SEFI-row  phys=0x000000001BED8000  row_off=884736  size=8192 B  bits~32800
  [transient-SEFI-row] SEFI-row  phys=0x000000001D014000  row_off=18956288  size=8192 B  bits~32961
  [transient-SEFI-row] SEFI-row  phys=0x000000001C390000  row_off=5832704  size=8192 B  bits~32855
  [transient-SEFI-row] SEFI-row  phys=0x000000001C86E000  row_off=10936320  size=8192 B  bits~32780
  [transient-SEFI-row] SEFI-row  phys=0x000000001C13C000  row_off=3391488  size=8192 B  bits~32925
  [transient-SEFI-row] SEFI-row  phys=0x000000001D57A000  row_off=24616960  size=8192 B  bits~32733
  [transient-SEFI-row] SEFI-row  phys=0x000000001D372000  row_off=22487040  size=8192 B  bits~32879
  [transient-SEFI-row] SEFI-row  phys=0x000000001C17C000  row_off=3653632  size=8192 B  bits~33007
  [transient-SEFI-row] SEFI-row  phys=0x000000001C412000  row_off=6365184  size=8192 B  bits~33157
  [transient-SEFI-row] SEFI-row  phys=0x000000001D0E4000  row_off=19808256  size=8192 B  bits~32815
  [transient-SEFI-row] SEFI-row  phys=0x000000001D674000  row_off=25640960  size=8192 B  bits~32722
  [transient-SEFI-row] SEFI-row  phys=0x000000001C356000  row_off=5595136  size=8192 B  bits~32824
  [transient-SEFI-row] SEFI-row  phys=0x000000001C2AE000  row_off=4907008  size=8192 B  bits~33140
  [transient-SEFI-row] SEFI-row  phys=0x000000001CE86000  row_off=17326080  size=8192 B  bits~33041
  [transient-SEFI-row] SEFI-row  phys=0x000000001CE20000  row_off=16908288  size=8192 B  bits~32809
  [transient-SEFI-row] SEFI-row  phys=0x000000001C9E2000  row_off=12460032  size=8192 B  bits~32822
  [transient-SEFI-row] SEFI-row  phys=0x000000001C4F0000  row_off=7274496  size=8192 B  bits~33006
  [transient-SEFI-row] SEFI-row  phys=0x000000001BF4E000  row_off=1368064  size=8192 B  bits~33038
  [transient-SEFI-row] SEFI-row  phys=0x000000001C01A000  row_off=2203648  size=8192 B  bits~32957
  [transient-SEFI-row] SEFI-row  phys=0x000000001BF2C000  row_off=1228800  size=8192 B  bits~32788
  [transient-SEFI-row] SEFI-row  phys=0x000000001D5EE000  row_off=25092096  size=8192 B  bits~33306
  [transient-SEFI-row] SEFI-row  phys=0x000000001CD70000  row_off=16187392  size=8192 B  bits~32746
  [transient-SEFI-row] SEFI-row  phys=0x000000001C158000  row_off=3506176  size=8192 B  bits~33109
  [transient-SEFI-row] SEFI-row  phys=0x000000001C466000  row_off=6709248  size=8192 B  bits~33068
  [transient-SEFI-row] SEFI-row  phys=0x000000001C64E000  row_off=8708096  size=8192 B  bits~32641
  [transient-SEFI-row] SEFI-row  phys=0x000000001C42E000  row_off=6479872  size=8192 B  bits~32983
  [transient-SEFI-row] SEFI-row  phys=0x000000001CF40000  row_off=18087936  size=8192 B  bits~32751
  [transient-SEFI-row] SEFI-row  phys=0x000000001CDA6000  row_off=16408576  size=8192 B  bits~32921
  [transient-SEFI-row] SEFI-row  phys=0x000000001C92E000  row_off=11722752  size=8192 B  bits~32960
  [transient-SEFI-row] SEFI-row  phys=0x000000001C188000  row_off=3702784  size=8192 B  bits~32709
  [transient-SEFI-row] SEFI-row  phys=0x000000001CFFA000  row_off=18849792  size=8192 B  bits~32997
  [transient-SEFI-row] SEFI-row  phys=0x000000001D34E000  row_off=22339584  size=8192 B  bits~32900
  [transient-SEFI-row] SEFI-row  phys=0x000000001C812000  row_off=10559488  size=8192 B  bits~33007
  [transient-SEFI-row] SEFI-row  phys=0x000000001C47C000  row_off=6799360  size=8192 B  bits~32839
  [transient-SEFI-row] SEFI-row  phys=0x000000001D484000  row_off=23609344  size=8192 B  bits~32816
  [transient-SEFI-row] SEFI-row  phys=0x000000001D67A000  row_off=25665536  size=8192 B  bits~32992
  [transient-SEFI-row] SEFI-row  phys=0x000000001C74E000  row_off=9756672  size=8192 B  bits~32781
  [transient-SEFI-row] SEFI-row  phys=0x000000001CB76000  row_off=14114816  size=8192 B  bits~32825
  [transient-SEFI-row] SEFI-row  phys=0x000000001BED8000  row_off=884736  size=8192 B  bits~32888
  [transient-SEFI-row] SEFI-row  phys=0x000000001C378000  row_off=5734400  size=8192 B  bits~32973
  [transient-SEFI-row] SEFI-row  phys=0x000000001D166000  row_off=20340736  size=8192 B  bits~32758
  [transient-SEFI-row] SEFI-row  phys=0x000000001C530000  row_off=7536640  size=8192 B  bits~32930
  [transient-SEFI-row] SEFI-row  phys=0x000000001C510000  row_off=7405568  size=8192 B  bits~32987
  [transient-SEFI-row] SEFI-row  phys=0x000000001D0F2000  row_off=19865600  size=8192 B  bits~32800
  [transient-SEFI-row] SEFI-row  phys=0x000000001D4C0000  row_off=23855104  size=8192 B  bits~32929
  [transient-SEFI-row] SEFI-row  phys=0x000000001C9B2000  row_off=12263424  size=8192 B  bits~33031
  [transient-SEFI-row] SEFI-row  phys=0x000000001C30C000  row_off=5292032  size=8192 B  bits~32698
  [transient-SEFI-row] SEFI-row  phys=0x000000001C316000  row_off=5332992  size=8192 B  bits~32970
  [transient-SEFI-row] SEFI-row  phys=0x000000001C4F6000  row_off=7299072  size=8192 B  bits~33065
  [transient-SEFI-row] SEFI-row  phys=0x000000001C8D2000  row_off=11345920  size=8192 B  bits~32948
  [transient-SEFI-row] SEFI-row  phys=0x000000001C6E8000  row_off=9338880  size=8192 B  bits~33214
  [transient-SEFI-row] SEFI-row  phys=0x000000001C0A8000  row_off=2785280  size=8192 B  bits~32823
  [transient-SEFI-row] SEFI-row  phys=0x000000001C2C8000  row_off=5013504  size=8192 B  bits~32891
  [transient-SEFI-row] SEFI-row  phys=0x000000001D3D6000  row_off=22896640  size=8192 B  bits~32763
  [transient-SEFI-row] SEFI-row  phys=0x000000001C9B0000  row_off=12255232  size=8192 B  bits~32840
  [transient-SEFI-row] SEFI-row  phys=0x000000001C088000  row_off=2654208  size=8192 B  bits~32745
  [transient-SEFI-row] SEFI-row  phys=0x000000001CBAA000  row_off=14327808  size=8192 B  bits~32828
  [transient-SEFI-row] SEFI-row  phys=0x000000001D0E4000  row_off=19808256  size=8192 B  bits~32812
  [transient-SEFI-row] SEFI-row  phys=0x000000001CB06000  row_off=13656064  size=8192 B  bits~33006
  [transient-SEFI-row] SEFI-row  phys=0x000000001CD06000  row_off=15753216  size=8192 B  bits~33137
  [transient-SEFI-row] SEFI-row  phys=0x000000001C802000  row_off=10493952  size=8192 B  bits~32696
  [transient-SEFI-row] SEFI-row  phys=0x000000001C636000  row_off=8609792  size=8192 B  bits~33053
  [transient-SEFI-row] SEFI-row  phys=0x000000001C6C0000  row_off=9175040  size=8192 B  bits~32709
  [transient-SEFI-row] SEFI-row  phys=0x000000001D1FE000  row_off=20963328  size=8192 B  bits~32871
  [transient-SEFI-row] SEFI-row  phys=0x000000001D3E8000  row_off=22970368  size=8192 B  bits~33036
  [transient-SEFI-row] SEFI-row  phys=0x000000001CE40000  row_off=17039360  size=8192 B  bits~33094
  [transient-SEFI-row] SEFI-row  phys=0x000000001D2C4000  row_off=21774336  size=8192 B  bits~32888
  [transient-SEFI-row] SEFI-row  phys=0x000000001C882000  row_off=11018240  size=8192 B  bits~32697
  [transient-SEFI-row] SEFI-row  phys=0x000000001C9B0000  row_off=12255232  size=8192 B  bits~33045
  [transient-SEFI-row] SEFI-row  phys=0x000000001D550000  row_off=24444928  size=8192 B  bits~32842
  [transient-SEFI-row] SEFI-row  phys=0x000000001D662000  row_off=25567232  size=8192 B  bits~33040
  [transient-SEFI-row] SEFI-row  phys=0x000000001C5EA000  row_off=8298496  size=8192 B  bits~32977
  [transient-SEFI-row] SEFI-row  phys=0x000000001D298000  row_off=21594112  size=8192 B  bits~33016
  [transient-SEFI-row] SEFI-row  phys=0x000000001C8BE000  row_off=11264000  size=8192 B  bits~32791
  [transient-SEFI-row] SEFI-row  phys=0x000000001BFB6000  row_off=1794048  size=8192 B  bits~32936
  [transient-SEFI-row] SEFI-row  phys=0x000000001C076000  row_off=2580480  size=8192 B  bits~33179
[Summary] target=weights  baseline=75.00%  faulty=69.00%  recovery=0.00%

──── target=input_tensor ────
  [transient-SEFI-row] SEFI-row  phys=0x000000001BA84820  row_off=16384  size=8192 B  bits~32878
  [transient-SEFI-row] SEFI-row  phys=0x000000001BA88820  row_off=32768  size=8192 B  bits~33039
  [transient-SEFI-row] SEFI-row  phys=0x000000001BA92820  row_off=73728  size=8192 B  bits~32963
  [transient-SEFI-row] SEFI-row  phys=0x000000001BA82820  row_off=8192  size=8192 B  bits~33011
  [transient-SEFI-row] SEFI-row  phys=0x000000001BA9C820  row_off=114688  size=8192 B  bits~32932
  [transient-SEFI-row] SEFI-row  phys=0x000000001BAA2820  row_off=139264  size=8192 B  bits~33115
  [transient-SEFI-row] SEFI-row  phys=0x000000001BA80820  row_off=0  size=8192 B  bits~33041
  [transient-SEFI-row] SEFI-row  phys=0x000000001BA8C820  row_off=49152  size=8192 B  bits~32952
  [transient-SEFI-row] SEFI-row  phys=0x000000001BAA2820  row_off=139264  size=8192 B  bits~32809
  [transient-SEFI-row] SEFI-row  phys=0x000000001BA84820  row_off=16384  size=8192 B  bits~32885
  [transient-SEFI-row] SEFI-row  phys=0x000000001BA94820  row_off=81920  size=8192 B  bits~33015
  [transient-SEFI-row] SEFI-row  phys=0x000000001BA9A820  row_off=106496  size=8192 B  bits~33034
  [transient-SEFI-row] SEFI-row  phys=0x000000001BA8E820  row_off=57344  size=8192 B  bits~32825
  [transient-SEFI-row] SEFI-row  phys=0x000000001BA9E820  row_off=122880  size=8192 B  bits~32745
  [transient-SEFI-row] SEFI-row  phys=0x000000001BA82820  row_off=8192  size=8192 B  bits~33091
  [transient-SEFI-row] SEFI-row  phys=0x000000001BA80820  row_off=0  size=8192 B  bits~32720
  [transient-SEFI-row] SEFI-row  phys=0x000000001BA9A820  row_off=106496  size=8192 B  bits~32996
  [transient-SEFI-row] SEFI-row  phys=0x000000001BA9A820  row_off=106496  size=8192 B  bits~33012
  [transient-SEFI-row] SEFI-row  phys=0x000000001BAA2820  row_off=139264  size=8192 B  bits~32769
  [transient-SEFI-row] SEFI-row  phys=0x000000001BA92820  row_off=73728  size=8192 B  bits~32934
  [transient-SEFI-row] SEFI-row  phys=0x000000001BA94820  row_off=81920  size=8192 B  bits~32914
  [transient-SEFI-row] SEFI-row  phys=0x000000001BA92820  row_off=73728  size=8192 B  bits~32816
  [transient-SEFI-row] SEFI-row  phys=0x000000001BA9E820  row_off=122880  size=8192 B  bits~32830
  [transient-SEFI-row] SEFI-row  phys=0x000000001BA8A820  row_off=40960  size=8192 B  bits~32952
  [transient-SEFI-row] SEFI-row  phys=0x000000001BA94820  row_off=81920  size=8192 B  bits~33016
  [transient-SEFI-row] SEFI-row  phys=0x000000001BA9A820  row_off=106496  size=8192 B  bits~32844
  [transient-SEFI-row] SEFI-row  phys=0x000000001BA94820  row_off=81920  size=8192 B  bits~33044
  [transient-SEFI-row] SEFI-row  phys=0x000000001BA90820  row_off=65536  size=8192 B  bits~32684
  [transient-SEFI-row] SEFI-row  phys=0x000000001BA82820  row_off=8192  size=8192 B  bits~32857
  [transient-SEFI-row] SEFI-row  phys=0x000000001BA80820  row_off=0  size=8192 B  bits~32846
  [transient-SEFI-row] SEFI-row  phys=0x000000001BA9E820  row_off=122880  size=8192 B  bits~32740
  [transient-SEFI-row] SEFI-row  phys=0x000000001BAA0820  row_off=131072  size=8192 B  bits~32804
  [transient-SEFI-row] SEFI-row  phys=0x000000001BA92820  row_off=73728  size=8192 B  bits~32798
  [transient-SEFI-row] SEFI-row  phys=0x000000001BA84820  row_off=16384  size=8192 B  bits~32826
  [transient-SEFI-row] SEFI-row  phys=0x000000001BA80820  row_off=0  size=8192 B  bits~32797
  [transient-SEFI-row] SEFI-row  phys=0x000000001BAA2820  row_off=139264  size=8192 B  bits~32876
  [transient-SEFI-row] SEFI-row  phys=0x000000001BA82820  row_off=8192  size=8192 B  bits~33091
  [transient-SEFI-row] SEFI-row  phys=0x000000001BA9A820  row_off=106496  size=8192 B  bits~32777
  [transient-SEFI-row] SEFI-row  phys=0x000000001BA98820  row_off=98304  size=8192 B  bits~33048
  [transient-SEFI-row] SEFI-row  phys=0x000000001BA96820  row_off=90112  size=8192 B  bits~32861
  [transient-SEFI-row] SEFI-row  phys=0x000000001BAA2820  row_off=139264  size=8192 B  bits~32857
  [transient-SEFI-row] SEFI-row  phys=0x000000001BA80820  row_off=0  size=8192 B  bits~32970
  [transient-SEFI-row] SEFI-row  phys=0x000000001BA8C820  row_off=49152  size=8192 B  bits~32760
  [transient-SEFI-row] SEFI-row  phys=0x000000001BA9C820  row_off=114688  size=8192 B  bits~32902
  [transient-SEFI-row] SEFI-row  phys=0x000000001BAA2820  row_off=139264  size=8192 B  bits~32759
  [transient-SEFI-row] SEFI-row  phys=0x000000001BA8E820  row_off=57344  size=8192 B  bits~33021
  [transient-SEFI-row] SEFI-row  phys=0x000000001BA8E820  row_off=57344  size=8192 B  bits~32913
  [transient-SEFI-row] SEFI-row  phys=0x000000001BA9C820  row_off=114688  size=8192 B  bits~32652
  [transient-SEFI-row] SEFI-row  phys=0x000000001BAA0820  row_off=131072  size=8192 B  bits~32851
  [transient-SEFI-row] SEFI-row  phys=0x000000001BA86820  row_off=24576  size=8192 B  bits~32868
  [transient-SEFI-row] SEFI-row  phys=0x000000001BA96820  row_off=90112  size=8192 B  bits~33093
  [transient-SEFI-row] SEFI-row  phys=0x000000001BA9E820  row_off=122880  size=8192 B  bits~32860
  [transient-SEFI-row] SEFI-row  phys=0x000000001BA9E820  row_off=122880  size=8192 B  bits~32777
  [transient-SEFI-row] SEFI-row  phys=0x000000001BA86820  row_off=24576  size=8192 B  bits~32942
  [transient-SEFI-row] SEFI-row  phys=0x000000001BA8E820  row_off=57344  size=8192 B  bits~33001
  [transient-SEFI-row] SEFI-row  phys=0x000000001BA90820  row_off=65536  size=8192 B  bits~32928
  [transient-SEFI-row] SEFI-row  phys=0x000000001BA98820  row_off=98304  size=8192 B  bits~32917
  [transient-SEFI-row] SEFI-row  phys=0x000000001BAA2820  row_off=139264  size=8192 B  bits~32925
  [transient-SEFI-row] SEFI-row  phys=0x000000001BA9A820  row_off=106496  size=8192 B  bits~32708
  [transient-SEFI-row] SEFI-row  phys=0x000000001BA80820  row_off=0  size=8192 B  bits~32903
  [transient-SEFI-row] SEFI-row  phys=0x000000001BA9A820  row_off=106496  size=8192 B  bits~33021
  [transient-SEFI-row] SEFI-row  phys=0x000000001BAA2820  row_off=139264  size=8192 B  bits~33005
  [transient-SEFI-row] SEFI-row  phys=0x000000001BA92820  row_off=73728  size=8192 B  bits~32933
  [transient-SEFI-row] SEFI-row  phys=0x000000001BAA2820  row_off=139264  size=8192 B  bits~32964
  [transient-SEFI-row] SEFI-row  phys=0x000000001BA8A820  row_off=40960  size=8192 B  bits~33126
  [transient-SEFI-row] SEFI-row  phys=0x000000001BA8C820  row_off=49152  size=8192 B  bits~32993
  [transient-SEFI-row] SEFI-row  phys=0x000000001BA98820  row_off=98304  size=8192 B  bits~32939
  [transient-SEFI-row] SEFI-row  phys=0x000000001BA92820  row_off=73728  size=8192 B  bits~32742
  [transient-SEFI-row] SEFI-row  phys=0x000000001BA9E820  row_off=122880  size=8192 B  bits~32985
  [transient-SEFI-row] SEFI-row  phys=0x000000001BA98820  row_off=98304  size=8192 B  bits~32778
  [transient-SEFI-row] SEFI-row  phys=0x000000001BA8E820  row_off=57344  size=8192 B  bits~32878
  [transient-SEFI-row] SEFI-row  phys=0x000000001BAA0820  row_off=131072  size=8192 B  bits~33024
  [transient-SEFI-row] SEFI-row  phys=0x000000001BA84820  row_off=16384  size=8192 B  bits~32952
  [transient-SEFI-row] SEFI-row  phys=0x000000001BA8E820  row_off=57344  size=8192 B  bits~32772
  [transient-SEFI-row] SEFI-row  phys=0x000000001BA8C820  row_off=49152  size=8192 B  bits~32881
  [transient-SEFI-row] SEFI-row  phys=0x000000001BA8A820  row_off=40960  size=8192 B  bits~33010
  [transient-SEFI-row] SEFI-row  phys=0x000000001BA9A820  row_off=106496  size=8192 B  bits~32874
  [transient-SEFI-row] SEFI-row  phys=0x000000001BAA0820  row_off=131072  size=8192 B  bits~32841
  [transient-SEFI-row] SEFI-row  phys=0x000000001BA9C820  row_off=114688  size=8192 B  bits~32872
  [transient-SEFI-row] SEFI-row  phys=0x000000001BA98820  row_off=98304  size=8192 B  bits~32920
  [transient-SEFI-row] SEFI-row  phys=0x000000001BA9C820  row_off=114688  size=8192 B  bits~32706
  [transient-SEFI-row] SEFI-row  phys=0x000000001BA86820  row_off=24576  size=8192 B  bits~33133
  [transient-SEFI-row] SEFI-row  phys=0x000000001BA88820  row_off=32768  size=8192 B  bits~32963
  [transient-SEFI-row] SEFI-row  phys=0x000000001BA9A820  row_off=106496  size=8192 B  bits~32822
  [transient-SEFI-row] SEFI-row  phys=0x000000001BA9C820  row_off=114688  size=8192 B  bits~32889
  [transient-SEFI-row] SEFI-row  phys=0x000000001BAA2820  row_off=139264  size=8192 B  bits~32844
  [transient-SEFI-row] SEFI-row  phys=0x000000001BAA2820  row_off=139264  size=8192 B  bits~32841
  [transient-SEFI-row] SEFI-row  phys=0x000000001BA88820  row_off=32768  size=8192 B  bits~32852
  [transient-SEFI-row] SEFI-row  phys=0x000000001BA9C820  row_off=114688  size=8192 B  bits~32877
  [transient-SEFI-row] SEFI-row  phys=0x000000001BA92820  row_off=73728  size=8192 B  bits~32873
  [transient-SEFI-row] SEFI-row  phys=0x000000001BA9C820  row_off=114688  size=8192 B  bits~32882
  [transient-SEFI-row] SEFI-row  phys=0x000000001BA8C820  row_off=49152  size=8192 B  bits~33021
  [transient-SEFI-row] SEFI-row  phys=0x000000001BA86820  row_off=24576  size=8192 B  bits~32842
  [transient-SEFI-row] SEFI-row  phys=0x000000001BA9E820  row_off=122880  size=8192 B  bits~32793
  [transient-SEFI-row] SEFI-row  phys=0x000000001BA9C820  row_off=114688  size=8192 B  bits~32892
  [transient-SEFI-row] SEFI-row  phys=0x000000001BA8A820  row_off=40960  size=8192 B  bits~32823
  [transient-SEFI-row] SEFI-row  phys=0x000000001BA9E820  row_off=122880  size=8192 B  bits~32889
  [transient-SEFI-row] SEFI-row  phys=0x000000001BA8E820  row_off=57344  size=8192 B  bits~32756
  [transient-SEFI-row] SEFI-row  phys=0x000000001BA82820  row_off=8192  size=8192 B  bits~32882
  [transient-SEFI-row] SEFI-row  phys=0x000000001BA94820  row_off=81920  size=8192 B  bits~32901
[Summary] target=input_tensor  baseline=75.00%  faulty=75.00%  recovery=0.00%

──── target=buffers ────
  [buffers_post] SEFI-block  phys=0x000000000667E000  start=0  size=1008 B  bits~4066
  [buffers_post] SEFI-block  phys=0x000000000667E000  start=0  size=1008 B  bits~4027
  [buffers_post] SEFI-block  phys=0x000000000667E000  start=0  size=1008 B  bits~4041
  [buffers_post] SEFI-block  phys=0x000000000667E000  start=0  size=1008 B  bits~4004
  [buffers_post] SEFI-block  phys=0x000000000667E000  start=0  size=1008 B  bits~4087
  [buffers_post] SEFI-block  phys=0x000000000667E000  start=0  size=1008 B  bits~4102
  [buffers_post] SEFI-block  phys=0x000000000667E000  start=0  size=1008 B  bits~4087
  [buffers_post] SEFI-block  phys=0x000000000667E000  start=0  size=1008 B  bits~4046
  [buffers_post] SEFI-block  phys=0x000000000667E000  start=0  size=1008 B  bits~4011
  [buffers_post] SEFI-block  phys=0x000000000667E000  start=0  size=1008 B  bits~4121
  [buffers_post] SEFI-block  phys=0x000000000667E000  start=0  size=1008 B  bits~4050
  [buffers_post] SEFI-block  phys=0x000000000667E000  start=0  size=1008 B  bits~4002
  [buffers_post] SEFI-block  phys=0x000000000667E000  start=0  size=1008 B  bits~4068
  [buffers_post] SEFI-block  phys=0x000000000667E000  start=0  size=1008 B  bits~4018
  [buffers_post] SEFI-block  phys=0x000000000667E000  start=0  size=1008 B  bits~4187
  [buffers_post] SEFI-block  phys=0x000000000667E000  start=0  size=1008 B  bits~4062
  [buffers_post] SEFI-block  phys=0x000000000667E000  start=0  size=1008 B  bits~4070
  [buffers_post] SEFI-block  phys=0x000000000667E000  start=0  size=1008 B  bits~4056
  [buffers_post] SEFI-block  phys=0x000000000667E000  start=0  size=1008 B  bits~4030
  [buffers_post] SEFI-block  phys=0x000000000667E000  start=0  size=1008 B  bits~4024
  [buffers_post] SEFI-block  phys=0x000000000667E000  start=0  size=1008 B  bits~3997
  [buffers_post] SEFI-block  phys=0x000000000667E000  start=0  size=1008 B  bits~4117
  [buffers_post] SEFI-block  phys=0x000000000667E000  start=0  size=1008 B  bits~3992
  [buffers_post] SEFI-block  phys=0x000000000667E000  start=0  size=1008 B  bits~4041
  [buffers_post] SEFI-block  phys=0x000000000667E000  start=0  size=1008 B  bits~4071
  [buffers_post] SEFI-block  phys=0x000000000667E000  start=0  size=1008 B  bits~4023
  [buffers_post] SEFI-block  phys=0x000000000667E000  start=0  size=1008 B  bits~3973
  [buffers_post] SEFI-block  phys=0x000000000667E000  start=0  size=1008 B  bits~4067
  [buffers_post] SEFI-block  phys=0x000000000667E000  start=0  size=1008 B  bits~4081
  [buffers_post] SEFI-block  phys=0x000000000667E000  start=0  size=1008 B  bits~3966
  [buffers_post] SEFI-block  phys=0x000000000667E000  start=0  size=1008 B  bits~4044
  [buffers_post] SEFI-block  phys=0x000000000667E000  start=0  size=1008 B  bits~3981
  [buffers_post] SEFI-block  phys=0x000000000667E000  start=0  size=1008 B  bits~4019
  [buffers_post] SEFI-block  phys=0x000000000667E000  start=0  size=1008 B  bits~4025
  [buffers_post] SEFI-block  phys=0x000000000667E000  start=0  size=1008 B  bits~4073
  [buffers_post] SEFI-block  phys=0x000000000667E000  start=0  size=1008 B  bits~3993
  [buffers_post] SEFI-block  phys=0x000000000667E000  start=0  size=1008 B  bits~3911
  [buffers_post] SEFI-block  phys=0x000000000667E000  start=0  size=1008 B  bits~4122
  [buffers_post] SEFI-block  phys=0x000000000667E000  start=0  size=1008 B  bits~4043
  [buffers_post] SEFI-block  phys=0x000000000667E000  start=0  size=1008 B  bits~4103
  [buffers_post] SEFI-block  phys=0x000000000667E000  start=0  size=1008 B  bits~4129
  [buffers_post] SEFI-block  phys=0x000000000667E000  start=0  size=1008 B  bits~4110
  [buffers_post] SEFI-block  phys=0x000000000667E000  start=0  size=1008 B  bits~4121
  [buffers_post] SEFI-block  phys=0x000000000667E000  start=0  size=1008 B  bits~4047
  [buffers_post] SEFI-block  phys=0x000000000667E000  start=0  size=1008 B  bits~4042
  [buffers_post] SEFI-block  phys=0x000000000667E000  start=0  size=1008 B  bits~4029
  [buffers_post] SEFI-block  phys=0x000000000667E000  start=0  size=1008 B  bits~4049
  [buffers_post] SEFI-block  phys=0x000000000667E000  start=0  size=1008 B  bits~3963
  [buffers_post] SEFI-block  phys=0x000000000667E000  start=0  size=1008 B  bits~4085
  [buffers_post] SEFI-block  phys=0x000000000667E000  start=0  size=1008 B  bits~4081
  [buffers_post] SEFI-block  phys=0x000000000667E000  start=0  size=1008 B  bits~4092
  [buffers_post] SEFI-block  phys=0x000000000667E000  start=0  size=1008 B  bits~4071
  [buffers_post] SEFI-block  phys=0x000000000667E000  start=0  size=1008 B  bits~4051
  [buffers_post] SEFI-block  phys=0x000000000667E000  start=0  size=1008 B  bits~4092
  [buffers_post] SEFI-block  phys=0x000000000667E000  start=0  size=1008 B  bits~4048
  [buffers_post] SEFI-block  phys=0x000000000667E000  start=0  size=1008 B  bits~4029
  [buffers_post] SEFI-block  phys=0x000000000667E000  start=0  size=1008 B  bits~3965
  [buffers_post] SEFI-block  phys=0x000000000667E000  start=0  size=1008 B  bits~4063
  [buffers_post] SEFI-block  phys=0x000000000667E000  start=0  size=1008 B  bits~3997
  [buffers_post] SEFI-block  phys=0x000000000667E000  start=0  size=1008 B  bits~4060
  [buffers_post] SEFI-block  phys=0x000000000667E000  start=0  size=1008 B  bits~4092
  [buffers_post] SEFI-block  phys=0x000000000667E000  start=0  size=1008 B  bits~4027
  [buffers_post] SEFI-block  phys=0x000000000667E000  start=0  size=1008 B  bits~4037
  [buffers_post] SEFI-block  phys=0x000000000667E000  start=0  size=1008 B  bits~4088
  [buffers_post] SEFI-block  phys=0x000000000667E000  start=0  size=1008 B  bits~3973
  [buffers_post] SEFI-block  phys=0x000000000667E000  start=0  size=1008 B  bits~3974
  [buffers_post] SEFI-block  phys=0x000000000667E000  start=0  size=1008 B  bits~4052
  [buffers_post] SEFI-block  phys=0x000000000667E000  start=0  size=1008 B  bits~4057
  [buffers_post] SEFI-block  phys=0x000000000667E000  start=0  size=1008 B  bits~4098
  [buffers_post] SEFI-block  phys=0x000000000667E000  start=0  size=1008 B  bits~4103
  [buffers_post] SEFI-block  phys=0x000000000667E000  start=0  size=1008 B  bits~4094
  [buffers_post] SEFI-block  phys=0x000000000667E000  start=0  size=1008 B  bits~3980
  [buffers_post] SEFI-block  phys=0x000000000667E000  start=0  size=1008 B  bits~3954
  [buffers_post] SEFI-block  phys=0x000000000667E000  start=0  size=1008 B  bits~4075
  [buffers_post] SEFI-block  phys=0x000000000667E000  start=0  size=1008 B  bits~4060
  [buffers_post] SEFI-block  phys=0x000000000667E000  start=0  size=1008 B  bits~3981
  [buffers_post] SEFI-block  phys=0x000000000667E000  start=0  size=1008 B  bits~4063
  [buffers_post] SEFI-block  phys=0x000000000667E000  start=0  size=1008 B  bits~4113
  [buffers_post] SEFI-block  phys=0x000000000667E000  start=0  size=1008 B  bits~4032
  [buffers_post] SEFI-block  phys=0x000000000667E000  start=0  size=1008 B  bits~4135
  [buffers_post] SEFI-block  phys=0x000000000667E000  start=0  size=1008 B  bits~4033
  [buffers_post] SEFI-block  phys=0x000000000667E000  start=0  size=1008 B  bits~4033
  [buffers_post] SEFI-block  phys=0x000000000667E000  start=0  size=1008 B  bits~4088
  [buffers_post] SEFI-block  phys=0x000000000667E000  start=0  size=1008 B  bits~3985
  [buffers_post] SEFI-block  phys=0x000000000667E000  start=0  size=1008 B  bits~4059
  [buffers_post] SEFI-block  phys=0x000000000667E000  start=0  size=1008 B  bits~4096
  [buffers_post] SEFI-block  phys=0x000000000667E000  start=0  size=1008 B  bits~4078
  [buffers_post] SEFI-block  phys=0x000000000667E000  start=0  size=1008 B  bits~4117
  [buffers_post] SEFI-block  phys=0x000000000667E000  start=0  size=1008 B  bits~4041
  [buffers_post] SEFI-block  phys=0x000000000667E000  start=0  size=1008 B  bits~4024
  [buffers_post] SEFI-block  phys=0x000000000667E000  start=0  size=1008 B  bits~4015
  [buffers_post] SEFI-block  phys=0x000000000667E000  start=0  size=1008 B  bits~4057
  [buffers_post] SEFI-block  phys=0x000000000667E000  start=0  size=1008 B  bits~4064
  [buffers_post] SEFI-block  phys=0x000000000667E000  start=0  size=1008 B  bits~4082
  [buffers_post] SEFI-block  phys=0x000000000667E000  start=0  size=1008 B  bits~4131
  [buffers_post] SEFI-block  phys=0x000000000667E000  start=0  size=1008 B  bits~4060
  [buffers_post] SEFI-block  phys=0x000000000667E000  start=0  size=1008 B  bits~3992
  [buffers_post] SEFI-block  phys=0x000000000667E000  start=0  size=1008 B  bits~4060
  [buffers_post] SEFI-block  phys=0x000000000667E000  start=0  size=1008 B  bits~3945
  [buffers_post] SEFI-block  phys=0x000000000667E000  start=0  size=1008 B  bits~3991
[Summary] target=buffers  baseline=75.00%  faulty=0.00%  recovery=0.00%
