[Setup] Input  data_fixed  size=150528 h=224 w=224
[Setup] Output fc1000_fixed  size=1000
[DDR4] Instructions: reg_val=0x1BD00  phys=0x000000001BD00000  size=742492 B
[DDR4] Weights:      phys=0x000000001BE00000  size=25726976 B
[DDR4] Input region: phys=0x000000001BA80000  total=152608 B  pixel_start=+2080 B
[Baseline] Accuracy: 75/100 = 75.00%

──── target=weights ────
  [transient-SEFI-col] SEFI-col  col_start=5411  col_w=8  stride=8192  rows=3140  bits~101126
  [transient-SEFI-col] SEFI-col  col_start=2657  col_w=8  stride=8192  rows=3140  bits~100875
  [transient-SEFI-col] SEFI-col  col_start=5169  col_w=8  stride=8192  rows=3140  bits~100898
  [transient-SEFI-col] SEFI-col  col_start=4240  col_w=8  stride=8192  rows=3140  bits~100553
  [transient-SEFI-col] SEFI-col  col_start=5204  col_w=8  stride=8192  rows=3140  bits~100926
  [transient-SEFI-col] SEFI-col  col_start=3137  col_w=8  stride=8192  rows=3140  bits~100956
  [transient-SEFI-col] SEFI-col  col_start=4609  col_w=8  stride=8192  rows=3140  bits~100935
  [transient-SEFI-col] SEFI-col  col_start=3762  col_w=8  stride=8192  rows=3140  bits~101295
  [transient-SEFI-col] SEFI-col  col_start=1683  col_w=8  stride=8192  rows=3140  bits~100723
  [transient-SEFI-col] SEFI-col  col_start=412  col_w=8  stride=8192  rows=3140  bits~100816
  [transient-SEFI-col] SEFI-col  col_start=2529  col_w=8  stride=8192  rows=3140  bits~100899
  [transient-SEFI-col] SEFI-col  col_start=5380  col_w=8  stride=8192  rows=3140  bits~100730
  [transient-SEFI-col] SEFI-col  col_start=3121  col_w=8  stride=8192  rows=3140  bits~100982
  [transient-SEFI-col] SEFI-col  col_start=1884  col_w=8  stride=8192  rows=3140  bits~100344
  [transient-SEFI-col] SEFI-col  col_start=6992  col_w=8  stride=8192  rows=3140  bits~101201
  [transient-SEFI-col] SEFI-col  col_start=1684  col_w=8  stride=8192  rows=3140  bits~100914
  [transient-SEFI-col] SEFI-col  col_start=3653  col_w=8  stride=8192  rows=3140  bits~101023
  [transient-SEFI-col] SEFI-col  col_start=1785  col_w=8  stride=8192  rows=3140  bits~100795
  [transient-SEFI-col] SEFI-col  col_start=4301  col_w=8  stride=8192  rows=3140  bits~100979
  [transient-SEFI-col] SEFI-col  col_start=5055  col_w=8  stride=8192  rows=3140  bits~101175
  [transient-SEFI-col] SEFI-col  col_start=1642  col_w=8  stride=8192  rows=3140  bits~101221
  [transient-SEFI-col] SEFI-col  col_start=1744  col_w=8  stride=8192  rows=3140  bits~100423
  [transient-SEFI-col] SEFI-col  col_start=3302  col_w=8  stride=8192  rows=3140  bits~100905
  [transient-SEFI-col] SEFI-col  col_start=3003  col_w=8  stride=8192  rows=3140  bits~100904
  [transient-SEFI-col] SEFI-col  col_start=6211  col_w=8  stride=8192  rows=3140  bits~100906
  [transient-SEFI-col] SEFI-col  col_start=1916  col_w=8  stride=8192  rows=3140  bits~100594
  [transient-SEFI-col] SEFI-col  col_start=3395  col_w=8  stride=8192  rows=3140  bits~101127
  [transient-SEFI-col] SEFI-col  col_start=4173  col_w=8  stride=8192  rows=3140  bits~100780
  [transient-SEFI-col] SEFI-col  col_start=7639  col_w=8  stride=8192  rows=3140  bits~100845
  [transient-SEFI-col] SEFI-col  col_start=6127  col_w=8  stride=8192  rows=3140  bits~100636
  [transient-SEFI-col] SEFI-col  col_start=2468  col_w=8  stride=8192  rows=3140  bits~100741
  [transient-SEFI-col] SEFI-col  col_start=4471  col_w=8  stride=8192  rows=3140  bits~101361
  [transient-SEFI-col] SEFI-col  col_start=1433  col_w=8  stride=8192  rows=3140  bits~100844
  [transient-SEFI-col] SEFI-col  col_start=6304  col_w=8  stride=8192  rows=3140  bits~100915
  [transient-SEFI-col] SEFI-col  col_start=4250  col_w=8  stride=8192  rows=3140  bits~100821
  [transient-SEFI-col] SEFI-col  col_start=8173  col_w=8  stride=8192  rows=3140  bits~100718
  [transient-SEFI-col] SEFI-col  col_start=3527  col_w=8  stride=8192  rows=3140  bits~100869
  [transient-SEFI-col] SEFI-col  col_start=954  col_w=8  stride=8192  rows=3140  bits~100946
  [transient-SEFI-col] SEFI-col  col_start=4250  col_w=8  stride=8192  rows=3140  bits~100899
  [transient-SEFI-col] SEFI-col  col_start=5189  col_w=8  stride=8192  rows=3140  bits~100548
  [transient-SEFI-col] SEFI-col  col_start=8087  col_w=8  stride=8192  rows=3140  bits~100970
  [transient-SEFI-col] SEFI-col  col_start=1243  col_w=8  stride=8192  rows=3140  bits~100853
  [transient-SEFI-col] SEFI-col  col_start=7780  col_w=8  stride=8192  rows=3140  bits~101069
  [transient-SEFI-col] SEFI-col  col_start=934  col_w=8  stride=8192  rows=3140  bits~100962
  [transient-SEFI-col] SEFI-col  col_start=21  col_w=8  stride=8192  rows=3140  bits~100881
  [transient-SEFI-col] SEFI-col  col_start=3010  col_w=8  stride=8192  rows=3140  bits~100813
  [transient-SEFI-col] SEFI-col  col_start=3021  col_w=8  stride=8192  rows=3140  bits~100625
  [transient-SEFI-col] SEFI-col  col_start=4602  col_w=8  stride=8192  rows=3140  bits~100753
  [transient-SEFI-col] SEFI-col  col_start=3937  col_w=8  stride=8192  rows=3140  bits~100605
  [transient-SEFI-col] SEFI-col  col_start=6571  col_w=8  stride=8192  rows=3140  bits~100829
  [transient-SEFI-col] SEFI-col  col_start=4820  col_w=8  stride=8192  rows=3140  bits~100538
  [transient-SEFI-col] SEFI-col  col_start=7035  col_w=8  stride=8192  rows=3140  bits~100893
  [transient-SEFI-col] SEFI-col  col_start=2198  col_w=8  stride=8192  rows=3140  bits~100752
  [transient-SEFI-col] SEFI-col  col_start=8143  col_w=8  stride=8192  rows=3140  bits~100394
  [transient-SEFI-col] SEFI-col  col_start=1398  col_w=8  stride=8192  rows=3140  bits~101167
  [transient-SEFI-col] SEFI-col  col_start=5623  col_w=8  stride=8192  rows=3140  bits~100737
  [transient-SEFI-col] SEFI-col  col_start=7473  col_w=8  stride=8192  rows=3140  bits~100493
  [transient-SEFI-col] SEFI-col  col_start=4541  col_w=8  stride=8192  rows=3140  bits~100701
  [transient-SEFI-col] SEFI-col  col_start=4496  col_w=8  stride=8192  rows=3140  bits~100831
  [transient-SEFI-col] SEFI-col  col_start=8015  col_w=8  stride=8192  rows=3140  bits~100851
  [transient-SEFI-col] SEFI-col  col_start=5949  col_w=8  stride=8192  rows=3140  bits~101074
  [transient-SEFI-col] SEFI-col  col_start=4951  col_w=8  stride=8192  rows=3140  bits~101085
  [transient-SEFI-col] SEFI-col  col_start=5523  col_w=8  stride=8192  rows=3140  bits~100957
  [transient-SEFI-col] SEFI-col  col_start=5156  col_w=8  stride=8192  rows=3140  bits~100665
  [transient-SEFI-col] SEFI-col  col_start=1747  col_w=8  stride=8192  rows=3140  bits~100415
  [transient-SEFI-col] SEFI-col  col_start=956  col_w=8  stride=8192  rows=3140  bits~101001
  [transient-SEFI-col] SEFI-col  col_start=3694  col_w=8  stride=8192  rows=3140  bits~100623
  [transient-SEFI-col] SEFI-col  col_start=5416  col_w=8  stride=8192  rows=3140  bits~101183
  [transient-SEFI-col] SEFI-col  col_start=5804  col_w=8  stride=8192  rows=3140  bits~100624
  [transient-SEFI-col] SEFI-col  col_start=612  col_w=8  stride=8192  rows=3140  bits~101002
  [transient-SEFI-col] SEFI-col  col_start=7386  col_w=8  stride=8192  rows=3140  bits~100973
  [transient-SEFI-col] SEFI-col  col_start=2780  col_w=8  stride=8192  rows=3140  bits~100669
  [transient-SEFI-col] SEFI-col  col_start=5994  col_w=8  stride=8192  rows=3140  bits~100908
  [transient-SEFI-col] SEFI-col  col_start=2631  col_w=8  stride=8192  rows=3140  bits~100771
  [transient-SEFI-col] SEFI-col  col_start=2199  col_w=8  stride=8192  rows=3140  bits~100785
  [transient-SEFI-col] SEFI-col  col_start=3955  col_w=8  stride=8192  rows=3140  bits~100644
  [transient-SEFI-col] SEFI-col  col_start=4999  col_w=8  stride=8192  rows=3140  bits~101133
  [transient-SEFI-col] SEFI-col  col_start=3900  col_w=8  stride=8192  rows=3140  bits~100984
  [transient-SEFI-col] SEFI-col  col_start=1734  col_w=8  stride=8192  rows=3140  bits~101102
  [transient-SEFI-col] SEFI-col  col_start=7968  col_w=8  stride=8192  rows=3140  bits~100559
  [transient-SEFI-col] SEFI-col  col_start=5536  col_w=8  stride=8192  rows=3140  bits~100747
  [transient-SEFI-col] SEFI-col  col_start=2449  col_w=8  stride=8192  rows=3140  bits~100718
  [transient-SEFI-col] SEFI-col  col_start=7197  col_w=8  stride=8192  rows=3140  bits~101107
  [transient-SEFI-col] SEFI-col  col_start=5644  col_w=8  stride=8192  rows=3140  bits~100825
  [transient-SEFI-col] SEFI-col  col_start=1728  col_w=8  stride=8192  rows=3140  bits~100795
  [transient-SEFI-col] SEFI-col  col_start=5506  col_w=8  stride=8192  rows=3140  bits~101234
  [transient-SEFI-col] SEFI-col  col_start=1521  col_w=8  stride=8192  rows=3140  bits~100804
  [transient-SEFI-col] SEFI-col  col_start=6754  col_w=8  stride=8192  rows=3140  bits~101103
  [transient-SEFI-col] SEFI-col  col_start=2314  col_w=8  stride=8192  rows=3140  bits~100963
  [transient-SEFI-col] SEFI-col  col_start=5950  col_w=8  stride=8192  rows=3140  bits~100757
  [transient-SEFI-col] SEFI-col  col_start=8096  col_w=8  stride=8192  rows=3140  bits~100620
  [transient-SEFI-col] SEFI-col  col_start=4316  col_w=8  stride=8192  rows=3140  bits~100850
  [transient-SEFI-col] SEFI-col  col_start=2989  col_w=8  stride=8192  rows=3140  bits~100986
  [transient-SEFI-col] SEFI-col  col_start=5568  col_w=8  stride=8192  rows=3140  bits~100970
  [transient-SEFI-col] SEFI-col  col_start=5504  col_w=8  stride=8192  rows=3140  bits~101425
  [transient-SEFI-col] SEFI-col  col_start=200  col_w=8  stride=8192  rows=3140  bits~101321
  [transient-SEFI-col] SEFI-col  col_start=5710  col_w=8  stride=8192  rows=3140  bits~100768
  [transient-SEFI-col] SEFI-col  col_start=4525  col_w=8  stride=8192  rows=3140  bits~100411
  [transient-SEFI-col] SEFI-col  col_start=2572  col_w=8  stride=8192  rows=3140  bits~101179
  [transient-SEFI-col] SEFI-col  col_start=6024  col_w=8  stride=8192  rows=3140  bits~101171
[Summary] target=weights  baseline=75.00%  faulty=34.00%  recovery=0.00%

──── target=input_tensor ────
  [transient-SEFI-col] SEFI-col  col_start=2793  col_w=8  stride=8192  rows=18  bits~567
  [transient-SEFI-col] SEFI-col  col_start=4660  col_w=8  stride=8192  rows=18  bits~574
  [transient-SEFI-col] SEFI-col  col_start=2031  col_w=8  stride=8192  rows=18  bits~546
  [transient-SEFI-col] SEFI-col  col_start=1849  col_w=8  stride=8192  rows=18  bits~602
  [transient-SEFI-col] SEFI-col  col_start=5986  col_w=8  stride=8192  rows=18  bits~564
  [transient-SEFI-col] SEFI-col  col_start=5534  col_w=8  stride=8192  rows=18  bits~588
  [transient-SEFI-col] SEFI-col  col_start=5562  col_w=8  stride=8192  rows=18  bits~586
  [transient-SEFI-col] SEFI-col  col_start=5399  col_w=8  stride=8192  rows=18  bits~587
  [transient-SEFI-col] SEFI-col  col_start=7450  col_w=8  stride=8192  rows=18  bits~618
  [transient-SEFI-col] SEFI-col  col_start=666  col_w=8  stride=8192  rows=18  bits~571
  [transient-SEFI-col] SEFI-col  col_start=1115  col_w=8  stride=8192  rows=18  bits~564
  [transient-SEFI-col] SEFI-col  col_start=7992  col_w=8  stride=8192  rows=18  bits~572
  [transient-SEFI-col] SEFI-col  col_start=692  col_w=8  stride=8192  rows=18  bits~580
  [transient-SEFI-col] SEFI-col  col_start=6349  col_w=8  stride=8192  rows=18  bits~579
  [transient-SEFI-col] SEFI-col  col_start=5356  col_w=8  stride=8192  rows=18  bits~564
  [transient-SEFI-col] SEFI-col  col_start=3023  col_w=8  stride=8192  rows=18  bits~593
  [transient-SEFI-col] SEFI-col  col_start=2742  col_w=8  stride=8192  rows=18  bits~595
  [transient-SEFI-col] SEFI-col  col_start=1819  col_w=8  stride=8192  rows=18  bits~576
  [transient-SEFI-col] SEFI-col  col_start=2932  col_w=8  stride=8192  rows=18  bits~560
  [transient-SEFI-col] SEFI-col  col_start=7037  col_w=8  stride=8192  rows=18  bits~570
  [transient-SEFI-col] SEFI-col  col_start=7679  col_w=8  stride=8192  rows=18  bits~589
  [transient-SEFI-col] SEFI-col  col_start=4262  col_w=8  stride=8192  rows=18  bits~575
  [transient-SEFI-col] SEFI-col  col_start=3699  col_w=8  stride=8192  rows=18  bits~608
  [transient-SEFI-col] SEFI-col  col_start=3668  col_w=8  stride=8192  rows=18  bits~556
  [transient-SEFI-col] SEFI-col  col_start=2063  col_w=8  stride=8192  rows=18  bits~575
  [transient-SEFI-col] SEFI-col  col_start=3987  col_w=8  stride=8192  rows=18  bits~573
  [transient-SEFI-col] SEFI-col  col_start=3112  col_w=8  stride=8192  rows=18  bits~574
  [transient-SEFI-col] SEFI-col  col_start=1618  col_w=8  stride=8192  rows=18  bits~532
  [transient-SEFI-col] SEFI-col  col_start=3491  col_w=8  stride=8192  rows=18  bits~600
  [transient-SEFI-col] SEFI-col  col_start=3771  col_w=8  stride=8192  rows=18  bits~577
  [transient-SEFI-col] SEFI-col  col_start=3268  col_w=8  stride=8192  rows=18  bits~579
  [transient-SEFI-col] SEFI-col  col_start=2022  col_w=8  stride=8192  rows=18  bits~565
  [transient-SEFI-col] SEFI-col  col_start=5049  col_w=8  stride=8192  rows=18  bits~579
  [transient-SEFI-col] SEFI-col  col_start=4401  col_w=8  stride=8192  rows=18  bits~578
  [transient-SEFI-col] SEFI-col  col_start=3219  col_w=8  stride=8192  rows=18  bits~554
  [transient-SEFI-col] SEFI-col  col_start=2911  col_w=8  stride=8192  rows=18  bits~560
  [transient-SEFI-col] SEFI-col  col_start=1683  col_w=8  stride=8192  rows=18  bits~564
  [transient-SEFI-col] SEFI-col  col_start=2374  col_w=8  stride=8192  rows=18  bits~561
  [transient-SEFI-col] SEFI-col  col_start=6980  col_w=8  stride=8192  rows=18  bits~624
  [transient-SEFI-col] SEFI-col  col_start=5024  col_w=8  stride=8192  rows=18  bits~595
  [transient-SEFI-col] SEFI-col  col_start=1238  col_w=8  stride=8192  rows=18  bits~570
  [transient-SEFI-col] SEFI-col  col_start=5215  col_w=8  stride=8192  rows=18  bits~575
  [transient-SEFI-col] SEFI-col  col_start=2077  col_w=8  stride=8192  rows=18  bits~587
  [transient-SEFI-col] SEFI-col  col_start=3869  col_w=8  stride=8192  rows=18  bits~574
  [transient-SEFI-col] SEFI-col  col_start=4567  col_w=8  stride=8192  rows=18  bits~572
  [transient-SEFI-col] SEFI-col  col_start=1512  col_w=8  stride=8192  rows=18  bits~612
  [transient-SEFI-col] SEFI-col  col_start=6612  col_w=8  stride=8192  rows=18  bits~589
  [transient-SEFI-col] SEFI-col  col_start=2286  col_w=8  stride=8192  rows=18  bits~572
  [transient-SEFI-col] SEFI-col  col_start=2061  col_w=8  stride=8192  rows=18  bits~560
  [transient-SEFI-col] SEFI-col  col_start=5991  col_w=8  stride=8192  rows=18  bits~568
  [transient-SEFI-col] SEFI-col  col_start=6242  col_w=8  stride=8192  rows=18  bits~588
  [transient-SEFI-col] SEFI-col  col_start=7446  col_w=8  stride=8192  rows=18  bits~589
  [transient-SEFI-col] SEFI-col  col_start=675  col_w=8  stride=8192  rows=18  bits~583
  [transient-SEFI-col] SEFI-col  col_start=1031  col_w=8  stride=8192  rows=18  bits~553
  [transient-SEFI-col] SEFI-col  col_start=5402  col_w=8  stride=8192  rows=18  bits~556
  [transient-SEFI-col] SEFI-col  col_start=5992  col_w=8  stride=8192  rows=18  bits~603
  [transient-SEFI-col] SEFI-col  col_start=1380  col_w=8  stride=8192  rows=18  bits~590
  [transient-SEFI-col] SEFI-col  col_start=929  col_w=8  stride=8192  rows=18  bits~597
  [transient-SEFI-col] SEFI-col  col_start=2293  col_w=8  stride=8192  rows=18  bits~565
  [transient-SEFI-col] SEFI-col  col_start=6283  col_w=8  stride=8192  rows=18  bits~603
  [transient-SEFI-col] SEFI-col  col_start=307  col_w=8  stride=8192  rows=18  bits~574
  [transient-SEFI-col] SEFI-col  col_start=4794  col_w=8  stride=8192  rows=18  bits~579
  [transient-SEFI-col] SEFI-col  col_start=6645  col_w=8  stride=8192  rows=18  bits~575
  [transient-SEFI-col] SEFI-col  col_start=2494  col_w=8  stride=8192  rows=18  bits~587
  [transient-SEFI-col] SEFI-col  col_start=7928  col_w=8  stride=8192  rows=18  bits~552
  [transient-SEFI-col] SEFI-col  col_start=7373  col_w=8  stride=8192  rows=18  bits~575
  [transient-SEFI-col] SEFI-col  col_start=642  col_w=8  stride=8192  rows=18  bits~568
  [transient-SEFI-col] SEFI-col  col_start=106  col_w=8  stride=8192  rows=18  bits~595
  [transient-SEFI-col] SEFI-col  col_start=3646  col_w=8  stride=8192  rows=18  bits~543
  [transient-SEFI-col] SEFI-col  col_start=3007  col_w=8  stride=8192  rows=18  bits~568
  [transient-SEFI-col] SEFI-col  col_start=4486  col_w=8  stride=8192  rows=18  bits~574
  [transient-SEFI-col] SEFI-col  col_start=312  col_w=8  stride=8192  rows=18  bits~574
  [transient-SEFI-col] SEFI-col  col_start=6002  col_w=8  stride=8192  rows=18  bits~588
  [transient-SEFI-col] SEFI-col  col_start=5339  col_w=8  stride=8192  rows=18  bits~609
  [transient-SEFI-col] SEFI-col  col_start=1733  col_w=8  stride=8192  rows=18  bits~572
  [transient-SEFI-col] SEFI-col  col_start=6171  col_w=8  stride=8192  rows=18  bits~580
  [transient-SEFI-col] SEFI-col  col_start=5191  col_w=8  stride=8192  rows=18  bits~601
  [transient-SEFI-col] SEFI-col  col_start=3305  col_w=8  stride=8192  rows=18  bits~580
  [transient-SEFI-col] SEFI-col  col_start=3000  col_w=8  stride=8192  rows=18  bits~572
  [transient-SEFI-col] SEFI-col  col_start=4178  col_w=8  stride=8192  rows=18  bits~547
  [transient-SEFI-col] SEFI-col  col_start=4738  col_w=8  stride=8192  rows=18  bits~595
  [transient-SEFI-col] SEFI-col  col_start=6309  col_w=8  stride=8192  rows=18  bits~590
  [transient-SEFI-col] SEFI-col  col_start=2002  col_w=8  stride=8192  rows=18  bits~577
  [transient-SEFI-col] SEFI-col  col_start=6680  col_w=8  stride=8192  rows=18  bits~584
  [transient-SEFI-col] SEFI-col  col_start=1422  col_w=8  stride=8192  rows=18  bits~556
  [transient-SEFI-col] SEFI-col  col_start=3661  col_w=8  stride=8192  rows=18  bits~567
  [transient-SEFI-col] SEFI-col  col_start=1423  col_w=8  stride=8192  rows=18  bits~574
  [transient-SEFI-col] SEFI-col  col_start=1085  col_w=8  stride=8192  rows=18  bits~577
  [transient-SEFI-col] SEFI-col  col_start=5397  col_w=8  stride=8192  rows=18  bits~589
  [transient-SEFI-col] SEFI-col  col_start=696  col_w=8  stride=8192  rows=18  bits~595
  [transient-SEFI-col] SEFI-col  col_start=4682  col_w=8  stride=8192  rows=18  bits~581
  [transient-SEFI-col] SEFI-col  col_start=5350  col_w=8  stride=8192  rows=18  bits~587
  [transient-SEFI-col] SEFI-col  col_start=3706  col_w=8  stride=8192  rows=18  bits~565
  [transient-SEFI-col] SEFI-col  col_start=7957  col_w=8  stride=8192  rows=18  bits~583
  [transient-SEFI-col] SEFI-col  col_start=6150  col_w=8  stride=8192  rows=18  bits~557
  [transient-SEFI-col] SEFI-col  col_start=3138  col_w=8  stride=8192  rows=18  bits~572
  [transient-SEFI-col] SEFI-col  col_start=7947  col_w=8  stride=8192  rows=18  bits~579
  [transient-SEFI-col] SEFI-col  col_start=5479  col_w=8  stride=8192  rows=18  bits~568
  [transient-SEFI-col] SEFI-col  col_start=2553  col_w=8  stride=8192  rows=18  bits~542
  [transient-SEFI-col] SEFI-col  col_start=5694  col_w=8  stride=8192  rows=18  bits~556
[Summary] target=input_tensor  baseline=75.00%  faulty=75.00%  recovery=0.00%

──── target=buffers ────
  [buffers_post] SEFI-block  phys=0x000000000596F000  start=0  size=1008 B  bits~4083
  [buffers_post] SEFI-block  phys=0x000000000596F000  start=0  size=1008 B  bits~4050
  [buffers_post] SEFI-block  phys=0x000000000596F000  start=0  size=1008 B  bits~4116
  [buffers_post] SEFI-block  phys=0x000000000596F000  start=0  size=1008 B  bits~4000
  [buffers_post] SEFI-block  phys=0x000000000596F000  start=0  size=1008 B  bits~4059
  [buffers_post] SEFI-block  phys=0x000000000596F000  start=0  size=1008 B  bits~4054
  [buffers_post] SEFI-block  phys=0x000000000596F000  start=0  size=1008 B  bits~4092
  [buffers_post] SEFI-block  phys=0x000000000596F000  start=0  size=1008 B  bits~4084
  [buffers_post] SEFI-block  phys=0x000000000596F000  start=0  size=1008 B  bits~4016
  [buffers_post] SEFI-block  phys=0x000000000596F000  start=0  size=1008 B  bits~3970
  [buffers_post] SEFI-block  phys=0x000000000596F000  start=0  size=1008 B  bits~4081
  [buffers_post] SEFI-block  phys=0x000000000596F000  start=0  size=1008 B  bits~4004
  [buffers_post] SEFI-block  phys=0x000000000596F000  start=0  size=1008 B  bits~4058
  [buffers_post] SEFI-block  phys=0x000000000596F000  start=0  size=1008 B  bits~4010
  [buffers_post] SEFI-block  phys=0x000000000596F000  start=0  size=1008 B  bits~4121
  [buffers_post] SEFI-block  phys=0x000000000596F000  start=0  size=1008 B  bits~4059
  [buffers_post] SEFI-block  phys=0x000000000596F000  start=0  size=1008 B  bits~4146
  [buffers_post] SEFI-block  phys=0x000000000596F000  start=0  size=1008 B  bits~4074
  [buffers_post] SEFI-block  phys=0x000000000596F000  start=0  size=1008 B  bits~4089
  [buffers_post] SEFI-block  phys=0x000000000596F000  start=0  size=1008 B  bits~4085
  [buffers_post] SEFI-block  phys=0x000000000596F000  start=0  size=1008 B  bits~4050
  [buffers_post] SEFI-block  phys=0x000000000596F000  start=0  size=1008 B  bits~4014
  [buffers_post] SEFI-block  phys=0x000000000596F000  start=0  size=1008 B  bits~4039
  [buffers_post] SEFI-block  phys=0x000000000596F000  start=0  size=1008 B  bits~4056
  [buffers_post] SEFI-block  phys=0x000000000596F000  start=0  size=1008 B  bits~4005
  [buffers_post] SEFI-block  phys=0x000000000596F000  start=0  size=1008 B  bits~4055
  [buffers_post] SEFI-block  phys=0x000000000596F000  start=0  size=1008 B  bits~4034
  [buffers_post] SEFI-block  phys=0x000000000596F000  start=0  size=1008 B  bits~4043
  [buffers_post] SEFI-block  phys=0x000000000596F000  start=0  size=1008 B  bits~4135
  [buffers_post] SEFI-block  phys=0x000000000596F000  start=0  size=1008 B  bits~4076
  [buffers_post] SEFI-block  phys=0x000000000596F000  start=0  size=1008 B  bits~4074
  [buffers_post] SEFI-block  phys=0x000000000596F000  start=0  size=1008 B  bits~4062
  [buffers_post] SEFI-block  phys=0x000000000596F000  start=0  size=1008 B  bits~4137
  [buffers_post] SEFI-block  phys=0x000000000596F000  start=0  size=1008 B  bits~3994
  [buffers_post] SEFI-block  phys=0x000000000596F000  start=0  size=1008 B  bits~3987
  [buffers_post] SEFI-block  phys=0x000000000596F000  start=0  size=1008 B  bits~4013
  [buffers_post] SEFI-block  phys=0x000000000596F000  start=0  size=1008 B  bits~4063
  [buffers_post] SEFI-block  phys=0x000000000596F000  start=0  size=1008 B  bits~4016
  [buffers_post] SEFI-block  phys=0x000000000596F000  start=0  size=1008 B  bits~4108
  [buffers_post] SEFI-block  phys=0x000000000596F000  start=0  size=1008 B  bits~4007
  [buffers_post] SEFI-block  phys=0x000000000596F000  start=0  size=1008 B  bits~4045
  [buffers_post] SEFI-block  phys=0x000000000596F000  start=0  size=1008 B  bits~4066
  [buffers_post] SEFI-block  phys=0x000000000596F000  start=0  size=1008 B  bits~4038
  [buffers_post] SEFI-block  phys=0x000000000596F000  start=0  size=1008 B  bits~4051
  [buffers_post] SEFI-block  phys=0x000000000596F000  start=0  size=1008 B  bits~4116
  [buffers_post] SEFI-block  phys=0x000000000596F000  start=0  size=1008 B  bits~4078
  [buffers_post] SEFI-block  phys=0x000000000596F000  start=0  size=1008 B  bits~4072
  [buffers_post] SEFI-block  phys=0x000000000596F000  start=0  size=1008 B  bits~4022
  [buffers_post] SEFI-block  phys=0x000000000596F000  start=0  size=1008 B  bits~4098
  [buffers_post] SEFI-block  phys=0x000000000596F000  start=0  size=1008 B  bits~4046
  [buffers_post] SEFI-block  phys=0x000000000596F000  start=0  size=1008 B  bits~4063
  [buffers_post] SEFI-block  phys=0x000000000596F000  start=0  size=1008 B  bits~4054
  [buffers_post] SEFI-block  phys=0x000000000596F000  start=0  size=1008 B  bits~4000
  [buffers_post] SEFI-block  phys=0x000000000596F000  start=0  size=1008 B  bits~4026
  [buffers_post] SEFI-block  phys=0x000000000596F000  start=0  size=1008 B  bits~4029
  [buffers_post] SEFI-block  phys=0x000000000596F000  start=0  size=1008 B  bits~4068
  [buffers_post] SEFI-block  phys=0x000000000596F000  start=0  size=1008 B  bits~4036
  [buffers_post] SEFI-block  phys=0x000000000596F000  start=0  size=1008 B  bits~4037
  [buffers_post] SEFI-block  phys=0x000000000596F000  start=0  size=1008 B  bits~4088
  [buffers_post] SEFI-block  phys=0x000000000596F000  start=0  size=1008 B  bits~4154
  [buffers_post] SEFI-block  phys=0x000000000596F000  start=0  size=1008 B  bits~4063
  [buffers_post] SEFI-block  phys=0x000000000596F000  start=0  size=1008 B  bits~4043
  [buffers_post] SEFI-block  phys=0x000000000596F000  start=0  size=1008 B  bits~4068
  [buffers_post] SEFI-block  phys=0x000000000596F000  start=0  size=1008 B  bits~4048
  [buffers_post] SEFI-block  phys=0x000000000596F000  start=0  size=1008 B  bits~4091
  [buffers_post] SEFI-block  phys=0x000000000596F000  start=0  size=1008 B  bits~4055
  [buffers_post] SEFI-block  phys=0x000000000596F000  start=0  size=1008 B  bits~4086
  [buffers_post] SEFI-block  phys=0x000000000596F000  start=0  size=1008 B  bits~4006
  [buffers_post] SEFI-block  phys=0x000000000596F000  start=0  size=1008 B  bits~4049
  [buffers_post] SEFI-block  phys=0x000000000596F000  start=0  size=1008 B  bits~4081
  [buffers_post] SEFI-block  phys=0x000000000596F000  start=0  size=1008 B  bits~4074
  [buffers_post] SEFI-block  phys=0x000000000596F000  start=0  size=1008 B  bits~4031
  [buffers_post] SEFI-block  phys=0x000000000596F000  start=0  size=1008 B  bits~4026
  [buffers_post] SEFI-block  phys=0x000000000596F000  start=0  size=1008 B  bits~4034
  [buffers_post] SEFI-block  phys=0x000000000596F000  start=0  size=1008 B  bits~4015
  [buffers_post] SEFI-block  phys=0x000000000596F000  start=0  size=1008 B  bits~4022
  [buffers_post] SEFI-block  phys=0x000000000596F000  start=0  size=1008 B  bits~4022
  [buffers_post] SEFI-block  phys=0x000000000596F000  start=0  size=1008 B  bits~3983
  [buffers_post] SEFI-block  phys=0x000000000596F000  start=0  size=1008 B  bits~4089
  [buffers_post] SEFI-block  phys=0x000000000596F000  start=0  size=1008 B  bits~4003
  [buffers_post] SEFI-block  phys=0x000000000596F000  start=0  size=1008 B  bits~4128
  [buffers_post] SEFI-block  phys=0x000000000596F000  start=0  size=1008 B  bits~4028
  [buffers_post] SEFI-block  phys=0x000000000596F000  start=0  size=1008 B  bits~4035
  [buffers_post] SEFI-block  phys=0x000000000596F000  start=0  size=1008 B  bits~4085
  [buffers_post] SEFI-block  phys=0x000000000596F000  start=0  size=1008 B  bits~4138
  [buffers_post] SEFI-block  phys=0x000000000596F000  start=0  size=1008 B  bits~4068
  [buffers_post] SEFI-block  phys=0x000000000596F000  start=0  size=1008 B  bits~4029
  [buffers_post] SEFI-block  phys=0x000000000596F000  start=0  size=1008 B  bits~4087
  [buffers_post] SEFI-block  phys=0x000000000596F000  start=0  size=1008 B  bits~4092
  [buffers_post] SEFI-block  phys=0x000000000596F000  start=0  size=1008 B  bits~4097
  [buffers_post] SEFI-block  phys=0x000000000596F000  start=0  size=1008 B  bits~4020
  [buffers_post] SEFI-block  phys=0x000000000596F000  start=0  size=1008 B  bits~4043
  [buffers_post] SEFI-block  phys=0x000000000596F000  start=0  size=1008 B  bits~4017
  [buffers_post] SEFI-block  phys=0x000000000596F000  start=0  size=1008 B  bits~4050
  [buffers_post] SEFI-block  phys=0x000000000596F000  start=0  size=1008 B  bits~4079
  [buffers_post] SEFI-block  phys=0x000000000596F000  start=0  size=1008 B  bits~4081
  [buffers_post] SEFI-block  phys=0x000000000596F000  start=0  size=1008 B  bits~4061
  [buffers_post] SEFI-block  phys=0x000000000596F000  start=0  size=1008 B  bits~4056
  [buffers_post] SEFI-block  phys=0x000000000596F000  start=0  size=1008 B  bits~4058
  [buffers_post] SEFI-block  phys=0x000000000596F000  start=0  size=1008 B  bits~4135
[Summary] target=buffers  baseline=75.00%  faulty=0.00%  recovery=0.00%
