[Setup] Input  data_fixed  size=150528 h=224 w=224
[Setup] Output fc1000_fixed  size=1000
[DDR4] Instructions: reg_val=0x1BD00  phys=0x000000001BD00000  size=742492 B
[DDR4] Weights:      phys=0x000000001BE00000  size=25726976 B
[DDR4] Input region: phys=0x000000001BA80000  total=152608 B  pixel_start=+2080 B
[Baseline] Accuracy: 75/100 = 75.00%

──── target=weights ────
  [transient-SEFI-row] SEFI-row  phys=0x000000001D5C0000  row_off=24903680  size=8192 B  bits~32685
  [transient-SEFI-row] SEFI-row  phys=0x000000001CE3A000  row_off=17014784  size=8192 B  bits~32954
  [transient-SEFI-row] SEFI-row  phys=0x000000001CFC2000  row_off=18620416  size=8192 B  bits~32551
  [transient-SEFI-row] SEFI-row  phys=0x000000001D124000  row_off=20070400  size=8192 B  bits~32791
  [transient-SEFI-row] SEFI-row  phys=0x000000001D160000  row_off=20316160  size=8192 B  bits~32955
  [transient-SEFI-row] SEFI-row  phys=0x000000001CFAE000  row_off=18538496  size=8192 B  bits~32962
  [transient-SEFI-row] SEFI-row  phys=0x000000001CF96000  row_off=18440192  size=8192 B  bits~32843
  [transient-SEFI-row] SEFI-row  phys=0x000000001C374000  row_off=5718016  size=8192 B  bits~32909
  [transient-SEFI-row] SEFI-row  phys=0x000000001CF5C000  row_off=18202624  size=8192 B  bits~32820
  [transient-SEFI-row] SEFI-row  phys=0x000000001C550000  row_off=7667712  size=8192 B  bits~33014
  [transient-SEFI-row] SEFI-row  phys=0x000000001CD48000  row_off=16023552  size=8192 B  bits~32754
  [transient-SEFI-row] SEFI-row  phys=0x000000001D434000  row_off=23281664  size=8192 B  bits~32837
  [transient-SEFI-row] SEFI-row  phys=0x000000001C44A000  row_off=6594560  size=8192 B  bits~32760
  [transient-SEFI-row] SEFI-row  phys=0x000000001C086000  row_off=2646016  size=8192 B  bits~32838
  [transient-SEFI-row] SEFI-row  phys=0x000000001CEDC000  row_off=17678336  size=8192 B  bits~32663
  [transient-SEFI-row] SEFI-row  phys=0x000000001D192000  row_off=20520960  size=8192 B  bits~32982
  [transient-SEFI-row] SEFI-row  phys=0x000000001CE3A000  row_off=17014784  size=8192 B  bits~32826
  [transient-SEFI-row] SEFI-row  phys=0x000000001C874000  row_off=10960896  size=8192 B  bits~32646
  [transient-SEFI-row] SEFI-row  phys=0x000000001C4A8000  row_off=6979584  size=8192 B  bits~33338
  [transient-SEFI-row] SEFI-row  phys=0x000000001C0F2000  row_off=3088384  size=8192 B  bits~32954
  [transient-SEFI-row] SEFI-row  phys=0x000000001CFCA000  row_off=18653184  size=8192 B  bits~32855
  [transient-SEFI-row] SEFI-row  phys=0x000000001C9D6000  row_off=12410880  size=8192 B  bits~32793
  [transient-SEFI-row] SEFI-row  phys=0x000000001D116000  row_off=20013056  size=8192 B  bits~32825
  [transient-SEFI-row] SEFI-row  phys=0x000000001C74A000  row_off=9740288  size=8192 B  bits~32651
  [transient-SEFI-row] SEFI-row  phys=0x000000001C2B0000  row_off=4915200  size=8192 B  bits~32932
  [transient-SEFI-row] SEFI-row  phys=0x000000001CFF4000  row_off=18825216  size=8192 B  bits~33032
  [transient-SEFI-row] SEFI-row  phys=0x000000001C094000  row_off=2703360  size=8192 B  bits~32959
  [transient-SEFI-row] SEFI-row  phys=0x000000001CFD0000  row_off=18677760  size=8192 B  bits~33102
  [transient-SEFI-row] SEFI-row  phys=0x000000001D1C8000  row_off=20742144  size=8192 B  bits~32922
  [transient-SEFI-row] SEFI-row  phys=0x000000001D55C000  row_off=24494080  size=8192 B  bits~32998
  [transient-SEFI-row] SEFI-row  phys=0x000000001CD0C000  row_off=15777792  size=8192 B  bits~32875
  [transient-SEFI-row] SEFI-row  phys=0x000000001CC0C000  row_off=14729216  size=8192 B  bits~32970
  [transient-SEFI-row] SEFI-row  phys=0x000000001CD44000  row_off=16007168  size=8192 B  bits~33035
  [transient-SEFI-row] SEFI-row  phys=0x000000001D600000  row_off=25165824  size=8192 B  bits~32856
  [transient-SEFI-row] SEFI-row  phys=0x000000001D42A000  row_off=23240704  size=8192 B  bits~33005
  [transient-SEFI-row] SEFI-row  phys=0x000000001D0AC000  row_off=19578880  size=8192 B  bits~32958
  [transient-SEFI-row] SEFI-row  phys=0x000000001C2EC000  row_off=5160960  size=8192 B  bits~33213
  [transient-SEFI-row] SEFI-row  phys=0x000000001C1E2000  row_off=4071424  size=8192 B  bits~32997
  [transient-SEFI-row] SEFI-row  phys=0x000000001C772000  row_off=9904128  size=8192 B  bits~32857
  [transient-SEFI-row] SEFI-row  phys=0x000000001D264000  row_off=21381120  size=8192 B  bits~32716
  [transient-SEFI-row] SEFI-row  phys=0x000000001D4DE000  row_off=23977984  size=8192 B  bits~32984
  [transient-SEFI-row] SEFI-row  phys=0x000000001CAFA000  row_off=13606912  size=8192 B  bits~32660
  [transient-SEFI-row] SEFI-row  phys=0x000000001C80E000  row_off=10543104  size=8192 B  bits~32792
  [transient-SEFI-row] SEFI-row  phys=0x000000001C5A4000  row_off=8011776  size=8192 B  bits~33030
  [transient-SEFI-row] SEFI-row  phys=0x000000001D542000  row_off=24387584  size=8192 B  bits~32915
  [transient-SEFI-row] SEFI-row  phys=0x000000001C8F4000  row_off=11485184  size=8192 B  bits~32783
  [transient-SEFI-row] SEFI-row  phys=0x000000001C05C000  row_off=2473984  size=8192 B  bits~33026
  [transient-SEFI-row] SEFI-row  phys=0x000000001C726000  row_off=9592832  size=8192 B  bits~32958
  [transient-SEFI-row] SEFI-row  phys=0x000000001CA74000  row_off=13058048  size=8192 B  bits~32946
  [transient-SEFI-row] SEFI-row  phys=0x000000001C392000  row_off=5840896  size=8192 B  bits~32988
  [transient-SEFI-row] SEFI-row  phys=0x000000001CCF4000  row_off=15679488  size=8192 B  bits~32937
  [transient-SEFI-row] SEFI-row  phys=0x000000001C3AA000  row_off=5939200  size=8192 B  bits~32779
  [transient-SEFI-row] SEFI-row  phys=0x000000001D0E6000  row_off=19816448  size=8192 B  bits~32679
  [transient-SEFI-row] SEFI-row  phys=0x000000001D31E000  row_off=22142976  size=8192 B  bits~32721
  [transient-SEFI-row] SEFI-row  phys=0x000000001C844000  row_off=10764288  size=8192 B  bits~32903
  [transient-SEFI-row] SEFI-row  phys=0x000000001D498000  row_off=23691264  size=8192 B  bits~32711
  [transient-SEFI-row] SEFI-row  phys=0x000000001C5A8000  row_off=8028160  size=8192 B  bits~33022
  [transient-SEFI-row] SEFI-row  phys=0x000000001C1C6000  row_off=3956736  size=8192 B  bits~32840
  [transient-SEFI-row] SEFI-row  phys=0x000000001CAD8000  row_off=13467648  size=8192 B  bits~32724
  [transient-SEFI-row] SEFI-row  phys=0x000000001C3AA000  row_off=5939200  size=8192 B  bits~32773
  [transient-SEFI-row] SEFI-row  phys=0x000000001BEF6000  row_off=1007616  size=8192 B  bits~33053
  [transient-SEFI-row] SEFI-row  phys=0x000000001C9FC000  row_off=12566528  size=8192 B  bits~32837
  [transient-SEFI-row] SEFI-row  phys=0x000000001D0E4000  row_off=19808256  size=8192 B  bits~32951
  [transient-SEFI-row] SEFI-row  phys=0x000000001CA20000  row_off=12713984  size=8192 B  bits~32789
  [transient-SEFI-row] SEFI-row  phys=0x000000001C090000  row_off=2686976  size=8192 B  bits~32854
  [transient-SEFI-row] SEFI-row  phys=0x000000001CDC6000  row_off=16539648  size=8192 B  bits~32648
  [transient-SEFI-row] SEFI-row  phys=0x000000001C994000  row_off=12140544  size=8192 B  bits~33046
  [transient-SEFI-row] SEFI-row  phys=0x000000001CCB4000  row_off=15417344  size=8192 B  bits~32896
  [transient-SEFI-row] SEFI-row  phys=0x000000001D676000  row_off=25649152  size=8192 B  bits~33048
  [transient-SEFI-row] SEFI-row  phys=0x000000001D274000  row_off=21446656  size=8192 B  bits~32831
  [transient-SEFI-row] SEFI-row  phys=0x000000001D2AC000  row_off=21676032  size=8192 B  bits~32976
  [transient-SEFI-row] SEFI-row  phys=0x000000001C210000  row_off=4259840  size=8192 B  bits~32884
  [transient-SEFI-row] SEFI-row  phys=0x000000001CFFE000  row_off=18866176  size=8192 B  bits~32983
  [transient-SEFI-row] SEFI-row  phys=0x000000001CC66000  row_off=15097856  size=8192 B  bits~32937
  [transient-SEFI-row] SEFI-row  phys=0x000000001CE54000  row_off=17121280  size=8192 B  bits~32815
  [transient-SEFI-row] SEFI-row  phys=0x000000001CCC8000  row_off=15499264  size=8192 B  bits~32844
  [transient-SEFI-row] SEFI-row  phys=0x000000001C664000  row_off=8798208  size=8192 B  bits~32859
  [transient-SEFI-row] SEFI-row  phys=0x000000001CCCA000  row_off=15507456  size=8192 B  bits~32919
  [transient-SEFI-row] SEFI-row  phys=0x000000001CCE2000  row_off=15605760  size=8192 B  bits~32836
  [transient-SEFI-row] SEFI-row  phys=0x000000001C8AE000  row_off=11198464  size=8192 B  bits~32751
  [transient-SEFI-row] SEFI-row  phys=0x000000001C18A000  row_off=3710976  size=8192 B  bits~32565
  [transient-SEFI-row] SEFI-row  phys=0x000000001C70C000  row_off=9486336  size=8192 B  bits~32892
  [transient-SEFI-row] SEFI-row  phys=0x000000001D546000  row_off=24403968  size=8192 B  bits~32978
  [transient-SEFI-row] SEFI-row  phys=0x000000001CCB0000  row_off=15400960  size=8192 B  bits~32768
  [transient-SEFI-row] SEFI-row  phys=0x000000001C064000  row_off=2506752  size=8192 B  bits~32839
  [transient-SEFI-row] SEFI-row  phys=0x000000001C6E4000  row_off=9322496  size=8192 B  bits~33102
  [transient-SEFI-row] SEFI-row  phys=0x000000001C474000  row_off=6766592  size=8192 B  bits~32845
  [transient-SEFI-row] SEFI-row  phys=0x000000001C7EE000  row_off=10412032  size=8192 B  bits~32990
  [transient-SEFI-row] SEFI-row  phys=0x000000001CB60000  row_off=14024704  size=8192 B  bits~32981
  [transient-SEFI-row] SEFI-row  phys=0x000000001CF9A000  row_off=18456576  size=8192 B  bits~32918
  [transient-SEFI-row] SEFI-row  phys=0x000000001C78E000  row_off=10018816  size=8192 B  bits~33123
  [transient-SEFI-row] SEFI-row  phys=0x000000001D39A000  row_off=22650880  size=8192 B  bits~32902
  [transient-SEFI-row] SEFI-row  phys=0x000000001D5F8000  row_off=25133056  size=8192 B  bits~32920
  [transient-SEFI-row] SEFI-row  phys=0x000000001C7D4000  row_off=10305536  size=8192 B  bits~32978
  [transient-SEFI-row] SEFI-row  phys=0x000000001D13E000  row_off=20176896  size=8192 B  bits~32950
  [transient-SEFI-row] SEFI-row  phys=0x000000001C7AA000  row_off=10133504  size=8192 B  bits~32802
  [transient-SEFI-row] SEFI-row  phys=0x000000001C296000  row_off=4808704  size=8192 B  bits~32866
  [transient-SEFI-row] SEFI-row  phys=0x000000001BF30000  row_off=1245184  size=8192 B  bits~32706
  [transient-SEFI-row] SEFI-row  phys=0x000000001C066000  row_off=2514944  size=8192 B  bits~32841
  [transient-SEFI-row] SEFI-row  phys=0x000000001C5FC000  row_off=8372224  size=8192 B  bits~32872
[Summary] target=weights  baseline=75.00%  faulty=75.00%  recovery=0.00%

──── target=input_tensor ────
  [transient-SEFI-row] SEFI-row  phys=0x000000001BA96820  row_off=90112  size=8192 B  bits~32966
  [transient-SEFI-row] SEFI-row  phys=0x000000001BA96820  row_off=90112  size=8192 B  bits~33193
  [transient-SEFI-row] SEFI-row  phys=0x000000001BA88820  row_off=32768  size=8192 B  bits~32808
  [transient-SEFI-row] SEFI-row  phys=0x000000001BA9A820  row_off=106496  size=8192 B  bits~32931
  [transient-SEFI-row] SEFI-row  phys=0x000000001BA86820  row_off=24576  size=8192 B  bits~33118
  [transient-SEFI-row] SEFI-row  phys=0x000000001BA96820  row_off=90112  size=8192 B  bits~33086
  [transient-SEFI-row] SEFI-row  phys=0x000000001BA84820  row_off=16384  size=8192 B  bits~32770
  [transient-SEFI-row] SEFI-row  phys=0x000000001BA8A820  row_off=40960  size=8192 B  bits~32852
  [transient-SEFI-row] SEFI-row  phys=0x000000001BA8C820  row_off=49152  size=8192 B  bits~32729
  [transient-SEFI-row] SEFI-row  phys=0x000000001BA86820  row_off=24576  size=8192 B  bits~32951
  [transient-SEFI-row] SEFI-row  phys=0x000000001BA9C820  row_off=114688  size=8192 B  bits~32992
  [transient-SEFI-row] SEFI-row  phys=0x000000001BA8E820  row_off=57344  size=8192 B  bits~33077
  [transient-SEFI-row] SEFI-row  phys=0x000000001BAA2820  row_off=139264  size=8192 B  bits~32778
  [transient-SEFI-row] SEFI-row  phys=0x000000001BA9E820  row_off=122880  size=8192 B  bits~32820
  [transient-SEFI-row] SEFI-row  phys=0x000000001BA82820  row_off=8192  size=8192 B  bits~32897
  [transient-SEFI-row] SEFI-row  phys=0x000000001BA88820  row_off=32768  size=8192 B  bits~32927
  [transient-SEFI-row] SEFI-row  phys=0x000000001BA90820  row_off=65536  size=8192 B  bits~32953
  [transient-SEFI-row] SEFI-row  phys=0x000000001BA8C820  row_off=49152  size=8192 B  bits~32847
  [transient-SEFI-row] SEFI-row  phys=0x000000001BA98820  row_off=98304  size=8192 B  bits~32793
  [transient-SEFI-row] SEFI-row  phys=0x000000001BA92820  row_off=73728  size=8192 B  bits~32867
  [transient-SEFI-row] SEFI-row  phys=0x000000001BA92820  row_off=73728  size=8192 B  bits~32979
  [transient-SEFI-row] SEFI-row  phys=0x000000001BA98820  row_off=98304  size=8192 B  bits~32613
  [transient-SEFI-row] SEFI-row  phys=0x000000001BA9A820  row_off=106496  size=8192 B  bits~32931
  [transient-SEFI-row] SEFI-row  phys=0x000000001BA86820  row_off=24576  size=8192 B  bits~33142
  [transient-SEFI-row] SEFI-row  phys=0x000000001BA8A820  row_off=40960  size=8192 B  bits~32984
  [transient-SEFI-row] SEFI-row  phys=0x000000001BAA2820  row_off=139264  size=8192 B  bits~33107
  [transient-SEFI-row] SEFI-row  phys=0x000000001BA86820  row_off=24576  size=8192 B  bits~32950
  [transient-SEFI-row] SEFI-row  phys=0x000000001BA90820  row_off=65536  size=8192 B  bits~32596
  [transient-SEFI-row] SEFI-row  phys=0x000000001BA90820  row_off=65536  size=8192 B  bits~32850
  [transient-SEFI-row] SEFI-row  phys=0x000000001BA96820  row_off=90112  size=8192 B  bits~33132
  [transient-SEFI-row] SEFI-row  phys=0x000000001BA92820  row_off=73728  size=8192 B  bits~32824
  [transient-SEFI-row] SEFI-row  phys=0x000000001BA90820  row_off=65536  size=8192 B  bits~32850
  [transient-SEFI-row] SEFI-row  phys=0x000000001BAA0820  row_off=131072  size=8192 B  bits~32824
  [transient-SEFI-row] SEFI-row  phys=0x000000001BA80820  row_off=0  size=8192 B  bits~32842
  [transient-SEFI-row] SEFI-row  phys=0x000000001BA8E820  row_off=57344  size=8192 B  bits~33216
  [transient-SEFI-row] SEFI-row  phys=0x000000001BA90820  row_off=65536  size=8192 B  bits~32913
  [transient-SEFI-row] SEFI-row  phys=0x000000001BA9A820  row_off=106496  size=8192 B  bits~32860
  [transient-SEFI-row] SEFI-row  phys=0x000000001BA9C820  row_off=114688  size=8192 B  bits~32973
  [transient-SEFI-row] SEFI-row  phys=0x000000001BA90820  row_off=65536  size=8192 B  bits~32725
  [transient-SEFI-row] SEFI-row  phys=0x000000001BA84820  row_off=16384  size=8192 B  bits~33016
  [transient-SEFI-row] SEFI-row  phys=0x000000001BA98820  row_off=98304  size=8192 B  bits~33023
  [transient-SEFI-row] SEFI-row  phys=0x000000001BA8A820  row_off=40960  size=8192 B  bits~32933
  [transient-SEFI-row] SEFI-row  phys=0x000000001BA86820  row_off=24576  size=8192 B  bits~32973
  [transient-SEFI-row] SEFI-row  phys=0x000000001BA9C820  row_off=114688  size=8192 B  bits~32973
  [transient-SEFI-row] SEFI-row  phys=0x000000001BA9E820  row_off=122880  size=8192 B  bits~33071
  [transient-SEFI-row] SEFI-row  phys=0x000000001BA84820  row_off=16384  size=8192 B  bits~32928
  [transient-SEFI-row] SEFI-row  phys=0x000000001BA84820  row_off=16384  size=8192 B  bits~32800
  [transient-SEFI-row] SEFI-row  phys=0x000000001BA82820  row_off=8192  size=8192 B  bits~32817
  [transient-SEFI-row] SEFI-row  phys=0x000000001BA96820  row_off=90112  size=8192 B  bits~32819
  [transient-SEFI-row] SEFI-row  phys=0x000000001BA8C820  row_off=49152  size=8192 B  bits~33083
  [transient-SEFI-row] SEFI-row  phys=0x000000001BA96820  row_off=90112  size=8192 B  bits~32764
  [transient-SEFI-row] SEFI-row  phys=0x000000001BA80820  row_off=0  size=8192 B  bits~33054
  [transient-SEFI-row] SEFI-row  phys=0x000000001BA8A820  row_off=40960  size=8192 B  bits~33029
  [transient-SEFI-row] SEFI-row  phys=0x000000001BAA0820  row_off=131072  size=8192 B  bits~32979
  [transient-SEFI-row] SEFI-row  phys=0x000000001BA82820  row_off=8192  size=8192 B  bits~33000
  [transient-SEFI-row] SEFI-row  phys=0x000000001BAA2820  row_off=139264  size=8192 B  bits~32879
  [transient-SEFI-row] SEFI-row  phys=0x000000001BA98820  row_off=98304  size=8192 B  bits~32718
  [transient-SEFI-row] SEFI-row  phys=0x000000001BA8A820  row_off=40960  size=8192 B  bits~33015
  [transient-SEFI-row] SEFI-row  phys=0x000000001BA86820  row_off=24576  size=8192 B  bits~32862
  [transient-SEFI-row] SEFI-row  phys=0x000000001BA9A820  row_off=106496  size=8192 B  bits~32742
  [transient-SEFI-row] SEFI-row  phys=0x000000001BA80820  row_off=0  size=8192 B  bits~32817
  [transient-SEFI-row] SEFI-row  phys=0x000000001BA8E820  row_off=57344  size=8192 B  bits~32671
  [transient-SEFI-row] SEFI-row  phys=0x000000001BA8C820  row_off=49152  size=8192 B  bits~32685
  [transient-SEFI-row] SEFI-row  phys=0x000000001BA8A820  row_off=40960  size=8192 B  bits~32714
  [transient-SEFI-row] SEFI-row  phys=0x000000001BA82820  row_off=8192  size=8192 B  bits~32808
  [transient-SEFI-row] SEFI-row  phys=0x000000001BAA2820  row_off=139264  size=8192 B  bits~32881
  [transient-SEFI-row] SEFI-row  phys=0x000000001BA98820  row_off=98304  size=8192 B  bits~32802
  [transient-SEFI-row] SEFI-row  phys=0x000000001BA82820  row_off=8192  size=8192 B  bits~33112
  [transient-SEFI-row] SEFI-row  phys=0x000000001BA8A820  row_off=40960  size=8192 B  bits~32740
  [transient-SEFI-row] SEFI-row  phys=0x000000001BA92820  row_off=73728  size=8192 B  bits~32797
  [transient-SEFI-row] SEFI-row  phys=0x000000001BA88820  row_off=32768  size=8192 B  bits~33067
  [transient-SEFI-row] SEFI-row  phys=0x000000001BA8A820  row_off=40960  size=8192 B  bits~33039
  [transient-SEFI-row] SEFI-row  phys=0x000000001BA86820  row_off=24576  size=8192 B  bits~32927
  [transient-SEFI-row] SEFI-row  phys=0x000000001BA8C820  row_off=49152  size=8192 B  bits~32907
  [transient-SEFI-row] SEFI-row  phys=0x000000001BA92820  row_off=73728  size=8192 B  bits~32810
  [transient-SEFI-row] SEFI-row  phys=0x000000001BAA2820  row_off=139264  size=8192 B  bits~32880
  [transient-SEFI-row] SEFI-row  phys=0x000000001BA8C820  row_off=49152  size=8192 B  bits~32933
  [transient-SEFI-row] SEFI-row  phys=0x000000001BA94820  row_off=81920  size=8192 B  bits~32640
  [transient-SEFI-row] SEFI-row  phys=0x000000001BA8A820  row_off=40960  size=8192 B  bits~32939
  [transient-SEFI-row] SEFI-row  phys=0x000000001BA90820  row_off=65536  size=8192 B  bits~32580
  [transient-SEFI-row] SEFI-row  phys=0x000000001BA86820  row_off=24576  size=8192 B  bits~32746
  [transient-SEFI-row] SEFI-row  phys=0x000000001BA8A820  row_off=40960  size=8192 B  bits~32792
  [transient-SEFI-row] SEFI-row  phys=0x000000001BAA0820  row_off=131072  size=8192 B  bits~32930
  [transient-SEFI-row] SEFI-row  phys=0x000000001BA98820  row_off=98304  size=8192 B  bits~32700
  [transient-SEFI-row] SEFI-row  phys=0x000000001BA86820  row_off=24576  size=8192 B  bits~32980
  [transient-SEFI-row] SEFI-row  phys=0x000000001BA8E820  row_off=57344  size=8192 B  bits~33021
  [transient-SEFI-row] SEFI-row  phys=0x000000001BA92820  row_off=73728  size=8192 B  bits~32910
  [transient-SEFI-row] SEFI-row  phys=0x000000001BA96820  row_off=90112  size=8192 B  bits~32834
  [transient-SEFI-row] SEFI-row  phys=0x000000001BA84820  row_off=16384  size=8192 B  bits~32919
  [transient-SEFI-row] SEFI-row  phys=0x000000001BA90820  row_off=65536  size=8192 B  bits~32914
  [transient-SEFI-row] SEFI-row  phys=0x000000001BA9C820  row_off=114688  size=8192 B  bits~33026
  [transient-SEFI-row] SEFI-row  phys=0x000000001BA8E820  row_off=57344  size=8192 B  bits~32656
  [transient-SEFI-row] SEFI-row  phys=0x000000001BA86820  row_off=24576  size=8192 B  bits~32683
  [transient-SEFI-row] SEFI-row  phys=0x000000001BA9C820  row_off=114688  size=8192 B  bits~32780
  [transient-SEFI-row] SEFI-row  phys=0x000000001BA9C820  row_off=114688  size=8192 B  bits~32840
  [transient-SEFI-row] SEFI-row  phys=0x000000001BA82820  row_off=8192  size=8192 B  bits~32943
  [transient-SEFI-row] SEFI-row  phys=0x000000001BAA2820  row_off=139264  size=8192 B  bits~33083
  [transient-SEFI-row] SEFI-row  phys=0x000000001BA8C820  row_off=49152  size=8192 B  bits~32722
  [transient-SEFI-row] SEFI-row  phys=0x000000001BA86820  row_off=24576  size=8192 B  bits~33149
  [transient-SEFI-row] SEFI-row  phys=0x000000001BAA2820  row_off=139264  size=8192 B  bits~33064
[Summary] target=input_tensor  baseline=75.00%  faulty=75.00%  recovery=0.00%

──── target=buffers ────
  [buffers_post] SEFI-block  phys=0x000000000430A000  start=0  size=1008 B  bits~4043
  [buffers_post] SEFI-block  phys=0x000000000430A000  start=0  size=1008 B  bits~4037
  [buffers_post] SEFI-block  phys=0x000000000430A000  start=0  size=1008 B  bits~4036
  [buffers_post] SEFI-block  phys=0x000000000430A000  start=0  size=1008 B  bits~4068
  [buffers_post] SEFI-block  phys=0x000000000430A000  start=0  size=1008 B  bits~4054
  [buffers_post] SEFI-block  phys=0x000000000430A000  start=0  size=1008 B  bits~4028
  [buffers_post] SEFI-block  phys=0x000000000430A000  start=0  size=1008 B  bits~4086
  [buffers_post] SEFI-block  phys=0x000000000430A000  start=0  size=1008 B  bits~4046
  [buffers_post] SEFI-block  phys=0x000000000430A000  start=0  size=1008 B  bits~4085
  [buffers_post] SEFI-block  phys=0x000000000430A000  start=0  size=1008 B  bits~3994
  [buffers_post] SEFI-block  phys=0x000000000430A000  start=0  size=1008 B  bits~3991
  [buffers_post] SEFI-block  phys=0x000000000430A000  start=0  size=1008 B  bits~4060
  [buffers_post] SEFI-block  phys=0x000000000430A000  start=0  size=1008 B  bits~4049
  [buffers_post] SEFI-block  phys=0x000000000430A000  start=0  size=1008 B  bits~4059
  [buffers_post] SEFI-block  phys=0x000000000430A000  start=0  size=1008 B  bits~4004
  [buffers_post] SEFI-block  phys=0x000000000430A000  start=0  size=1008 B  bits~4078
  [buffers_post] SEFI-block  phys=0x000000000430A000  start=0  size=1008 B  bits~4074
  [buffers_post] SEFI-block  phys=0x000000000430A000  start=0  size=1008 B  bits~4059
  [buffers_post] SEFI-block  phys=0x000000000430A000  start=0  size=1008 B  bits~4054
  [buffers_post] SEFI-block  phys=0x000000000430A000  start=0  size=1008 B  bits~4021
  [buffers_post] SEFI-block  phys=0x000000000430A000  start=0  size=1008 B  bits~4063
  [buffers_post] SEFI-block  phys=0x000000000430A000  start=0  size=1008 B  bits~4035
  [buffers_post] SEFI-block  phys=0x000000000430A000  start=0  size=1008 B  bits~3988
  [buffers_post] SEFI-block  phys=0x000000000430A000  start=0  size=1008 B  bits~4082
  [buffers_post] SEFI-block  phys=0x000000000430A000  start=0  size=1008 B  bits~3987
  [buffers_post] SEFI-block  phys=0x000000000430A000  start=0  size=1008 B  bits~4011
  [buffers_post] SEFI-block  phys=0x000000000430A000  start=0  size=1008 B  bits~4080
  [buffers_post] SEFI-block  phys=0x000000000430A000  start=0  size=1008 B  bits~4148
  [buffers_post] SEFI-block  phys=0x000000000430A000  start=0  size=1008 B  bits~4048
  [buffers_post] SEFI-block  phys=0x000000000430A000  start=0  size=1008 B  bits~4030
  [buffers_post] SEFI-block  phys=0x000000000430A000  start=0  size=1008 B  bits~4094
  [buffers_post] SEFI-block  phys=0x000000000430A000  start=0  size=1008 B  bits~4028
  [buffers_post] SEFI-block  phys=0x000000000430A000  start=0  size=1008 B  bits~4076
  [buffers_post] SEFI-block  phys=0x000000000430A000  start=0  size=1008 B  bits~4022
  [buffers_post] SEFI-block  phys=0x000000000430A000  start=0  size=1008 B  bits~3976
  [buffers_post] SEFI-block  phys=0x000000000430A000  start=0  size=1008 B  bits~4054
  [buffers_post] SEFI-block  phys=0x000000000430A000  start=0  size=1008 B  bits~4084
  [buffers_post] SEFI-block  phys=0x000000000430A000  start=0  size=1008 B  bits~4110
  [buffers_post] SEFI-block  phys=0x000000000430A000  start=0  size=1008 B  bits~4051
  [buffers_post] SEFI-block  phys=0x000000000430A000  start=0  size=1008 B  bits~4039
  [buffers_post] SEFI-block  phys=0x000000000430A000  start=0  size=1008 B  bits~3976
  [buffers_post] SEFI-block  phys=0x000000000430A000  start=0  size=1008 B  bits~4022
  [buffers_post] SEFI-block  phys=0x000000000430A000  start=0  size=1008 B  bits~4067
  [buffers_post] SEFI-block  phys=0x000000000430A000  start=0  size=1008 B  bits~3964
  [buffers_post] SEFI-block  phys=0x000000000430A000  start=0  size=1008 B  bits~4016
  [buffers_post] SEFI-block  phys=0x000000000430A000  start=0  size=1008 B  bits~3993
  [buffers_post] SEFI-block  phys=0x000000000430A000  start=0  size=1008 B  bits~4046
  [buffers_post] SEFI-block  phys=0x000000000430A000  start=0  size=1008 B  bits~4030
  [buffers_post] SEFI-block  phys=0x000000000430A000  start=0  size=1008 B  bits~4170
  [buffers_post] SEFI-block  phys=0x000000000430A000  start=0  size=1008 B  bits~4113
  [buffers_post] SEFI-block  phys=0x000000000430A000  start=0  size=1008 B  bits~3998
  [buffers_post] SEFI-block  phys=0x000000000430A000  start=0  size=1008 B  bits~3992
  [buffers_post] SEFI-block  phys=0x000000000430A000  start=0  size=1008 B  bits~4021
  [buffers_post] SEFI-block  phys=0x000000000430A000  start=0  size=1008 B  bits~4005
  [buffers_post] SEFI-block  phys=0x000000000430A000  start=0  size=1008 B  bits~3991
  [buffers_post] SEFI-block  phys=0x000000000430A000  start=0  size=1008 B  bits~4074
  [buffers_post] SEFI-block  phys=0x000000000430A000  start=0  size=1008 B  bits~4051
  [buffers_post] SEFI-block  phys=0x000000000430A000  start=0  size=1008 B  bits~4015
  [buffers_post] SEFI-block  phys=0x000000000430A000  start=0  size=1008 B  bits~4024
  [buffers_post] SEFI-block  phys=0x000000000430A000  start=0  size=1008 B  bits~4042
  [buffers_post] SEFI-block  phys=0x000000000430A000  start=0  size=1008 B  bits~4069
  [buffers_post] SEFI-block  phys=0x000000000430A000  start=0  size=1008 B  bits~4095
  [buffers_post] SEFI-block  phys=0x000000000430A000  start=0  size=1008 B  bits~4065
  [buffers_post] SEFI-block  phys=0x000000000430A000  start=0  size=1008 B  bits~4054
  [buffers_post] SEFI-block  phys=0x000000000430A000  start=0  size=1008 B  bits~4093
  [buffers_post] SEFI-block  phys=0x000000000430A000  start=0  size=1008 B  bits~4024
  [buffers_post] SEFI-block  phys=0x000000000430A000  start=0  size=1008 B  bits~4112
  [buffers_post] SEFI-block  phys=0x000000000430A000  start=0  size=1008 B  bits~4048
  [buffers_post] SEFI-block  phys=0x000000000430A000  start=0  size=1008 B  bits~4000
  [buffers_post] SEFI-block  phys=0x000000000430A000  start=0  size=1008 B  bits~4040
  [buffers_post] SEFI-block  phys=0x000000000430A000  start=0  size=1008 B  bits~4048
  [buffers_post] SEFI-block  phys=0x000000000430A000  start=0  size=1008 B  bits~4004
  [buffers_post] SEFI-block  phys=0x000000000430A000  start=0  size=1008 B  bits~4096
  [buffers_post] SEFI-block  phys=0x000000000430A000  start=0  size=1008 B  bits~4057
  [buffers_post] SEFI-block  phys=0x000000000430A000  start=0  size=1008 B  bits~4055
  [buffers_post] SEFI-block  phys=0x000000000430A000  start=0  size=1008 B  bits~4041
  [buffers_post] SEFI-block  phys=0x000000000430A000  start=0  size=1008 B  bits~4108
  [buffers_post] SEFI-block  phys=0x000000000430A000  start=0  size=1008 B  bits~3956
  [buffers_post] SEFI-block  phys=0x000000000430A000  start=0  size=1008 B  bits~3947
  [buffers_post] SEFI-block  phys=0x000000000430A000  start=0  size=1008 B  bits~4077
  [buffers_post] SEFI-block  phys=0x000000000430A000  start=0  size=1008 B  bits~4063
  [buffers_post] SEFI-block  phys=0x000000000430A000  start=0  size=1008 B  bits~4026
  [buffers_post] SEFI-block  phys=0x000000000430A000  start=0  size=1008 B  bits~4028
  [buffers_post] SEFI-block  phys=0x000000000430A000  start=0  size=1008 B  bits~4062
  [buffers_post] SEFI-block  phys=0x000000000430A000  start=0  size=1008 B  bits~4028
  [buffers_post] SEFI-block  phys=0x000000000430A000  start=0  size=1008 B  bits~4019
  [buffers_post] SEFI-block  phys=0x000000000430A000  start=0  size=1008 B  bits~3996
  [buffers_post] SEFI-block  phys=0x000000000430A000  start=0  size=1008 B  bits~4015
  [buffers_post] SEFI-block  phys=0x000000000430A000  start=0  size=1008 B  bits~4016
  [buffers_post] SEFI-block  phys=0x000000000430A000  start=0  size=1008 B  bits~3986
  [buffers_post] SEFI-block  phys=0x000000000430A000  start=0  size=1008 B  bits~4069
  [buffers_post] SEFI-block  phys=0x000000000430A000  start=0  size=1008 B  bits~4030
  [buffers_post] SEFI-block  phys=0x000000000430A000  start=0  size=1008 B  bits~3933
  [buffers_post] SEFI-block  phys=0x000000000430A000  start=0  size=1008 B  bits~4073
  [buffers_post] SEFI-block  phys=0x000000000430A000  start=0  size=1008 B  bits~4100
  [buffers_post] SEFI-block  phys=0x000000000430A000  start=0  size=1008 B  bits~4001
  [buffers_post] SEFI-block  phys=0x000000000430A000  start=0  size=1008 B  bits~4049
  [buffers_post] SEFI-block  phys=0x000000000430A000  start=0  size=1008 B  bits~4027
  [buffers_post] SEFI-block  phys=0x000000000430A000  start=0  size=1008 B  bits~4062
  [buffers_post] SEFI-block  phys=0x000000000430A000  start=0  size=1008 B  bits~4136
[Summary] target=buffers  baseline=75.00%  faulty=0.00%  recovery=0.00%
