[Setup] Input  data_fixed  size=150528 h=224 w=224
[Setup] Output fc1000_fixed  size=1000
[DDR4] Instructions: reg_val=0x1BD00  phys=0x000000001BD00000  size=742492 B
[DDR4] Weights:      phys=0x000000001BE00000  size=25726976 B
[Baseline] Accuracy: 75/100 = 75.00%

──── target=buffers ────
  [buffers_post] SEFI-block  phys=0x0000000006DCA000  start=0  size=1008 B  bits~3977
  [buffers_post] SEFI-block  phys=0x0000000006DCA000  start=0  size=1008 B  bits~4029
  [buffers_post] SEFI-block  phys=0x0000000006DCA000  start=0  size=1008 B  bits~4027
  [buffers_post] SEFI-block  phys=0x0000000006DCA000  start=0  size=1008 B  bits~4130
  [buffers_post] SEFI-block  phys=0x0000000006DCA000  start=0  size=1008 B  bits~4031
  [buffers_post] SEFI-block  phys=0x0000000006DCA000  start=0  size=1008 B  bits~4085
  [buffers_post] SEFI-block  phys=0x0000000006DCA000  start=0  size=1008 B  bits~4016
  [buffers_post] SEFI-block  phys=0x0000000006DCA000  start=0  size=1008 B  bits~3979
  [buffers_post] SEFI-block  phys=0x0000000006DCA000  start=0  size=1008 B  bits~4086
  [buffers_post] SEFI-block  phys=0x0000000006DCA000  start=0  size=1008 B  bits~4073
  [buffers_post] SEFI-block  phys=0x0000000006DCA000  start=0  size=1008 B  bits~4031
  [buffers_post] SEFI-block  phys=0x0000000006DCA000  start=0  size=1008 B  bits~4113
  [buffers_post] SEFI-block  phys=0x0000000006DCA000  start=0  size=1008 B  bits~4034
  [buffers_post] SEFI-block  phys=0x0000000006DCA000  start=0  size=1008 B  bits~4127
  [buffers_post] SEFI-block  phys=0x0000000006DCA000  start=0  size=1008 B  bits~4106
  [buffers_post] SEFI-block  phys=0x0000000006DCA000  start=0  size=1008 B  bits~4042
  [buffers_post] SEFI-block  phys=0x0000000006DCA000  start=0  size=1008 B  bits~4091
  [buffers_post] SEFI-block  phys=0x0000000006DCA000  start=0  size=1008 B  bits~4063
  [buffers_post] SEFI-block  phys=0x0000000006DCA000  start=0  size=1008 B  bits~4038
  [buffers_post] SEFI-block  phys=0x0000000006DCA000  start=0  size=1008 B  bits~4041
  [buffers_post] SEFI-block  phys=0x0000000006DCA000  start=0  size=1008 B  bits~4072
  [buffers_post] SEFI-block  phys=0x0000000006DCA000  start=0  size=1008 B  bits~3976
  [buffers_post] SEFI-block  phys=0x0000000006DCA000  start=0  size=1008 B  bits~4073
  [buffers_post] SEFI-block  phys=0x0000000006DCA000  start=0  size=1008 B  bits~3992
  [buffers_post] SEFI-block  phys=0x0000000006DCA000  start=0  size=1008 B  bits~3997
  [buffers_post] SEFI-block  phys=0x0000000006DCA000  start=0  size=1008 B  bits~4053
  [buffers_post] SEFI-block  phys=0x0000000006DCA000  start=0  size=1008 B  bits~4115
  [buffers_post] SEFI-block  phys=0x0000000006DCA000  start=0  size=1008 B  bits~4087
  [buffers_post] SEFI-block  phys=0x0000000006DCA000  start=0  size=1008 B  bits~4068
  [buffers_post] SEFI-block  phys=0x0000000006DCA000  start=0  size=1008 B  bits~4010
  [buffers_post] SEFI-block  phys=0x0000000006DCA000  start=0  size=1008 B  bits~4044
  [buffers_post] SEFI-block  phys=0x0000000006DCA000  start=0  size=1008 B  bits~4070
  [buffers_post] SEFI-block  phys=0x0000000006DCA000  start=0  size=1008 B  bits~4001
  [buffers_post] SEFI-block  phys=0x0000000006DCA000  start=0  size=1008 B  bits~4080
  [buffers_post] SEFI-block  phys=0x0000000006DCA000  start=0  size=1008 B  bits~4053
  [buffers_post] SEFI-block  phys=0x0000000006DCA000  start=0  size=1008 B  bits~4023
  [buffers_post] SEFI-block  phys=0x0000000006DCA000  start=0  size=1008 B  bits~3973
  [buffers_post] SEFI-block  phys=0x0000000006DCA000  start=0  size=1008 B  bits~4033
  [buffers_post] SEFI-block  phys=0x0000000006DCA000  start=0  size=1008 B  bits~4083
  [buffers_post] SEFI-block  phys=0x0000000006DCA000  start=0  size=1008 B  bits~3997
  [buffers_post] SEFI-block  phys=0x0000000006DCA000  start=0  size=1008 B  bits~3986
  [buffers_post] SEFI-block  phys=0x0000000006DCA000  start=0  size=1008 B  bits~4062
  [buffers_post] SEFI-block  phys=0x0000000006DCA000  start=0  size=1008 B  bits~4072
  [buffers_post] SEFI-block  phys=0x0000000006DCA000  start=0  size=1008 B  bits~4108
  [buffers_post] SEFI-block  phys=0x0000000006DCA000  start=0  size=1008 B  bits~4046
  [buffers_post] SEFI-block  phys=0x0000000006DCA000  start=0  size=1008 B  bits~4059
  [buffers_post] SEFI-block  phys=0x0000000006DCA000  start=0  size=1008 B  bits~4083
  [buffers_post] SEFI-block  phys=0x0000000006DCA000  start=0  size=1008 B  bits~4013
  [buffers_post] SEFI-block  phys=0x0000000006DCA000  start=0  size=1008 B  bits~3969
  [buffers_post] SEFI-block  phys=0x0000000006DCA000  start=0  size=1008 B  bits~4080
  [buffers_post] SEFI-block  phys=0x0000000006DCA000  start=0  size=1008 B  bits~4092
  [buffers_post] SEFI-block  phys=0x0000000006DCA000  start=0  size=1008 B  bits~4082
  [buffers_post] SEFI-block  phys=0x0000000006DCA000  start=0  size=1008 B  bits~4099
  [buffers_post] SEFI-block  phys=0x0000000006DCA000  start=0  size=1008 B  bits~4051
  [buffers_post] SEFI-block  phys=0x0000000006DCA000  start=0  size=1008 B  bits~4100
  [buffers_post] SEFI-block  phys=0x0000000006DCA000  start=0  size=1008 B  bits~4021
  [buffers_post] SEFI-block  phys=0x0000000006DCA000  start=0  size=1008 B  bits~4019
  [buffers_post] SEFI-block  phys=0x0000000006DCA000  start=0  size=1008 B  bits~4079
  [buffers_post] SEFI-block  phys=0x0000000006DCA000  start=0  size=1008 B  bits~4150
  [buffers_post] SEFI-block  phys=0x0000000006DCA000  start=0  size=1008 B  bits~4066
  [buffers_post] SEFI-block  phys=0x0000000006DCA000  start=0  size=1008 B  bits~4032
  [buffers_post] SEFI-block  phys=0x0000000006DCA000  start=0  size=1008 B  bits~4095
  [buffers_post] SEFI-block  phys=0x0000000006DCA000  start=0  size=1008 B  bits~4060
  [buffers_post] SEFI-block  phys=0x0000000006DCA000  start=0  size=1008 B  bits~4107
  [buffers_post] SEFI-block  phys=0x0000000006DCA000  start=0  size=1008 B  bits~3998
  [buffers_post] SEFI-block  phys=0x0000000006DCA000  start=0  size=1008 B  bits~4057
  [buffers_post] SEFI-block  phys=0x0000000006DCA000  start=0  size=1008 B  bits~4025
  [buffers_post] SEFI-block  phys=0x0000000006DCA000  start=0  size=1008 B  bits~4006
  [buffers_post] SEFI-block  phys=0x0000000006DCA000  start=0  size=1008 B  bits~3966
  [buffers_post] SEFI-block  phys=0x0000000006DCA000  start=0  size=1008 B  bits~4027
  [buffers_post] SEFI-block  phys=0x0000000006DCA000  start=0  size=1008 B  bits~4004
  [buffers_post] SEFI-block  phys=0x0000000006DCA000  start=0  size=1008 B  bits~4050
  [buffers_post] SEFI-block  phys=0x0000000006DCA000  start=0  size=1008 B  bits~4082
  [buffers_post] SEFI-block  phys=0x0000000006DCA000  start=0  size=1008 B  bits~4086
  [buffers_post] SEFI-block  phys=0x0000000006DCA000  start=0  size=1008 B  bits~3976
  [buffers_post] SEFI-block  phys=0x0000000006DCA000  start=0  size=1008 B  bits~4047
  [buffers_post] SEFI-block  phys=0x0000000006DCA000  start=0  size=1008 B  bits~4026
  [buffers_post] SEFI-block  phys=0x0000000006DCA000  start=0  size=1008 B  bits~4122
  [buffers_post] SEFI-block  phys=0x0000000006DCA000  start=0  size=1008 B  bits~4043
  [buffers_post] SEFI-block  phys=0x0000000006DCA000  start=0  size=1008 B  bits~4077
  [buffers_post] SEFI-block  phys=0x0000000006DCA000  start=0  size=1008 B  bits~4060
  [buffers_post] SEFI-block  phys=0x0000000006DCA000  start=0  size=1008 B  bits~3998
  [buffers_post] SEFI-block  phys=0x0000000006DCA000  start=0  size=1008 B  bits~4105
  [buffers_post] SEFI-block  phys=0x0000000006DCA000  start=0  size=1008 B  bits~3985
  [buffers_post] SEFI-block  phys=0x0000000006DCA000  start=0  size=1008 B  bits~4099
  [buffers_post] SEFI-block  phys=0x0000000006DCA000  start=0  size=1008 B  bits~3981
  [buffers_post] SEFI-block  phys=0x0000000006DCA000  start=0  size=1008 B  bits~4000
  [buffers_post] SEFI-block  phys=0x0000000006DCA000  start=0  size=1008 B  bits~4017
  [buffers_post] SEFI-block  phys=0x0000000006DCA000  start=0  size=1008 B  bits~4045
  [buffers_post] SEFI-block  phys=0x0000000006DCA000  start=0  size=1008 B  bits~4007
  [buffers_post] SEFI-block  phys=0x0000000006DCA000  start=0  size=1008 B  bits~3981
  [buffers_post] SEFI-block  phys=0x0000000006DCA000  start=0  size=1008 B  bits~4077
  [buffers_post] SEFI-block  phys=0x0000000006DCA000  start=0  size=1008 B  bits~4105
  [buffers_post] SEFI-block  phys=0x0000000006DCA000  start=0  size=1008 B  bits~4101
  [buffers_post] SEFI-block  phys=0x0000000006DCA000  start=0  size=1008 B  bits~4015
  [buffers_post] SEFI-block  phys=0x0000000006DCA000  start=0  size=1008 B  bits~4027
  [buffers_post] SEFI-block  phys=0x0000000006DCA000  start=0  size=1008 B  bits~4098
  [buffers_post] SEFI-block  phys=0x0000000006DCA000  start=0  size=1008 B  bits~4060
  [buffers_post] SEFI-block  phys=0x0000000006DCA000  start=0  size=1008 B  bits~3988
  [buffers_post] SEFI-block  phys=0x0000000006DCA000  start=0  size=1008 B  bits~4074
[Summary] target=buffers  baseline=75.00%  faulty=0.00%  recovery=0.00%
