[Setup] Input  data_fixed  size=150528 h=224 w=224
[Setup] Output fc1000_fixed  size=1000
[DDR4] Instructions: reg_val=0x1BD00  phys=0x000000001BD00000  size=742492 B
[DDR4] Weights:      phys=0x000000001BE00000  size=25726976 B
[DDR4] Input tensor: phys=0x000000001BA80000  total=152608 B  pixel_start=+2080 B
[Baseline] Accuracy: 75/100 = 75.00%

──── target=weights ────
  [SEFI-block] SEFI-block  phys=0x000000001C538A13  start=7571987  size=4096 B  bits~16588
  [SEFI-block] SEFI-block  phys=0x000000001CCFD58A  start=15717770  size=4096 B  bits~16453
  [SEFI-block] SEFI-block  phys=0x000000001C4543DC  start=6636508  size=4096 B  bits~16326
  [SEFI-block] SEFI-block  phys=0x000000001C8FF9D9  start=11532761  size=4096 B  bits~16488
  [SEFI-block] SEFI-block  phys=0x000000001CE7753B  start=17265979  size=4096 B  bits~16317
  [SEFI-block] SEFI-block  phys=0x000000001BE07E2D  start=32301  size=4096 B  bits~16613
  [SEFI-block] SEFI-block  phys=0x000000001CB28FBC  start=13799356  size=4096 B  bits~16396
  [SEFI-block] SEFI-block  phys=0x000000001D4FDEC8  start=24108744  size=4096 B  bits~16569
  [SEFI-block] SEFI-block  phys=0x000000001CCEE2AB  start=15655595  size=4096 B  bits~16502
  [SEFI-block] SEFI-block  phys=0x000000001D2519A8  start=21305768  size=4096 B  bits~16374
  [SEFI-block] SEFI-block  phys=0x000000001D5073CC  start=24146892  size=4096 B  bits~16439
  [SEFI-block] SEFI-block  phys=0x000000001C95F42A  start=11924522  size=4096 B  bits~16436
  [SEFI-block] SEFI-block  phys=0x000000001CAE37AC  start=13514668  size=4096 B  bits~16438
  [SEFI-block] SEFI-block  phys=0x000000001C535B43  start=7560003  size=4096 B  bits~16513
  [SEFI-block] SEFI-block  phys=0x000000001CE02F26  start=16789286  size=4096 B  bits~16525
  [SEFI-block] SEFI-block  phys=0x000000001C01665E  start=2188894  size=4096 B  bits~16617
  [SEFI-block] SEFI-block  phys=0x000000001CA128A7  start=12658855  size=4096 B  bits~16520
  [SEFI-block] SEFI-block  phys=0x000000001C19AB14  start=3779348  size=4096 B  bits~16623
  [SEFI-block] SEFI-block  phys=0x000000001CC87559  start=15234393  size=4096 B  bits~16417
  [SEFI-block] SEFI-block  phys=0x000000001C0EBF2F  start=3063599  size=4096 B  bits~16463
  [SEFI-block] SEFI-block  phys=0x000000001CB551CE  start=13980110  size=4096 B  bits~16472
  [SEFI-block] SEFI-block  phys=0x000000001CE7F687  start=17299079  size=4096 B  bits~16578
  [SEFI-block] SEFI-block  phys=0x000000001BF658A2  start=1464482  size=4096 B  bits~16349
  [SEFI-block] SEFI-block  phys=0x000000001CC17DE3  start=14777827  size=4096 B  bits~16554
  [SEFI-block] SEFI-block  phys=0x000000001BE384BD  start=230589  size=4096 B  bits~16396
  [SEFI-block] SEFI-block  phys=0x000000001CD883A1  start=16286625  size=4096 B  bits~16365
  [SEFI-block] SEFI-block  phys=0x000000001C205047  start=4214855  size=4096 B  bits~16533
  [SEFI-block] SEFI-block  phys=0x000000001C9452CC  start=11817676  size=4096 B  bits~16464
  [SEFI-block] SEFI-block  phys=0x000000001CFCC4A8  start=18662568  size=4096 B  bits~16301
  [SEFI-block] SEFI-block  phys=0x000000001D20F475  start=21034101  size=4096 B  bits~16499
  [SEFI-block] SEFI-block  phys=0x000000001C929110  start=11702544  size=4096 B  bits~16399
  [SEFI-block] SEFI-block  phys=0x000000001C3AEF0B  start=5959435  size=4096 B  bits~16324
  [SEFI-block] SEFI-block  phys=0x000000001C19C704  start=3786500  size=4096 B  bits~16429
  [SEFI-block] SEFI-block  phys=0x000000001CA210ED  start=12718317  size=4096 B  bits~16551
  [SEFI-block] SEFI-block  phys=0x000000001C536DCC  start=7564748  size=4096 B  bits~16445
  [SEFI-block] SEFI-block  phys=0x000000001C6574FC  start=8746236  size=4096 B  bits~16284
  [SEFI-block] SEFI-block  phys=0x000000001C828881  start=10651777  size=4096 B  bits~16574
  [SEFI-block] SEFI-block  phys=0x000000001C5A8AA3  start=8030883  size=4096 B  bits~16704
  [SEFI-block] SEFI-block  phys=0x000000001BE4FB05  start=326405  size=4096 B  bits~16590
  [SEFI-block] SEFI-block  phys=0x000000001C21C60C  start=4310540  size=4096 B  bits~16530
  [SEFI-block] SEFI-block  phys=0x000000001C5E3076  start=8269942  size=4096 B  bits~16552
  [SEFI-block] SEFI-block  phys=0x000000001C40DE75  start=6348405  size=4096 B  bits~16327
  [SEFI-block] SEFI-block  phys=0x000000001C88F60E  start=11073038  size=4096 B  bits~16512
  [SEFI-block] SEFI-block  phys=0x000000001CADAAFC  start=13478652  size=4096 B  bits~16327
  [SEFI-block] SEFI-block  phys=0x000000001C5F4296  start=8340118  size=4096 B  bits~16408
  [SEFI-block] SEFI-block  phys=0x000000001CCB98E0  start=15440096  size=4096 B  bits~16330
  [SEFI-block] SEFI-block  phys=0x000000001CD3BEF7  start=15974135  size=4096 B  bits~16454
  [SEFI-block] SEFI-block  phys=0x000000001D3A515C  start=22696284  size=4096 B  bits~16592
  [SEFI-block] SEFI-block  phys=0x000000001D395566  start=22631782  size=4096 B  bits~16200
  [SEFI-block] SEFI-block  phys=0x000000001C9FB0AB  start=12562603  size=4096 B  bits~16523
  [SEFI-block] SEFI-block  phys=0x000000001D628BC7  start=25332679  size=4096 B  bits~16454
  [SEFI-block] SEFI-block  phys=0x000000001C090791  start=2688913  size=4096 B  bits~16422
  [SEFI-block] SEFI-block  phys=0x000000001CECE2EE  start=17621742  size=4096 B  bits~16411
  [SEFI-block] SEFI-block  phys=0x000000001D65AAFD  start=25537277  size=4096 B  bits~16610
  [SEFI-block] SEFI-block  phys=0x000000001D208951  start=21006673  size=4096 B  bits~16592
  [SEFI-block] SEFI-block  phys=0x000000001BEFAF8B  start=1027979  size=4096 B  bits~16388
  [SEFI-block] SEFI-block  phys=0x000000001C72042B  start=9569323  size=4096 B  bits~16262
  [SEFI-block] SEFI-block  phys=0x000000001D35D220  start=22401568  size=4096 B  bits~16404
  [SEFI-block] SEFI-block  phys=0x000000001CFB2673  start=18556531  size=4096 B  bits~16301
  [SEFI-block] SEFI-block  phys=0x000000001D25F84F  start=21362767  size=4096 B  bits~16488
  [SEFI-block] SEFI-block  phys=0x000000001CA6EA23  start=13036067  size=4096 B  bits~16497
  [SEFI-block] SEFI-block  phys=0x000000001C4727E2  start=6760418  size=4096 B  bits~16400
  [SEFI-block] SEFI-block  phys=0x000000001C656B40  start=8743744  size=4096 B  bits~16477
  [SEFI-block] SEFI-block  phys=0x000000001C32D0F1  start=5427441  size=4096 B  bits~16503
  [SEFI-block] SEFI-block  phys=0x000000001C44AC75  start=6597749  size=4096 B  bits~16642
  [SEFI-block] SEFI-block  phys=0x000000001CB24829  start=13781033  size=4096 B  bits~16472
  [SEFI-block] SEFI-block  phys=0x000000001D4161C8  start=23159240  size=4096 B  bits~16344
  [SEFI-block] SEFI-block  phys=0x000000001C5DF5BE  start=8254910  size=4096 B  bits~16587
  [SEFI-block] SEFI-block  phys=0x000000001D34AFC1  start=22327233  size=4096 B  bits~16368
  [SEFI-block] SEFI-block  phys=0x000000001C9C59B0  start=12343728  size=4096 B  bits~16420
  [SEFI-block] SEFI-block  phys=0x000000001D01A462  start=18981986  size=4096 B  bits~16395
  [SEFI-block] SEFI-block  phys=0x000000001CB003C6  start=13632454  size=4096 B  bits~16328
  [SEFI-block] SEFI-block  phys=0x000000001CFA40C3  start=18497731  size=4096 B  bits~16504
  [SEFI-block] SEFI-block  phys=0x000000001CF7343A  start=18297914  size=4096 B  bits~16425
  [SEFI-block] SEFI-block  phys=0x000000001C4D5B15  start=7166741  size=4096 B  bits~16312
  [SEFI-block] SEFI-block  phys=0x000000001C8F330D  start=11481869  size=4096 B  bits~16467
  [SEFI-block] SEFI-block  phys=0x000000001CF98296  start=18449046  size=4096 B  bits~16668
  [SEFI-block] SEFI-block  phys=0x000000001BFBF1EB  start=1831403  size=4096 B  bits~16482
  [SEFI-block] SEFI-block  phys=0x000000001D1158ED  start=20011245  size=4096 B  bits~16423
  [SEFI-block] SEFI-block  phys=0x000000001D56C975  start=24562037  size=4096 B  bits~16532
  [SEFI-block] SEFI-block  phys=0x000000001C167CCD  start=3570893  size=4096 B  bits~16408
  [SEFI-block] SEFI-block  phys=0x000000001D24419D  start=21250461  size=4096 B  bits~16545
  [SEFI-block] SEFI-block  phys=0x000000001CB1BFBB  start=13746107  size=4096 B  bits~16622
  [SEFI-block] SEFI-block  phys=0x000000001CB87A1A  start=14187034  size=4096 B  bits~16544
  [SEFI-block] SEFI-block  phys=0x000000001BEB6B40  start=748352  size=4096 B  bits~16515
  [SEFI-block] SEFI-block  phys=0x000000001CAE156E  start=13505902  size=4096 B  bits~16592
  [SEFI-block] SEFI-block  phys=0x000000001C00065A  start=2098778  size=4096 B  bits~16424
  [SEFI-block] SEFI-block  phys=0x000000001D6799F6  start=25663990  size=4096 B  bits~16189
  [SEFI-block] SEFI-block  phys=0x000000001C63FF1C  start=8650524  size=4096 B  bits~16418
  [SEFI-block] SEFI-block  phys=0x000000001C98EAE2  start=12118754  size=4096 B  bits~16372
  [SEFI-block] SEFI-block  phys=0x000000001C8E1AB7  start=11410103  size=4096 B  bits~16397
  [SEFI-block] SEFI-block  phys=0x000000001D5715D3  start=24581587  size=4096 B  bits~16599
  [SEFI-block] SEFI-block  phys=0x000000001C00EF26  start=2158374  size=4096 B  bits~16476
  [SEFI-block] SEFI-block  phys=0x000000001C5155E2  start=7427554  size=4096 B  bits~16446
  [SEFI-block] SEFI-block  phys=0x000000001CF0E138  start=17883448  size=4096 B  bits~16414
  [SEFI-block] SEFI-block  phys=0x000000001D38ADC4  start=22588868  size=4096 B  bits~16422
  [SEFI-block] SEFI-block  phys=0x000000001CF057ED  start=17848301  size=4096 B  bits~16478
  [SEFI-block] SEFI-block  phys=0x000000001D4950DB  start=23679195  size=4096 B  bits~16488
  [SEFI-block] SEFI-block  phys=0x000000001CB52546  start=13968710  size=4096 B  bits~16361
  [SEFI-block] SEFI-block  phys=0x000000001C2AA7F2  start=4892658  size=4096 B  bits~16261
[Summary] target=weights  baseline=75.00%  faulty=5.00%  recovery=0.00%

──── target=input_tensor ────
  [SEFI-block] SEFI-block  phys=0x000000001BA86C49  start=25641  size=4096 B  bits~16601
  [SEFI-block] SEFI-block  phys=0x000000001BAA42EF  start=146127  size=4096 B  bits~16469
  [SEFI-block] SEFI-block  phys=0x000000001BA9CCC0  start=115872  size=4096 B  bits~16303
  [SEFI-block] SEFI-block  phys=0x000000001BA94BAA  start=82826  size=4096 B  bits~16546
  [SEFI-block] SEFI-block  phys=0x000000001BA9F539  start=126233  size=4096 B  bits~16328
  [SEFI-block] SEFI-block  phys=0x000000001BA94D86  start=83302  size=4096 B  bits~16425
  [SEFI-block] SEFI-block  phys=0x000000001BAA1243  start=133667  size=4096 B  bits~16496
  [SEFI-block] SEFI-block  phys=0x000000001BA861DD  start=22973  size=4096 B  bits~16270
  [SEFI-block] SEFI-block  phys=0x000000001BAA0507  start=130279  size=4096 B  bits~16566
  [SEFI-block] SEFI-block  phys=0x000000001BAA3306  start=142054  size=4096 B  bits~16520
  [SEFI-block] SEFI-block  phys=0x000000001BA83DF5  start=13781  size=4096 B  bits~16498
  [SEFI-block] SEFI-block  phys=0x000000001BAA2D45  start=140581  size=4096 B  bits~16534
  [SEFI-block] SEFI-block  phys=0x000000001BA9663F  start=89631  size=4096 B  bits~16576
  [SEFI-block] SEFI-block  phys=0x000000001BA91E92  start=71282  size=4096 B  bits~16374
  [SEFI-block] SEFI-block  phys=0x000000001BA9150C  start=68844  size=4096 B  bits~16627
  [SEFI-block] SEFI-block  phys=0x000000001BA890E5  start=35013  size=4096 B  bits~16290
  [SEFI-block] SEFI-block  phys=0x000000001BA9A7B5  start=106389  size=4096 B  bits~16417
  [SEFI-block] SEFI-block  phys=0x000000001BA9442B  start=80907  size=4096 B  bits~16444
  [SEFI-block] SEFI-block  phys=0x000000001BA88749  start=32553  size=4096 B  bits~16505
  [SEFI-block] SEFI-block  phys=0x000000001BAA314F  start=141615  size=4096 B  bits~16476
  [SEFI-block] SEFI-block  phys=0x000000001BA9FEE1  start=128705  size=4096 B  bits~16606
  [SEFI-block] SEFI-block  phys=0x000000001BA96871  start=90193  size=4096 B  bits~16418
  [SEFI-block] SEFI-block  phys=0x000000001BA8253A  start=7450  size=4096 B  bits~16423
  [SEFI-block] SEFI-block  phys=0x000000001BA90E08  start=67048  size=4096 B  bits~16414
  [SEFI-block] SEFI-block  phys=0x000000001BA9D159  start=117049  size=4096 B  bits~16356
  [SEFI-block] SEFI-block  phys=0x000000001BA9E949  start=123177  size=4096 B  bits~16368
  [SEFI-block] SEFI-block  phys=0x000000001BA82A16  start=8694  size=4096 B  bits~16371
  [SEFI-block] SEFI-block  phys=0x000000001BAA16DB  start=134843  size=4096 B  bits~16569
  [SEFI-block] SEFI-block  phys=0x000000001BA9E6FE  start=122590  size=4096 B  bits~16475
  [SEFI-block] SEFI-block  phys=0x000000001BA87BC6  start=29606  size=4096 B  bits~16574
  [SEFI-block] SEFI-block  phys=0x000000001BA99F02  start=104162  size=4096 B  bits~16471
  [SEFI-block] SEFI-block  phys=0x000000001BA86534  start=23828  size=4096 B  bits~16353
  [SEFI-block] SEFI-block  phys=0x000000001BA9F0D7  start=125111  size=4096 B  bits~16434
  [SEFI-block] SEFI-block  phys=0x000000001BA84F7B  start=18267  size=4096 B  bits~16365
  [SEFI-block] SEFI-block  phys=0x000000001BA9984E  start=102446  size=4096 B  bits~16539
  [SEFI-block] SEFI-block  phys=0x000000001BA95C01  start=87009  size=4096 B  bits~16529
  [SEFI-block] SEFI-block  phys=0x000000001BA9F952  start=127282  size=4096 B  bits~16355
  [SEFI-block] SEFI-block  phys=0x000000001BA87BF5  start=29653  size=4096 B  bits~16536
  [SEFI-block] SEFI-block  phys=0x000000001BAA215E  start=137534  size=4096 B  bits~16504
  [SEFI-block] SEFI-block  phys=0x000000001BAA1A27  start=135687  size=4096 B  bits~16412
  [SEFI-block] SEFI-block  phys=0x000000001BA9D480  start=117856  size=4096 B  bits~16442
  [SEFI-block] SEFI-block  phys=0x000000001BAA3B4F  start=144175  size=4096 B  bits~16413
  [SEFI-block] SEFI-block  phys=0x000000001BA84119  start=14585  size=4096 B  bits~16440
  [SEFI-block] SEFI-block  phys=0x000000001BA8C693  start=48755  size=4096 B  bits~16422
  [SEFI-block] SEFI-block  phys=0x000000001BA8F9C4  start=61860  size=4096 B  bits~16410
  [SEFI-block] SEFI-block  phys=0x000000001BA88F6B  start=34635  size=4096 B  bits~16448
  [SEFI-block] SEFI-block  phys=0x000000001BA85C94  start=21620  size=4096 B  bits~16433
  [SEFI-block] SEFI-block  phys=0x000000001BA83C0F  start=13295  size=4096 B  bits~16469
  [SEFI-block] SEFI-block  phys=0x000000001BA89123  start=35075  size=4096 B  bits~16450
  [SEFI-block] SEFI-block  phys=0x000000001BA9A2F9  start=105177  size=4096 B  bits~16579
  [SEFI-block] SEFI-block  phys=0x000000001BA8E59A  start=56698  size=4096 B  bits~16487
  [SEFI-block] SEFI-block  phys=0x000000001BAA1D93  start=136563  size=4096 B  bits~16493
  [SEFI-block] SEFI-block  phys=0x000000001BA980C5  start=96421  size=4096 B  bits~16311
  [SEFI-block] SEFI-block  phys=0x000000001BA8F222  start=59906  size=4096 B  bits~16459
  [SEFI-block] SEFI-block  phys=0x000000001BA8639F  start=23423  size=4096 B  bits~16678
  [SEFI-block] SEFI-block  phys=0x000000001BA9D631  start=118289  size=4096 B  bits~16319
  [SEFI-block] SEFI-block  phys=0x000000001BA9B6F2  start=110290  size=4096 B  bits~16394
  [SEFI-block] SEFI-block  phys=0x000000001BA8B8C7  start=45223  size=4096 B  bits~16440
  [SEFI-block] SEFI-block  phys=0x000000001BA92C86  start=74854  size=4096 B  bits~16317
  [SEFI-block] SEFI-block  phys=0x000000001BA82306  start=6886  size=4096 B  bits~16474
  [SEFI-block] SEFI-block  phys=0x000000001BA8F7D3  start=61363  size=4096 B  bits~16564
  [SEFI-block] SEFI-block  phys=0x000000001BA9A813  start=106483  size=4096 B  bits~16413
  [SEFI-block] SEFI-block  phys=0x000000001BA995D3  start=101811  size=4096 B  bits~16347
  [SEFI-block] SEFI-block  phys=0x000000001BA9DAF6  start=119510  size=4096 B  bits~16499
  [SEFI-block] SEFI-block  phys=0x000000001BA95726  start=85766  size=4096 B  bits~16404
  [SEFI-block] SEFI-block  phys=0x000000001BA8FDDC  start=62908  size=4096 B  bits~16440
  [SEFI-block] SEFI-block  phys=0x000000001BA94550  start=81200  size=4096 B  bits~16248
  [SEFI-block] SEFI-block  phys=0x000000001BAA32B4  start=141972  size=4096 B  bits~16418
  [SEFI-block] SEFI-block  phys=0x000000001BA9B62B  start=110091  size=4096 B  bits~16541
  [SEFI-block] SEFI-block  phys=0x000000001BAA267E  start=138846  size=4096 B  bits~16579
  [SEFI-block] SEFI-block  phys=0x000000001BA941C7  start=80295  size=4096 B  bits~16518
  [SEFI-block] SEFI-block  phys=0x000000001BA95B0B  start=86763  size=4096 B  bits~16499
  [SEFI-block] SEFI-block  phys=0x000000001BA923BE  start=72606  size=4096 B  bits~16562
  [SEFI-block] SEFI-block  phys=0x000000001BA90653  start=65075  size=4096 B  bits~16597
  [SEFI-block] SEFI-block  phys=0x000000001BA97C90  start=95344  size=4096 B  bits~16459
  [SEFI-block] SEFI-block  phys=0x000000001BA8211A  start=6394  size=4096 B  bits~16492
  [SEFI-block] SEFI-block  phys=0x000000001BA826EF  start=7887  size=4096 B  bits~16533
  [SEFI-block] SEFI-block  phys=0x000000001BA9CEB3  start=116371  size=4096 B  bits~16346
  [SEFI-block] SEFI-block  phys=0x000000001BA9CBAD  start=115597  size=4096 B  bits~16352
  [SEFI-block] SEFI-block  phys=0x000000001BA99DE9  start=103881  size=4096 B  bits~16447
  [SEFI-block] SEFI-block  phys=0x000000001BA92885  start=73829  size=4096 B  bits~16406
  [SEFI-block] SEFI-block  phys=0x000000001BA808F9  start=217  size=4096 B  bits~16412
  [SEFI-block] SEFI-block  phys=0x000000001BA9814B  start=96555  size=4096 B  bits~16531
  [SEFI-block] SEFI-block  phys=0x000000001BA9B6D1  start=110257  size=4096 B  bits~16383
  [SEFI-block] SEFI-block  phys=0x000000001BA9B4AF  start=109711  size=4096 B  bits~16342
  [SEFI-block] SEFI-block  phys=0x000000001BA8351E  start=11518  size=4096 B  bits~16415
  [SEFI-block] SEFI-block  phys=0x000000001BA8AD16  start=42230  size=4096 B  bits~16510
  [SEFI-block] SEFI-block  phys=0x000000001BA98F13  start=100083  size=4096 B  bits~16575
  [SEFI-block] SEFI-block  phys=0x000000001BA8CB29  start=49929  size=4096 B  bits~16471
  [SEFI-block] SEFI-block  phys=0x000000001BA9B3A3  start=109443  size=4096 B  bits~16254
  [SEFI-block] SEFI-block  phys=0x000000001BA9C21A  start=113146  size=4096 B  bits~16389
  [SEFI-block] SEFI-block  phys=0x000000001BA834C0  start=11424  size=4096 B  bits~16405
  [SEFI-block] SEFI-block  phys=0x000000001BA93B03  start=78563  size=4096 B  bits~16368
  [SEFI-block] SEFI-block  phys=0x000000001BA9161B  start=69115  size=4096 B  bits~16364
  [SEFI-block] SEFI-block  phys=0x000000001BA872A1  start=27265  size=4096 B  bits~16508
  [SEFI-block] SEFI-block  phys=0x000000001BA98F1D  start=100093  size=4096 B  bits~16382
  [SEFI-block] SEFI-block  phys=0x000000001BA98D07  start=99559  size=4096 B  bits~16507
  [SEFI-block] SEFI-block  phys=0x000000001BAA3337  start=142103  size=4096 B  bits~16336
  [SEFI-block] SEFI-block  phys=0x000000001BA8263C  start=7708  size=4096 B  bits~16448
  [SEFI-block] SEFI-block  phys=0x000000001BA9731E  start=92926  size=4096 B  bits~16478
[Summary] target=input_tensor  baseline=75.00%  faulty=0.00%  recovery=0.00%

──── target=buffers ────
  [buffers_post] SEFI-block  phys=0x0000000005CF3000  start=0  size=1008 B  bits~3983
  [buffers_post] SEFI-block  phys=0x0000000005CF3000  start=0  size=1008 B  bits~4115
  [buffers_post] SEFI-block  phys=0x0000000005CF3000  start=0  size=1008 B  bits~4061
  [buffers_post] SEFI-block  phys=0x0000000005CF3000  start=0  size=1008 B  bits~4047
  [buffers_post] SEFI-block  phys=0x0000000005CF3000  start=0  size=1008 B  bits~4125
  [buffers_post] SEFI-block  phys=0x0000000005CF3000  start=0  size=1008 B  bits~3981
  [buffers_post] SEFI-block  phys=0x0000000005CF3000  start=0  size=1008 B  bits~3976
  [buffers_post] SEFI-block  phys=0x0000000005CF3000  start=0  size=1008 B  bits~4055
  [buffers_post] SEFI-block  phys=0x0000000005CF3000  start=0  size=1008 B  bits~4034
  [buffers_post] SEFI-block  phys=0x0000000005CF3000  start=0  size=1008 B  bits~4064
  [buffers_post] SEFI-block  phys=0x0000000005CF3000  start=0  size=1008 B  bits~4036
  [buffers_post] SEFI-block  phys=0x0000000005CF3000  start=0  size=1008 B  bits~4142
  [buffers_post] SEFI-block  phys=0x0000000005CF3000  start=0  size=1008 B  bits~4049
  [buffers_post] SEFI-block  phys=0x0000000005CF3000  start=0  size=1008 B  bits~4056
  [buffers_post] SEFI-block  phys=0x0000000005CF3000  start=0  size=1008 B  bits~4010
  [buffers_post] SEFI-block  phys=0x0000000005CF3000  start=0  size=1008 B  bits~4056
  [buffers_post] SEFI-block  phys=0x0000000005CF3000  start=0  size=1008 B  bits~4019
  [buffers_post] SEFI-block  phys=0x0000000005CF3000  start=0  size=1008 B  bits~4043
  [buffers_post] SEFI-block  phys=0x0000000005CF3000  start=0  size=1008 B  bits~4022
  [buffers_post] SEFI-block  phys=0x0000000005CF3000  start=0  size=1008 B  bits~3997
  [buffers_post] SEFI-block  phys=0x0000000005CF3000  start=0  size=1008 B  bits~4103
  [buffers_post] SEFI-block  phys=0x0000000005CF3000  start=0  size=1008 B  bits~4085
  [buffers_post] SEFI-block  phys=0x0000000005CF3000  start=0  size=1008 B  bits~4033
  [buffers_post] SEFI-block  phys=0x0000000005CF3000  start=0  size=1008 B  bits~4021
  [buffers_post] SEFI-block  phys=0x0000000005CF3000  start=0  size=1008 B  bits~4094
  [buffers_post] SEFI-block  phys=0x0000000005CF3000  start=0  size=1008 B  bits~4076
  [buffers_post] SEFI-block  phys=0x0000000005CF3000  start=0  size=1008 B  bits~4116
  [buffers_post] SEFI-block  phys=0x0000000005CF3000  start=0  size=1008 B  bits~4131
  [buffers_post] SEFI-block  phys=0x0000000005CF3000  start=0  size=1008 B  bits~4059
  [buffers_post] SEFI-block  phys=0x0000000005CF3000  start=0  size=1008 B  bits~4070
  [buffers_post] SEFI-block  phys=0x0000000005CF3000  start=0  size=1008 B  bits~4066
  [buffers_post] SEFI-block  phys=0x0000000005CF3000  start=0  size=1008 B  bits~4061
  [buffers_post] SEFI-block  phys=0x0000000005CF3000  start=0  size=1008 B  bits~4008
  [buffers_post] SEFI-block  phys=0x0000000005CF3000  start=0  size=1008 B  bits~4034
  [buffers_post] SEFI-block  phys=0x0000000005CF3000  start=0  size=1008 B  bits~3995
  [buffers_post] SEFI-block  phys=0x0000000005CF3000  start=0  size=1008 B  bits~4038
  [buffers_post] SEFI-block  phys=0x0000000005CF3000  start=0  size=1008 B  bits~4026
  [buffers_post] SEFI-block  phys=0x0000000005CF3000  start=0  size=1008 B  bits~4073
  [buffers_post] SEFI-block  phys=0x0000000005CF3000  start=0  size=1008 B  bits~4141
  [buffers_post] SEFI-block  phys=0x0000000005CF3000  start=0  size=1008 B  bits~4009
  [buffers_post] SEFI-block  phys=0x0000000005CF3000  start=0  size=1008 B  bits~4078
  [buffers_post] SEFI-block  phys=0x0000000005CF3000  start=0  size=1008 B  bits~4033
  [buffers_post] SEFI-block  phys=0x0000000005CF3000  start=0  size=1008 B  bits~4032
  [buffers_post] SEFI-block  phys=0x0000000005CF3000  start=0  size=1008 B  bits~4040
  [buffers_post] SEFI-block  phys=0x0000000005CF3000  start=0  size=1008 B  bits~4076
  [buffers_post] SEFI-block  phys=0x0000000005CF3000  start=0  size=1008 B  bits~4023
  [buffers_post] SEFI-block  phys=0x0000000005CF3000  start=0  size=1008 B  bits~4007
  [buffers_post] SEFI-block  phys=0x0000000005CF3000  start=0  size=1008 B  bits~4054
  [buffers_post] SEFI-block  phys=0x0000000005CF3000  start=0  size=1008 B  bits~4001
  [buffers_post] SEFI-block  phys=0x0000000005CF3000  start=0  size=1008 B  bits~4018
  [buffers_post] SEFI-block  phys=0x0000000005CF3000  start=0  size=1008 B  bits~4060
  [buffers_post] SEFI-block  phys=0x0000000005CF3000  start=0  size=1008 B  bits~4043
  [buffers_post] SEFI-block  phys=0x0000000005CF3000  start=0  size=1008 B  bits~4151
  [buffers_post] SEFI-block  phys=0x0000000005CF3000  start=0  size=1008 B  bits~4054
  [buffers_post] SEFI-block  phys=0x0000000005CF3000  start=0  size=1008 B  bits~4093
  [buffers_post] SEFI-block  phys=0x0000000005CF3000  start=0  size=1008 B  bits~4110
  [buffers_post] SEFI-block  phys=0x0000000005CF3000  start=0  size=1008 B  bits~3977
  [buffers_post] SEFI-block  phys=0x0000000005CF3000  start=0  size=1008 B  bits~4105
  [buffers_post] SEFI-block  phys=0x0000000005CF3000  start=0  size=1008 B  bits~4005
  [buffers_post] SEFI-block  phys=0x0000000005CF3000  start=0  size=1008 B  bits~4044
  [buffers_post] SEFI-block  phys=0x0000000005CF3000  start=0  size=1008 B  bits~4014
  [buffers_post] SEFI-block  phys=0x0000000005CF3000  start=0  size=1008 B  bits~4023
  [buffers_post] SEFI-block  phys=0x0000000005CF3000  start=0  size=1008 B  bits~4118
  [buffers_post] SEFI-block  phys=0x0000000005CF3000  start=0  size=1008 B  bits~4100
  [buffers_post] SEFI-block  phys=0x0000000005CF3000  start=0  size=1008 B  bits~4077
  [buffers_post] SEFI-block  phys=0x0000000005CF3000  start=0  size=1008 B  bits~4028
  [buffers_post] SEFI-block  phys=0x0000000005CF3000  start=0  size=1008 B  bits~4041
  [buffers_post] SEFI-block  phys=0x0000000005CF3000  start=0  size=1008 B  bits~3998
  [buffers_post] SEFI-block  phys=0x0000000005CF3000  start=0  size=1008 B  bits~4105
  [buffers_post] SEFI-block  phys=0x0000000005CF3000  start=0  size=1008 B  bits~4010
  [buffers_post] SEFI-block  phys=0x0000000005CF3000  start=0  size=1008 B  bits~4079
  [buffers_post] SEFI-block  phys=0x0000000005CF3000  start=0  size=1008 B  bits~4110
  [buffers_post] SEFI-block  phys=0x0000000005CF3000  start=0  size=1008 B  bits~4054
  [buffers_post] SEFI-block  phys=0x0000000005CF3000  start=0  size=1008 B  bits~4006
  [buffers_post] SEFI-block  phys=0x0000000005CF3000  start=0  size=1008 B  bits~3945
  [buffers_post] SEFI-block  phys=0x0000000005CF3000  start=0  size=1008 B  bits~4053
  [buffers_post] SEFI-block  phys=0x0000000005CF3000  start=0  size=1008 B  bits~4073
  [buffers_post] SEFI-block  phys=0x0000000005CF3000  start=0  size=1008 B  bits~4061
  [buffers_post] SEFI-block  phys=0x0000000005CF3000  start=0  size=1008 B  bits~4050
  [buffers_post] SEFI-block  phys=0x0000000005CF3000  start=0  size=1008 B  bits~4009
  [buffers_post] SEFI-block  phys=0x0000000005CF3000  start=0  size=1008 B  bits~4045
  [buffers_post] SEFI-block  phys=0x0000000005CF3000  start=0  size=1008 B  bits~4017
  [buffers_post] SEFI-block  phys=0x0000000005CF3000  start=0  size=1008 B  bits~4003
  [buffers_post] SEFI-block  phys=0x0000000005CF3000  start=0  size=1008 B  bits~4019
  [buffers_post] SEFI-block  phys=0x0000000005CF3000  start=0  size=1008 B  bits~3993
  [buffers_post] SEFI-block  phys=0x0000000005CF3000  start=0  size=1008 B  bits~4091
  [buffers_post] SEFI-block  phys=0x0000000005CF3000  start=0  size=1008 B  bits~4079
  [buffers_post] SEFI-block  phys=0x0000000005CF3000  start=0  size=1008 B  bits~4055
  [buffers_post] SEFI-block  phys=0x0000000005CF3000  start=0  size=1008 B  bits~4015
  [buffers_post] SEFI-block  phys=0x0000000005CF3000  start=0  size=1008 B  bits~4049
  [buffers_post] SEFI-block  phys=0x0000000005CF3000  start=0  size=1008 B  bits~4000
  [buffers_post] SEFI-block  phys=0x0000000005CF3000  start=0  size=1008 B  bits~3988
  [buffers_post] SEFI-block  phys=0x0000000005CF3000  start=0  size=1008 B  bits~4135
  [buffers_post] SEFI-block  phys=0x0000000005CF3000  start=0  size=1008 B  bits~4061
  [buffers_post] SEFI-block  phys=0x0000000005CF3000  start=0  size=1008 B  bits~4063
  [buffers_post] SEFI-block  phys=0x0000000005CF3000  start=0  size=1008 B  bits~4039
  [buffers_post] SEFI-block  phys=0x0000000005CF3000  start=0  size=1008 B  bits~4081
  [buffers_post] SEFI-block  phys=0x0000000005CF3000  start=0  size=1008 B  bits~4027
  [buffers_post] SEFI-block  phys=0x0000000005CF3000  start=0  size=1008 B  bits~4006
  [buffers_post] SEFI-block  phys=0x0000000005CF3000  start=0  size=1008 B  bits~3956
[Summary] target=buffers  baseline=75.00%  faulty=0.00%  recovery=0.00%
