[Setup] Input  data_fixed  size=150528 h=224 w=224
[Setup] Output fc1000_fixed  size=1000
[DDR4] Instructions: reg_val=0x1BE00  phys=0x000000001BE00000  size=742492 B
[DDR4] Weights:      phys=0x000000001BF00000  size=25726976 B
[DDR4] Input tensor: phys=0x000000001BA80000  total=152608 B  pixel_start=+2080 B
[Baseline] Accuracy: 75/100 = 75.00%

──── target=weights ────
  [MSEFI-DDR-reset] SEFI-block  phys=0x000000001C9405BF  start=10749375  size=2572697 B  bits~10331897
[Reset][SW] Recreating runner...
[Reset][SW] OK
  [MSEFI-DDR-reset] SEFI-block  phys=0x000000001CB5EB85  start=12970885  size=2572697 B  bits~10329764
[Reset][SW] Recreating runner...
[Reset][SW] OK
  [MSEFI-DDR-reset] SEFI-block  phys=0x000000001C1EA446  start=3056710  size=2572697 B  bits~10330574
[Reset][SW] Recreating runner...
[Reset][SW] OK
  [MSEFI-DDR-reset] SEFI-block  phys=0x000000001D1279D9  start=19036633  size=2572697 B  bits~10328780
[Reset][SW] Recreating runner...
[Reset][SW] OK
  [MSEFI-DDR-reset] SEFI-block  phys=0x000000001D42410B  start=22167819  size=2572697 B  bits~10334464
[Reset][SW] Recreating runner...
[Reset][SW] OK
  [MSEFI-DDR-reset] SEFI-block  phys=0x000000001BFFA329  start=1024809  size=2572697 B  bits~10329503
[Reset][SW] Recreating runner...
[Reset][SW] OK
  [MSEFI-DDR-reset] SEFI-block  phys=0x000000001CC4AB08  start=13937416  size=2572697 B  bits~10335365
[Reset][SW] Recreating runner...
[Reset][SW] OK
  [MSEFI-DDR-reset] SEFI-block  phys=0x000000001CAFD408  start=12571656  size=2572697 B  bits~10329778
[Reset][SW] Recreating runner...
[Reset][SW] OK
  [MSEFI-DDR-reset] SEFI-block  phys=0x000000001CFD9833  start=17668147  size=2572697 B  bits~10333083
[Reset][SW] Recreating runner...
[Reset][SW] OK
  [MSEFI-DDR-reset] SEFI-block  phys=0x000000001CF2EEFC  start=16969468  size=2572697 B  bits~10332707
[Reset][SW] Recreating runner...
[Reset][SW] OK
  [MSEFI-DDR-reset] SEFI-block  phys=0x000000001C4D535C  start=6116188  size=2572697 B  bits~10328952
[Reset][SW] Recreating runner...
[Reset][SW] OK
  [MSEFI-DDR-reset] SEFI-block  phys=0x000000001C2E6970  start=4090224  size=2572697 B  bits~10334295
[Reset][SW] Recreating runner...
[Reset][SW] OK
  [MSEFI-DDR-reset] SEFI-block  phys=0x000000001CD7C234  start=15188532  size=2572697 B  bits~10329822
[Reset][SW] Recreating runner...
[Reset][SW] OK
  [MSEFI-DDR-reset] SEFI-block  phys=0x000000001D272534  start=20391220  size=2572697 B  bits~10329932
[Reset][SW] Recreating runner...
[Reset][SW] OK
  [MSEFI-DDR-reset] SEFI-block  phys=0x000000001D2FE8D1  start=20965585  size=2572697 B  bits~10332367
[Reset][SW] Recreating runner...
[Reset][SW] OK
  [MSEFI-DDR-reset] SEFI-block  phys=0x000000001CF39AF9  start=17013497  size=2572697 B  bits~10331567
[Reset][SW] Recreating runner...
[Reset][SW] OK
  [MSEFI-DDR-reset] SEFI-block  phys=0x000000001CDF02CA  start=15663818  size=2572697 B  bits~10332693
[Reset][SW] Recreating runner...
[Reset][SW] OK
  [MSEFI-DDR-reset] SEFI-block  phys=0x000000001D0005D2  start=17827282  size=2572697 B  bits~10331168
[Reset][SW] Recreating runner...
[Reset][SW] OK
  [MSEFI-DDR-reset] SEFI-block  phys=0x000000001CE83C82  start=16268418  size=2572697 B  bits~10331820
[Reset][SW] Recreating runner...
[Reset][SW] OK
  [MSEFI-DDR-reset] SEFI-block  phys=0x000000001CED3043  start=16592963  size=2572697 B  bits~10332246
[Reset][SW] Recreating runner...
[Reset][SW] OK
  [MSEFI-DDR-reset] SEFI-block  phys=0x000000001CEDDF6F  start=16637807  size=2572697 B  bits~10328910
[Reset][SW] Recreating runner...
[Reset][SW] OK
  [MSEFI-DDR-reset] SEFI-block  phys=0x000000001C852517  start=9774359  size=2572697 B  bits~10332057
[Reset][SW] Recreating runner...
[Reset][SW] OK
  [MSEFI-DDR-reset] SEFI-block  phys=0x000000001CF4DFEF  start=17096687  size=2572697 B  bits~10332923
[Reset][SW] Recreating runner...
[Reset][SW] OK
  [MSEFI-DDR-reset] SEFI-block  phys=0x000000001C16794A  start=2521418  size=2572697 B  bits~10333180
[Reset][SW] Recreating runner...
[Reset][SW] OK
  [MSEFI-DDR-reset] SEFI-block  phys=0x000000001C6472E5  start=7631589  size=2572697 B  bits~10331133
[Reset][SW] Recreating runner...
[Reset][SW] OK
  [MSEFI-DDR-reset] SEFI-block  phys=0x000000001CFC0E3A  start=17567290  size=2572697 B  bits~10329714
[Reset][SW] Recreating runner...
[Reset][SW] OK
  [MSEFI-DDR-reset] SEFI-block  phys=0x000000001D26DABB  start=20372155  size=2572697 B  bits~10331553
[Reset][SW] Recreating runner...
[Reset][SW] OK
  [MSEFI-DDR-reset] SEFI-block  phys=0x000000001C74BCEB  start=8699115  size=2572697 B  bits~10328314
[Reset][SW] Recreating runner...
[Reset][SW] OK
  [MSEFI-DDR-reset] SEFI-block  phys=0x000000001D312F58  start=21049176  size=2572697 B  bits~10331261
[Reset][SW] Recreating runner...
[Reset][SW] OK
  [MSEFI-DDR-reset] SEFI-block  phys=0x000000001C654BB4  start=7687092  size=2572697 B  bits~10337630
[Reset][SW] Recreating runner...
[Reset][SW] OK
  [MSEFI-DDR-reset] SEFI-block  phys=0x000000001D0EBE37  start=18791991  size=2572697 B  bits~10332219
[Reset][SW] Recreating runner...
[Reset][SW] OK
  [MSEFI-DDR-reset] SEFI-block  phys=0x000000001C952B28  start=10824488  size=2572697 B  bits~10332323
[Reset][SW] Recreating runner...
[Reset][SW] OK
  [MSEFI-DDR-reset] SEFI-block  phys=0x000000001C5DC422  start=7193634  size=2572697 B  bits~10330729
[Reset][SW] Recreating runner...
[Reset][SW] OK
  [MSEFI-DDR-reset] SEFI-block  phys=0x000000001CA6E66E  start=11986542  size=2572697 B  bits~10329553
[Reset][SW] Recreating runner...
[Reset][SW] OK
  [MSEFI-DDR-reset] SEFI-block  phys=0x000000001CC6CC6F  start=14077039  size=2572697 B  bits~10329005
[Reset][SW] Recreating runner...
[Reset][SW] OK
  [MSEFI-DDR-reset] SEFI-block  phys=0x000000001CD34F49  start=14896969  size=2572697 B  bits~10331080
[Reset][SW] Recreating runner...
[Reset][SW] OK
  [MSEFI-DDR-reset] SEFI-block  phys=0x000000001C8938BE  start=10041534  size=2572697 B  bits~10334912
[Reset][SW] Recreating runner...
[Reset][SW] OK
  [MSEFI-DDR-reset] SEFI-block  phys=0x000000001D1ED068  start=19845224  size=2572697 B  bits~10326226
[Reset][SW] Recreating runner...
[Reset][SW] OK
  [MSEFI-DDR-reset] SEFI-block  phys=0x000000001C5E6362  start=7234402  size=2572697 B  bits~10333381
[Reset][SW] Recreating runner...
[Reset][SW] OK
  [MSEFI-DDR-reset] SEFI-block  phys=0x000000001CCD6FC1  start=14512065  size=2572697 B  bits~10328584
[Reset][SW] Recreating runner...
[Reset][SW] OK
  [MSEFI-DDR-reset] SEFI-block  phys=0x000000001C51004D  start=6357069  size=2572697 B  bits~10329801
[Reset][SW] Recreating runner...
[Reset][SW] OK
  [MSEFI-DDR-reset] SEFI-block  phys=0x000000001C1AE9B7  start=2812343  size=2572697 B  bits~10329576
[Reset][SW] Recreating runner...
[Reset][SW] OK
  [MSEFI-DDR-reset] SEFI-block  phys=0x000000001C9FEE7C  start=11529852  size=2572697 B  bits~10330565
[Reset][SW] Recreating runner...
[Reset][SW] OK
  [MSEFI-DDR-reset] SEFI-block  phys=0x000000001C3931E4  start=4796900  size=2572697 B  bits~10331196
[Reset][SW] Recreating runner...
[Reset][SW] OK
  [MSEFI-DDR-reset] SEFI-block  phys=0x000000001CBE8A47  start=13535815  size=2572697 B  bits~10334338
[Reset][SW] Recreating runner...
[Reset][SW] OK
  [MSEFI-DDR-reset] SEFI-block  phys=0x000000001C021964  start=1186148  size=2572697 B  bits~10331516
[Reset][SW] Recreating runner...
[Reset][SW] OK
  [MSEFI-DDR-reset] SEFI-block  phys=0x000000001C2F3B4A  start=4143946  size=2572697 B  bits~10329543
[Reset][SW] Recreating runner...
[Reset][SW] OK
  [MSEFI-DDR-reset] SEFI-block  phys=0x000000001CC30982  start=13830530  size=2572697 B  bits~10331941
[Reset][SW] Recreating runner...
[Reset][SW] OK
  [MSEFI-DDR-reset] SEFI-block  phys=0x000000001C28D328  start=3724072  size=2572697 B  bits~10328188
[Reset][SW] Recreating runner...
[Reset][SW] OK
  [MSEFI-DDR-reset] SEFI-block  phys=0x000000001C0D5A5B  start=1923675  size=2572697 B  bits~10328828
[Reset][SW] Recreating runner...
[Reset][SW] OK
  [MSEFI-DDR-reset] SEFI-block  phys=0x000000001C1008DA  start=2099418  size=2572697 B  bits~10330806
[Reset][SW] Recreating runner...
[Reset][SW] OK
  [MSEFI-DDR-reset] SEFI-block  phys=0x000000001D24EEBF  start=20246207  size=2572697 B  bits~10327034
[Reset][SW] Recreating runner...
[Reset][SW] OK
  [MSEFI-DDR-reset] SEFI-block  phys=0x000000001CBD69A7  start=13461927  size=2572697 B  bits~10329100
[Reset][SW] Recreating runner...
[Reset][SW] OK
  [MSEFI-DDR-reset] SEFI-block  phys=0x000000001C2C522B  start=3953195  size=2572697 B  bits~10335998
[Reset][SW] Recreating runner...
[Reset][SW] OK
  [MSEFI-DDR-reset] SEFI-block  phys=0x000000001C0B0118  start=1769752  size=2572697 B  bits~10335003
[Reset][SW] Recreating runner...
[Reset][SW] OK
  [MSEFI-DDR-reset] SEFI-block  phys=0x000000001BF4AC44  start=306244  size=2572697 B  bits~10330584
[Reset][SW] Recreating runner...
[Reset][SW] OK
  [MSEFI-DDR-reset] SEFI-block  phys=0x000000001C64BA60  start=7649888  size=2572697 B  bits~10332826
[Reset][SW] Recreating runner...
[Reset][SW] OK
  [MSEFI-DDR-reset] SEFI-block  phys=0x000000001C3EA432  start=5153842  size=2572697 B  bits~10332906
[Reset][SW] Recreating runner...
[Reset][SW] OK
  [MSEFI-DDR-reset] SEFI-block  phys=0x000000001CA08C03  start=11570179  size=2572697 B  bits~10333364
[Reset][SW] Recreating runner...
[Reset][SW] OK
  [MSEFI-DDR-reset] SEFI-block  phys=0x000000001D241895  start=20191381  size=2572697 B  bits~10333910
[Reset][SW] Recreating runner...
[Reset][SW] OK
  [MSEFI-DDR-reset] SEFI-block  phys=0x000000001CACD539  start=12375353  size=2572697 B  bits~10329955
[Reset][SW] Recreating runner...
[Reset][SW] OK
  [MSEFI-DDR-reset] SEFI-block  phys=0x000000001C4F0D50  start=6229328  size=2572697 B  bits~10332291
[Reset][SW] Recreating runner...
[Reset][SW] OK
  [MSEFI-DDR-reset] SEFI-block  phys=0x000000001D0DFCBA  start=18742458  size=2572697 B  bits~10334137
[Reset][SW] Recreating runner...
[Reset][SW] OK
  [MSEFI-DDR-reset] SEFI-block  phys=0x000000001CFF49D1  start=17779153  size=2572697 B  bits~10331394
[Reset][SW] Recreating runner...
[Reset][SW] OK
  [MSEFI-DDR-reset] SEFI-block  phys=0x000000001CF7D3D7  start=17290199  size=2572697 B  bits~10330604
[Reset][SW] Recreating runner...
[Reset][SW] OK
  [MSEFI-DDR-reset] SEFI-block  phys=0x000000001D20FF14  start=19988244  size=2572697 B  bits~10331992
[Reset][SW] Recreating runner...
[Reset][SW] OK
  [MSEFI-DDR-reset] SEFI-block  phys=0x000000001CC16F42  start=13725506  size=2572697 B  bits~10330267
[Reset][SW] Recreating runner...
[Reset][SW] OK
  [MSEFI-DDR-reset] SEFI-block  phys=0x000000001CD30496  start=14877846  size=2572697 B  bits~10331773
[Reset][SW] Recreating runner...
[Reset][SW] OK
  [MSEFI-DDR-reset] SEFI-block  phys=0x000000001D0D34DA  start=18691290  size=2572697 B  bits~10331548
[Reset][SW] Recreating runner...
[Reset][SW] OK
  [MSEFI-DDR-reset] SEFI-block  phys=0x000000001C3436C1  start=4470465  size=2572697 B  bits~10332997
[Reset][SW] Recreating runner...
[Reset][SW] OK
  [MSEFI-DDR-reset] SEFI-block  phys=0x000000001CCC8C78  start=14453880  size=2572697 B  bits~10331437
[Reset][SW] Recreating runner...
[Reset][SW] OK
  [MSEFI-DDR-reset] SEFI-block  phys=0x000000001D4B1871  start=22747249  size=2572697 B  bits~10332655
[Reset][SW] Recreating runner...
[Reset][SW] OK
  [MSEFI-DDR-reset] SEFI-block  phys=0x000000001C65F70B  start=7730955  size=2572697 B  bits~10331884
[Reset][SW] Recreating runner...
[Reset][SW] OK
  [MSEFI-DDR-reset] SEFI-block  phys=0x000000001C0D9445  start=1938501  size=2572697 B  bits~10334212
[Reset][SW] Recreating runner...
[Reset][SW] OK
  [MSEFI-DDR-reset] SEFI-block  phys=0x000000001CC4BB4D  start=13941581  size=2572697 B  bits~10331770
[Reset][SW] Recreating runner...
[Reset][SW] OK
  [MSEFI-DDR-reset] SEFI-block  phys=0x000000001C39F480  start=4846720  size=2572697 B  bits~10333465
[Reset][SW] Recreating runner...
[Reset][SW] OK
  [MSEFI-DDR-reset] SEFI-block  phys=0x000000001CA7CAAE  start=12044974  size=2572697 B  bits~10330754
[Reset][SW] Recreating runner...
[Reset][SW] OK
  [MSEFI-DDR-reset] SEFI-block  phys=0x000000001D15F4C5  start=19264709  size=2572697 B  bits~10332367
[Reset][SW] Recreating runner...
[Reset][SW] OK
  [MSEFI-DDR-reset] SEFI-block  phys=0x000000001C321596  start=4330902  size=2572697 B  bits~10332522
[Reset][SW] Recreating runner...
[Reset][SW] OK
  [MSEFI-DDR-reset] SEFI-block  phys=0x000000001D314367  start=21054311  size=2572697 B  bits~10333903
[Reset][SW] Recreating runner...
[Reset][SW] OK
  [MSEFI-DDR-reset] SEFI-block  phys=0x000000001C76BDB4  start=8830388  size=2572697 B  bits~10332920
[Reset][SW] Recreating runner...
[Reset][SW] OK
  [MSEFI-DDR-reset] SEFI-block  phys=0x000000001CF6E7AC  start=17229740  size=2572697 B  bits~10331189
[Reset][SW] Recreating runner...
[Reset][SW] OK
  [MSEFI-DDR-reset] SEFI-block  phys=0x000000001CEC9807  start=16553991  size=2572697 B  bits~10331693
[Reset][SW] Recreating runner...
[Reset][SW] OK
  [MSEFI-DDR-reset] SEFI-block  phys=0x000000001CA80272  start=12059250  size=2572697 B  bits~10328920
[Reset][SW] Recreating runner...
[Reset][SW] OK
  [MSEFI-DDR-reset] SEFI-block  phys=0x000000001CCB74F2  start=14382322  size=2572697 B  bits~10335735
[Reset][SW] Recreating runner...
[Reset][SW] OK
  [MSEFI-DDR-reset] SEFI-block  phys=0x000000001C25B996  start=3520918  size=2572697 B  bits~10331170
[Reset][SW] Recreating runner...
[Reset][SW] OK
  [MSEFI-DDR-reset] SEFI-block  phys=0x000000001CE86F63  start=16281443  size=2572697 B  bits~10333228
[Reset][SW] Recreating runner...
[Reset][SW] OK
  [MSEFI-DDR-reset] SEFI-block  phys=0x000000001D296D8B  start=20540811  size=2572697 B  bits~10327225
[Reset][SW] Recreating runner...
[Reset][SW] OK
  [MSEFI-DDR-reset] SEFI-block  phys=0x000000001D0845CD  start=18367949  size=2572697 B  bits~10333189
[Reset][SW] Recreating runner...
[Reset][SW] OK
  [MSEFI-DDR-reset] SEFI-block  phys=0x000000001D4D5CA6  start=22895782  size=2572697 B  bits~10333975
[Reset][SW] Recreating runner...
[Reset][SW] OK
  [MSEFI-DDR-reset] SEFI-block  phys=0x000000001C29A7E4  start=3778532  size=2572697 B  bits~10330443
[Reset][SW] Recreating runner...
[Reset][SW] OK
  [MSEFI-DDR-reset] SEFI-block  phys=0x000000001C99B8BC  start=11122876  size=2572697 B  bits~10332869
[Reset][SW] Recreating runner...
[Reset][SW] OK
  [MSEFI-DDR-reset] SEFI-block  phys=0x000000001C4328C8  start=5449928  size=2572697 B  bits~10330772
[Reset][SW] Recreating runner...
[Reset][SW] OK
  [MSEFI-DDR-reset] SEFI-block  phys=0x000000001CC89C67  start=14195815  size=2572697 B  bits~10327884
[Reset][SW] Recreating runner...
[Reset][SW] OK
  [MSEFI-DDR-reset] SEFI-block  phys=0x000000001BFBE0CA  start=778442  size=2572697 B  bits~10332283
[Reset][SW] Recreating runner...
[Reset][SW] OK
  [MSEFI-DDR-reset] SEFI-block  phys=0x000000001C00A2C5  start=1090245  size=2572697 B  bits~10335810
[Reset][SW] Recreating runner...
[Reset][SW] OK
  [MSEFI-DDR-reset] SEFI-block  phys=0x000000001C1A36CB  start=2766539  size=2572697 B  bits~10330945
[Reset][SW] Recreating runner...
[Reset][SW] OK
  [MSEFI-DDR-reset] SEFI-block  phys=0x000000001D248C9D  start=20221085  size=2572697 B  bits~10331613
[Reset][SW] Recreating runner...
[Reset][SW] OK
  [MSEFI-DDR-reset] SEFI-block  phys=0x000000001C1ACDDD  start=2805213  size=2572697 B  bits~10329413
[Reset][SW] Recreating runner...
[Reset][SW] OK
  [MSEFI-DDR-reset] SEFI-block  phys=0x000000001D012788  start=17901448  size=2572697 B  bits~10329267
[Reset][SW] Recreating runner...
[Reset][SW] OK
[Summary] target=weights  baseline=75.00%  faulty=0.00%  recovery=75.00%

──── target=input_tensor ────
  [MSEFI-DDR-reset] SEFI-block  phys=0x000000001C6EBED7  start=8306391  size=2572697 B  bits~10333927
[Reset][SW] Recreating runner...
[Reset][SW] OK
  [MSEFI-DDR-reset] SEFI-block  phys=0x000000001C570A60  start=6752864  size=2572697 B  bits~10331982
[Reset][SW] Recreating runner...
[Reset][SW] OK
  [MSEFI-DDR-reset] SEFI-block  phys=0x000000001D2465D9  start=20211161  size=2572697 B  bits~10332007
[Reset][SW] Recreating runner...
[Reset][SW] OK
  [MSEFI-DDR-reset] SEFI-block  phys=0x000000001BF2D857  start=186455  size=2572697 B  bits~10333632
[Reset][SW] Recreating runner...
[Reset][SW] OK
  [MSEFI-DDR-reset] SEFI-block  phys=0x000000001CA429CF  start=11807183  size=2572697 B  bits~10331287
[Reset][SW] Recreating runner...
[Reset][SW] OK
  [MSEFI-DDR-reset] SEFI-block  phys=0x000000001C118125  start=2195749  size=2572697 B  bits~10333492
[Reset][SW] Recreating runner...
[Reset][SW] OK
  [MSEFI-DDR-reset] SEFI-block  phys=0x000000001C7A7C77  start=9075831  size=2572697 B  bits~10333714
[Reset][SW] Recreating runner...
[Reset][SW] OK
  [MSEFI-DDR-reset] SEFI-block  phys=0x000000001C427632  start=5404210  size=2572697 B  bits~10334354
[Reset][SW] Recreating runner...
[Reset][SW] OK
  [MSEFI-DDR-reset] SEFI-block  phys=0x000000001C3A37F9  start=4863993  size=2572697 B  bits~10329444
[Reset][SW] Recreating runner...
[Reset][SW] OK
  [MSEFI-DDR-reset] SEFI-block  phys=0x000000001D23BAB2  start=20167346  size=2572697 B  bits~10329881
[Reset][SW] Recreating runner...
[Reset][SW] OK
  [MSEFI-DDR-reset] SEFI-block  phys=0x000000001C601345  start=7344965  size=2572697 B  bits~10329111
[Reset][SW] Recreating runner...
[Reset][SW] OK
  [MSEFI-DDR-reset] SEFI-block  phys=0x000000001CE66DE9  start=16149993  size=2572697 B  bits~10329327
[Reset][SW] Recreating runner...
[Reset][SW] OK
  [MSEFI-DDR-reset] SEFI-block  phys=0x000000001D0D4EFD  start=18697981  size=2572697 B  bits~10330254
[Reset][SW] Recreating runner...
[Reset][SW] OK
  [MSEFI-DDR-reset] SEFI-block  phys=0x000000001C2D7DAF  start=4029871  size=2572697 B  bits~10335751
[Reset][SW] Recreating runner...
[Reset][SW] OK
  [MSEFI-DDR-reset] SEFI-block  phys=0x000000001BFB1DCF  start=728527  size=2572697 B  bits~10332830
[Reset][SW] Recreating runner...
[Reset][SW] OK
  [MSEFI-DDR-reset] SEFI-block  phys=0x000000001CB74E94  start=13061780  size=2572697 B  bits~10329166
[Reset][SW] Recreating runner...
[Reset][SW] OK
  [MSEFI-DDR-reset] SEFI-block  phys=0x000000001C3F40F3  start=5193971  size=2572697 B  bits~10332364
[Reset][SW] Recreating runner...
[Reset][SW] OK
  [MSEFI-DDR-reset] SEFI-block  phys=0x000000001C65AD8E  start=7712142  size=2572697 B  bits~10328764
[Reset][SW] Recreating runner...
[Reset][SW] OK
  [MSEFI-DDR-reset] SEFI-block  phys=0x000000001C6DF325  start=8254245  size=2572697 B  bits~10329959
[Reset][SW] Recreating runner...
[Reset][SW] OK
  [MSEFI-DDR-reset] SEFI-block  phys=0x000000001C6C6F2C  start=8154924  size=2572697 B  bits~10332123
[Reset][SW] Recreating runner...
[Reset][SW] OK
  [MSEFI-DDR-reset] SEFI-block  phys=0x000000001C4FD16C  start=6279532  size=2572697 B  bits~10331960
[Reset][SW] Recreating runner...
[Reset][SW] OK
  [MSEFI-DDR-reset] SEFI-block  phys=0x000000001C1E58DA  start=3037402  size=2572697 B  bits~10329611
[Reset][SW] Recreating runner...
[Reset][SW] OK
  [MSEFI-DDR-reset] SEFI-block  phys=0x000000001D32157C  start=21108092  size=2572697 B  bits~10331988
[Reset][SW] Recreating runner...
[Reset][SW] OK
  [MSEFI-DDR-reset] SEFI-block  phys=0x000000001C6D9C4F  start=8232015  size=2572697 B  bits~10328405
[Reset][SW] Recreating runner...
[Reset][SW] OK
  [MSEFI-DDR-reset] SEFI-block  phys=0x000000001BFA35D0  start=669136  size=2572697 B  bits~10332495
[Reset][SW] Recreating runner...
[Reset][SW] OK
  [MSEFI-DDR-reset] SEFI-block  phys=0x000000001C93B4F3  start=10728691  size=2572697 B  bits~10331387
[Reset][SW] Recreating runner...
[Reset][SW] OK
  [MSEFI-DDR-reset] SEFI-block  phys=0x000000001C6832BD  start=7877309  size=2572697 B  bits~10329162
[Reset][SW] Recreating runner...
[Reset][SW] OK
  [MSEFI-DDR-reset] SEFI-block  phys=0x000000001C40E2D8  start=5300952  size=2572697 B  bits~10328471
[Reset][SW] Recreating runner...
[Reset][SW] OK
  [MSEFI-DDR-reset] SEFI-block  phys=0x000000001C0227F0  start=1189872  size=2572697 B  bits~10330447
[Reset][SW] Recreating runner...
[Reset][SW] OK
  [MSEFI-DDR-reset] SEFI-block  phys=0x000000001C02F318  start=1241880  size=2572697 B  bits~10332649
[Reset][SW] Recreating runner...
[Reset][SW] OK
  [MSEFI-DDR-reset] SEFI-block  phys=0x000000001CAA511E  start=12210462  size=2572697 B  bits~10333712
[Reset][SW] Recreating runner...
[Reset][SW] OK
  [MSEFI-DDR-reset] SEFI-block  phys=0x000000001C4C82AA  start=6062762  size=2572697 B  bits~10330578
[Reset][SW] Recreating runner...
[Reset][SW] OK
  [MSEFI-DDR-reset] SEFI-block  phys=0x000000001C0D4E84  start=1920644  size=2572697 B  bits~10329788
[Reset][SW] Recreating runner...
[Reset][SW] OK
  [MSEFI-DDR-reset] SEFI-block  phys=0x000000001CFBA70B  start=17540875  size=2572697 B  bits~10329203
[Reset][SW] Recreating runner...
[Reset][SW] OK
  [MSEFI-DDR-reset] SEFI-block  phys=0x000000001CBEFD18  start=13565208  size=2572697 B  bits~10330437
[Reset][SW] Recreating runner...
[Reset][SW] OK
  [MSEFI-DDR-reset] SEFI-block  phys=0x000000001D2248DF  start=20072671  size=2572697 B  bits~10331577
[Reset][SW] Recreating runner...
[Reset][SW] OK
  [MSEFI-DDR-reset] SEFI-block  phys=0x000000001BF241C0  start=147904  size=2572697 B  bits~10333060
[Reset][SW] Recreating runner...
[Reset][SW] OK
  [MSEFI-DDR-reset] SEFI-block  phys=0x000000001CC64BCF  start=14044111  size=2572697 B  bits~10330617
[Reset][SW] Recreating runner...
[Reset][SW] OK
  [MSEFI-DDR-reset] SEFI-block  phys=0x000000001D3EF47E  start=21951614  size=2572697 B  bits~10330779
[Reset][SW] Recreating runner...
[Reset][SW] OK
  [MSEFI-DDR-reset] SEFI-block  phys=0x000000001D0D3310  start=18690832  size=2572697 B  bits~10334574
[Reset][SW] Recreating runner...
[Reset][SW] OK
  [MSEFI-DDR-reset] SEFI-block  phys=0x000000001C97EE6A  start=11005546  size=2572697 B  bits~10331666
[Reset][SW] Recreating runner...
[Reset][SW] OK
  [MSEFI-DDR-reset] SEFI-block  phys=0x000000001CEB9581  start=16487809  size=2572697 B  bits~10332307
[Reset][SW] Recreating runner...
[Reset][SW] OK
  [MSEFI-DDR-reset] SEFI-block  phys=0x000000001CC53139  start=13971769  size=2572697 B  bits~10333518
[Reset][SW] Recreating runner...
[Reset][SW] OK
  [MSEFI-DDR-reset] SEFI-block  phys=0x000000001CC4ED61  start=13954401  size=2572697 B  bits~10331177
[Reset][SW] Recreating runner...
[Reset][SW] OK
  [MSEFI-DDR-reset] SEFI-block  phys=0x000000001D493DCD  start=22625741  size=2572697 B  bits~10333917
[Reset][SW] Recreating runner...
[Reset][SW] OK
  [MSEFI-DDR-reset] SEFI-block  phys=0x000000001D33C589  start=21218697  size=2572697 B  bits~10334623
[Reset][SW] Recreating runner...
[Reset][SW] OK
  [MSEFI-DDR-reset] SEFI-block  phys=0x000000001C2442DE  start=3424990  size=2572697 B  bits~10330816
[Reset][SW] Recreating runner...
[Reset][SW] OK
  [MSEFI-DDR-reset] SEFI-block  phys=0x000000001D3574DF  start=21329119  size=2572697 B  bits~10329033
[Reset][SW] Recreating runner...
[Reset][SW] OK
  [MSEFI-DDR-reset] SEFI-block  phys=0x000000001C9EE448  start=11461704  size=2572697 B  bits~10331550
[Reset][SW] Recreating runner...
[Reset][SW] OK
  [MSEFI-DDR-reset] SEFI-block  phys=0x000000001C0B177A  start=1775482  size=2572697 B  bits~10330315
[Reset][SW] Recreating runner...
[Reset][SW] OK
  [MSEFI-DDR-reset] SEFI-block  phys=0x000000001C32CF96  start=4378518  size=2572697 B  bits~10331478
[Reset][SW] Recreating runner...
[Reset][SW] OK
  [MSEFI-DDR-reset] SEFI-block  phys=0x000000001C87DB33  start=9952051  size=2572697 B  bits~10331552
[Reset][SW] Recreating runner...
[Reset][SW] OK
  [MSEFI-DDR-reset] SEFI-block  phys=0x000000001D1D0574  start=19727732  size=2572697 B  bits~10328514
[Reset][SW] Recreating runner...
[Reset][SW] OK
  [MSEFI-DDR-reset] SEFI-block  phys=0x000000001C413964  start=5323108  size=2572697 B  bits~10329128
[Reset][SW] Recreating runner...
[Reset][SW] OK
  [MSEFI-DDR-reset] SEFI-block  phys=0x000000001D127212  start=19034642  size=2572697 B  bits~10331349
[Reset][SW] Recreating runner...
[Reset][SW] OK
  [MSEFI-DDR-reset] SEFI-block  phys=0x000000001CE5E209  start=16114185  size=2572697 B  bits~10330186
[Reset][SW] Recreating runner...
[Reset][SW] OK
  [MSEFI-DDR-reset] SEFI-block  phys=0x000000001CF1BA0C  start=16890380  size=2572697 B  bits~10331099
[Reset][SW] Recreating runner...
[Reset][SW] OK
  [MSEFI-DDR-reset] SEFI-block  phys=0x000000001C9CB862  start=11319394  size=2572697 B  bits~10330144
[Reset][SW] Recreating runner...
[Reset][SW] OK
  [MSEFI-DDR-reset] SEFI-block  phys=0x000000001C65D94F  start=7723343  size=2572697 B  bits~10330704
[Reset][SW] Recreating runner...
[Reset][SW] OK
  [MSEFI-DDR-reset] SEFI-block  phys=0x000000001C9E16A0  start=11409056  size=2572697 B  bits~10334009
[Reset][SW] Recreating runner...
[Reset][SW] OK
  [MSEFI-DDR-reset] SEFI-block  phys=0x000000001C4C7146  start=6058310  size=2572697 B  bits~10329289
[Reset][SW] Recreating runner...
[Reset][SW] OK
  [MSEFI-DDR-reset] SEFI-block  phys=0x000000001C86E407  start=9888775  size=2572697 B  bits~10329841
[Reset][SW] Recreating runner...
[Reset][SW] OK
  [MSEFI-DDR-reset] SEFI-block  phys=0x000000001CF1170A  start=16848650  size=2572697 B  bits~10324595
[Reset][SW] Recreating runner...
[Reset][SW] OK
  [MSEFI-DDR-reset] SEFI-block  phys=0x000000001C587886  start=6846598  size=2572697 B  bits~10328760
[Reset][SW] Recreating runner...
[Reset][SW] OK
  [MSEFI-DDR-reset] SEFI-block  phys=0x000000001D00A1FA  start=17867258  size=2572697 B  bits~10331768
[Reset][SW] Recreating runner...
[Reset][SW] OK
  [MSEFI-DDR-reset] SEFI-block  phys=0x000000001C4F8510  start=6259984  size=2572697 B  bits~10330125
[Reset][SW] Recreating runner...
[Reset][SW] OK
  [MSEFI-DDR-reset] SEFI-block  phys=0x000000001C9BCE9F  start=11259551  size=2572697 B  bits~10333269
[Reset][SW] Recreating runner...
[Reset][SW] OK
  [MSEFI-DDR-reset] SEFI-block  phys=0x000000001D0ACEEB  start=18534123  size=2572697 B  bits~10327217
[Reset][SW] Recreating runner...
[Reset][SW] OK
  [MSEFI-DDR-reset] SEFI-block  phys=0x000000001C8DCDB0  start=10341808  size=2572697 B  bits~10328260
[Reset][SW] Recreating runner...
[Reset][SW] OK
  [MSEFI-DDR-reset] SEFI-block  phys=0x000000001BFF0A8E  start=985742  size=2572697 B  bits~10329798
[Reset][SW] Recreating runner...
[Reset][SW] OK
  [MSEFI-DDR-reset] SEFI-block  phys=0x000000001C13B043  start=2338883  size=2572697 B  bits~10327939
[Reset][SW] Recreating runner...
[Reset][SW] OK
  [MSEFI-DDR-reset] SEFI-block  phys=0x000000001C073771  start=1521521  size=2572697 B  bits~10327296
[Reset][SW] Recreating runner...
[Reset][SW] OK
  [MSEFI-DDR-reset] SEFI-block  phys=0x000000001C86B0F6  start=9875702  size=2572697 B  bits~10331712
[Reset][SW] Recreating runner...
[Reset][SW] OK
  [MSEFI-DDR-reset] SEFI-block  phys=0x000000001C72DEB4  start=8576692  size=2572697 B  bits~10332304
[Reset][SW] Recreating runner...
[Reset][SW] OK
  [MSEFI-DDR-reset] SEFI-block  phys=0x000000001C9F742D  start=11498541  size=2572697 B  bits~10330889
[Reset][SW] Recreating runner...
[Reset][SW] OK
  [MSEFI-DDR-reset] SEFI-block  phys=0x000000001C753B34  start=8731444  size=2572697 B  bits~10330546
[Reset][SW] Recreating runner...
[Reset][SW] OK
  [MSEFI-DDR-reset] SEFI-block  phys=0x000000001D0B489B  start=18565275  size=2572697 B  bits~10331270
[Reset][SW] Recreating runner...
[Reset][SW] OK
  [MSEFI-DDR-reset] SEFI-block  phys=0x000000001C6BDBE9  start=8117225  size=2572697 B  bits~10333042
[Reset][SW] Recreating runner...
[Reset][SW] OK
  [MSEFI-DDR-reset] SEFI-block  phys=0x000000001C1031C5  start=2109893  size=2572697 B  bits~10332049
[Reset][SW] Recreating runner...
[Reset][SW] OK
  [MSEFI-DDR-reset] SEFI-block  phys=0x000000001CBCEEFB  start=13430523  size=2572697 B  bits~10332283
[Reset][SW] Recreating runner...
[Reset][SW] OK
  [MSEFI-DDR-reset] SEFI-block  phys=0x000000001D491E98  start=22617752  size=2572697 B  bits~10331348
[Reset][SW] Recreating runner...
[Reset][SW] OK
  [MSEFI-DDR-reset] SEFI-block  phys=0x000000001CCF10E0  start=14618848  size=2572697 B  bits~10330839
[Reset][SW] Recreating runner...
[Reset][SW] OK
  [MSEFI-DDR-reset] SEFI-block  phys=0x000000001CF53BD1  start=17120209  size=2572697 B  bits~10330439
[Reset][SW] Recreating runner...
[Reset][SW] OK
  [MSEFI-DDR-reset] SEFI-block  phys=0x000000001C371040  start=4657216  size=2572697 B  bits~10330698
[Reset][SW] Recreating runner...
[Reset][SW] OK
  [MSEFI-DDR-reset] SEFI-block  phys=0x000000001BF4DDD6  start=318934  size=2572697 B  bits~10337167
[Reset][SW] Recreating runner...
[Reset][SW] OK
  [MSEFI-DDR-reset] SEFI-block  phys=0x000000001C4C3FEA  start=6045674  size=2572697 B  bits~10333390
[Reset][SW] Recreating runner...
[Reset][SW] OK
  [MSEFI-DDR-reset] SEFI-block  phys=0x000000001C76D8DF  start=8837343  size=2572697 B  bits~10332059
[Reset][SW] Recreating runner...
[Reset][SW] OK
  [MSEFI-DDR-reset] SEFI-block  phys=0x000000001C1D77E4  start=2979812  size=2572697 B  bits~10329657
[Reset][SW] Recreating runner...
[Reset][SW] OK
  [MSEFI-DDR-reset] SEFI-block  phys=0x000000001CA3537A  start=11752314  size=2572697 B  bits~10331214
[Reset][SW] Recreating runner...
[Reset][SW] OK
  [MSEFI-DDR-reset] SEFI-block  phys=0x000000001D2A3CEA  start=20593898  size=2572697 B  bits~10331297
[Reset][SW] Recreating runner...
[Reset][SW] OK
  [MSEFI-DDR-reset] SEFI-block  phys=0x000000001CF7BD4A  start=17284426  size=2572697 B  bits~10333786
[Reset][SW] Recreating runner...
[Reset][SW] OK
  [MSEFI-DDR-reset] SEFI-block  phys=0x000000001D1D98E9  start=19765481  size=2572697 B  bits~10332883
[Reset][SW] Recreating runner...
[Reset][SW] OK
  [MSEFI-DDR-reset] SEFI-block  phys=0x000000001C95726B  start=10842731  size=2572697 B  bits~10330399
[Reset][SW] Recreating runner...
[Reset][SW] OK
  [MSEFI-DDR-reset] SEFI-block  phys=0x000000001BF1CBEE  start=117742  size=2572697 B  bits~10331035
[Reset][SW] Recreating runner...
[Reset][SW] OK
  [MSEFI-DDR-reset] SEFI-block  phys=0x000000001CFF3B1E  start=17775390  size=2572697 B  bits~10334811
[Reset][SW] Recreating runner...
[Reset][SW] OK
  [MSEFI-DDR-reset] SEFI-block  phys=0x000000001CC0CF7F  start=13684607  size=2572697 B  bits~10331842
[Reset][SW] Recreating runner...
[Reset][SW] OK
  [MSEFI-DDR-reset] SEFI-block  phys=0x000000001C4A1946  start=5904710  size=2572697 B  bits~10330698
[Reset][SW] Recreating runner...
[Reset][SW] OK
  [MSEFI-DDR-reset] SEFI-block  phys=0x000000001C38F9BB  start=4782523  size=2572697 B  bits~10331399
[Reset][SW] Recreating runner...
[Reset][SW] OK
  [MSEFI-DDR-reset] SEFI-block  phys=0x000000001D26C666  start=20366950  size=2572697 B  bits~10330848
[Reset][SW] Recreating runner...
[Reset][SW] OK
  [MSEFI-DDR-reset] SEFI-block  phys=0x000000001D20A6FF  start=19965695  size=2572697 B  bits~10331313
[Reset][SW] Recreating runner...
[Reset][SW] OK
[Summary] target=input_tensor  baseline=75.00%  faulty=1.00%  recovery=75.00%

──── target=buffers ────
  [MSEFI-DDR-reset] SEFI-block  phys=0x000000001D2E447B  start=20857979  size=2572697 B  bits~10331568
[Reset][SW] Recreating runner...
[Reset][SW] OK
  [MSEFI-DDR-reset] SEFI-block  phys=0x000000001CC3A4FF  start=13870335  size=2572697 B  bits~10330184
[Reset][SW] Recreating runner...
[Reset][SW] OK
  [MSEFI-DDR-reset] SEFI-block  phys=0x000000001C23F3EF  start=3404783  size=2572697 B  bits~10335782
[Reset][SW] Recreating runner...
[Reset][SW] OK
  [MSEFI-DDR-reset] SEFI-block  phys=0x000000001CC90E84  start=14225028  size=2572697 B  bits~10329718
[Reset][SW] Recreating runner...
[Reset][SW] OK
  [MSEFI-DDR-reset] SEFI-block  phys=0x000000001D08B980  start=18397568  size=2572697 B  bits~10332479
[Reset][SW] Recreating runner...
[Reset][SW] OK
  [MSEFI-DDR-reset] SEFI-block  phys=0x000000001CE33E37  start=15941175  size=2572697 B  bits~10331377
[Reset][SW] Recreating runner...
[Reset][SW] OK
  [MSEFI-DDR-reset] SEFI-block  phys=0x000000001C3BF74F  start=4978511  size=2572697 B  bits~10331072
[Reset][SW] Recreating runner...
[Reset][SW] OK
  [MSEFI-DDR-reset] SEFI-block  phys=0x000000001D136928  start=19097896  size=2572697 B  bits~10330298
[Reset][SW] Recreating runner...
[Reset][SW] OK
  [MSEFI-DDR-reset] SEFI-block  phys=0x000000001C450FA9  start=5574569  size=2572697 B  bits~10330783
[Reset][SW] Recreating runner...
[Reset][SW] OK
  [MSEFI-DDR-reset] SEFI-block  phys=0x000000001C8C8F7B  start=10260347  size=2572697 B  bits~10331361
[Reset][SW] Recreating runner...
[Reset][SW] OK
  [MSEFI-DDR-reset] SEFI-block  phys=0x000000001C979FE8  start=10985448  size=2572697 B  bits~10330845
[Reset][SW] Recreating runner...
[Reset][SW] OK
  [MSEFI-DDR-reset] SEFI-block  phys=0x000000001C8F3DB0  start=10436016  size=2572697 B  bits~10331921
[Reset][SW] Recreating runner...
[Reset][SW] OK
  [MSEFI-DDR-reset] SEFI-block  phys=0x000000001CDA1015  start=15339541  size=2572697 B  bits~10327739
[Reset][SW] Recreating runner...
[Reset][SW] OK
  [MSEFI-DDR-reset] SEFI-block  phys=0x000000001CA25D41  start=11689281  size=2572697 B  bits~10330228
[Reset][SW] Recreating runner...
[Reset][SW] OK
  [MSEFI-DDR-reset] SEFI-block  phys=0x000000001CA9D383  start=12178307  size=2572697 B  bits~10328418
[Reset][SW] Recreating runner...
[Reset][SW] OK
  [MSEFI-DDR-reset] SEFI-block  phys=0x000000001BFDD424  start=906276  size=2572697 B  bits~10328126
[Reset][SW] Recreating runner...
[Reset][SW] OK
  [MSEFI-DDR-reset] SEFI-block  phys=0x000000001C24BE8F  start=3456655  size=2572697 B  bits~10328578
[Reset][SW] Recreating runner...
[Reset][SW] OK
  [MSEFI-DDR-reset] SEFI-block  phys=0x000000001BFA35F1  start=669169  size=2572697 B  bits~10332630
[Reset][SW] Recreating runner...
[Reset][SW] OK
  [MSEFI-DDR-reset] SEFI-block  phys=0x000000001D266F36  start=20344630  size=2572697 B  bits~10332679
[Reset][SW] Recreating runner...
[Reset][SW] OK
  [MSEFI-DDR-reset] SEFI-block  phys=0x000000001D20C1BA  start=19972538  size=2572697 B  bits~10333961
[Reset][SW] Recreating runner...
[Reset][SW] OK
  [MSEFI-DDR-reset] SEFI-block  phys=0x000000001CF4BC1E  start=17087518  size=2572697 B  bits~10332352
[Reset][SW] Recreating runner...
[Reset][SW] OK
  [MSEFI-DDR-reset] SEFI-block  phys=0x000000001D036E14  start=18050580  size=2572697 B  bits~10331993
[Reset][SW] Recreating runner...
[Reset][SW] OK
  [MSEFI-DDR-reset] SEFI-block  phys=0x000000001CF1062F  start=16844335  size=2572697 B  bits~10327516
[Reset][SW] Recreating runner...
[Reset][SW] OK
  [MSEFI-DDR-reset] SEFI-block  phys=0x000000001CA54131  start=11878705  size=2572697 B  bits~10329415
[Reset][SW] Recreating runner...
[Reset][SW] OK
  [MSEFI-DDR-reset] SEFI-block  phys=0x000000001C8E8F97  start=10391447  size=2572697 B  bits~10326302
[Reset][SW] Recreating runner...
[Reset][SW] OK
  [MSEFI-DDR-reset] SEFI-block  phys=0x000000001D4B6FD7  start=22769623  size=2572697 B  bits~10336203
[Reset][SW] Recreating runner...
[Reset][SW] OK
  [MSEFI-DDR-reset] SEFI-block  phys=0x000000001CB1B445  start=12694597  size=2572697 B  bits~10329113
[Reset][SW] Recreating runner...
[Reset][SW] OK
  [MSEFI-DDR-reset] SEFI-block  phys=0x000000001CE1B419  start=15840281  size=2572697 B  bits~10331397
[Reset][SW] Recreating runner...
[Reset][SW] OK
  [MSEFI-DDR-reset] SEFI-block  phys=0x000000001C6E4C22  start=8277026  size=2572697 B  bits~10326600
[Reset][SW] Recreating runner...
[Reset][SW] OK
  [MSEFI-DDR-reset] SEFI-block  phys=0x000000001C94356E  start=10761582  size=2572697 B  bits~10332255
[Reset][SW] Recreating runner...
[Reset][SW] OK
  [MSEFI-DDR-reset] SEFI-block  phys=0x000000001CE95AAA  start=16341674  size=2572697 B  bits~10330053
[Reset][SW] Recreating runner...
[Reset][SW] OK
  [MSEFI-DDR-reset] SEFI-block  phys=0x000000001CADD315  start=12440341  size=2572697 B  bits~10335512
[Reset][SW] Recreating runner...
[Reset][SW] OK
  [MSEFI-DDR-reset] SEFI-block  phys=0x000000001C73CBDF  start=8637407  size=2572697 B  bits~10327812
[Reset][SW] Recreating runner...
[Reset][SW] OK
  [MSEFI-DDR-reset] SEFI-block  phys=0x000000001CB5FBEE  start=12975086  size=2572697 B  bits~10328652
[Reset][SW] Recreating runner...
[Reset][SW] OK
  [MSEFI-DDR-reset] SEFI-block  phys=0x000000001C6343AE  start=7553966  size=2572697 B  bits~10334044
[Reset][SW] Recreating runner...
[Reset][SW] OK
  [MSEFI-DDR-reset] SEFI-block  phys=0x000000001C986700  start=11036416  size=2572697 B  bits~10329594
[Reset][SW] Recreating runner...
[Reset][SW] OK
  [MSEFI-DDR-reset] SEFI-block  phys=0x000000001CA30CD2  start=11734226  size=2572697 B  bits~10330756
[Reset][SW] Recreating runner...
[Reset][SW] OK
  [MSEFI-DDR-reset] SEFI-block  phys=0x000000001CB61D8F  start=12983695  size=2572697 B  bits~10334022
[Reset][SW] Recreating runner...
[Reset][SW] OK
  [MSEFI-DDR-reset] SEFI-block  phys=0x000000001D48D854  start=22599764  size=2572697 B  bits~10329532
[Reset][SW] Recreating runner...
[Reset][SW] OK
  [MSEFI-DDR-reset] SEFI-block  phys=0x000000001D3E5BE4  start=21912548  size=2572697 B  bits~10329889
[Reset][SW] Recreating runner...
[Reset][SW] OK
  [MSEFI-DDR-reset] SEFI-block  phys=0x000000001BFD649C  start=877724  size=2572697 B  bits~10332786
[Reset][SW] Recreating runner...
[Reset][SW] OK
  [MSEFI-DDR-reset] SEFI-block  phys=0x000000001C177670  start=2586224  size=2572697 B  bits~10330765
[Reset][SW] Recreating runner...
[Reset][SW] OK
  [MSEFI-DDR-reset] SEFI-block  phys=0x000000001D451EE0  start=22355680  size=2572697 B  bits~10329966
[Reset][SW] Recreating runner...
[Reset][SW] OK
  [MSEFI-DDR-reset] SEFI-block  phys=0x000000001C371979  start=4659577  size=2572697 B  bits~10333258
[Reset][SW] Recreating runner...
[Reset][SW] OK
  [MSEFI-DDR-reset] SEFI-block  phys=0x000000001C6090A0  start=7377056  size=2572697 B  bits~10333576
[Reset][SW] Recreating runner...
[Reset][SW] OK
  [MSEFI-DDR-reset] SEFI-block  phys=0x000000001C9C0A49  start=11274825  size=2572697 B  bits~10330161
[Reset][SW] Recreating runner...
[Reset][SW] OK
  [MSEFI-DDR-reset] SEFI-block  phys=0x000000001CBC04B4  start=13370548  size=2572697 B  bits~10331756
[Reset][SW] Recreating runner...
[Reset][SW] OK
  [MSEFI-DDR-reset] SEFI-block  phys=0x000000001C09617C  start=1663356  size=2572697 B  bits~10329928
[Reset][SW] Recreating runner...
[Reset][SW] OK
  [MSEFI-DDR-reset] SEFI-block  phys=0x000000001CEE61FF  start=16671231  size=2572697 B  bits~10330696
[Reset][SW] Recreating runner...
[Reset][SW] OK
  [MSEFI-DDR-reset] SEFI-block  phys=0x000000001D48BB32  start=22592306  size=2572697 B  bits~10330209
[Reset][SW] Recreating runner...
[Reset][SW] OK
  [MSEFI-DDR-reset] SEFI-block  phys=0x000000001CB71934  start=13048116  size=2572697 B  bits~10331523
[Reset][SW] Recreating runner...
[Reset][SW] OK
  [MSEFI-DDR-reset] SEFI-block  phys=0x000000001C8C06FB  start=10225403  size=2572697 B  bits~10330512
[Reset][SW] Recreating runner...
[Reset][SW] OK
  [MSEFI-DDR-reset] SEFI-block  phys=0x000000001D026CFE  start=17984766  size=2572697 B  bits~10333883
[Reset][SW] Recreating runner...
[Reset][SW] OK
  [MSEFI-DDR-reset] SEFI-block  phys=0x000000001D1CA987  start=19704199  size=2572697 B  bits~10334274
[Reset][SW] Recreating runner...
[Reset][SW] OK
  [MSEFI-DDR-reset] SEFI-block  phys=0x000000001D01BCCD  start=17939661  size=2572697 B  bits~10331931
[Reset][SW] Recreating runner...
[Reset][SW] OK
  [MSEFI-DDR-reset] SEFI-block  phys=0x000000001D0E7590  start=18773392  size=2572697 B  bits~10330539
[Reset][SW] Recreating runner...
[Reset][SW] OK
  [MSEFI-DDR-reset] SEFI-block  phys=0x000000001C335BD1  start=4414417  size=2572697 B  bits~10337501
[Reset][SW] Recreating runner...
[Reset][SW] OK
  [MSEFI-DDR-reset] SEFI-block  phys=0x000000001C909963  start=10525027  size=2572697 B  bits~10334077
[Reset][SW] Recreating runner...
[Reset][SW] OK
  [MSEFI-DDR-reset] SEFI-block  phys=0x000000001CAEA659  start=12494425  size=2572697 B  bits~10331032
[Reset][SW] Recreating runner...
[Reset][SW] OK
  [MSEFI-DDR-reset] SEFI-block  phys=0x000000001D2550C4  start=20271300  size=2572697 B  bits~10328257
[Reset][SW] Recreating runner...
[Reset][SW] OK
  [MSEFI-DDR-reset] SEFI-block  phys=0x000000001C2DE28D  start=4055693  size=2572697 B  bits~10333746
[Reset][SW] Recreating runner...
[Reset][SW] OK
  [MSEFI-DDR-reset] SEFI-block  phys=0x000000001CFEB91F  start=17742111  size=2572697 B  bits~10333056
[Reset][SW] Recreating runner...
[Reset][SW] OK
  [MSEFI-DDR-reset] SEFI-block  phys=0x000000001C9D3519  start=11351321  size=2572697 B  bits~10333394
[Reset][SW] Recreating runner...
[Reset][SW] OK
  [MSEFI-DDR-reset] SEFI-block  phys=0x000000001C1544B0  start=2442416  size=2572697 B  bits~10330052
[Reset][SW] Recreating runner...
[Reset][SW] OK
  [MSEFI-DDR-reset] SEFI-block  phys=0x000000001CCE466D  start=14567021  size=2572697 B  bits~10328336
[Reset][SW] Recreating runner...
[Reset][SW] OK
  [MSEFI-DDR-reset] SEFI-block  phys=0x000000001C9044BB  start=10503355  size=2572697 B  bits~10330080
[Reset][SW] Recreating runner...
[Reset][SW] OK
  [MSEFI-DDR-reset] SEFI-block  phys=0x000000001C87082A  start=9898026  size=2572697 B  bits~10328779
[Reset][SW] Recreating runner...
[Reset][SW] OK
  [MSEFI-DDR-reset] SEFI-block  phys=0x000000001C92860E  start=10651150  size=2572697 B  bits~10329367
[Reset][SW] Recreating runner...
[Reset][SW] OK
  [MSEFI-DDR-reset] SEFI-block  phys=0x000000001C9F2B14  start=11479828  size=2572697 B  bits~10327894
[Reset][SW] Recreating runner...
[Reset][SW] OK
  [MSEFI-DDR-reset] SEFI-block  phys=0x000000001D059E14  start=18193940  size=2572697 B  bits~10329799
[Reset][SW] Recreating runner...
[Reset][SW] OK
  [MSEFI-DDR-reset] SEFI-block  phys=0x000000001D1DBF9A  start=19775386  size=2572697 B  bits~10328818
[Reset][SW] Recreating runner...
[Reset][SW] OK
  [MSEFI-DDR-reset] SEFI-block  phys=0x000000001C4E3A13  start=6175251  size=2572697 B  bits~10328101
[Reset][SW] Recreating runner...
[Reset][SW] OK
  [MSEFI-DDR-reset] SEFI-block  phys=0x000000001C431304  start=5444356  size=2572697 B  bits~10330631
[Reset][SW] Recreating runner...
[Reset][SW] OK
  [MSEFI-DDR-reset] SEFI-block  phys=0x000000001C63BB26  start=7584550  size=2572697 B  bits~10331758
[Reset][SW] Recreating runner...
[Reset][SW] OK
  [MSEFI-DDR-reset] SEFI-block  phys=0x000000001C432A3B  start=5450299  size=2572697 B  bits~10331621
[Reset][SW] Recreating runner...
[Reset][SW] OK
  [MSEFI-DDR-reset] SEFI-block  phys=0x000000001BF9505A  start=610394  size=2572697 B  bits~10329187
[Reset][SW] Recreating runner...
[Reset][SW] OK
  [MSEFI-DDR-reset] SEFI-block  phys=0x000000001C19BAE8  start=2734824  size=2572697 B  bits~10329356
[Reset][SW] Recreating runner...
[Reset][SW] OK
  [MSEFI-DDR-reset] SEFI-block  phys=0x000000001BF5F70E  start=390926  size=2572697 B  bits~10330735
[Reset][SW] Recreating runner...
[Reset][SW] OK
  [MSEFI-DDR-reset] SEFI-block  phys=0x000000001C88CE58  start=10014296  size=2572697 B  bits~10329662
[Reset][SW] Recreating runner...
[Reset][SW] OK
  [MSEFI-DDR-reset] SEFI-block  phys=0x000000001C3F15DD  start=5182941  size=2572697 B  bits~10331365
[Reset][SW] Recreating runner...
[Reset][SW] OK
  [MSEFI-DDR-reset] SEFI-block  phys=0x000000001D0A6464  start=18506852  size=2572697 B  bits~10333165
[Reset][SW] Recreating runner...
[Reset][SW] OK
  [MSEFI-DDR-reset] SEFI-block  phys=0x000000001D2F75B6  start=20936118  size=2572697 B  bits~10331106
[Reset][SW] Recreating runner...
[Reset][SW] OK
  [MSEFI-DDR-reset] SEFI-block  phys=0x000000001D15D252  start=19255890  size=2572697 B  bits~10328073
[Reset][SW] Recreating runner...
[Reset][SW] OK
  [MSEFI-DDR-reset] SEFI-block  phys=0x000000001D08602E  start=18374702  size=2572697 B  bits~10333580
[Reset][SW] Recreating runner...
[Reset][SW] OK
  [MSEFI-DDR-reset] SEFI-block  phys=0x000000001CF5A6E8  start=17147624  size=2572697 B  bits~10330979
[Reset][SW] Recreating runner...
[Reset][SW] OK
  [MSEFI-DDR-reset] SEFI-block  phys=0x000000001CB1BE08  start=12697096  size=2572697 B  bits~10329585
[Reset][SW] Recreating runner...
[Reset][SW] OK
  [MSEFI-DDR-reset] SEFI-block  phys=0x000000001CCFA002  start=14655490  size=2572697 B  bits~10334810
[Reset][SW] Recreating runner...
[Reset][SW] OK
  [MSEFI-DDR-reset] SEFI-block  phys=0x000000001D2A90D3  start=20615379  size=2572697 B  bits~10332961
[Reset][SW] Recreating runner...
[Reset][SW] OK
  [MSEFI-DDR-reset] SEFI-block  phys=0x000000001C4B0C35  start=5966901  size=2572697 B  bits~10332436
[Reset][SW] Recreating runner...
[Reset][SW] OK
  [MSEFI-DDR-reset] SEFI-block  phys=0x000000001D01E031  start=17948721  size=2572697 B  bits~10326182
[Reset][SW] Recreating runner...
[Reset][SW] OK
  [MSEFI-DDR-reset] SEFI-block  phys=0x000000001C6ACC31  start=8047665  size=2572697 B  bits~10331747
[Reset][SW] Recreating runner...
[Reset][SW] OK
  [MSEFI-DDR-reset] SEFI-block  phys=0x000000001CAF417B  start=12534139  size=2572697 B  bits~10329089
[Reset][SW] Recreating runner...
[Reset][SW] OK
  [MSEFI-DDR-reset] SEFI-block  phys=0x000000001CB78030  start=13074480  size=2572697 B  bits~10330515
[Reset][SW] Recreating runner...
[Reset][SW] OK
  [MSEFI-DDR-reset] SEFI-block  phys=0x000000001D2715B0  start=20387248  size=2572697 B  bits~10330467
[Reset][SW] Recreating runner...
[Reset][SW] OK
  [MSEFI-DDR-reset] SEFI-block  phys=0x000000001D362D15  start=21376277  size=2572697 B  bits~10332733
[Reset][SW] Recreating runner...
[Reset][SW] OK
  [MSEFI-DDR-reset] SEFI-block  phys=0x000000001C206586  start=3171718  size=2572697 B  bits~10330196
[Reset][SW] Recreating runner...
[Reset][SW] OK
  [MSEFI-DDR-reset] SEFI-block  phys=0x000000001C0185E8  start=1148392  size=2572697 B  bits~10332872
[Reset][SW] Recreating runner...
[Reset][SW] OK
  [MSEFI-DDR-reset] SEFI-block  phys=0x000000001C443040  start=5517376  size=2572697 B  bits~10331410
[Reset][SW] Recreating runner...
[Reset][SW] OK
  [MSEFI-DDR-reset] SEFI-block  phys=0x000000001CB56809  start=12937225  size=2572697 B  bits~10332796
[Reset][SW] Recreating runner...
[Reset][SW] OK
  [MSEFI-DDR-reset] SEFI-block  phys=0x000000001BFB9D8C  start=761228  size=2572697 B  bits~10325314
[Reset][SW] Recreating runner...
[Reset][SW] OK
[Summary] target=buffers  baseline=75.00%  faulty=0.00%  recovery=75.00%
